Total number of ORAM protected cache line blocks: 67108864
Max number of levels: 27
Valid leaf ID range: 67108863:134217726
Cached number of levels: 10
Address space: 0 - 4 GB
Address space: 0 - 0.5 GB
Address space: 0 - 0.0625 GB
IR ORAM executed 10000 inst
IR ORAM executed 20000 inst
IR ORAM executed 30000 inst
IR ORAM executed 40000 inst
IR ORAM executed 50000 inst
IR ORAM executed 60000 inst
IR ORAM executed 70000 inst
IR ORAM executed 80000 inst
IR ORAM executed 90000 inst
IR ORAM executed 100000 inst
105311 th address 317ae7a hit on id: 500
108953 th address 51639d0 hit on id: 479
IR ORAM executed 110000 inst
119109 th address 316eaf0 hit on id: 825
119112 th address 316eaf3 hit on id: 560
IR ORAM executed 120000 inst
121028 th address 3139b17 hit on id: 433
121529 th address 515c3a8 hit on id: 450
124188 th address 31462df hit on id: 801
IR ORAM executed 130000 inst
130854 th address 311afe9 hit on id: 574
132072 th address 316a08b hit on id: 368
133621 th address 3117538 hit on id: 835
137286 th address 317d2ad hit on id: 441
138879 th address 3134ece hit on id: 294
139907 th address 317d25e hit on id: 187
IR ORAM executed 140000 inst
141630 th address 3118f11 hit on id: 740
144574 th address 46a4b31 hit on id: 850
147825 th address 3114450 hit on id: 709
IR ORAM executed 150000 inst
151198 th address 317bacd hit on id: 12
151923 th address 28eb242 hit on id: 637
155875 th address 317bcba hit on id: 485
156194 th address 515d381 hit on id: 196
156268 th address 3012c8f hit on id: 507
156363 th address 315055e hit on id: 159
156818 th address 4fd3179 hit on id: 332
159870 th address 317df61 hit on id: 766
IR ORAM executed 160000 inst
160502 th address 515db49 hit on id: 218
161103 th address 3113b5a hit on id: 907
162850 th address 52b7e95 hit on id: 545
163963 th address 3129ac2 hit on id: 862
165016 th address 317e8f3 hit on id: 510
165403 th address 311cd16 hit on id: 351
165531 th address 311426e hit on id: 781
166660 th address 313774f hit on id: 190
166739 th address 31455fe hit on id: 1010
167058 th address 3170eb1 hit on id: 124
167059 th address 3170eb2 hit on id: 399
168499 th address 3121ee2 hit on id: 104
IR ORAM executed 170000 inst
170547 th address 312c506 hit on id: 584
175293 th address 3155aa8 hit on id: 900
175508 th address 311e4bf hit on id: 522
176380 th address 516a277 hit on id: 627
178936 th address 31130e3 hit on id: 441
IR ORAM executed 180000 inst
180606 th address 313557d hit on id: 614
181965 th address 317d6d8 hit on id: 101
182707 th address 311f332 hit on id: 860
182840 th address 3149923 hit on id: 9
183750 th address 311ec19 hit on id: 181
184361 th address 317ebf4 hit on id: 999
184671 th address 3119f72 hit on id: 183
185019 th address 3117e9a hit on id: 684
185349 th address 3153840 hit on id: 912
186575 th address 317c68e hit on id: 758
186966 th address 311ba29 hit on id: 954
188706 th address 314464d hit on id: 518
IR ORAM executed 190000 inst
190254 th address 311945d hit on id: 922
190654 th address 3139ead hit on id: 365
190663 th address 3119652 hit on id: 875
193250 th address 312c191 hit on id: 388
193439 th address 311e2a6 hit on id: 326
193704 th address 311ea3f hit on id: 377
194655 th address 3113b2e hit on id: 608
194699 th address 31168aa hit on id: 143
194820 th address 311605b hit on id: 1008
196013 th address 315b3f0 hit on id: 953
196086 th address 317ae61 hit on id: 963
196087 th address 317ae62 hit on id: 478
196443 th address 37e308e hit on id: 110
197005 th address 311b048 hit on id: 339
198331 th address 3139cea hit on id: 251
199157 th address 3164524 hit on id: 773
199392 th address 2d6c1d3 hit on id: 690
199984 th address 3151abf hit on id: 14
IR ORAM executed 200000 inst
201998 th address 3174a59 hit on id: 345
202459 th address 3160d82 hit on id: 338
202460 th address 3160d83 hit on id: 10
202567 th address 15ad84a hit on id: 937
203580 th address 3f0637b hit on id: 874
203798 th address 3116dc9 hit on id: 580
204118 th address 3142651 hit on id: 366
205551 th address 315d97a hit on id: 606
207099 th address 317fed6 hit on id: 976
208498 th address 4c60ef5 hit on id: 356
208996 th address 317c193 hit on id: 359
209791 th address 515f4de hit on id: 556
209936 th address 317f263 hit on id: 731
IR ORAM executed 210000 inst
210488 th address 317b873 hit on id: 83
212163 th address 3115932 hit on id: 974
214049 th address 317b320 hit on id: 742
214074 th address 3156c75 hit on id: 509
214076 th address 3156c77 hit on id: 442
215194 th address 317da4d hit on id: 33
215882 th address 3118a99 hit on id: 409
216755 th address 2f7627e hit on id: 580
217027 th address 3d5683a hit on id: 200
217608 th address 3122ceb hit on id: 272
217666 th address 3108cf5 hit on id: 885
217707 th address 317baba hit on id: 775
218620 th address 515cd9f hit on id: 379
219845 th address 3119450 hit on id: 181
IR ORAM executed 220000 inst
221075 th address 317b89a hit on id: 327
221171 th address 3114d22 hit on id: 690
221297 th address 3118a4c hit on id: 659
221300 th address 3118a4f hit on id: 794
221893 th address 317d0f4 hit on id: 805
222577 th address 317c0d4 hit on id: 619
225592 th address 314e64b hit on id: 185
225738 th address 2958881 hit on id: 807
227178 th address 316ac3d hit on id: 584
229118 th address 515c6c5 hit on id: 825
229419 th address 316f912 hit on id: 647
229464 th address 317c257 hit on id: 52
229549 th address 21a8838 hit on id: 955
229622 th address 31671ad hit on id: 696
IR ORAM executed 230000 inst
230859 th address 317ebb6 hit on id: 56
235579 th address 317c2fa hit on id: 465
235942 th address 49713f1 hit on id: 159
236167 th address 3169a22 hit on id: 815
236850 th address 2b4cf0d hit on id: 751
237449 th address 312c2c0 hit on id: 188
237642 th address 17edbad hit on id: 905
238800 th address 313101f hit on id: 78
239298 th address 31638fd hit on id: 389
IR ORAM executed 240000 inst
241567 th address 317bef6 hit on id: 803
242390 th address 311e689 hit on id: 917
244596 th address 314c28b hit on id: 526
244606 th address 317ad2d hit on id: 788
245548 th address 3166843 hit on id: 395
246265 th address 311bb4c hit on id: 375
246338 th address 311923d hit on id: 547
246458 th address 312baa5 hit on id: 562
246917 th address 311a12c hit on id: 928
247102 th address 3115249 hit on id: 236
247132 th address 317d643 hit on id: 921
247346 th address 3b599ad hit on id: 511
248092 th address 37b521f hit on id: 568
248595 th address 3180402 hit on id: 263
248903 th address 3115e26 hit on id: 23
249085 th address 31179e0 hit on id: 130
249344 th address 3136a83 hit on id: 941
IR ORAM executed 250000 inst
250319 th address 31578da hit on id: 338
252050 th address 317d4b9 hit on id: 279
252957 th address 317eb10 hit on id: 557
255412 th address 3119243 hit on id: 599
255736 th address 317eb9f hit on id: 119
255819 th address 3114c36 hit on id: 424
256389 th address 3025d7c hit on id: 926
256774 th address 3121ee1 hit on id: 578
257069 th address 311c304 hit on id: 454
258898 th address 3172545 hit on id: 60
258899 th address 3172546 hit on id: 137
259110 th address 1fd57e9 hit on id: 895
259170 th address 317e4ed hit on id: 551
259984 th address 31167eb hit on id: 951
IR ORAM executed 260000 inst
260753 th address 317b40c hit on id: 285
261333 th address 317f458 hit on id: 513
262132 th address 317b553 hit on id: 137
263631 th address 31590b6 hit on id: 71
263680 th address 317fa67 hit on id: 811
264963 th address 311844e hit on id: 823
265115 th address 317de4e hit on id: 124
265226 th address 2f9caa1 hit on id: 678
266232 th address 316e65b hit on id: 6
267783 th address 317f46e hit on id: 220
268250 th address 3119da9 hit on id: 833
268659 th address 317e586 hit on id: 389
269158 th address 317c93d hit on id: 234
269251 th address 3117e5a hit on id: 810
IR ORAM executed 270000 inst
270064 th address 317c7eb hit on id: 772
270776 th address 311c347 hit on id: 450
271645 th address 311f858 hit on id: 16
272157 th address 311a4ac hit on id: 955
272727 th address 317de62 hit on id: 770
273125 th address 3140a78 hit on id: 29
273994 th address 317c001 hit on id: 708
274924 th address 312f453 hit on id: 726
275671 th address 313e4be hit on id: 402
276108 th address 317c997 hit on id: 809
276449 th address 317cae8 hit on id: 297
276450 th address 317cae9 hit on id: 779
276733 th address 3113418 hit on id: 698
277429 th address 315a1c8 hit on id: 188
277625 th address 1433a00 hit on id: 930
278220 th address 3164f2f hit on id: 112
278926 th address 3ddb3b5 hit on id: 530
279466 th address 317e7c1 hit on id: 191
IR ORAM executed 280000 inst
280241 th address 315abe4 hit on id: 861
280504 th address 561d03 hit on id: 950
280506 th address 30f86c5 hit on id: 744
280789 th address 312ac9c hit on id: 807
281344 th address 317c54f hit on id: 487
282048 th address 2cb0f7f hit on id: 774
282743 th address 311da22 hit on id: 63
283534 th address 311b2bd hit on id: 339
283539 th address 314a036 hit on id: 708
284888 th address 311aba3 hit on id: 431
284889 th address 317ee68 hit on id: 23
286298 th address 314c699 hit on id: 609
286607 th address 3165e2a hit on id: 427
288654 th address 2f33431 hit on id: 510
289106 th address 2aceaa1 hit on id: 606
289363 th address 312bc06 hit on id: 31
IR ORAM executed 290000 inst
290373 th address 2e61344 hit on id: 707
291027 th address 29be19e hit on id: 1010
291129 th address 317dc3c hit on id: 95
291459 th address 317bb42 hit on id: 36
292363 th address 317d4b6 hit on id: 311
292514 th address 3118a99 hit on id: 819
292664 th address 2e6f46b hit on id: 836
292699 th address 313deae hit on id: 898
292787 th address 2fc9c46 hit on id: 326
293045 th address 43434c8 hit on id: 772
293369 th address 3116404 hit on id: 346
293504 th address 1745ff3 hit on id: 665
293945 th address 2fe4618 hit on id: 944
294042 th address 313efa1 hit on id: 849
294212 th address 3133917 hit on id: 341
294391 th address 3114732 hit on id: 894
294799 th address 2f1d652 hit on id: 475
295591 th address 317df62 hit on id: 76
295712 th address 314f8a7 hit on id: 129
297207 th address 313407a hit on id: 382
297603 th address 317e78e hit on id: 453
298807 th address 317fc06 hit on id: 966
IR ORAM executed 300000 inst
300111 th address 314e0c2 hit on id: 477
301500 th address 313b5af hit on id: 857
301911 th address 3162e4e hit on id: 21
301943 th address 31662d6 hit on id: 119
303695 th address 2b1e6c6 hit on id: 910
304725 th address 313a650 hit on id: 24
305535 th address 3115346 hit on id: 963
307069 th address 315dcd8 hit on id: 83
307371 th address 311d872 hit on id: 338
307711 th address 317f6e2 hit on id: 977
307954 th address 317c031 hit on id: 23
308642 th address 3177905 hit on id: 922
308930 th address 3170a65 hit on id: 88
309833 th address 3118808 hit on id: 226
309979 th address 317c7c2 hit on id: 241
IR ORAM executed 310000 inst
311201 th address 3154d60 hit on id: 99
311263 th address 31435d6 hit on id: 653
311851 th address 317adb2 hit on id: 841
312113 th address 3135c44 hit on id: 563
312600 th address 3cc65d3 hit on id: 432
313609 th address 2cc082c hit on id: 813
313843 th address 3115d62 hit on id: 443
314267 th address 515c85e hit on id: 414
314359 th address 311d94e hit on id: 738
314531 th address 2d3b186 hit on id: 962
315021 th address 3159188 hit on id: 182
315202 th address 317bf75 hit on id: 477
315466 th address 3e2efa1 hit on id: 213
IR ORAM executed 320000 inst
321403 th address 3119f72 hit on id: 183
321520 th address 305b16f hit on id: 963
321584 th address 313774f hit on id: 190
322277 th address 3117f70 hit on id: 685
322875 th address 3115366 hit on id: 457
323212 th address 3117de7 hit on id: 1013
323473 th address 313101c hit on id: 22
323754 th address 3166ce5 hit on id: 27
324615 th address 311825a hit on id: 475
326465 th address 317d294 hit on id: 180
327132 th address 311824b hit on id: 354
IR ORAM executed 330000 inst
330353 th address 311c218 hit on id: 390
331055 th address 317b712 hit on id: 830
331474 th address 311f059 hit on id: 149
332698 th address 3113c19 hit on id: 776
333171 th address 314bbf2 hit on id: 296
333748 th address 311c36f hit on id: 77
333917 th address 30b5cd8 hit on id: 999
334750 th address 31592e1 hit on id: 447
335043 th address 317b122 hit on id: 211
335196 th address 311cbab hit on id: 860
335825 th address 3041b1c hit on id: 771
337011 th address 3144bee hit on id: 1017
337650 th address 317be7d hit on id: 815
337811 th address 3127a1e hit on id: 101
339194 th address 3118db9 hit on id: 640
339406 th address 314d7a1 hit on id: 74
IR ORAM executed 340000 inst
340292 th address 317bc67 hit on id: 472
340753 th address 311ca28 hit on id: 1007
341141 th address 317bdec hit on id: 591
341153 th address 104e628 hit on id: 729
341287 th address 314f466 hit on id: 72
341703 th address 317fc66 hit on id: 595
343203 th address 3124cfe hit on id: 448
343304 th address 3177b3f hit on id: 333
343394 th address 311d2f1 hit on id: 512
343401 th address 317af74 hit on id: 214
343892 th address 311e17f hit on id: 203
344865 th address 3159808 hit on id: 589
344926 th address 284534d hit on id: 981
345208 th address 311eebb hit on id: 433
345534 th address 3113e31 hit on id: 329
346152 th address 311bfbb hit on id: 117
346504 th address 3002747 hit on id: 860
347226 th address 3115759 hit on id: 961
347229 th address 317e85c hit on id: 447
348541 th address 2cccbcc hit on id: 970
349094 th address 317c86d hit on id: 158
349320 th address 3119157 hit on id: 722
IR ORAM executed 350000 inst
350245 th address 314f720 hit on id: 949
351191 th address 31202c6 hit on id: 822
352094 th address 316f911 hit on id: 421
353444 th address 311491f hit on id: 830
354060 th address 3118087 hit on id: 74
354690 th address 3151c81 hit on id: 877
356395 th address 311d25a hit on id: 506
356838 th address 2b21e59 hit on id: 722
357647 th address 317c322 hit on id: 88
358292 th address 2f58f47 hit on id: 258
358928 th address 311605b hit on id: 1008
358978 th address 3114499 hit on id: 128
359911 th address 311324a hit on id: 935
359990 th address 3115cbd hit on id: 367
IR ORAM executed 360000 inst
361213 th address 317f860 hit on id: 528
361448 th address 317ecbf hit on id: 479
361961 th address 317bb8c hit on id: 746
361996 th address 3116ca7 hit on id: 463
362264 th address 2c13b43 hit on id: 852
362995 th address 311d1a6 hit on id: 63
363338 th address 31527f1 hit on id: 186
363959 th address 2e4a1c2 hit on id: 138
364145 th address 311c888 hit on id: 124
365592 th address 311353f hit on id: 236
365610 th address 314cb59 hit on id: 589
365611 th address 314cb5a hit on id: 346
366534 th address 3131c0d hit on id: 292
367118 th address 317d721 hit on id: 195
367353 th address 2f9e088 hit on id: 680
367629 th address 3119bdc hit on id: 385
368266 th address 3155d05 hit on id: 270
368343 th address 3159e36 hit on id: 960
368541 th address 311a7b0 hit on id: 63
368626 th address 3118d79 hit on id: 389
368628 th address 3118d7b hit on id: 128
369904 th address 3114003 hit on id: 592
IR ORAM executed 370000 inst
370599 th address 3150cc2 hit on id: 303
370812 th address 309e16f hit on id: 138
371563 th address 3118fae hit on id: 585
371589 th address 205e30 hit on id: 593
372023 th address 311945a hit on id: 171
373564 th address 311f0d3 hit on id: 95
374585 th address 2c236d0 hit on id: 722
374587 th address 2c236d2 hit on id: 351
375877 th address 2a838d4 hit on id: 706
376406 th address 2de5419 hit on id: 951
377289 th address 3115564 hit on id: 551
379077 th address 3167a8c hit on id: 103
379307 th address 3115b52 hit on id: 701
379523 th address 3117296 hit on id: 982
IR ORAM executed 380000 inst
380556 th address 3116353 hit on id: 149
381611 th address 311d35e hit on id: 65
381659 th address 317ba4e hit on id: 296
381825 th address 3166314 hit on id: 71
382958 th address 3113c79 hit on id: 261
383288 th address 31741e3 hit on id: 234
384059 th address 317d4ba hit on id: 396
384616 th address 316c8a7 hit on id: 784
384765 th address 311a9ac hit on id: 126
385552 th address 311e28b hit on id: 379
386381 th address 311a574 hit on id: 915
386810 th address 311cc0d hit on id: 310
388135 th address 317b17a hit on id: 147
388954 th address 2f8da89 hit on id: 468
389802 th address 2f4daa9 hit on id: 544
IR ORAM executed 390000 inst
390869 th address 2b4fdf8 hit on id: 330
391392 th address 34fe1b7 hit on id: 98
391445 th address 311475c hit on id: 266
394762 th address 3119f71 hit on id: 251
395036 th address 317ec5f hit on id: 109
397297 th address 311dcc0 hit on id: 17
397521 th address 312e44c hit on id: 270
397677 th address 311a8c8 hit on id: 787
397678 th address 311a8c9 hit on id: 858
397701 th address 315dcd8 hit on id: 168
398147 th address 311ab7a hit on id: 142
398573 th address 312372c hit on id: 799
398575 th address 312372e hit on id: 924
398868 th address 317bc17 hit on id: 372
IR ORAM executed 400000 inst
400419 th address 5aa309a hit on id: 861
401001 th address 311ba28 hit on id: 259
402283 th address 3152f52 hit on id: 37
403400 th address 3175aef hit on id: 151
404435 th address 30b2a1e hit on id: 839
404802 th address 311df51 hit on id: 595
405702 th address 311fcc5 hit on id: 937
405720 th address 2ba71bf hit on id: 390
408238 th address 311e00d hit on id: 55
408647 th address 2fb3bee hit on id: 208
408814 th address 311cb99 hit on id: 45
409209 th address 311e9a4 hit on id: 148
409872 th address 308d97b hit on id: 208
IR ORAM executed 410000 inst
410837 th address 3113e00 hit on id: 744
411120 th address 311bf5f hit on id: 63
411213 th address 316ebfc hit on id: 335
413226 th address 2321f3d hit on id: 516
413333 th address 311c3e8 hit on id: 71
413339 th address 314ebe6 hit on id: 74
413976 th address 317e017 hit on id: 85
414418 th address 3118861 hit on id: 839
414723 th address 317c166 hit on id: 550
415622 th address 3116fd9 hit on id: 174
416273 th address 3117e98 hit on id: 887
416311 th address 35195b2 hit on id: 465
417462 th address 2e79e9d hit on id: 902
417555 th address 3151dda hit on id: 116
417595 th address 315c0f2 hit on id: 18
418003 th address 311b7be hit on id: 119
418479 th address 31133f2 hit on id: 695
418480 th address 31133f3 hit on id: 735
418776 th address 3142bd3 hit on id: 436
418871 th address 317a55e hit on id: 797
419799 th address 2bd1002 hit on id: 282
IR ORAM executed 420000 inst
420577 th address 317ba30 hit on id: 251
421526 th address 311bc91 hit on id: 433
421898 th address 3117051 hit on id: 369
421899 th address 3117052 hit on id: 434
422340 th address 311996f hit on id: 17
423063 th address 31220ae hit on id: 589
423175 th address 33ef32e hit on id: 844
425558 th address 3131b51 hit on id: 877
425836 th address 313071f hit on id: 157
425962 th address 311b6d1 hit on id: 469
426465 th address 311bfd4 hit on id: 130
426849 th address 3115004 hit on id: 615
426993 th address 31567ec hit on id: 993
427122 th address 31364bd hit on id: 189
427175 th address 3113996 hit on id: 960
427603 th address 31218fe hit on id: 427
427670 th address 3119b21 hit on id: 609
427692 th address 31630cf hit on id: 408
429275 th address 2d34cc6 hit on id: 806
429669 th address 317afe4 hit on id: 70
429890 th address 2fb524d hit on id: 395
IR ORAM executed 430000 inst
430825 th address 311e4d8 hit on id: 40
430829 th address 37e2dec hit on id: 437
430957 th address 311ebd0 hit on id: 449
431026 th address 317c075 hit on id: 677
431062 th address 31463bd hit on id: 277
431385 th address 317cfb8 hit on id: 475
431401 th address 3119a94 hit on id: 614
431670 th address 3123ec1 hit on id: 745
432005 th address 3115de4 hit on id: 339
434039 th address 317de62 hit on id: 770
435066 th address 311baf9 hit on id: 908
435309 th address 317c620 hit on id: 106
435545 th address 317f9fc hit on id: 164
435882 th address 3116f31 hit on id: 1015
436871 th address 3165e2a hit on id: 213
437621 th address 2fe7820 hit on id: 391
438095 th address 313b89a hit on id: 298
439725 th address 3167ddc hit on id: 559
IR ORAM executed 440000 inst
440180 th address 317fdcf hit on id: 659
440199 th address 311bdee hit on id: 869
441995 th address 311ea86 hit on id: 1018
441996 th address 311ea87 hit on id: 244
442818 th address 311f059 hit on id: 149
443803 th address 2f17bae hit on id: 567
445067 th address 2c4dcea hit on id: 996
445291 th address 314c6a6 hit on id: 371
446925 th address 314927c hit on id: 2
447095 th address 3114c8e hit on id: 459
447131 th address 317e606 hit on id: 78
447692 th address 3114a4b hit on id: 377
449578 th address 317afa5 hit on id: 152
449897 th address 311d69c hit on id: 683
449900 th address 311d69f hit on id: 950
IR ORAM executed 450000 inst
450193 th address 3135bb8 hit on id: 515
451133 th address 311e72c hit on id: 529
451736 th address 31132cf hit on id: 880
451854 th address 315fca1 hit on id: 150
452016 th address 311803b hit on id: 228
452089 th address 2d7ae2c hit on id: 661
452696 th address 311a353 hit on id: 507
453099 th address 317f7f2 hit on id: 392
453430 th address 3114d21 hit on id: 339
453626 th address 363f8a5 hit on id: 246
454264 th address 2eaff77 hit on id: 431
454307 th address 3119352 hit on id: 270
455437 th address 51659a8 hit on id: 447
455666 th address 317cc29 hit on id: 786
456413 th address 317aed8 hit on id: 55
458770 th address 31146e5 hit on id: 178
458772 th address 31146e7 hit on id: 320
459019 th address 311b53a hit on id: 63
459020 th address 311b53b hit on id: 909
459338 th address 30200b9 hit on id: 77
IR ORAM executed 460000 inst
460092 th address 317cb1f hit on id: 495
462089 th address 3119560 hit on id: 43
462278 th address 2368961 hit on id: 352
462283 th address 30a7dda hit on id: 600
462856 th address 311cb4f hit on id: 714
463616 th address 312b0ff hit on id: 274
464546 th address 311d661 hit on id: 160
467412 th address 317bccf hit on id: 150
468940 th address 3118dbf hit on id: 835
469357 th address 31165d0 hit on id: 303
IR ORAM executed 470000 inst
470603 th address 311d09e hit on id: 802
471053 th address 2eec844 hit on id: 685
471926 th address 3120f05 hit on id: 181
472427 th address 31544f2 hit on id: 225
474060 th address 313f073 hit on id: 317
475278 th address 318041d hit on id: 283
475861 th address 31179d8 hit on id: 966
476384 th address 312b2b7 hit on id: 276
476700 th address 3127b23 hit on id: 40
476943 th address 3119816 hit on id: 590
476965 th address 317dbc0 hit on id: 278
477415 th address 3155ff2 hit on id: 951
477783 th address 311a2ca hit on id: 261
478362 th address 317ef39 hit on id: 564
479488 th address 3755953 hit on id: 988
IR ORAM executed 480000 inst
480564 th address 32d833f hit on id: 606
480977 th address 311dcc0 hit on id: 288
481144 th address 2cb02d3 hit on id: 479
481660 th address 3069e2f hit on id: 924
482039 th address 312211e hit on id: 115
482274 th address 21ea635 hit on id: 312
483404 th address 3139f17 hit on id: 606
484931 th address 3145b36 hit on id: 685
485916 th address 2d95ca7 hit on id: 425
IR ORAM executed 490000 inst
490599 th address 3118d62 hit on id: 271
490741 th address 31180a0 hit on id: 100
490937 th address 3117294 hit on id: 850
491046 th address 31149e5 hit on id: 128
491192 th address 317d7b7 hit on id: 749
492015 th address 317df62 hit on id: 438
494415 th address 317ba4e hit on id: 296
494500 th address 3148c8f hit on id: 615
494756 th address 314da23 hit on id: 448
495555 th address 317ec52 hit on id: 712
495599 th address 2fa3df2 hit on id: 518
495971 th address 253d9ba hit on id: 257
496046 th address 314eb21 hit on id: 157
496281 th address 317c5d4 hit on id: 428
497176 th address 31285cb hit on id: 26
498828 th address 311deff hit on id: 21
498943 th address 51609aa hit on id: 596
499045 th address 2d11590 hit on id: 446
499627 th address 3169652 hit on id: 190
IR ORAM executed 500000 inst
500254 th address 3160e21 hit on id: 109
502288 th address 2ba71bf hit on id: 782
503463 th address 3141b96 hit on id: 849
503784 th address 2a5da6f hit on id: 527
503963 th address 317d4fa hit on id: 277
504878 th address 313e295 hit on id: 206
504930 th address 2932e21 hit on id: 738
505263 th address 159b15e hit on id: 945
506671 th address 31527f2 hit on id: 398
507319 th address 2d40fca hit on id: 938
507774 th address 3113911 hit on id: 531
507780 th address 317f2b7 hit on id: 965
507879 th address 311ddda hit on id: 855
508962 th address 311ce1d hit on id: 385
509832 th address 33beff3 hit on id: 344
IR ORAM executed 510000 inst
510359 th address 3114d8e hit on id: 341
510778 th address 3137955 hit on id: 45
511481 th address 2c49c18 hit on id: 264
511502 th address 311e2a5 hit on id: 372
512070 th address 311e841 hit on id: 380
513443 th address 2d58a42 hit on id: 570
514925 th address 31158e4 hit on id: 577
515139 th address 3142462 hit on id: 153
515180 th address 2ee09a7 hit on id: 1006
518265 th address 3117974 hit on id: 216
518477 th address 311aa10 hit on id: 812
519876 th address 314c75b hit on id: 429
IR ORAM executed 520000 inst
520172 th address 39c23af hit on id: 790
520498 th address 314e111 hit on id: 127
521228 th address 311d97b hit on id: 29
521664 th address 316a7cf hit on id: 571
522342 th address 3119a7d hit on id: 226
522896 th address 311d44b hit on id: 88
524466 th address 2cd0e69 hit on id: 612
525358 th address 40dcf79 hit on id: 289
525359 th address 40dcf7a hit on id: 476
527281 th address 311703c hit on id: 612
527455 th address 311b31a hit on id: 480
528497 th address 3113b64 hit on id: 634
528749 th address 311ee4c hit on id: 326
528777 th address 3116bf8 hit on id: 399
528787 th address 317d6ae hit on id: 173
529210 th address 311eb9d hit on id: 94
529211 th address 311eb9e hit on id: 527
IR ORAM executed 530000 inst
531587 th address 310c976 hit on id: 259
532027 th address 311acc2 hit on id: 291
532304 th address 317bd83 hit on id: 499
532665 th address 2d67300 hit on id: 874
532769 th address 311c3a4 hit on id: 273
534418 th address 3157d29 hit on id: 875
534764 th address 3117393 hit on id: 120
534901 th address 314927c hit on id: 1014
534904 th address 314927f hit on id: 255
535198 th address 312d3b5 hit on id: 739
535455 th address 3138d52 hit on id: 741
535932 th address 3112ebf hit on id: 87
536293 th address 31199fc hit on id: 1011
536627 th address 312ea3e hit on id: 191
536771 th address 311dcda hit on id: 529
537198 th address 3116361 hit on id: 678
537238 th address 31400bd hit on id: 419
537626 th address 317ee11 hit on id: 100
537972 th address 2ab90d7 hit on id: 602
538855 th address 313d1ce hit on id: 621
538964 th address 311f0d3 hit on id: 771
IR ORAM executed 540000 inst
541598 th address 317cf65 hit on id: 134
542151 th address 3126a42 hit on id: 78
542944 th address 311b6d3 hit on id: 527
543246 th address 3119f71 hit on id: 251
543961 th address 27f6388 hit on id: 617
545141 th address 313f01c hit on id: 342
545142 th address 313f01d hit on id: 23
545341 th address 31198c8 hit on id: 1003
545588 th address 314bc6b hit on id: 520
546734 th address 311f349 hit on id: 711
546735 th address 311f34a hit on id: 396
547050 th address 311dd71 hit on id: 698
547809 th address 317c7e4 hit on id: 55
547925 th address 314bbf0 hit on id: 90
547926 th address 314bbf1 hit on id: 260
548532 th address 3127d67 hit on id: 288
549806 th address 317b329 hit on id: 724
549838 th address 311fa51 hit on id: 14
IR ORAM executed 550000 inst
550553 th address 311b7c4 hit on id: 300
551031 th address 2f385d6 hit on id: 931
553671 th address 314488e hit on id: 909
554513 th address 3103428 hit on id: 452
555419 th address 311c7aa hit on id: 583
555723 th address 3119cea hit on id: 731
556419 th address 311a452 hit on id: 342
556549 th address 2f8da88 hit on id: 898
556867 th address 3142652 hit on id: 52
557100 th address 312f8f7 hit on id: 147
557172 th address 3127b23 hit on id: 655
557670 th address 2f96501 hit on id: 665
558219 th address 298085a hit on id: 559
558830 th address 3115ea9 hit on id: 209
559608 th address 31162fb hit on id: 250
IR ORAM executed 560000 inst
561592 th address 31165ef hit on id: 77
561649 th address 313b8d4 hit on id: 117
561670 th address 317b94d hit on id: 211
561722 th address 311bf69 hit on id: 455
562051 th address 3116712 hit on id: 175
563748 th address 2dc2c0b hit on id: 671
564364 th address 314c977 hit on id: 41
565973 th address 312f4b0 hit on id: 214
566728 th address 311aa0f hit on id: 620
567795 th address 317fa42 hit on id: 376
568574 th address 2e57445 hit on id: 335
568690 th address 3115821 hit on id: 452
568852 th address 3ef99c3 hit on id: 1008
568875 th address 311ea32 hit on id: 675
568880 th address 317b34b hit on id: 50
569743 th address 476463e hit on id: 377
IR ORAM executed 570000 inst
570098 th address 3145dc9 hit on id: 593
570895 th address 311e8b2 hit on id: 222
570953 th address 3180588 hit on id: 379
571134 th address 3118e75 hit on id: 783
571399 th address 311b896 hit on id: 168
571747 th address 3116eea hit on id: 90
571911 th address 3144bee hit on id: 1017
572354 th address 3153e55 hit on id: 46
573424 th address 317f9f7 hit on id: 771
573467 th address 311531e hit on id: 54
574318 th address 2e70ca9 hit on id: 525
574503 th address 31136aa hit on id: 181
574724 th address 317cb23 hit on id: 276
574757 th address 4384768 hit on id: 492
574847 th address 311b96a hit on id: 33
574848 th address 311b96b hit on id: 641
574849 th address 314807c hit on id: 84
575819 th address 156ccc6 hit on id: 971
576275 th address 31159ee hit on id: 31
576853 th address 2e79e9c hit on id: 744
577096 th address 315de93 hit on id: 300
577963 th address 317adc2 hit on id: 470
578273 th address 2ba4c84 hit on id: 120
578321 th address 515cdc8 hit on id: 613
578560 th address 299545b hit on id: 524
579305 th address 2ead030 hit on id: 381
579803 th address 2baa982 hit on id: 922
IR ORAM executed 580000 inst
581588 th address 31171c3 hit on id: 66
583242 th address 2a3421d hit on id: 864
583613 th address 31465c0 hit on id: 25
583638 th address 317d295 hit on id: 463
583699 th address 2cef47a hit on id: 129
583915 th address 3151abe hit on id: 392
584462 th address 315cd69 hit on id: 972
584904 th address 2fd4377 hit on id: 504
585441 th address 311d400 hit on id: 59
586359 th address 317ce32 hit on id: 284
586535 th address 317afe6 hit on id: 84
587466 th address 3129a65 hit on id: 536
587536 th address 3113a73 hit on id: 686
588306 th address 3119db1 hit on id: 166
589187 th address 311b4d6 hit on id: 319
IR ORAM executed 590000 inst
590003 th address 2d8227e hit on id: 273
590316 th address 311ed57 hit on id: 197
593785 th address 311e490 hit on id: 127
594311 th address 317f0d2 hit on id: 363
594434 th address 31153f1 hit on id: 748
594586 th address 2d84a31 hit on id: 183
596934 th address 317b4d9 hit on id: 394
598220 th address 317c3eb hit on id: 834
598361 th address 3164cb8 hit on id: 308
598364 th address 3164cbb hit on id: 631
598395 th address 3118f0e hit on id: 568
599459 th address 2673972 hit on id: 963
599968 th address 3113063 hit on id: 312
IR ORAM executed 600000 inst
600216 th address 311822f hit on id: 191
600700 th address 314db43 hit on id: 14
600748 th address 311e1f3 hit on id: 512
600925 th address 316a260 hit on id: 345
601509 th address 317d368 hit on id: 821
601830 th address 311da09 hit on id: 486
601832 th address 311da0b hit on id: 149
602119 th address 314887a hit on id: 22
602125 th address 3118ee8 hit on id: 795
602692 th address 3114a77 hit on id: 130
603640 th address 31259a7 hit on id: 66
603711 th address 316a95a hit on id: 861
605014 th address 31435ad hit on id: 350
605020 th address 317c7fb hit on id: 159
605238 th address 312fc9d hit on id: 416
605595 th address 311b536 hit on id: 465
606184 th address 317c783 hit on id: 153
606296 th address 2d22c93 hit on id: 900
606711 th address 3117aba hit on id: 136
606963 th address 311e34e hit on id: 156
607088 th address 2db69cb hit on id: 536
607521 th address 2964538 hit on id: 882
607717 th address 317c0dc hit on id: 274
608144 th address 3180063 hit on id: 911
609486 th address 317c431 hit on id: 940
609787 th address 31189b2 hit on id: 256
IR ORAM executed 610000 inst
610269 th address 311ec18 hit on id: 265
612389 th address 2c49c18 hit on id: 530
612477 th address 31192cc hit on id: 342
612641 th address 2daf81c hit on id: 978
613227 th address 313b98e hit on id: 119
614286 th address 3114c31 hit on id: 352
614611 th address 3113826 hit on id: 524
614616 th address 317e78f hit on id: 568
614960 th address 314ce17 hit on id: 612
615005 th address 3126a24 hit on id: 531
615586 th address 3118329 hit on id: 849
615653 th address 315d128 hit on id: 90
615662 th address 515c931 hit on id: 639
616287 th address 2cdf86a hit on id: 144
617079 th address 33ef262 hit on id: 557
617315 th address 3132416 hit on id: 953
617540 th address 31133f3 hit on id: 735
618156 th address 2df167f hit on id: 335
618263 th address 3148cb2 hit on id: 677
618531 th address 313763e hit on id: 917
619622 th address 3118125 hit on id: 145
619971 th address 3112b2e hit on id: 440
IR ORAM executed 620000 inst
620803 th address 311353e hit on id: 934
620950 th address 3170161 hit on id: 455
621966 th address 317decd hit on id: 363
622914 th address 3115f21 hit on id: 498
623743 th address 311fd1e hit on id: 472
623887 th address 3113996 hit on id: 239
624559 th address 311528a hit on id: 643
624839 th address 311d1a6 hit on id: 278
624856 th address 314d537 hit on id: 288
626613 th address 2a1a358 hit on id: 1010
626691 th address 3011596 hit on id: 230
627159 th address 311eade hit on id: 66
627624 th address 314f2ff hit on id: 122
627976 th address 2e3cda3 hit on id: 521
628347 th address 311a3aa hit on id: 215
629061 th address 2902634 hit on id: 787
IR ORAM executed 630000 inst
630422 th address 314f461 hit on id: 934
630520 th address 3115e87 hit on id: 149
630812 th address 3132127 hit on id: 433
630927 th address 2991976 hit on id: 848
631016 th address 31137c7 hit on id: 949
631949 th address 3116838 hit on id: 106
633772 th address 311699b hit on id: 802
633975 th address 2dc28ca hit on id: 933
633977 th address 3284264 hit on id: 593
635509 th address 3141250 hit on id: 476
637311 th address 313edbe hit on id: 471
637312 th address 313edbf hit on id: 130
637360 th address 3117a0b hit on id: 504
637876 th address 317f4ef hit on id: 853
638166 th address 311e7f1 hit on id: 429
638410 th address 2b85c89 hit on id: 337
639427 th address 311c92a hit on id: 683
639627 th address 3122bee hit on id: 472
IR ORAM executed 640000 inst
641564 th address 2a8ad0b hit on id: 539
642992 th address 30a231b hit on id: 1015
643736 th address 3121b5b hit on id: 739
645007 th address 313d4da hit on id: 156
645303 th address 26d729e hit on id: 506
645811 th address 311b10a hit on id: 340
645946 th address 3113c79 hit on id: 524
646312 th address 311356b hit on id: 917
646743 th address 31544f2 hit on id: 903
647138 th address 314c4e5 hit on id: 121
647465 th address 3180370 hit on id: 207
648228 th address 3122a53 hit on id: 698
648496 th address 29835cb hit on id: 590
648745 th address 311be08 hit on id: 456
649040 th address 2f0f153 hit on id: 876
649254 th address 311e381 hit on id: 160
IR ORAM executed 650000 inst
650120 th address 3124ba7 hit on id: 24
650935 th address 317c1e2 hit on id: 164
652969 th address 2f8da88 hit on id: 898
653143 th address 317c36a hit on id: 507
653653 th address 3137cc8 hit on id: 136
654146 th address 3d9c4b1 hit on id: 482
654236 th address 2c6e303 hit on id: 906
654539 th address 31183b6 hit on id: 63
655663 th address 3178dba hit on id: 465
655703 th address 3115fd6 hit on id: 521
656013 th address 3117e98 hit on id: 887
656058 th address 3115d15 hit on id: 827
656998 th address 3114379 hit on id: 176
657001 th address 312f788 hit on id: 102
657608 th address 3121357 hit on id: 18
657827 th address 317c7ea hit on id: 424
659022 th address 316811d hit on id: 94
659728 th address 311dfcb hit on id: 52
IR ORAM executed 660000 inst
660566 th address 31174a5 hit on id: 60
660567 th address 31174a6 hit on id: 783
661331 th address 2b23dea hit on id: 627
662446 th address 312fba1 hit on id: 31
662760 th address 311f137 hit on id: 752
662976 th address 31192e3 hit on id: 914
663269 th address 3119e5c hit on id: 347
663295 th address 312ce6e hit on id: 957
663316 th address 311ef07 hit on id: 249
663664 th address 3113693 hit on id: 41
663692 th address 311f19b hit on id: 246
664745 th address 317f988 hit on id: 748
664956 th address 3113fdb hit on id: 999
665202 th address 4a7626d hit on id: 937
665616 th address 2cc914f hit on id: 730
666082 th address 3142c95 hit on id: 143
667134 th address 3118719 hit on id: 801
668118 th address 408309d hit on id: 443
669683 th address 3119862 hit on id: 201
IR ORAM executed 670000 inst
670131 th address 3170986 hit on id: 872
670794 th address 311a189 hit on id: 225
671255 th address 3118b9e hit on id: 145
672474 th address 36405d9 hit on id: 571
672504 th address 2e42277 hit on id: 866
673500 th address 313b53f hit on id: 370
674217 th address 311b1dc hit on id: 384
674670 th address 311314d hit on id: 427
675811 th address 2ded7a6 hit on id: 586
675855 th address 311595a hit on id: 897
676091 th address 311fbe6 hit on id: 453
676225 th address 311a374 hit on id: 475
676228 th address 311a377 hit on id: 406
676585 th address 311ee4c hit on id: 654
677415 th address 3130a82 hit on id: 28
678889 th address 2fdb53c hit on id: 816
679253 th address 312e820 hit on id: 850
679664 th address 317f2eb hit on id: 999
IR ORAM executed 680000 inst
681137 th address 311576c hit on id: 326
681139 th address 311576e hit on id: 1004
682519 th address 311d0ae hit on id: 916
683046 th address 317c361 hit on id: 361
683908 th address 31430a3 hit on id: 111
684365 th address 3118008 hit on id: 317
685117 th address 317d110 hit on id: 1001
685894 th address 3148f5d hit on id: 24
686438 th address 30938d5 hit on id: 756
686444 th address 31321c3 hit on id: 4
686510 th address 315b1e1 hit on id: 85
686511 th address 315b1e2 hit on id: 997
687032 th address 3132263 hit on id: 72
688603 th address 3150cc2 hit on id: 293
689111 th address 3113b16 hit on id: 926
689569 th address 311b9c4 hit on id: 908
IR ORAM executed 690000 inst
690792 th address 311653b hit on id: 392
691403 th address 3149cae hit on id: 12
691519 th address 316aca6 hit on id: 164
691624 th address 311bc93 hit on id: 376
692369 th address 31374e8 hit on id: 703
692371 th address 31374ea hit on id: 170
693894 th address 317d295 hit on id: 928
693996 th address 311eceb hit on id: 509
694470 th address 317d421 hit on id: 486
694472 th address 317d423 hit on id: 754
694828 th address 3116d17 hit on id: 812
695241 th address 312e44c hit on id: 142
697891 th address 317bf76 hit on id: 887
698138 th address 311ddb9 hit on id: 94
698139 th address 311ddba hit on id: 204
698321 th address 31182d0 hit on id: 385
698685 th address 3114e04 hit on id: 291
698818 th address 311db29 hit on id: 241
698819 th address 311db2a hit on id: 360
698824 th address 317cf6f hit on id: 132
699814 th address 3173fd9 hit on id: 925
IR ORAM executed 700000 inst
700544 th address 1dbbb2b hit on id: 919
701026 th address 2aff549 hit on id: 688
701450 th address 3116cbd hit on id: 457
703989 th address 3152e0c hit on id: 267
704124 th address 21b03f3 hit on id: 793
704576 th address 311d4a7 hit on id: 68
705261 th address 50c23bc hit on id: 966
705299 th address 31148f2 hit on id: 281
706584 th address 311b97f hit on id: 829
707649 th address 3164824 hit on id: 922
707803 th address 311813a hit on id: 84
708532 th address 314bc6b hit on id: 817
708660 th address 315d9df hit on id: 191
709983 th address 3b846ce hit on id: 585
IR ORAM executed 710000 inst
710267 th address 311ed4a hit on id: 13
710327 th address 311a2ca hit on id: 261
710592 th address 315633b hit on id: 167
710624 th address 317cbc3 hit on id: 329
711036 th address 311d997 hit on id: 386
711402 th address 3132c49 hit on id: 532
711412 th address 317cf07 hit on id: 158
711576 th address 311ca9f hit on id: 1022
712429 th address 311b324 hit on id: 1022
712825 th address 311a948 hit on id: 84
713017 th address 19391ec hit on id: 1003
713202 th address 311ff79 hit on id: 384
713203 th address 311ff7a hit on id: 206
713509 th address 311cbcc hit on id: 261
713547 th address 317d7b6 hit on id: 339
713548 th address 317d7b7 hit on id: 751
713906 th address 311aa0d hit on id: 947
713908 th address 311aa0f hit on id: 935
713953 th address 3116090 hit on id: 324
714085 th address 314f7d8 hit on id: 461
714244 th address 317d637 hit on id: 922
716129 th address 3113580 hit on id: 651
717360 th address 311773b hit on id: 929
717995 th address 311b75a hit on id: 311
718185 th address 3129064 hit on id: 784
718187 th address 3129066 hit on id: 201
718239 th address 3113826 hit on id: 261
719621 th address 317ba64 hit on id: 156
719664 th address 3114e2b hit on id: 784
IR ORAM executed 720000 inst
722081 th address 31142f0 hit on id: 331
722309 th address 311ae40 hit on id: 791
722656 th address 3116087 hit on id: 448
722771 th address 3113302 hit on id: 715
722810 th address 317b629 hit on id: 899
723420 th address 3112fcb hit on id: 827
723794 th address 311b625 hit on id: 985
724394 th address 3130e1d hit on id: 819
724758 th address 3114065 hit on id: 274
725905 th address 3118b28 hit on id: 536
727060 th address 315045b hit on id: 659
727591 th address 317fbfa hit on id: 1008
728481 th address 317fa04 hit on id: 148
729183 th address 31788e2 hit on id: 969
IR ORAM executed 730000 inst
730188 th address 3114ccf hit on id: 842
730402 th address 317c809 hit on id: 710
730505 th address 317c7bc hit on id: 316
730540 th address 31144ff hit on id: 364
730565 th address 311de74 hit on id: 370
731169 th address 311a93c hit on id: 830
731785 th address 3116eec hit on id: 355
732136 th address 311b307 hit on id: 254
732317 th address 317c0e4 hit on id: 471
732348 th address 316ef33 hit on id: 348
732546 th address 3114861 hit on id: 95
733089 th address 313ed28 hit on id: 30
733795 th address 312954a hit on id: 257
734390 th address 1f67a5 hit on id: 568
735222 th address 311a605 hit on id: 816
IR ORAM executed 740000 inst
740271 th address 313b89a hit on id: 298
740417 th address 3123dfc hit on id: 439
741458 th address 317c011 hit on id: 960
741694 th address 2e3eae5 hit on id: 824
741909 th address 317e618 hit on id: 226
743102 th address 311dd55 hit on id: 699
743747 th address 2d3b846 hit on id: 656
743832 th address 317ae53 hit on id: 392
744318 th address 311abf9 hit on id: 94
746147 th address 3720852 hit on id: 617
746359 th address 317f3d6 hit on id: 418
746497 th address 31737e4 hit on id: 267
746507 th address 37c83aa hit on id: 122
746748 th address 312a62f hit on id: 127
747224 th address 3119d27 hit on id: 446
747227 th address 3179bd6 hit on id: 390
747889 th address 2dab7fc hit on id: 986
748170 th address 315a08d hit on id: 737
IR ORAM executed 750000 inst
750863 th address 315263a hit on id: 839
753358 th address 314574d hit on id: 619
753578 th address 31146c5 hit on id: 829
753701 th address 311cd30 hit on id: 63
754193 th address 3078d24 hit on id: 820
755130 th address 317c9a9 hit on id: 423
755539 th address 31192c6 hit on id: 143
755699 th address 311e382 hit on id: 448
756550 th address 302af79 hit on id: 471
757758 th address 311e7fd hit on id: 733
757838 th address 2fa0a2d hit on id: 303
759300 th address 31188df hit on id: 243
IR ORAM executed 760000 inst
760055 th address 317c00e hit on id: 425
760369 th address 3115cc8 hit on id: 343
761790 th address 311dddd hit on id: 81
763435 th address 311ed06 hit on id: 58
763466 th address 31525bd hit on id: 184
763513 th address 311b958 hit on id: 142
764316 th address 311d54f hit on id: 916
765460 th address 515e9ab hit on id: 617
765659 th address 3115a4a hit on id: 409
766365 th address 3145dac hit on id: 873
768112 th address 311536f hit on id: 202
769109 th address 312c8d8 hit on id: 115
IR ORAM executed 770000 inst
771484 th address 311eceb hit on id: 1020
772555 th address 3119562 hit on id: 474
773833 th address 314ea54 hit on id: 12
773953 th address 317c7e8 hit on id: 750
774041 th address 2dafa3c hit on id: 588
774043 th address 2dafa3e hit on id: 730
775027 th address 317f8c6 hit on id: 148
775081 th address 311ef50 hit on id: 479
775087 th address 316cd2e hit on id: 905
775373 th address 299b1e4 hit on id: 764
776466 th address 311eb9d hit on id: 22
776546 th address 3120f05 hit on id: 513
776548 th address 3120f07 hit on id: 526
776785 th address 317f754 hit on id: 93
776989 th address 3117e98 hit on id: 443
777785 th address 3136fd0 hit on id: 209
778465 th address 3168d54 hit on id: 523
778789 th address 3168bbc hit on id: 645
779387 th address 30fea7e hit on id: 277
IR ORAM executed 780000 inst
780189 th address 311ee4c hit on id: 80
780190 th address 311ee4d hit on id: 274
780532 th address 311778b hit on id: 235
780767 th address 31193ea hit on id: 758
781816 th address 3164e9b hit on id: 274
781827 th address a8166e hit on id: 950
782030 th address 3114939 hit on id: 971
782489 th address 317c038 hit on id: 845
782909 th address 30afdc8 hit on id: 313
783680 th address 515dd83 hit on id: 614
783803 th address 3119f26 hit on id: 220
783812 th address 30496d3 hit on id: 592
783959 th address 311a30e hit on id: 39
784434 th address 31192cd hit on id: 146
784801 th address 311accc hit on id: 749
785761 th address 3117640 hit on id: 341
785770 th address 317bda5 hit on id: 227
786772 th address 314140b hit on id: 374
787077 th address 311d568 hit on id: 240
788430 th address 31664f5 hit on id: 615
788721 th address 3142dd8 hit on id: 209
789553 th address 311e6f8 hit on id: 557
789613 th address 314f014 hit on id: 54
789653 th address 314adf8 hit on id: 23
IR ORAM executed 790000 inst
790388 th address 3115753 hit on id: 440
793807 th address 31430a2 hit on id: 355
793890 th address 2cd06b5 hit on id: 380
794684 th address 3116663 hit on id: 438
795609 th address 2ef4488 hit on id: 888
797485 th address 29e7e60 hit on id: 266
797740 th address 3113cdf hit on id: 286
798650 th address 3114285 hit on id: 417
799869 th address 31703cc hit on id: 297
799871 th address 31703ce hit on id: 160
IR ORAM executed 800000 inst
800436 th address 311753b hit on id: 942
800768 th address 2da7207 hit on id: 737
800910 th address 3130a81 hit on id: 334
801255 th address 2efa782 hit on id: 326
801276 th address 317fbdf hit on id: 303
801285 th address 315febc hit on id: 705
801287 th address 315febe hit on id: 226
801689 th address 3118318 hit on id: 272
802013 th address 317d5a8 hit on id: 708
802108 th address 2ce2567 hit on id: 836
802611 th address 311c536 hit on id: 417
802952 th address 314ced7 hit on id: 646
803108 th address 2d49b0b hit on id: 651
803603 th address 2e42276 hit on id: 914
804212 th address 311a92b hit on id: 511
805555 th address 317ba4e hit on id: 296
805854 th address 311a981 hit on id: 821
807380 th address 2cb9b2f hit on id: 854
807776 th address 317b4af hit on id: 49
808345 th address 3117d68 hit on id: 652
808350 th address 312922d hit on id: 126
808812 th address 3141bdb hit on id: 184
809842 th address 2ece4b1 hit on id: 652
809845 th address 314da20 hit on id: 27
809879 th address 316d18a hit on id: 203
IR ORAM executed 810000 inst
811264 th address 311ba7f hit on id: 768
811327 th address 315ceb6 hit on id: 168
812519 th address 313b89a hit on id: 298
812771 th address 312ce6e hit on id: 957
813027 th address 3114432 hit on id: 836
813217 th address 311f348 hit on id: 892
813385 th address 312b424 hit on id: 36
813739 th address 30fc22a hit on id: 819
815268 th address 311b44b hit on id: 940
815836 th address 30a7ddb hit on id: 773
816159 th address 3030142 hit on id: 986
816199 th address 313a652 hit on id: 448
816789 th address 317d650 hit on id: 491
817075 th address 3115e26 hit on id: 349
817149 th address 1863dc0 hit on id: 952
817194 th address 31136f9 hit on id: 325
817195 th address 31136fa hit on id: 438
817325 th address 2eddc7c hit on id: 979
818032 th address 3113ca7 hit on id: 747
818550 th address 317d155 hit on id: 451
818637 th address 311b1dc hit on id: 384
818785 th address 317cf7c hit on id: 994
819526 th address 317e5fd hit on id: 740
819795 th address 3170b0a hit on id: 459
IR ORAM executed 820000 inst
820064 th address 3117f7b hit on id: 476
820100 th address 312712b hit on id: 277
820478 th address 311ff79 hit on id: 95
820479 th address 311ff7a hit on id: 206
820785 th address 317f550 hit on id: 323
821417 th address 31168a8 hit on id: 981
821629 th address 317c2ac hit on id: 574
821896 th address 313319b hit on id: 138
823820 th address 2964dbf hit on id: 654
824160 th address 311a293 hit on id: 983
824522 th address 317df65 hit on id: 509
825731 th address 2569d06 hit on id: 964
825766 th address 2967001 hit on id: 771
826284 th address 3157f47 hit on id: 805
826519 th address 311ab4a hit on id: 918
827023 th address 317f296 hit on id: 944
827313 th address 3117cec hit on id: 103
828098 th address 311b441 hit on id: 355
828194 th address 27096ed hit on id: 568
829243 th address 3162b46 hit on id: 883
829291 th address 3119e8a hit on id: 25
829409 th address 3119e60 hit on id: 46
829413 th address 1fb74c hit on id: 580
829877 th address 3117bec hit on id: 506
IR ORAM executed 830000 inst
830280 th address 316d17b hit on id: 440
831191 th address 318041e hit on id: 922
831231 th address 314594e hit on id: 54
832574 th address 317f675 hit on id: 561
834075 th address 3148cb2 hit on id: 83
834076 th address 3148cb3 hit on id: 496
834455 th address 3118676 hit on id: 62
834844 th address 3141b97 hit on id: 59
835176 th address 1998b97 hit on id: 943
835446 th address 316e659 hit on id: 238
836485 th address 2b1e140 hit on id: 717
836687 th address 3116b16 hit on id: 419
837645 th address 311e188 hit on id: 331
838189 th address 317d734 hit on id: 238
839227 th address 317dd32 hit on id: 496
839382 th address 311a949 hit on id: 29
839584 th address 31189cf hit on id: 819
839758 th address 311a5e5 hit on id: 311
IR ORAM executed 840000 inst
840070 th address 3119845 hit on id: 102
841207 th address 3116aca hit on id: 213
841211 th address 315da46 hit on id: 631
841717 th address 311e4a0 hit on id: 110
842029 th address 2ef2a44 hit on id: 1003
843290 th address 311cbcd hit on id: 795
844637 th address 28e7188 hit on id: 714
845233 th address 2f124b0 hit on id: 143
845236 th address 2f124b3 hit on id: 1005
845452 th address 316f60f hit on id: 109
846974 th address 3113d49 hit on id: 413
847681 th address 3114124 hit on id: 211
847998 th address 3162afd hit on id: 53
847999 th address 3162afe hit on id: 480
848355 th address 31644f2 hit on id: 447
848454 th address 3113321 hit on id: 751
849628 th address 2d6b91b hit on id: 497
849660 th address 2e2be83 hit on id: 486
849832 th address 311d54f hit on id: 228
IR ORAM executed 850000 inst
851382 th address 311b2b9 hit on id: 87
851384 th address 311b2bb hit on id: 45
851722 th address 2c42921 hit on id: 867
852224 th address 3152aff hit on id: 467
852977 th address 311dbd8 hit on id: 19
853287 th address 317179a hit on id: 480
854143 th address 311db0e hit on id: 538
854442 th address 311c9f1 hit on id: 20
855343 th address 3119902 hit on id: 602
856257 th address 3142ed8 hit on id: 13
856774 th address 311e8c9 hit on id: 315
857013 th address 311e9ac hit on id: 429
857014 th address 311e9ad hit on id: 223
857460 th address 2f2cc8b hit on id: 234
858746 th address 317ece1 hit on id: 262
859575 th address 2b3eaa6 hit on id: 401
IR ORAM executed 860000 inst
861538 th address 2885451 hit on id: 873
861835 th address 31131ae hit on id: 842
861837 th address 315bb1c hit on id: 237
862484 th address 31165eb hit on id: 984
862672 th address 2d0e6b3 hit on id: 239
862824 th address 205edf hit on id: 953
862960 th address 311e793 hit on id: 1011
863568 th address 31657af hit on id: 255
863858 th address 311eadd hit on id: 29
864925 th address 312ad14 hit on id: 320
866171 th address 2e7b38a hit on id: 542
866727 th address 311b096 hit on id: 440
866735 th address 34a4176 hit on id: 473
867951 th address 311d9e6 hit on id: 48
868474 th address 2d3fc05 hit on id: 677
868567 th address 311411a hit on id: 99
869270 th address 315fded hit on id: 814
869617 th address 31322c4 hit on id: 22
869847 th address 307ce9a hit on id: 466
IR ORAM executed 870000 inst
870266 th address 311536d hit on id: 311
870414 th address 313478d hit on id: 158
870838 th address 317c999 hit on id: 703
870919 th address 317fe52 hit on id: 513
871531 th address 3118cfa hit on id: 1001
871861 th address 31674dc hit on id: 692
872446 th address 317bdd9 hit on id: 661
872454 th address 286e645 hit on id: 65
872767 th address 313b162 hit on id: 100
874184 th address 311c2eb hit on id: 756
876314 th address 2f06859 hit on id: 758
877183 th address 2b824ca hit on id: 393
878688 th address 311cd1b hit on id: 315
879016 th address 3162197 hit on id: 813
879135 th address 317ad6a hit on id: 273
879780 th address 317cb67 hit on id: 738
IR ORAM executed 880000 inst
880554 th address 3118e5d hit on id: 277
880744 th address 31716b3 hit on id: 316
881362 th address 3157d99 hit on id: 657
881930 th address 3177c59 hit on id: 42
882811 th address 317dd0a hit on id: 594
883437 th address 317efc4 hit on id: 468
885268 th address 29376cf hit on id: 597
885334 th address 317beb1 hit on id: 386
885662 th address 3118435 hit on id: 167
885669 th address 317b9b4 hit on id: 148
885806 th address 317cf5d hit on id: 148
886104 th address 3116347 hit on id: 155
886396 th address 311b61f hit on id: 345
888111 th address 31389c6 hit on id: 112
888135 th address 3118f62 hit on id: 950
888244 th address 311a1a3 hit on id: 387
889308 th address 2d25ea3 hit on id: 589
IR ORAM executed 890000 inst
890022 th address 311fbd1 hit on id: 622
890192 th address 30e64fb hit on id: 269
890383 th address 516a21a hit on id: 917
890691 th address 30b6f22 hit on id: 385
892221 th address 31375b8 hit on id: 192
893489 th address 317e4b8 hit on id: 626
894013 th address 311eb9c hit on id: 1020
896848 th address 314a227 hit on id: 148
898453 th address 3114e4c hit on id: 152
899204 th address 3144387 hit on id: 171
899435 th address 3131d8e hit on id: 586
IR ORAM executed 900000 inst
901046 th address 314b8a5 hit on id: 568
901497 th address 31297a4 hit on id: 1
902318 th address 311cb5d hit on id: 284
902362 th address 313a82d hit on id: 248
902932 th address 3118a9b hit on id: 271
903829 th address 3121270 hit on id: 562
903831 th address 3121272 hit on id: 237
904300 th address 311e23b hit on id: 57
904541 th address 311b9fc hit on id: 380
905461 th address 2177b14 hit on id: 890
905462 th address 2177b15 hit on id: 540
905912 th address 2b3c387 hit on id: 444
907419 th address 311ba62 hit on id: 726
909350 th address 311d9c9 hit on id: 77
IR ORAM executed 910000 inst
910339 th address 3177b3e hit on id: 165
911434 th address 31155c1 hit on id: 570
911458 th address 2e5b791 hit on id: 820
911514 th address ad044d hit on id: 565
911995 th address 3119db2 hit on id: 441
912140 th address 2f38cbb hit on id: 964
912201 th address 311d4ac hit on id: 277
912890 th address 317ba45 hit on id: 145
913647 th address 317d5ce hit on id: 155
913962 th address 316b115 hit on id: 155
914592 th address 3127b23 hit on id: 262
915416 th address 31606bb hit on id: 438
915988 th address 3148b43 hit on id: 84
916117 th address 3178e34 hit on id: 220
916716 th address 313d1cf hit on id: 235
916791 th address 315099e hit on id: 824
916903 th address 311680e hit on id: 44
917789 th address 2c8b1bc hit on id: 318
919253 th address 311b6d0 hit on id: 78
919416 th address 311bcc7 hit on id: 152
919973 th address 2340e14 hit on id: 672
IR ORAM executed 920000 inst
920278 th address 311a71d hit on id: 766
920913 th address 3114f10 hit on id: 574
921088 th address 29f00cb hit on id: 670
921271 th address 3112bd6 hit on id: 532
921788 th address 3113f07 hit on id: 688
922403 th address 31310e6 hit on id: 1
923030 th address 311be09 hit on id: 760
923160 th address 312c0e3 hit on id: 783
923528 th address 2cd1c2b hit on id: 304
923760 th address 3122df3 hit on id: 583
924097 th address 311ca28 hit on id: 750
924100 th address 311ca2b hit on id: 428
925193 th address 311b72c hit on id: 746
925425 th address 31334c8 hit on id: 808
925427 th address 31334ca hit on id: 436
925647 th address 317e6b2 hit on id: 425
926186 th address 31159f1 hit on id: 461
926439 th address 311b466 hit on id: 909
926983 th address 3163442 hit on id: 548
927139 th address 3116eb2 hit on id: 180
928460 th address 314f5d7 hit on id: 230
929483 th address 515d08a hit on id: 650
929817 th address 311abb8 hit on id: 575
IR ORAM executed 930000 inst
930199 th address 313fc96 hit on id: 128
930378 th address 2d86e59 hit on id: 524
931291 th address 3113686 hit on id: 662
931583 th address 313b89a hit on id: 298
932083 th address 1a59d42 hit on id: 199
933406 th address 31800e5 hit on id: 244
933856 th address 3130e1f hit on id: 228
934553 th address 311dcd8 hit on id: 823
934747 th address 3113c3a hit on id: 588
936377 th address 3119604 hit on id: 544
936424 th address 317f18b hit on id: 150
936876 th address 3172d97 hit on id: 982
937217 th address 317d524 hit on id: 812
937388 th address 3119d27 hit on id: 446
938158 th address 785ef1 hit on id: 975
938598 th address 317f961 hit on id: 171
939031 th address 311c352 hit on id: 973
939206 th address 311590d hit on id: 217
939727 th address 31187c2 hit on id: 99
IR ORAM executed 940000 inst
940627 th address 311ce2e hit on id: 191
940925 th address 3117538 hit on id: 616
941557 th address 3113c9c hit on id: 198
941559 th address 3113c9e hit on id: 925
943914 th address 305c345 hit on id: 141
944230 th address 2ba3195 hit on id: 791
946191 th address 299e6a6 hit on id: 501
949396 th address 317ff17 hit on id: 579
IR ORAM executed 950000 inst
950162 th address 3115d8d hit on id: 267
951415 th address 2fc6be6 hit on id: 831
952566 th address 2b263dd hit on id: 642
953483 th address 2bec9d6 hit on id: 883
954008 th address 3118f5f hit on id: 970
954816 th address 3118dbb hit on id: 144
955850 th address 317fda9 hit on id: 345
956268 th address 31185cf hit on id: 223
957999 th address 317ecea hit on id: 623
958558 th address 31317c5 hit on id: 951
958768 th address 3118f4f hit on id: 206
959173 th address 31465d8 hit on id: 13
959620 th address 311a7cb hit on id: 586
959866 th address 30f874d hit on id: 786
959938 th address 317aed9 hit on id: 636
IR ORAM executed 960000 inst
960064 th address 312178f hit on id: 494
961610 th address 31619d9 hit on id: 794
961718 th address 311536d hit on id: 624
962054 th address 31311b9 hit on id: 982
962556 th address 311c9df hit on id: 138
962617 th address 3145008 hit on id: 102
963848 th address 311c51b hit on id: 234
964009 th address 3114f84 hit on id: 172
964210 th address 2e038c9 hit on id: 975
964655 th address 2c2db8e hit on id: 791
965281 th address 3114c44 hit on id: 340
965284 th address 3114c47 hit on id: 586
967203 th address 317c78e hit on id: 1007
967238 th address 3116109 hit on id: 349
968590 th address 312a62d hit on id: 5
969368 th address 3161d67 hit on id: 740
IR ORAM executed 970000 inst
970462 th address 2d67301 hit on id: 337
970796 th address 317f333 hit on id: 467
972171 th address 3137236 hit on id: 305
973500 th address 311e17f hit on id: 475
973733 th address 311e1d0 hit on id: 245
973755 th address 2bf595e hit on id: 922
974637 th address 2e3dfb4 hit on id: 562
975147 th address 311f176 hit on id: 237
975795 th address 311cec6 hit on id: 236
975951 th address 3117f26 hit on id: 443
976001 th address 3178534 hit on id: 633
976029 th address 2ed7ba8 hit on id: 759
976143 th address 311b026 hit on id: 56
976808 th address 311923f hit on id: 19
977031 th address 311ae42 hit on id: 237
977297 th address 34cf7f0 hit on id: 130
977396 th address 3127863 hit on id: 359
978123 th address 313beea hit on id: 30
978268 th address 2d0f7ab hit on id: 759
979836 th address 311df23 hit on id: 77
IR ORAM executed 980000 inst
982059 th address 2d1376a hit on id: 1011
982908 th address 311a1a3 hit on id: 96
984367 th address 311dcae hit on id: 521
985041 th address 311c0b4 hit on id: 30
986409 th address 311af9c hit on id: 353
986411 th address 311af9e hit on id: 604
987477 th address 3118c44 hit on id: 122
988150 th address 311f055 hit on id: 640
989116 th address 317ae63 hit on id: 969
989654 th address 3126675 hit on id: 939
IR ORAM executed 990000 inst
990413 th address 315e400 hit on id: 853
991152 th address 311cea7 hit on id: 55
991245 th address 312df08 hit on id: 633
991836 th address 311d543 hit on id: 334
992656 th address 317b9c3 hit on id: 183
994154 th address 2cfcbd1 hit on id: 802
995423 th address 3119562 hit on id: 950
995716 th address 317cce3 hit on id: 744
996368 th address 311accf hit on id: 321
996665 th address 3117bd8 hit on id: 852
997379 th address 312a826 hit on id: 466
997841 th address 2fe11dc hit on id: 161
998058 th address 31146e5 hit on id: 1021
998465 th address 2a91500 hit on id: 595
998750 th address 316ee5d hit on id: 787
998946 th address 311cf9d hit on id: 11
999422 th address 314ae61 hit on id: 367
999825 th address 311ece8 hit on id: 884
IR ORAM executed 1000000 inst
The final DRAM clk is: 916944568 ticks.
R/W switch time % is: 71.5629 %
DRAM Frequency is: 1600MHz
The final time in ns is: 5.7309e+08 ns.
reads: 130370064
writes: 130370064
Achieved BW is: 29.1182 GB/s
Ideal BW is: 102.4 GB/s
Metadata cache conclusion: 
overall_hit: 0 overall_total: 0
Cache Size 64 KB Overall Hit rate: -nan %. 
stash Bypassed req: 10930 out of 1000000 requests 1.093 %
Cache Bypassed req: 1418 out of 1000000 requests 0.1418 %
Simulation done. Statistics written to results/iroram_criteo.txt
