Total number of ORAM protected cache line blocks: 67108864
Max number of levels: 27
Valid leaf ID range: 67108863:134217726
Cached number of levels: 10
Address space: 0 - 4 GB
Address space: 0 - 0.5 GB
Address space: 0 - 0.0625 GB
IR ORAM executed 10000 inst
IR ORAM executed 20000 inst
IR ORAM executed 30000 inst
IR ORAM executed 40000 inst
IR ORAM executed 50000 inst
IR ORAM executed 60000 inst
IR ORAM executed 70000 inst
IR ORAM executed 80000 inst
IR ORAM executed 90000 inst
IR ORAM executed 100000 inst
IR ORAM executed 110000 inst
IR ORAM executed 120000 inst
127572 th address cc7a5c8 hit on id: 177
IR ORAM executed 130000 inst
IR ORAM executed 140000 inst
IR ORAM executed 150000 inst
IR ORAM executed 160000 inst
IR ORAM executed 170000 inst
174007 th address c54ff7c hit on id: 562
IR ORAM executed 180000 inst
184743 th address cc72bc4 hit on id: 987
184744 th address cc72bc3 hit on id: 1001
IR ORAM executed 190000 inst
IR ORAM executed 200000 inst
IR ORAM executed 210000 inst
IR ORAM executed 220000 inst
IR ORAM executed 230000 inst
231310 th address c47b9db hit on id: 709
231499 th address c69e596 hit on id: 802
239606 th address c4ae5f0 hit on id: 988
IR ORAM executed 240000 inst
IR ORAM executed 250000 inst
IR ORAM executed 260000 inst
261419 th address d2f531c hit on id: 389
264101 th address c978c9f hit on id: 509
267346 th address c23a994 hit on id: 538
269066 th address d0b6016 hit on id: 329
IR ORAM executed 270000 inst
270743 th address c371e08 hit on id: 912
273293 th address c9ae697 hit on id: 900
275759 th address c268171 hit on id: 930
276329 th address cfd695f hit on id: 378
278910 th address ca69c5d hit on id: 279
IR ORAM executed 280000 inst
280472 th address d28c175 hit on id: 568
282115 th address cc59b72 hit on id: 551
285585 th address c2b3e88 hit on id: 953
286504 th address ca26404 hit on id: 842
287338 th address c4d94c3 hit on id: 312
287591 th address c7c78f3 hit on id: 447
288477 th address d24e636 hit on id: 377
IR ORAM executed 290000 inst
295255 th address cc77fef hit on id: 921
296931 th address c5460e7 hit on id: 787
IR ORAM executed 300000 inst
300452 th address ccc37d0 hit on id: 9
IR ORAM executed 310000 inst
IR ORAM executed 320000 inst
322904 th address cb49fc1 hit on id: 258
327265 th address c61293e hit on id: 867
IR ORAM executed 330000 inst
332404 th address c483dfe hit on id: 905
337599 th address ca2ebb7 hit on id: 461
338474 th address d10f904 hit on id: 342
339842 th address ca01698 hit on id: 585
IR ORAM executed 340000 inst
IR ORAM executed 350000 inst
353834 th address c542924 hit on id: 731
353839 th address c3b82d6 hit on id: 600
358751 th address c4c85ec hit on id: 416
IR ORAM executed 360000 inst
364756 th address c68e179 hit on id: 1015
IR ORAM executed 370000 inst
370317 th address d5c6521 hit on id: 99
377431 th address c9f1fd4 hit on id: 21
IR ORAM executed 380000 inst
380835 th address c9dbc10 hit on id: 94
380836 th address c9dbc0a hit on id: 47
387417 th address cc3092a hit on id: 172
IR ORAM executed 390000 inst
390499 th address ccbf8f4 hit on id: 974
392163 th address ca1a4c5 hit on id: 498
392340 th address c2560b5 hit on id: 730
IR ORAM executed 400000 inst
IR ORAM executed 410000 inst
415592 th address d5bef29 hit on id: 295
419489 th address cd07776 hit on id: 229
IR ORAM executed 420000 inst
IR ORAM executed 430000 inst
430255 th address c70f14b hit on id: 501
430701 th address cf38dbc hit on id: 434
432626 th address c901e65 hit on id: 111
436464 th address c579527 hit on id: 298
438453 th address c9e014d hit on id: 1
IR ORAM executed 440000 inst
449478 th address c7f6b9b hit on id: 529
IR ORAM executed 450000 inst
451361 th address ca37bd3 hit on id: 929
453086 th address cb24fff hit on id: 605
454732 th address cabfe40 hit on id: 621
455433 th address c2d4a7a hit on id: 763
455762 th address cedab1a hit on id: 207
455779 th address c7410b3 hit on id: 315
455788 th address cc825bc hit on id: 128
456864 th address c6a95ea hit on id: 311
IR ORAM executed 460000 inst
466056 th address c514db1 hit on id: 930
466745 th address c9cea84 hit on id: 869
IR ORAM executed 470000 inst
475636 th address cb0b8ef hit on id: 198
IR ORAM executed 480000 inst
480363 th address cbd3b32 hit on id: 903
481217 th address c93ef2d hit on id: 951
481244 th address cab6c9d hit on id: 826
481372 th address c6509dc hit on id: 520
481952 th address c6c5f99 hit on id: 336
488330 th address c5263ef hit on id: 560
IR ORAM executed 490000 inst
491020 th address c6d1482 hit on id: 49
498784 th address cd19b04 hit on id: 1011
499207 th address c4c756d hit on id: 646
499300 th address c52c5ed hit on id: 257
IR ORAM executed 500000 inst
506178 th address c5d9ff3 hit on id: 803
509089 th address cc43d31 hit on id: 679
IR ORAM executed 510000 inst
511957 th address c78ee3f hit on id: 45
513816 th address c64bc73 hit on id: 895
515654 th address c401eb6 hit on id: 378
515765 th address c5d745c hit on id: 357
519911 th address c5a11e1 hit on id: 357
519944 th address d36b799 hit on id: 936
IR ORAM executed 520000 inst
523908 th address cacbc7e hit on id: 622
528049 th address c96a78a hit on id: 972
IR ORAM executed 530000 inst
535120 th address c5de7b3 hit on id: 144
537902 th address c6f2657 hit on id: 440
IR ORAM executed 540000 inst
541742 th address c60b9af hit on id: 590
545120 th address c352ee2 hit on id: 310
546386 th address cab1399 hit on id: 231
549338 th address c6c72ba hit on id: 709
IR ORAM executed 550000 inst
553668 th address c285959 hit on id: 631
IR ORAM executed 560000 inst
560726 th address c902d07 hit on id: 257
IR ORAM executed 570000 inst
570085 th address cb06d4a hit on id: 245
571838 th address cc9a0ee hit on id: 140
573190 th address c775c0c hit on id: 430
577199 th address c876e9b hit on id: 206
IR ORAM executed 580000 inst
580152 th address c41421b hit on id: 893
581404 th address cf92128 hit on id: 464
IR ORAM executed 590000 inst
591818 th address c78bc96 hit on id: 458
596004 th address c824fba hit on id: 677
598111 th address c7bd4ad hit on id: 39
IR ORAM executed 600000 inst
600791 th address c7aab20 hit on id: 722
600945 th address c7119fb hit on id: 164
604072 th address c6268d8 hit on id: 408
605284 th address c768f7c hit on id: 44
605557 th address c87ae07 hit on id: 441
607801 th address c540c71 hit on id: 886
IR ORAM executed 610000 inst
612908 th address c52e9a1 hit on id: 478
614008 th address c5f1ae6 hit on id: 609
616224 th address c7449e7 hit on id: 139
616872 th address c4a2e04 hit on id: 341
618875 th address c6bce84 hit on id: 806
619989 th address c6f00a7 hit on id: 29
IR ORAM executed 620000 inst
622750 th address cc75806 hit on id: 531
623117 th address c93c7e4 hit on id: 496
IR ORAM executed 630000 inst
630018 th address cb6f527 hit on id: 205
630891 th address c33e201 hit on id: 385
636095 th address d67d5b9 hit on id: 960
636206 th address c4223bd hit on id: 252
636347 th address c6151fc hit on id: 993
639098 th address c8514e4 hit on id: 80
IR ORAM executed 640000 inst
641139 th address c633176 hit on id: 640
641914 th address c28bf09 hit on id: 738
643557 th address c534d18 hit on id: 201
643870 th address c5d640a hit on id: 944
645804 th address c8e372d hit on id: 619
645872 th address c6606b8 hit on id: 915
648127 th address c9c630a hit on id: 1018
IR ORAM executed 650000 inst
654469 th address c2dd0dc hit on id: 891
654932 th address c8a8a53 hit on id: 444
658903 th address c6e7960 hit on id: 683
659009 th address c4388d8 hit on id: 359
IR ORAM executed 660000 inst
660995 th address c2da05c hit on id: 777
664025 th address c8db724 hit on id: 46
665644 th address c85b6fe hit on id: 96
666445 th address c576882 hit on id: 201
669065 th address d1a9dea hit on id: 674
669190 th address c55ba8f hit on id: 605
IR ORAM executed 670000 inst
673025 th address c6f37a3 hit on id: 32
678287 th address c9dbc0a hit on id: 96
678598 th address cae4ad5 hit on id: 121
IR ORAM executed 680000 inst
680279 th address c7e0e72 hit on id: 190
680917 th address ca49aa7 hit on id: 686
682812 th address cd9350c hit on id: 525
689134 th address c74d5bf hit on id: 194
IR ORAM executed 690000 inst
691346 th address c4db73b hit on id: 909
693613 th address c8f1279 hit on id: 137
698885 th address d7399f0 hit on id: 683
699140 th address c66a7c3 hit on id: 613
IR ORAM executed 700000 inst
705420 th address c82813c hit on id: 50
706315 th address c903dc6 hit on id: 176
709047 th address c6eeabb hit on id: 162
IR ORAM executed 710000 inst
710180 th address c8b9d87 hit on id: 580
710183 th address c457e9f hit on id: 890
711236 th address c59f17b hit on id: 394
714978 th address c3c1657 hit on id: 842
717907 th address c71ffc0 hit on id: 754
719121 th address c8bf800 hit on id: 9
719233 th address c4869a0 hit on id: 600
IR ORAM executed 720000 inst
720558 th address c78a58f hit on id: 253
725482 th address c43e00d hit on id: 956
727062 th address c597e1f hit on id: 637
727839 th address c4ecf03 hit on id: 782
IR ORAM executed 730000 inst
730888 th address c82d70e hit on id: 761
732919 th address c4a6f03 hit on id: 369
733182 th address c695313 hit on id: 527
736193 th address c9a5fde hit on id: 208
736857 th address c84646a hit on id: 310
737276 th address c5121d7 hit on id: 374
739755 th address c9e4e9f hit on id: 949
IR ORAM executed 740000 inst
740250 th address c525bf0 hit on id: 710
740680 th address c32217f hit on id: 544
741278 th address c4db8d1 hit on id: 281
745379 th address c61cace hit on id: 604
746221 th address c56becc hit on id: 662
746557 th address c4c4071 hit on id: 752
IR ORAM executed 750000 inst
754451 th address d4c3b89 hit on id: 614
755621 th address c3e8536 hit on id: 741
756062 th address c763e49 hit on id: 7
757303 th address c8bede8 hit on id: 229
759081 th address c4e41c6 hit on id: 438
IR ORAM executed 760000 inst
760277 th address ce37565 hit on id: 633
761064 th address c781daa hit on id: 20
IR ORAM executed 770000 inst
771328 th address c50eca5 hit on id: 418
771746 th address c7ddf41 hit on id: 721
772768 th address c2a5c68 hit on id: 623
772833 th address c6a0b7a hit on id: 1006
773236 th address c576659 hit on id: 577
773748 th address cdded51 hit on id: 886
775310 th address c8cb5b0 hit on id: 50
775918 th address c477b6a hit on id: 1018
777019 th address cf07bdd hit on id: 424
IR ORAM executed 780000 inst
781145 th address cac7401 hit on id: 574
789275 th address c699193 hit on id: 85
IR ORAM executed 790000 inst
790346 th address c5d9520 hit on id: 696
791533 th address c6b7673 hit on id: 494
794191 th address c663a77 hit on id: 340
794246 th address c5643f5 hit on id: 640
797932 th address c78cca0 hit on id: 604
798592 th address c3fb44f hit on id: 831
IR ORAM executed 800000 inst
803403 th address c525534 hit on id: 481
805383 th address c7c7195 hit on id: 254
IR ORAM executed 810000 inst
811629 th address c99adaf hit on id: 475
818249 th address c39dbf9 hit on id: 275
818257 th address c87ef17 hit on id: 981
818423 th address cf96c43 hit on id: 943
819501 th address c4f14d9 hit on id: 183
IR ORAM executed 820000 inst
820094 th address c946fd6 hit on id: 536
820791 th address c4ba5be hit on id: 878
821193 th address c322969 hit on id: 623
823272 th address c415c69 hit on id: 457
IR ORAM executed 830000 inst
831745 th address c5c47ab hit on id: 150
832028 th address cdeb1b4 hit on id: 702
832965 th address c81bd5e hit on id: 58
834952 th address c68c2e9 hit on id: 501
835803 th address c7ea9a2 hit on id: 440
836844 th address c5b2f38 hit on id: 377
IR ORAM executed 840000 inst
840096 th address c7697c1 hit on id: 258
840882 th address c4a25f2 hit on id: 941
843110 th address c6268d8 hit on id: 203
843990 th address caa7955 hit on id: 76
848879 th address c93c7e1 hit on id: 758
849194 th address c6509dc hit on id: 259
849444 th address cf27469 hit on id: 628
IR ORAM executed 850000 inst
850835 th address c5a7257 hit on id: 1003
852212 th address c548a4e hit on id: 845
855014 th address c59bd33 hit on id: 159
856689 th address c40f9fd hit on id: 516
856921 th address c976089 hit on id: 882
857805 th address c4d538c hit on id: 538
IR ORAM executed 860000 inst
865954 th address c629bdd hit on id: 195
865996 th address c58d4fc hit on id: 958
867409 th address c8a4dfd hit on id: 117
868240 th address c755243 hit on id: 280
868433 th address c56b926 hit on id: 328
869273 th address c7bca09 hit on id: 462
IR ORAM executed 870000 inst
872077 th address c67aad1 hit on id: 711
873353 th address c75321d hit on id: 366
876349 th address c781513 hit on id: 123
879200 th address c460251 hit on id: 812
IR ORAM executed 880000 inst
881079 th address cdc386b hit on id: 364
882741 th address c515263 hit on id: 334
882796 th address c9dcda0 hit on id: 65
886856 th address c5dd71f hit on id: 430
889399 th address c7a03d4 hit on id: 296
IR ORAM executed 890000 inst
893106 th address c6c1012 hit on id: 231
899591 th address c346cde hit on id: 751
IR ORAM executed 900000 inst
901130 th address c579111 hit on id: 984
905135 th address c78b405 hit on id: 496
905805 th address c371cf8 hit on id: 828
907254 th address c6c1cff hit on id: 994
908451 th address c3ff9a3 hit on id: 562
IR ORAM executed 910000 inst
911746 th address c7b0557 hit on id: 224
916763 th address c9eddaa hit on id: 196
919775 th address c329b10 hit on id: 635
IR ORAM executed 920000 inst
920553 th address c365fe3 hit on id: 593
925748 th address c69381e hit on id: 625
928755 th address c365704 hit on id: 831
IR ORAM executed 930000 inst
930105 th address c980d25 hit on id: 102
932745 th address cf284ce hit on id: 547
935725 th address c954166 hit on id: 293
IR ORAM executed 940000 inst
943327 th address ca8912a hit on id: 1012
IR ORAM executed 950000 inst
950263 th address c6a6299 hit on id: 716
950344 th address c4fe8ae hit on id: 577
950735 th address c7e6c4b hit on id: 49
950890 th address d290bab hit on id: 361
951822 th address c803e74 hit on id: 330
952798 th address c5edb8d hit on id: 824
952940 th address c647122 hit on id: 393
953839 th address ca83235 hit on id: 297
954313 th address c5a6e53 hit on id: 114
959187 th address c64f2fb hit on id: 184
IR ORAM executed 960000 inst
960375 th address d3beeaa hit on id: 754
962311 th address c8ec596 hit on id: 544
966603 th address c4fe67f hit on id: 509
967106 th address c756da5 hit on id: 930
IR ORAM executed 970000 inst
IR ORAM executed 980000 inst
981316 th address c4dd582 hit on id: 341
984233 th address c9bd373 hit on id: 894
989397 th address c956026 hit on id: 985
989831 th address c88d142 hit on id: 181
IR ORAM executed 990000 inst
990097 th address c88934d hit on id: 691
990549 th address c86f102 hit on id: 179
998071 th address c20725d hit on id: 831
998495 th address c83ecdd hit on id: 52
998646 th address cb3e9b2 hit on id: 326
IR ORAM executed 1000000 inst
The final DRAM clk is: 926760464 ticks.
R/W switch time % is: 71.5432 %
DRAM Frequency is: 1600MHz
The final time in ns is: 5.79225e+08 ns.
reads: 131862456
writes: 131862456
Achieved BW is: 29.1396 GB/s
Ideal BW is: 102.4 GB/s
Metadata cache conclusion: 
overall_hit: 0 overall_total: 0
Cache Size 64 KB Overall Hit rate: -nan %. 
stash Bypassed req: 758 out of 1000000 requests 0.0758 %
Cache Bypassed req: 284 out of 1000000 requests 0.0284 %
Simulation done. Statistics written to results/iroram_graphsearch.txt
