Total number of ORAM protected cache line blocks: 67108864
Max number of levels: 27
Valid leaf ID range: 67108863:134217726
Cached number of levels: 10
Address space: 0 - 4 GB
Address space: 0 - 0.5 GB
Address space: 0 - 0.0625 GB
IR ORAM executed 10000 inst
IR ORAM executed 20000 inst
IR ORAM executed 30000 inst
IR ORAM executed 40000 inst
IR ORAM executed 50000 inst
IR ORAM executed 60000 inst
IR ORAM executed 70000 inst
IR ORAM executed 80000 inst
IR ORAM executed 90000 inst
IR ORAM executed 100000 inst
IR ORAM executed 110000 inst
IR ORAM executed 120000 inst
IR ORAM executed 130000 inst
IR ORAM executed 140000 inst
146582 th address 4858d6 hit on id: 543
IR ORAM executed 150000 inst
IR ORAM executed 160000 inst
162262 th address 502de6 hit on id: 250
IR ORAM executed 170000 inst
177248 th address 463c23 hit on id: 324
IR ORAM executed 180000 inst
IR ORAM executed 190000 inst
IR ORAM executed 200000 inst
208748 th address 306543 hit on id: 633
IR ORAM executed 210000 inst
IR ORAM executed 220000 inst
IR ORAM executed 230000 inst
231642 th address 4f77c7 hit on id: 185
232999 th address 306c2a hit on id: 983
234746 th address 31d3f2 hit on id: 864
IR ORAM executed 240000 inst
IR ORAM executed 250000 inst
250471 th address 4384ee hit on id: 117
254619 th address 2eb599 hit on id: 908
IR ORAM executed 260000 inst
269481 th address 536c08 hit on id: 675
IR ORAM executed 270000 inst
IR ORAM executed 280000 inst
281169 th address 3d3104 hit on id: 613
IR ORAM executed 290000 inst
IR ORAM executed 300000 inst
301717 th address 49bb86 hit on id: 10
302138 th address 42d4b8 hit on id: 45
307421 th address 360974 hit on id: 924
IR ORAM executed 310000 inst
314959 th address 31ecea hit on id: 877
IR ORAM executed 320000 inst
IR ORAM executed 330000 inst
332508 th address 396a47 hit on id: 713
336894 th address 49f3a2 hit on id: 804
IR ORAM executed 340000 inst
IR ORAM executed 350000 inst
350916 th address 547025 hit on id: 463
358066 th address 4acebc hit on id: 16
358201 th address 2fd4c8 hit on id: 580
IR ORAM executed 360000 inst
363237 th address 4cac09 hit on id: 298
367136 th address 33941c hit on id: 940
IR ORAM executed 370000 inst
375347 th address 46b235 hit on id: 40
IR ORAM executed 380000 inst
382333 th address 42ee68 hit on id: 300
382654 th address 5348ac hit on id: 979
383818 th address 2fbe95 hit on id: 790
387204 th address 4a96a2 hit on id: 464
389964 th address 4a9cff hit on id: 321
IR ORAM executed 390000 inst
IR ORAM executed 400000 inst
IR ORAM executed 410000 inst
411492 th address 4939a4 hit on id: 493
411625 th address 383d7c hit on id: 630
419800 th address 2d9b44 hit on id: 871
IR ORAM executed 420000 inst
421581 th address 3e133f hit on id: 236
423927 th address 3351ea hit on id: 626
429078 th address 3e6fd5 hit on id: 931
IR ORAM executed 430000 inst
435833 th address 362b8d hit on id: 849
IR ORAM executed 440000 inst
440302 th address 2e8dcc hit on id: 683
441830 th address 303b4d hit on id: 925
444990 th address 2daf5c hit on id: 871
448789 th address 518cc9 hit on id: 461
IR ORAM executed 450000 inst
458866 th address 2ebbf5 hit on id: 516
458975 th address 2fcaaf hit on id: 498
IR ORAM executed 460000 inst
464521 th address 4a14d3 hit on id: 177
466976 th address 4aef03 hit on id: 33
IR ORAM executed 470000 inst
471384 th address 3e1019 hit on id: 745
IR ORAM executed 480000 inst
481976 th address 4945ae hit on id: 289
482529 th address 300b1e hit on id: 281
IR ORAM executed 490000 inst
493238 th address 41c6e8 hit on id: 376
496852 th address 308cd2 hit on id: 906
IR ORAM executed 500000 inst
IR ORAM executed 510000 inst
510229 th address 2cce0a hit on id: 997
512394 th address 4676cf hit on id: 818
512798 th address 4712f3 hit on id: 236
IR ORAM executed 520000 inst
520580 th address 517a78 hit on id: 985
524232 th address 437cda hit on id: 654
IR ORAM executed 530000 inst
530429 th address 2e64f2 hit on id: 637
IR ORAM executed 540000 inst
IR ORAM executed 550000 inst
555957 th address 40d45f hit on id: 539
IR ORAM executed 560000 inst
IR ORAM executed 570000 inst
571004 th address 45dd66 hit on id: 4
575867 th address 3036fd hit on id: 516
IR ORAM executed 580000 inst
580958 th address 3ac827 hit on id: 1007
582694 th address 29b70b hit on id: 786
IR ORAM executed 590000 inst
597393 th address 499285 hit on id: 653
598386 th address 2ec1ef hit on id: 1001
IR ORAM executed 600000 inst
600959 th address 2e9e45 hit on id: 855
605017 th address 485b51 hit on id: 63
606778 th address 33bff4 hit on id: 529
IR ORAM executed 610000 inst
IR ORAM executed 620000 inst
626153 th address 4ca024 hit on id: 185
629520 th address 4f190f hit on id: 888
IR ORAM executed 630000 inst
IR ORAM executed 640000 inst
644241 th address 2e2ee2 hit on id: 912
646254 th address 42eeea hit on id: 60
IR ORAM executed 650000 inst
655938 th address 4a21ad hit on id: 412
IR ORAM executed 660000 inst
662135 th address 4167f0 hit on id: 339
IR ORAM executed 670000 inst
674159 th address 4d393d hit on id: 246
678879 th address 3086dc hit on id: 1018
IR ORAM executed 680000 inst
IR ORAM executed 690000 inst
691119 th address 35e597 hit on id: 991
692032 th address 4962a4 hit on id: 203
IR ORAM executed 700000 inst
702520 th address 4b645d hit on id: 232
705264 th address 3096b7 hit on id: 281
IR ORAM executed 710000 inst
712394 th address 2ff987 hit on id: 674
712407 th address 47bee7 hit on id: 632
IR ORAM executed 720000 inst
IR ORAM executed 730000 inst
735360 th address 42dd09 hit on id: 24
738408 th address 485406 hit on id: 502
IR ORAM executed 740000 inst
IR ORAM executed 750000 inst
756777 th address 4e1ba6 hit on id: 492
IR ORAM executed 760000 inst
762721 th address 387aa0 hit on id: 269
764656 th address 32363e hit on id: 577
IR ORAM executed 770000 inst
IR ORAM executed 780000 inst
781775 th address 48f873 hit on id: 458
785778 th address 4d817e hit on id: 203
786695 th address 38a931 hit on id: 869
IR ORAM executed 790000 inst
792762 th address 2eaa9f hit on id: 771
793267 th address 41e191 hit on id: 400
794191 th address 3fe7a6 hit on id: 222
795073 th address 2fee9f hit on id: 861
795527 th address 47aa23 hit on id: 508
799636 th address 2ff2b6 hit on id: 528
IR ORAM executed 800000 inst
805317 th address 3405b8 hit on id: 752
806184 th address 3b01f4 hit on id: 474
IR ORAM executed 810000 inst
811318 th address 3ae411 hit on id: 19
812104 th address 3033ff hit on id: 847
818899 th address 30960c hit on id: 528
IR ORAM executed 820000 inst
823615 th address 30480c hit on id: 709
828191 th address 2fba6b hit on id: 552
IR ORAM executed 830000 inst
836339 th address 303df9 hit on id: 778
839558 th address 43acd1 hit on id: 683
IR ORAM executed 840000 inst
IR ORAM executed 850000 inst
852879 th address 3f9757 hit on id: 251
855982 th address 4703af hit on id: 735
IR ORAM executed 860000 inst
860334 th address 40b68b hit on id: 402
863725 th address 3b0350 hit on id: 956
IR ORAM executed 870000 inst
878052 th address 3aa2d1 hit on id: 438
IR ORAM executed 880000 inst
IR ORAM executed 890000 inst
IR ORAM executed 900000 inst
IR ORAM executed 910000 inst
910459 th address 4167fd hit on id: 229
913773 th address 488c70 hit on id: 82
917676 th address 308b09 hit on id: 597
IR ORAM executed 920000 inst
927386 th address 42e764 hit on id: 288
IR ORAM executed 930000 inst
IR ORAM executed 940000 inst
942859 th address 29b208 hit on id: 1018
944002 th address 3044ed hit on id: 625
948832 th address 303476 hit on id: 264
IR ORAM executed 950000 inst
IR ORAM executed 960000 inst
IR ORAM executed 970000 inst
970706 th address 2fa653 hit on id: 828
972800 th address 302eb3 hit on id: 270
IR ORAM executed 980000 inst
986883 th address 2fe5fa hit on id: 541
IR ORAM executed 990000 inst
990204 th address 4029c9 hit on id: 370
994977 th address 488d6c hit on id: 52
IR ORAM executed 1000000 inst
The final DRAM clk is: 927766533 ticks.
R/W switch time % is: 71.5528 %
DRAM Frequency is: 1600MHz
The final time in ns is: 5.79854e+08 ns.
reads: 131961456
writes: 131961456
Achieved BW is: 29.1299 GB/s
Ideal BW is: 102.4 GB/s
Metadata cache conclusion: 
overall_hit: 0 overall_total: 0
Cache Size 64 KB Overall Hit rate: -nan %. 
stash Bypassed req: 174 out of 1000000 requests 0.0174 %
Cache Bypassed req: 118 out of 1000000 requests 0.0118 %
Simulation done. Statistics written to results/iroram_redis.txt
