Total number of ORAM protected cache line blocks: 67108864
Max number of levels: 27
Valid leaf ID range: 67108863:134217726
Cached number of levels: 10
Address space: 0 - 4 GB
Address space: 0 - 0.5 GB
Address space: 0 - 0.0625 GB
IR ORAM executed 10000 inst
IR ORAM executed 20000 inst
IR ORAM executed 30000 inst
IR ORAM executed 40000 inst
IR ORAM executed 50000 inst
IR ORAM executed 60000 inst
IR ORAM executed 70000 inst
IR ORAM executed 80000 inst
IR ORAM executed 90000 inst
IR ORAM executed 100000 inst
IR ORAM executed 110000 inst
IR ORAM executed 120000 inst
121675 th address 8f172 hit on id: 371
IR ORAM executed 130000 inst
136251 th address 6cafc hit on id: 60
136259 th address 7d2de hit on id: 458
137035 th address 8056c hit on id: 220
IR ORAM executed 140000 inst
142591 th address 43394 hit on id: 714
143979 th address 55972 hit on id: 511
144080 th address 7823d hit on id: 235
145112 th address 7a113 hit on id: 725
IR ORAM executed 150000 inst
159170 th address 65005 hit on id: 215
159773 th address 654d6 hit on id: 19
IR ORAM executed 160000 inst
162312 th address 62ce7 hit on id: 343
162502 th address 5e5bf hit on id: 494
IR ORAM executed 170000 inst
170522 th address 60e21 hit on id: 555
172633 th address 5f22c hit on id: 531
174728 th address 53b45 hit on id: 222
175008 th address 6613b hit on id: 68
177829 th address 51bc2 hit on id: 628
177837 th address 5b0b6 hit on id: 392
IR ORAM executed 180000 inst
180031 th address 6030c hit on id: 986
181840 th address 3e89f hit on id: 894
182212 th address 7410f hit on id: 371
183384 th address 59301 hit on id: 309
183685 th address 692fc hit on id: 189
185249 th address 4438a hit on id: 704
186058 th address 661bb hit on id: 356
187350 th address 526d9 hit on id: 588
188144 th address 65bc1 hit on id: 58
IR ORAM executed 190000 inst
191418 th address 474e9 hit on id: 1001
191454 th address 5ec87 hit on id: 399
192764 th address 46ff3 hit on id: 634
197095 th address 576d2 hit on id: 1003
IR ORAM executed 200000 inst
200414 th address 5d8f9 hit on id: 529
200424 th address 61f9d hit on id: 320
200426 th address 64701 hit on id: 803
200438 th address 6e587 hit on id: 333
202138 th address 46681 hit on id: 48
204754 th address 5e509 hit on id: 150
204774 th address 6e0d1 hit on id: 379
206150 th address 5b4c7 hit on id: 451
206156 th address 620d9 hit on id: 302
207994 th address 61a3b hit on id: 233
208592 th address 41a87 hit on id: 322
208602 th address 47fad hit on id: 999
IR ORAM executed 210000 inst
211231 th address 676f8 hit on id: 54
211932 th address 67673 hit on id: 930
214008 th address 636cb hit on id: 57
216805 th address 62f3a hit on id: 243
217449 th address 2df36 hit on id: 798
218157 th address 62c4a hit on id: 905
218160 th address 62d4b hit on id: 69
218421 th address 5a362 hit on id: 59
IR ORAM executed 220000 inst
223355 th address 620e8 hit on id: 419
224644 th address 56d47 hit on id: 432
224646 th address 59757 hit on id: 622
226052 th address 46ee1 hit on id: 360
226056 th address 51b0b hit on id: 422
226473 th address 4f51c hit on id: 22
227546 th address 4e851 hit on id: 637
228547 th address 46922 hit on id: 353
229068 th address 6ce27 hit on id: 417
229874 th address 392d5 hit on id: 689
IR ORAM executed 230000 inst
231689 th address 5cb94 hit on id: 254
IR ORAM executed 240000 inst
240213 th address 568ba hit on id: 68
240416 th address 5cee5 hit on id: 985
242254 th address 6cfb3 hit on id: 333
243673 th address 592be hit on id: 231
244313 th address 55e12 hit on id: 175
244412 th address 79317 hit on id: 861
246965 th address 41e06 hit on id: 761
247018 th address 4fda3 hit on id: 629
248109 th address 6be38 hit on id: 163
IR ORAM executed 250000 inst
250059 th address 3fc40 hit on id: 98
250390 th address 41317 hit on id: 353
250688 th address 359d7 hit on id: 398
250735 th address 6aa70 hit on id: 701
252322 th address 482a3 hit on id: 371
253996 th address 4a867 hit on id: 297
254128 th address 7ddd3 hit on id: 774
254841 th address 5dc46 hit on id: 666
255720 th address 68daf hit on id: 352
256654 th address 3fd91 hit on id: 331
256682 th address 4b1af hit on id: 999
256740 th address 68537 hit on id: 967
257879 th address 4c198 hit on id: 583
IR ORAM executed 260000 inst
263705 th address 5dbe6 hit on id: 9
264168 th address 4f047 hit on id: 471
264181 th address 617ae hit on id: 251
264184 th address 6217f hit on id: 505
265384 th address 5ec2f hit on id: 937
IR ORAM executed 270000 inst
271010 th address 5538b hit on id: 272
272228 th address 4fdc7 hit on id: 677
273873 th address 6ccb4 hit on id: 491
275662 th address 4e031 hit on id: 335
275802 th address 63c93 hit on id: 108
276506 th address 1edeb hit on id: 789
278365 th address 57012 hit on id: 174
278380 th address 626d7 hit on id: 186
278520 th address 58aa7 hit on id: 777
279895 th address 5847e hit on id: 931
IR ORAM executed 280000 inst
280568 th address 53599 hit on id: 380
280624 th address 75591 hit on id: 403
280819 th address 42cfc hit on id: 456
284358 th address 2defb hit on id: 707
285674 th address 36f8b hit on id: 261
285861 th address 4438a hit on id: 175
286427 th address 4dad8 hit on id: 599
IR ORAM executed 290000 inst
291031 th address 65610 hit on id: 247
291403 th address 51a98 hit on id: 338
292044 th address 5b273 hit on id: 17
293025 th address 7d350 hit on id: 814
293205 th address 51172 hit on id: 785
294176 th address 5d4dd hit on id: 454
295486 th address 6d475 hit on id: 306
296164 th address 40489 hit on id: 351
297186 th address 6eecf hit on id: 173
297503 th address 4d2f6 hit on id: 964
298593 th address 6ca56 hit on id: 241
IR ORAM executed 300000 inst
300037 th address 5f242 hit on id: 227
301160 th address 4ac1d hit on id: 721
301190 th address 55013 hit on id: 947
302543 th address 5c4f2 hit on id: 350
302852 th address 4a7a5 hit on id: 457
307341 th address 65276 hit on id: 46
307870 th address 4e847 hit on id: 599
308057 th address 777d8 hit on id: 395
309429 th address 5d406 hit on id: 2
309670 th address 57cb5 hit on id: 37
IR ORAM executed 310000 inst
310631 th address 60102 hit on id: 11
311186 th address 54dbb hit on id: 779
318265 th address 4f65e hit on id: 267
318997 th address 64626 hit on id: 310
319161 th address 71736 hit on id: 541
319344 th address 4fb83 hit on id: 20
IR ORAM executed 320000 inst
320957 th address 44860 hit on id: 228
321183 th address 3dc0c hit on id: 765
322154 th address 5aedd hit on id: 269
322773 th address 63f38 hit on id: 336
323478 th address 4ea69 hit on id: 324
323500 th address 5b0a7 hit on id: 677
323781 th address 4705e hit on id: 544
323789 th address 4c0e8 hit on id: 16
324084 th address 6187d hit on id: 456
325079 th address 5ad52 hit on id: 110
325095 th address 619a6 hit on id: 570
325968 th address 467f1 hit on id: 610
326511 th address 3f59e hit on id: 699
326782 th address 4ebf7 hit on id: 163
326798 th address 5c087 hit on id: 183
328252 th address 51157 hit on id: 596
328293 th address 6ac90 hit on id: 790
329558 th address 494ff hit on id: 963
IR ORAM executed 330000 inst
330099 th address 53b44 hit on id: 59
331944 th address 530ef hit on id: 542
333226 th address 4871d hit on id: 1015
333567 th address 5753a hit on id: 91
334119 th address 45a98 hit on id: 1016
334121 th address 46724 hit on id: 1007
334153 th address 51aac hit on id: 614
336357 th address 302ba hit on id: 393
339567 th address 5b980 hit on id: 11
339569 th address 5d592 hit on id: 41
IR ORAM executed 340000 inst
340360 th address 57373 hit on id: 370
343115 th address 43ec0 hit on id: 244
343791 th address 56abe hit on id: 584
345823 th address 55184 hit on id: 972
346036 th address 3b943 hit on id: 617
348075 th address 4004e hit on id: 798
348583 th address 4595c hit on id: 802
IR ORAM executed 350000 inst
350130 th address 542b9 hit on id: 66
350989 th address 6b4ac hit on id: 650
351413 th address 4cbec hit on id: 229
351611 th address 3a08c hit on id: 793
351828 th address 586e3 hit on id: 38
352291 th address 39fb4 hit on id: 988
352317 th address 5e13a hit on id: 802
352564 th address 57c8d hit on id: 729
353469 th address 53f1a hit on id: 434
353871 th address 386d2 hit on id: 664
354043 th address 6a004 hit on id: 784
354738 th address 44875 hit on id: 1008
356499 th address 6b4de hit on id: 372
357120 th address 42269 hit on id: 655
357871 th address 52876 hit on id: 200
357879 th address 5448e hit on id: 443
359361 th address 51d84 hit on id: 451
IR ORAM executed 360000 inst
360347 th address 6d1ea hit on id: 414
360635 th address 58e2e hit on id: 477
361150 th address 57be9 hit on id: 801
362138 th address 4fb73 hit on id: 690
362228 th address 73e91 hit on id: 466
363460 th address 32977 hit on id: 686
365017 th address 42f8e hit on id: 811
365021 th address 443fc hit on id: 1018
365067 th address 53708 hit on id: 93
366713 th address 2e7b4 hit on id: 681
367554 th address 3a0b3 hit on id: 777
367565 th address 3f562 hit on id: 844
367614 th address 59ec9 hit on id: 93
367623 th address 62fea hit on id: 801
367631 th address 67c3e hit on id: 799
367972 th address 55b6f hit on id: 188
368219 th address 5b3be hit on id: 41
368493 th address 5485e hit on id: 75
369096 th address 684f3 hit on id: 474
369296 th address 61a5f hit on id: 264
369810 th address 724c7 hit on id: 290
IR ORAM executed 370000 inst
370068 th address 6405b hit on id: 398
370959 th address 43e5a hit on id: 340
371232 th address 55355 hit on id: 630
373809 th address 4dee2 hit on id: 483
373824 th address 58e1b hit on id: 316
375682 th address 59329 hit on id: 243
375778 th address 604f1 hit on id: 83
377715 th address 5d92e hit on id: 341
377877 th address 64d5c hit on id: 39
378185 th address 5c572 hit on id: 752
IR ORAM executed 380000 inst
380884 th address 4dee7 hit on id: 562
380942 th address 6b1f7 hit on id: 697
381435 th address 551ea hit on id: 766
381477 th address 7118e hit on id: 651
381985 th address 6249e hit on id: 776
383374 th address 4b0a9 hit on id: 81
384634 th address 2e68d hit on id: 955
384669 th address 5782c hit on id: 399
385805 th address 576da hit on id: 47
386676 th address 4664f hit on id: 120
386687 th address 59664 hit on id: 425
386918 th address 4eb91 hit on id: 621
387628 th address 4fa11 hit on id: 470
387662 th address 62e6f hit on id: 68
IR ORAM executed 390000 inst
390960 th address 64c8b hit on id: 625
391182 th address 41049 hit on id: 642
391202 th address 4da81 hit on id: 279
391854 th address 3fb95 hit on id: 904
391927 th address 5e4e4 hit on id: 467
392517 th address 53514 hit on id: 285
392526 th address 5761f hit on id: 612
393967 th address 60a12 hit on id: 569
394050 th address 51ce9 hit on id: 439
394238 th address 4e923 hit on id: 177
394569 th address 6ba16 hit on id: 475
395141 th address 5b3a8 hit on id: 797
395296 th address 425a9 hit on id: 586
395313 th address 58b72 hit on id: 524
395323 th address 650b0 hit on id: 747
395330 th address 6ccff hit on id: 635
396964 th address 5cf4b hit on id: 221
397311 th address 3ea50 hit on id: 703
397800 th address 53bd5 hit on id: 656
397816 th address 7495b hit on id: 550
IR ORAM executed 400000 inst
402336 th address 6c0d5 hit on id: 729
402870 th address 4d66f hit on id: 887
407124 th address 587cf hit on id: 468
407445 th address 5934e hit on id: 488
407446 th address 5934f hit on id: 282
408191 th address 416d0 hit on id: 274
408196 th address 4b74d hit on id: 403
408197 th address 4c676 hit on id: 183
408206 th address 544c1 hit on id: 819
408207 th address 55ef6 hit on id: 614
409380 th address 4e945 hit on id: 42
409649 th address 52324 hit on id: 870
409669 th address 5923a hit on id: 74
IR ORAM executed 410000 inst
410022 th address 603e7 hit on id: 444
410603 th address 59f1c hit on id: 109
411371 th address 47304 hit on id: 620
411689 th address 5e6e2 hit on id: 360
413483 th address 61c00 hit on id: 26
415078 th address 4c3c9 hit on id: 836
415474 th address 3c007 hit on id: 871
415492 th address 51a6d hit on id: 1013
416655 th address 4ce48 hit on id: 277
416672 th address 59917 hit on id: 497
417470 th address 50a79 hit on id: 325
417625 th address 44886 hit on id: 247
419592 th address 65fa7 hit on id: 150
IR ORAM executed 420000 inst
421792 th address 52d95 hit on id: 605
421809 th address 5a94c hit on id: 832
422362 th address 305a1 hit on id: 390
422962 th address 34893 hit on id: 519
422983 th address 3f6f4 hit on id: 951
423607 th address 6b704 hit on id: 958
424546 th address 594c5 hit on id: 465
425112 th address 5bf97 hit on id: 465
425843 th address 4ed38 hit on id: 504
427651 th address 2fcc8 hit on id: 707
427694 th address 61d53 hit on id: 1012
428852 th address 44a5b hit on id: 721
428868 th address 544e9 hit on id: 302
IR ORAM executed 430000 inst
430344 th address 39c43 hit on id: 731
430634 th address 49539 hit on id: 298
430849 th address 5ff72 hit on id: 256
431707 th address 5c59e hit on id: 753
432754 th address 42425 hit on id: 318
433349 th address 2c280 hit on id: 882
433724 th address 42f13 hit on id: 543
433732 th address 56e91 hit on id: 113
433753 th address 697f4 hit on id: 334
435639 th address 470b8 hit on id: 880
436122 th address 39c2b hit on id: 683
437020 th address 5022f hit on id: 30
439856 th address 40e81 hit on id: 330
IR ORAM executed 440000 inst
440221 th address 4b238 hit on id: 143
441111 th address 5405e hit on id: 61
443593 th address 35d24 hit on id: 633
443625 th address 5096c hit on id: 1014
445430 th address 4f19f hit on id: 810
446059 th address 445f8 hit on id: 421
446210 th address 494c3 hit on id: 932
446217 th address 58a88 hit on id: 596
446981 th address 5d6e0 hit on id: 287
IR ORAM executed 450000 inst
450506 th address 3f959 hit on id: 349
450526 th address 5db31 hit on id: 407
450631 th address 46d6e hit on id: 44
451492 th address 35711 hit on id: 787
451540 th address 42b83 hit on id: 298
451567 th address 4991e hit on id: 867
451607 th address 5588c hit on id: 152
451668 th address 65aff hit on id: 477
453250 th address 559d1 hit on id: 498
453360 th address 45e05 hit on id: 576
453851 th address 57b30 hit on id: 497
454457 th address 3f016 hit on id: 454
454542 th address 612cf hit on id: 261
456655 th address 2bac8 hit on id: 974
458312 th address 55d49 hit on id: 509
IR ORAM executed 460000 inst
462035 th address 39b1c hit on id: 769
462088 th address 4d8df hit on id: 579
463596 th address 4851d hit on id: 307
466559 th address 2ff5e hit on id: 869
466579 th address 4e266 hit on id: 378
466581 th address 4f7ea hit on id: 262
467787 th address 4b2ae hit on id: 290
469269 th address 50834 hit on id: 1
469821 th address 4dc32 hit on id: 409
IR ORAM executed 470000 inst
470509 th address 58eb4 hit on id: 975
471239 th address 69930 hit on id: 748
472847 th address 56f4e hit on id: 265
472854 th address 58d07 hit on id: 843
472885 th address 68eb2 hit on id: 489
473930 th address 44c9d hit on id: 659
473941 th address 4e302 hit on id: 958
474528 th address 53f05 hit on id: 455
474548 th address 672c3 hit on id: 115
474937 th address 3c92c hit on id: 520
475249 th address 57812 hit on id: 9
475257 th address 5d0fe hit on id: 318
475260 th address 5d37d hit on id: 65
476610 th address 51811 hit on id: 509
476890 th address 65699 hit on id: 84
478026 th address 4ca99 hit on id: 933
478053 th address 598ba hit on id: 64
479333 th address 60f1e hit on id: 96
479940 th address 3d0ef hit on id: 589
IR ORAM executed 480000 inst
481235 th address 4bd24 hit on id: 206
481267 th address 56cc8 hit on id: 460
481633 th address 5a050 hit on id: 530
482681 th address 722e6 hit on id: 379
483792 th address 502bd hit on id: 955
485276 th address 59195 hit on id: 6
486344 th address 5711f hit on id: 111
488452 th address 4bad5 hit on id: 192
488461 th address 57c26 hit on id: 299
488864 th address 50bb3 hit on id: 130
488878 th address 5b265 hit on id: 598
489542 th address 5847f hit on id: 16
489565 th address 63282 hit on id: 849
IR ORAM executed 490000 inst
492833 th address 480e0 hit on id: 288
492983 th address 24f88 hit on id: 511
495604 th address 4fae7 hit on id: 46
495656 th address 6fb57 hit on id: 668
496476 th address 3dd47 hit on id: 415
497499 th address 40dc6 hit on id: 841
499278 th address 324e5 hit on id: 949
499299 th address 54172 hit on id: 498
499309 th address 6036a hit on id: 282
499619 th address 2b60e hit on id: 909
499640 th address 371d3 hit on id: 728
499653 th address 3e1e4 hit on id: 816
499696 th address 60313 hit on id: 71
499728 th address 6fc8b hit on id: 605
IR ORAM executed 500000 inst
500490 th address 65a2b hit on id: 661
500928 th address 7c463 hit on id: 364
503460 th address 3bb0f hit on id: 403
503461 th address 3bd12 hit on id: 720
503989 th address 372f6 hit on id: 564
504624 th address 4e229 hit on id: 534
504643 th address 58d8e hit on id: 373
507490 th address 64d91 hit on id: 73
508392 th address 3a479 hit on id: 393
508440 th address 630c7 hit on id: 734
IR ORAM executed 510000 inst
510227 th address 584ec hit on id: 411
510551 th address 44450 hit on id: 994
513450 th address 53acb hit on id: 264
514146 th address 39f27 hit on id: 365
517015 th address 4c0da hit on id: 470
IR ORAM executed 520000 inst
520403 th address 63c3c hit on id: 319
520543 th address 4ca2e hit on id: 544
523644 th address 2f8c9 hit on id: 844
523723 th address 76612 hit on id: 558
524049 th address 42b02 hit on id: 938
524626 th address 5800f hit on id: 6
524897 th address 4977e hit on id: 412
525525 th address 5448e hit on id: 443
527742 th address 48107 hit on id: 317
IR ORAM executed 530000 inst
530389 th address 3f15c hit on id: 316
530428 th address 5129d hit on id: 787
532729 th address 4d9a0 hit on id: 216
533339 th address 527d2 hit on id: 4
534205 th address 4dc62 hit on id: 585
535990 th address 4c3e9 hit on id: 489
536428 th address 48c1b hit on id: 600
536452 th address 593bd hit on id: 565
537304 th address 5da4d hit on id: 692
537541 th address 4d358 hit on id: 372
537825 th address 1823c hit on id: 778
537881 th address 58a02 hit on id: 563
538007 th address 3a106 hit on id: 862
538271 th address 2b16a hit on id: 573
538862 th address 57555 hit on id: 20
IR ORAM executed 540000 inst
540068 th address 3eb9d hit on id: 489
540443 th address 43718 hit on id: 153
540444 th address 43719 hit on id: 849
540936 th address 45683 hit on id: 385
542010 th address 50e7f hit on id: 32
542540 th address 42ad3 hit on id: 147
542842 th address 645fb hit on id: 174
543074 th address 3ce49 hit on id: 863
543127 th address 54454 hit on id: 608
545246 th address 5e1d3 hit on id: 973
545410 th address 4d34d hit on id: 242
546580 th address 3b547 hit on id: 939
546993 th address 5665e hit on id: 445
547501 th address 5ddaa hit on id: 992
547844 th address 5f1ad hit on id: 230
548940 th address 4b439 hit on id: 681
549346 th address 4fec7 hit on id: 674
549514 th address 52175 hit on id: 333
549849 th address 415a6 hit on id: 431
549868 th address 59665 hit on id: 337
IR ORAM executed 550000 inst
550405 th address 5c440 hit on id: 804
550414 th address 600c3 hit on id: 455
551959 th address 5ec54 hit on id: 428
552655 th address 451aa hit on id: 289
552658 th address 58e0f hit on id: 932
553511 th address 518cc hit on id: 333
553763 th address 53c1c hit on id: 657
554340 th address 4d77f hit on id: 516
558115 th address 549de hit on id: 236
IR ORAM executed 560000 inst
560900 th address 57815 hit on id: 20
562290 th address 4194d hit on id: 851
562659 th address 39234 hit on id: 555
563778 th address 5a335 hit on id: 503
564529 th address 44f2e hit on id: 844
564938 th address 40347 hit on id: 524
564958 th address 51395 hit on id: 41
564976 th address 59ad3 hit on id: 903
565171 th address 5cb44 hit on id: 145
568085 th address 63022 hit on id: 35
568621 th address 6a074 hit on id: 866
568787 th address 4ce96 hit on id: 547
569500 th address 567df hit on id: 969
IR ORAM executed 570000 inst
570064 th address 43837 hit on id: 870
570693 th address 43ec2 hit on id: 198
570739 th address 54c4a hit on id: 140
570760 th address 5a113 hit on id: 554
570773 th address 626d6 hit on id: 407
571477 th address 44886 hit on id: 495
571812 th address 568b5 hit on id: 240
573641 th address 54728 hit on id: 814
574019 th address 42244 hit on id: 635
575583 th address 4f0a8 hit on id: 266
577479 th address 47c8c hit on id: 720
577510 th address 5531b hit on id: 419
578145 th address 2a624 hit on id: 634
578402 th address 595f7 hit on id: 358
578976 th address 54483 hit on id: 219
579176 th address 406f9 hit on id: 307
579186 th address 42f4b hit on id: 1008
579196 th address 5282b hit on id: 85
IR ORAM executed 580000 inst
580353 th address 585c2 hit on id: 933
580790 th address 3bf83 hit on id: 677
581337 th address 483a4 hit on id: 471
582651 th address 27da0 hit on id: 568
582849 th address 6941c hit on id: 891
583750 th address 52589 hit on id: 37
583778 th address 78417 hit on id: 648
584512 th address 594f1 hit on id: 929
585852 th address 68459 hit on id: 698
586421 th address 537d2 hit on id: 79
588140 th address 3ecc7 hit on id: 321
588165 th address 4db6c hit on id: 503
588184 th address 5da5b hit on id: 222
588840 th address 50d6b hit on id: 18
589624 th address 4a6f3 hit on id: 462
589758 th address 3c1a3 hit on id: 585
IR ORAM executed 590000 inst
591283 th address 4fb7e hit on id: 53
591542 th address 44203 hit on id: 973
591568 th address 5d4d1 hit on id: 435
591794 th address 3dd9f hit on id: 587
591994 th address 427dd hit on id: 341
592013 th address 6e0d2 hit on id: 226
592134 th address 4d199 hit on id: 309
592623 th address 61eb2 hit on id: 517
592870 th address 632eb hit on id: 128
593121 th address 54af0 hit on id: 352
593597 th address 52b16 hit on id: 16
594249 th address 62388 hit on id: 454
594605 th address 567b4 hit on id: 227
594898 th address 4bf05 hit on id: 107
594912 th address 4f0e3 hit on id: 547
594931 th address 57a4c hit on id: 169
595452 th address 5360f hit on id: 324
596024 th address 5d1cd hit on id: 184
596026 th address 62a9f hit on id: 826
596874 th address 5327d hit on id: 642
599487 th address 3675c hit on id: 950
599946 th address 5c27d hit on id: 344
IR ORAM executed 600000 inst
600473 th address 2e704 hit on id: 331
604037 th address 5328a hit on id: 837
604171 th address 4d37a hit on id: 509
604819 th address 54c02 hit on id: 15
605793 th address 3b624 hit on id: 935
605802 th address 50263 hit on id: 999
606238 th address 3bad5 hit on id: 821
606313 th address 66354 hit on id: 510
608922 th address 6178b hit on id: 633
IR ORAM executed 610000 inst
610828 th address 42767 hit on id: 304
613684 th address 4fa11 hit on id: 470
614266 th address 5773f hit on id: 74
614267 th address 5bc46 hit on id: 468
614755 th address 3aa18 hit on id: 341
614789 th address 49f8c hit on id: 982
614842 th address 6550b hit on id: 174
616800 th address 3c5d7 hit on id: 826
616827 th address 54544 hit on id: 799
617076 th address 52621 hit on id: 119
617084 th address 6397f hit on id: 271
617085 th address 64eae hit on id: 405
617251 th address 61c5c hit on id: 94
619362 th address 6c925 hit on id: 524
619717 th address 309b8 hit on id: 522
IR ORAM executed 620000 inst
620300 th address 482bf hit on id: 193
620303 th address 4ccf2 hit on id: 486
620358 th address 6e657 hit on id: 182
623643 th address 44016 hit on id: 403
623659 th address 5209c hit on id: 656
623683 th address 6aca0 hit on id: 574
623793 th address 56d0e hit on id: 180
624247 th address 4bec4 hit on id: 374
624328 th address 425b7 hit on id: 78
624331 th address 4be80 hit on id: 76
625601 th address 5ccc6 hit on id: 56
627618 th address 5f35d hit on id: 106
627700 th address 5d793 hit on id: 482
627841 th address 4af8c hit on id: 310
628242 th address 5c757 hit on id: 100
628798 th address 620dd hit on id: 869
629010 th address 387c7 hit on id: 485
629048 th address 3ae1f hit on id: 527
629139 th address 4ea74 hit on id: 139
IR ORAM executed 630000 inst
630628 th address 4e4f1 hit on id: 441
633770 th address 5b905 hit on id: 427
634297 th address 54792 hit on id: 470
636021 th address 4b17a hit on id: 720
636075 th address 6075a hit on id: 241
IR ORAM executed 640000 inst
640207 th address 29ff4 hit on id: 733
640239 th address 5ae5e hit on id: 202
640247 th address 636a4 hit on id: 502
640627 th address 3b3cc hit on id: 267
640967 th address 435be hit on id: 1004
642379 th address 5a510 hit on id: 596
642555 th address 51498 hit on id: 116
643367 th address 3cc5e hit on id: 653
644447 th address 4ab58 hit on id: 639
645240 th address 530ef hit on id: 7
645295 th address 642e6 hit on id: 894
645909 th address 36036 hit on id: 161
645943 th address 506a2 hit on id: 960
645967 th address 66344 hit on id: 963
646446 th address 59879 hit on id: 22
646684 th address 512e9 hit on id: 285
646698 th address 63e39 hit on id: 421
647108 th address 55513 hit on id: 938
647781 th address 6ea88 hit on id: 226
648810 th address 43f93 hit on id: 540
649573 th address 60242 hit on id: 383
IR ORAM executed 650000 inst
651399 th address 45a82 hit on id: 970
651951 th address 57fc0 hit on id: 27
653127 th address 67d50 hit on id: 360
656643 th address 420ce hit on id: 797
656673 th address 711a6 hit on id: 1005
657210 th address 4d009 hit on id: 836
657271 th address 6b860 hit on id: 944
658294 th address 3027d hit on id: 965
659434 th address 51ceb hit on id: 74
IR ORAM executed 660000 inst
660484 th address 52d97 hit on id: 814
661223 th address 5eccc hit on id: 198
661531 th address 51d30 hit on id: 588
662075 th address 44756 hit on id: 590
662237 th address 47006 hit on id: 619
662251 th address 5d886 hit on id: 35
662832 th address 57a59 hit on id: 310
663803 th address 4f61a hit on id: 855
664418 th address 567b1 hit on id: 942
664730 th address 62de9 hit on id: 655
666437 th address 556f4 hit on id: 91
668269 th address 5e4de hit on id: 152
668282 th address 6bdc3 hit on id: 731
668511 th address 4bbde hit on id: 769
668520 th address 50371 hit on id: 924
669658 th address 4401d hit on id: 236
IR ORAM executed 670000 inst
671376 th address 5b9b3 hit on id: 532
672428 th address 4f417 hit on id: 107
672968 th address 518f9 hit on id: 114
673545 th address 5b07a hit on id: 398
674193 th address 6b1a2 hit on id: 412
676724 th address 46ff9 hit on id: 131
676901 th address 400f0 hit on id: 1003
677192 th address 31d93 hit on id: 738
677255 th address 5d6e4 hit on id: 452
677259 th address 62274 hit on id: 459
677284 th address 6ee27 hit on id: 886
678951 th address 774fc hit on id: 664
679588 th address 753cb hit on id: 565
679723 th address 51174 hit on id: 909
679909 th address 43c60 hit on id: 279
IR ORAM executed 680000 inst
680490 th address 58729 hit on id: 293
680993 th address 46182 hit on id: 919
681069 th address 51cc4 hit on id: 485
681820 th address 4c585 hit on id: 403
682608 th address 45069 hit on id: 400
687383 th address 44ad6 hit on id: 864
688893 th address 35a38 hit on id: 847
689651 th address 4483c hit on id: 527
689947 th address 53d84 hit on id: 727
IR ORAM executed 690000 inst
690227 th address 50bcc hit on id: 26
691222 th address 5f8c1 hit on id: 817
691366 th address 54843 hit on id: 772
692187 th address 2930c hit on id: 939
692660 th address 6c965 hit on id: 989
692833 th address 5d0d0 hit on id: 140
695298 th address 61e75 hit on id: 580
695895 th address 5a406 hit on id: 791
696707 th address 5dd8a hit on id: 195
697318 th address 568b5 hit on id: 965
698190 th address 42ecf hit on id: 766
698295 th address 4c966 hit on id: 613
698852 th address 412f5 hit on id: 718
699873 th address 42c10 hit on id: 260
699914 th address 577d3 hit on id: 470
699928 th address 5d47b hit on id: 526
IR ORAM executed 700000 inst
702161 th address 5c42c hit on id: 196
702179 th address 6058a hit on id: 969
702490 th address 56117 hit on id: 106
702713 th address 61fcc hit on id: 214
702817 th address 55944 hit on id: 155
704166 th address 64147 hit on id: 225
704728 th address 60ae3 hit on id: 736
705049 th address 526d6 hit on id: 58
705361 th address 45a0a hit on id: 659
706141 th address 44162 hit on id: 495
706157 th address 55562 hit on id: 515
706184 th address 62d83 hit on id: 402
708098 th address 3e3db hit on id: 748
708303 th address 4d84e hit on id: 257
709441 th address 49eb4 hit on id: 122
IR ORAM executed 710000 inst
710346 th address 46f39 hit on id: 279
710348 th address 47477 hit on id: 110
710897 th address 3da6a hit on id: 600
711144 th address 31421 hit on id: 880
711386 th address 55c59 hit on id: 911
712058 th address 63b25 hit on id: 507
713862 th address 4b695 hit on id: 322
714058 th address 5d425 hit on id: 703
714586 th address 64c2b hit on id: 277
716666 th address 42535 hit on id: 266
716835 th address 4a35a hit on id: 473
717201 th address 559b6 hit on id: 992
717413 th address 65c3e hit on id: 528
717935 th address 3aab2 hit on id: 788
718244 th address 57775 hit on id: 43
718734 th address 47e9f hit on id: 978
718744 th address 59aad hit on id: 128
719238 th address 530f7 hit on id: 132
719246 th address 6162f hit on id: 55
719902 th address 515a1 hit on id: 254
IR ORAM executed 720000 inst
720406 th address 4b1fb hit on id: 124
721311 th address 453dc hit on id: 948
721321 th address 59d72 hit on id: 17
723853 th address 612b2 hit on id: 987
723860 th address 623f5 hit on id: 590
724683 th address 38248 hit on id: 1010
724693 th address 43e36 hit on id: 1018
724696 th address 4527d hit on id: 274
724954 th address 4d75d hit on id: 148
724963 th address 55866 hit on id: 7
726398 th address 5d0bb hit on id: 127
728952 th address 1c827 hit on id: 821
728963 th address 427b8 hit on id: 257
729139 th address 5b9c0 hit on id: 910
729602 th address 398db hit on id: 536
IR ORAM executed 730000 inst
730017 th address 50972 hit on id: 80
730027 th address 56578 hit on id: 684
730063 th address 72acc hit on id: 478
731212 th address 5e027 hit on id: 320
731345 th address 47f20 hit on id: 312
731370 th address 6139d hit on id: 724
731771 th address 4fcdc hit on id: 251
733263 th address 42084 hit on id: 599
733440 th address 4f4c5 hit on id: 942
733998 th address 62dd3 hit on id: 396
734312 th address 8b8e3 hit on id: 552
734443 th address 3d27c hit on id: 793
734577 th address 54b92 hit on id: 837
737639 th address 3ef5e hit on id: 881
738593 th address 488c0 hit on id: 489
739086 th address 3c5e3 hit on id: 1004
739707 th address 69e38 hit on id: 465
IR ORAM executed 740000 inst
740545 th address 5c186 hit on id: 225
740814 th address 48ef1 hit on id: 750
740832 th address 51caf hit on id: 144
741350 th address 5b88f hit on id: 830
744964 th address 42893 hit on id: 1018
745010 th address 587a1 hit on id: 750
745428 th address 66add hit on id: 804
747002 th address 58b7d hit on id: 14
748955 th address 40be8 hit on id: 174
749010 th address 4ef4f hit on id: 345
IR ORAM executed 750000 inst
750249 th address 46eee hit on id: 579
752690 th address 303c3 hit on id: 991
752744 th address 4a48b hit on id: 289
753434 th address 2f395 hit on id: 723
753478 th address 3eee3 hit on id: 581
753491 th address 45e36 hit on id: 578
753533 th address 53d1e hit on id: 498
753548 th address 57d5d hit on id: 224
754187 th address 282ea hit on id: 595
755660 th address 483bf hit on id: 800
755664 th address 4af57 hit on id: 306
757510 th address 3dac1 hit on id: 533
757548 th address 54c83 hit on id: 854
757575 th address 646ae hit on id: 747
758959 th address 387ee hit on id: 260
759720 th address 4ac59 hit on id: 978
IR ORAM executed 760000 inst
760958 th address 44a13 hit on id: 738
760962 th address 4a6f3 hit on id: 926
761307 th address 59f22 hit on id: 875
761423 th address 5ef6e hit on id: 729
763443 th address 6498a hit on id: 477
764013 th address 2dad2 hit on id: 782
765086 th address 2554d hit on id: 670
765156 th address 584cf hit on id: 965
765541 th address 527f8 hit on id: 134
765887 th address 372a4 hit on id: 843
768132 th address 49711 hit on id: 286
768158 th address 54af3 hit on id: 393
768822 th address 4ad67 hit on id: 858
769211 th address 4eca8 hit on id: 391
769213 th address 4f9bc hit on id: 225
IR ORAM executed 770000 inst
770952 th address 4583f hit on id: 940
771397 th address 587bc hit on id: 965
771398 th address 587bd hit on id: 518
771420 th address 66f53 hit on id: 181
771425 th address 682bc hit on id: 200
772634 th address 4e535 hit on id: 678
772658 th address 58afd hit on id: 66
773645 th address 4b536 hit on id: 815
773668 th address 5ee7f hit on id: 848
773836 th address 2cb75 hit on id: 960
773935 th address 67432 hit on id: 764
775046 th address 552fb hit on id: 529
775804 th address 4ac05 hit on id: 313
776947 th address 3acb4 hit on id: 755
776966 th address 41a49 hit on id: 885
777178 th address 4b8b7 hit on id: 302
777945 th address 56c10 hit on id: 231
779859 th address 4bb96 hit on id: 881
IR ORAM executed 780000 inst
780394 th address 4c067 hit on id: 30
782166 th address 52ce3 hit on id: 443
782697 th address 66376 hit on id: 664
783631 th address 5744e hit on id: 840
783732 th address 4ac5d hit on id: 464
784948 th address 5a479 hit on id: 340
785197 th address 6158a hit on id: 383
785463 th address 5947c hit on id: 818
786102 th address 5b299 hit on id: 656
787936 th address 5afc5 hit on id: 262
789505 th address 39ae8 hit on id: 662
789785 th address 54d16 hit on id: 234
IR ORAM executed 790000 inst
790379 th address 50bce hit on id: 64
791125 th address 67d50 hit on id: 721
791958 th address 43569 hit on id: 256
791968 th address 50717 hit on id: 124
793190 th address 52309 hit on id: 719
793493 th address 43a0a hit on id: 281
793542 th address 589b9 hit on id: 136
793572 th address 63d59 hit on id: 886
794385 th address 54ac2 hit on id: 566
794673 th address 35df6 hit on id: 966
794890 th address 4e081 hit on id: 507
795743 th address 29e6c hit on id: 589
798182 th address 66957 hit on id: 1021
798534 th address 50cf7 hit on id: 327
798842 th address 58e2f hit on id: 454
799386 th address 686b7 hit on id: 608
IR ORAM executed 800000 inst
800888 th address 73739 hit on id: 567
801275 th address 3bef8 hit on id: 1017
801276 th address 3bef9 hit on id: 903
801671 th address 4e298 hit on id: 138
802800 th address 3b165 hit on id: 537
803402 th address 41ae3 hit on id: 961
803407 th address 43252 hit on id: 560
803812 th address 55bcd hit on id: 80
804166 th address 42c03 hit on id: 832
804711 th address 75d7e hit on id: 654
805120 th address 62721 hit on id: 433
807181 th address 4973c hit on id: 393
807814 th address 4863d hit on id: 318
807816 th address 4e4f1 hit on id: 441
807822 th address 5f0f7 hit on id: 721
807978 th address 29dfb hit on id: 314
808022 th address 48cf9 hit on id: 127
808330 th address 3908d hit on id: 843
808399 th address 54a3a hit on id: 12
809534 th address 57641 hit on id: 703
IR ORAM executed 810000 inst
810860 th address 49897 hit on id: 644
810888 th address 531eb hit on id: 631
810904 th address 5a8f5 hit on id: 41
810921 th address 5ef78 hit on id: 286
811568 th address 46bc1 hit on id: 316
811895 th address 582d0 hit on id: 364
812631 th address 55d16 hit on id: 483
812987 th address 5a64c hit on id: 686
816143 th address 45452 hit on id: 571
816549 th address 53c66 hit on id: 96
817322 th address 41101 hit on id: 158
818907 th address 6ca78 hit on id: 171
IR ORAM executed 820000 inst
820454 th address 64aa3 hit on id: 508
822287 th address 6661e hit on id: 865
822976 th address 4a19f hit on id: 1007
823661 th address 4f154 hit on id: 190
823899 th address 51ea2 hit on id: 46
823900 th address 51ea3 hit on id: 317
824008 th address 4b431 hit on id: 1005
824033 th address 610a4 hit on id: 998
824294 th address 58329 hit on id: 108
824341 th address 88942 hit on id: 919
826128 th address 4c407 hit on id: 925
826160 th address 5c175 hit on id: 746
828110 th address 4c3b1 hit on id: 141
828736 th address 41cff hit on id: 979
828961 th address 35ce6 hit on id: 878
IR ORAM executed 830000 inst
831012 th address 56e91 hit on id: 455
831765 th address 4c198 hit on id: 930
832950 th address 5e113 hit on id: 702
834250 th address 5dec3 hit on id: 350
835028 th address 40b87 hit on id: 828
837071 th address 60c1e hit on id: 83
838513 th address 67c1a hit on id: 862
839731 th address 56030 hit on id: 785
IR ORAM executed 840000 inst
840332 th address 57469 hit on id: 733
840628 th address 38081 hit on id: 813
840658 th address 5ed4f hit on id: 546
840797 th address 4fc46 hit on id: 473
841009 th address 49f46 hit on id: 296
841261 th address 56dae hit on id: 387
841392 th address 3ea95 hit on id: 449
841427 th address 7386a hit on id: 891
843803 th address 45366 hit on id: 642
844181 th address 4d05a hit on id: 519
844376 th address 63b65 hit on id: 180
844632 th address 45173 hit on id: 945
844692 th address 5a3c7 hit on id: 458
844708 th address 63df5 hit on id: 776
846777 th address 3d290 hit on id: 593
847364 th address 513c5 hit on id: 127
847722 th address 5543f hit on id: 138
848409 th address 65ac0 hit on id: 854
849115 th address 46d28 hit on id: 1015
849491 th address 5bb58 hit on id: 399
IR ORAM executed 850000 inst
850211 th address 3c6f6 hit on id: 892
850283 th address 5b9ea hit on id: 91
852644 th address 4f525 hit on id: 348
853113 th address 4de70 hit on id: 749
853114 th address 4de71 hit on id: 596
853672 th address 43bfd hit on id: 224
853693 th address 576da hit on id: 337
854333 th address 61a30 hit on id: 897
854704 th address 5403f hit on id: 806
855231 th address 53a9e hit on id: 7
856785 th address 543f4 hit on id: 223
857462 th address 56db1 hit on id: 342
857681 th address 61e0c hit on id: 928
858641 th address 5bcf4 hit on id: 51
859510 th address 511d5 hit on id: 55
859602 th address 49e49 hit on id: 80
859918 th address 7c05b hit on id: 597
IR ORAM executed 860000 inst
860274 th address 4a18b hit on id: 942
861115 th address 3f6b8 hit on id: 627
861373 th address 5e59e hit on id: 226
861980 th address 5e765 hit on id: 241
861984 th address 5fd75 hit on id: 778
862917 th address 3d73c hit on id: 682
862927 th address 5b8fc hit on id: 26
862943 th address 7a376 hit on id: 439
863031 th address 4c06c hit on id: 716
865839 th address 39d12 hit on id: 758
865862 th address 4b25b hit on id: 577
866255 th address 4fc0c hit on id: 368
867045 th address 6ef64 hit on id: 423
868357 th address 330d6 hit on id: 1021
868431 th address 49ac6 hit on id: 573
868439 th address 4ab58 hit on id: 19
868474 th address 51a83 hit on id: 332
869666 th address 65175 hit on id: 551
869859 th address 5c7be hit on id: 166
IR ORAM executed 870000 inst
870113 th address 5b0f4 hit on id: 1016
870116 th address 5d5dd hit on id: 120
870751 th address 698fc hit on id: 368
873586 th address 48a99 hit on id: 891
875183 th address 4cecc hit on id: 701
875314 th address 434d9 hit on id: 190
875347 th address 52328 hit on id: 908
876754 th address 613a1 hit on id: 96
877511 th address 41654 hit on id: 562
877521 th address 4c676 hit on id: 84
877902 th address 410d3 hit on id: 489
878192 th address 58681 hit on id: 585
878417 th address 3b42e hit on id: 616
879112 th address 36811 hit on id: 733
879165 th address 66df0 hit on id: 872
879868 th address 3dac1 hit on id: 266
IR ORAM executed 880000 inst
880612 th address 2184f hit on id: 750
881933 th address 523f0 hit on id: 798
883520 th address 34619 hit on id: 777
883845 th address 5d84e hit on id: 88
884773 th address 448b6 hit on id: 576
884984 th address 41041 hit on id: 682
886673 th address 4930a hit on id: 152
886899 th address 5717a hit on id: 240
887071 th address 5f3b4 hit on id: 404
887672 th address 44b75 hit on id: 516
889489 th address 229ae hit on id: 612
IR ORAM executed 890000 inst
890037 th address 4ec90 hit on id: 422
890041 th address 503f8 hit on id: 525
890956 th address 6261d hit on id: 702
892026 th address 4081f hit on id: 325
892749 th address 47efc hit on id: 345
892955 th address 6247a hit on id: 316
893509 th address 58b0a hit on id: 995
893835 th address 47d84 hit on id: 857
894565 th address 6287a hit on id: 295
894802 th address 80017 hit on id: 512
895017 th address 5af92 hit on id: 64
895020 th address 5e233 hit on id: 363
896701 th address 2a39c hit on id: 737
896739 th address 5651c hit on id: 431
896897 th address 4e186 hit on id: 61
897356 th address 5a229 hit on id: 767
897540 th address 488bd hit on id: 505
898668 th address 3ff85 hit on id: 994
IR ORAM executed 900000 inst
900478 th address 29a85 hit on id: 719
900867 th address 4fd68 hit on id: 307
901040 th address 5142f hit on id: 33
901873 th address 5a64c hit on id: 686
901990 th address 59675 hit on id: 376
902428 th address 5706f hit on id: 84
903907 th address 5fe2a hit on id: 779
904745 th address 4a6a2 hit on id: 578
905777 th address 62580 hit on id: 180
905837 th address 48710 hit on id: 176
905848 th address 5141f hit on id: 693
905985 th address 5dbca hit on id: 220
907058 th address 5e4b7 hit on id: 150
907811 th address 52e8c hit on id: 34
908584 th address 77687 hit on id: 308
909018 th address 5afbd hit on id: 507
IR ORAM executed 910000 inst
911953 th address 5daa8 hit on id: 218
912487 th address 5e0b0 hit on id: 394
912543 th address 6ca4e hit on id: 663
914504 th address 509ab hit on id: 276
914897 th address 3ebee hit on id: 537
915170 th address 43775 hit on id: 972
915821 th address 474b2 hit on id: 711
915844 th address 52b2f hit on id: 529
917320 th address 26d91 hit on id: 719
917350 th address 5c465 hit on id: 856
918289 th address 4942a hit on id: 305
918293 th address 5445c hit on id: 327
IR ORAM executed 920000 inst
920824 th address 50841 hit on id: 543
922585 th address 5e45c hit on id: 216
922989 th address 40290 hit on id: 325
924404 th address 33781 hit on id: 930
924990 th address 25bb3 hit on id: 601
925257 th address 2a2ae hit on id: 876
925391 th address 59a46 hit on id: 37
926259 th address 57e12 hit on id: 92
927382 th address 6a08f hit on id: 320
IR ORAM executed 930000 inst
930202 th address 41b87 hit on id: 408
930214 th address 5cdb7 hit on id: 738
930273 th address 57730 hit on id: 40
932220 th address 37955 hit on id: 675
933140 th address 5fff9 hit on id: 144
933155 th address 73bee hit on id: 806
935427 th address 6593e hit on id: 147
936680 th address 4d96d hit on id: 116
936692 th address 5b3bd hit on id: 17
939535 th address 30312 hit on id: 655
939857 th address 63438 hit on id: 934
939872 th address 66ec9 hit on id: 320
IR ORAM executed 940000 inst
940315 th address 1a0a8 hit on id: 701
940390 th address 41cc3 hit on id: 573
940409 th address 4fad0 hit on id: 113
940419 th address 54842 hit on id: 114
941242 th address 42c85 hit on id: 198
942278 th address 43843 hit on id: 604
942291 th address 533e6 hit on id: 340
943123 th address 37f38 hit on id: 313
943736 th address 526f9 hit on id: 150
943873 th address 61be6 hit on id: 695
944086 th address 5da2d hit on id: 48
945668 th address 54b2f hit on id: 376
946611 th address 5d1c6 hit on id: 20
947444 th address 3fa4f hit on id: 478
947474 th address 5a1d9 hit on id: 58
948875 th address 551a0 hit on id: 235
949085 th address 56a9a hit on id: 243
IR ORAM executed 950000 inst
951865 th address 5572e hit on id: 989
952008 th address 70f0f hit on id: 438
952017 th address 81fec hit on id: 812
952290 th address 49e77 hit on id: 342
952295 th address 5a65e hit on id: 508
952734 th address 4d5c7 hit on id: 898
954251 th address 530b6 hit on id: 977
955520 th address 5c4dd hit on id: 122
956223 th address 5d856 hit on id: 803
957146 th address 5467f hit on id: 432
957162 th address 5d5d1 hit on id: 521
957182 th address 6d487 hit on id: 289
959153 th address 45c72 hit on id: 435
959717 th address 53f00 hit on id: 137
IR ORAM executed 960000 inst
960471 th address 413e6 hit on id: 515
960500 th address 4eedd hit on id: 442
960532 th address 5ed99 hit on id: 409
961152 th address 4790b hit on id: 437
961186 th address 5e2d5 hit on id: 833
962935 th address 70744 hit on id: 746
963446 th address 55c1d hit on id: 769
964495 th address 4bd38 hit on id: 389
964509 th address 67c9a hit on id: 129
965008 th address 585b7 hit on id: 642
965677 th address 4b9d4 hit on id: 504
965886 th address 4d045 hit on id: 6
966264 th address 5bb13 hit on id: 845
967691 th address 4b640 hit on id: 408
969268 th address 42647 hit on id: 325
969316 th address 520a7 hit on id: 659
969373 th address 61ec2 hit on id: 318
IR ORAM executed 970000 inst
972874 th address 7f7f7 hit on id: 751
974133 th address 6c4bc hit on id: 354
974265 th address 6a210 hit on id: 580
974675 th address 34a06 hit on id: 676
975234 th address 56ee9 hit on id: 1014
975240 th address 6a95b hit on id: 198
975244 th address 6e8eb hit on id: 764
975387 th address 47fac hit on id: 146
975604 th address 59329 hit on id: 100
975609 th address 5e4a0 hit on id: 477
976108 th address 3d987 hit on id: 978
976126 th address 4751d hit on id: 225
976156 th address 5a97f hit on id: 97
977456 th address 45bc5 hit on id: 249
977959 th address 4c286 hit on id: 573
978912 th address 46d41 hit on id: 711
979604 th address 4d07b hit on id: 351
979621 th address 5e21a hit on id: 82
IR ORAM executed 980000 inst
980129 th address 5ab1a hit on id: 217
980612 th address 38c33 hit on id: 782
981081 th address 4fd78 hit on id: 585
981083 th address 5076a hit on id: 62
981616 th address 51a4d hit on id: 709
981634 th address 5d47b hit on id: 130
981650 th address 63a93 hit on id: 402
981956 th address 64697 hit on id: 680
982095 th address 383c6 hit on id: 724
982104 th address 44a51 hit on id: 233
982113 th address 594ea hit on id: 949
982423 th address 4866e hit on id: 549
982773 th address 5db86 hit on id: 63
983174 th address 677fb hit on id: 449
983791 th address 31f20 hit on id: 904
983850 th address 5f243 hit on id: 499
984613 th address 52598 hit on id: 6
988094 th address 5a9a3 hit on id: 253
989835 th address 6262c hit on id: 633
IR ORAM executed 990000 inst
990099 th address 4d354 hit on id: 286
990120 th address 551f1 hit on id: 892
990435 th address 55b66 hit on id: 36
990730 th address 3acc9 hit on id: 945
990874 th address 5f81d hit on id: 143
990984 th address 7920f hit on id: 970
991147 th address 5be72 hit on id: 784
991159 th address 6261a hit on id: 705
991319 th address 510e2 hit on id: 497
993112 th address 4a19f hit on id: 251
993524 th address 3107b hit on id: 571
994746 th address 564b7 hit on id: 459
995793 th address 2e9d4 hit on id: 1018
995854 th address 7165d hit on id: 593
996593 th address 519e2 hit on id: 396
996697 th address 47476 hit on id: 889
997692 th address 5bfd9 hit on id: 184
998026 th address 5a479 hit on id: 682
998677 th address 54c90 hit on id: 622
999063 th address 60fbe hit on id: 296
999348 th address 42275 hit on id: 301
999571 th address 50fec hit on id: 333
IR ORAM executed 1000000 inst
The final DRAM clk is: 915366921 ticks.
R/W switch time % is: 71.5556 %
DRAM Frequency is: 1600MHz
The final time in ns is: 5.72104e+08 ns.
reads: 130178532
writes: 130178532
Achieved BW is: 29.1255 GB/s
Ideal BW is: 102.4 GB/s
Metadata cache conclusion: 
overall_hit: 0 overall_total: 0
Cache Size 64 KB Overall Hit rate: -nan %. 
stash Bypassed req: 12681 out of 1000000 requests 1.2681 %
Cache Bypassed req: 1118 out of 1000000 requests 0.1118 %
Simulation done. Statistics written to results/iroram_dblp.txt
