Total number of ORAM protected cache line blocks: 67108864
Max number of levels: 27
Valid leaf ID range: 67108863:134217726
Cached number of levels: 10
Address space: 0 - 4 GB
Address space: 0 - 0.5 GB
Address space: 0 - 0.0625 GB
IR ORAM executed 10000 inst
IR ORAM executed 20000 inst
IR ORAM executed 30000 inst
IR ORAM executed 40000 inst
IR ORAM executed 50000 inst
IR ORAM executed 60000 inst
IR ORAM executed 70000 inst
IR ORAM executed 80000 inst
IR ORAM executed 90000 inst
IR ORAM executed 100000 inst
IR ORAM executed 110000 inst
IR ORAM executed 120000 inst
IR ORAM executed 130000 inst
IR ORAM executed 140000 inst
IR ORAM executed 150000 inst
IR ORAM executed 160000 inst
IR ORAM executed 170000 inst
IR ORAM executed 180000 inst
IR ORAM executed 190000 inst
IR ORAM executed 200000 inst
IR ORAM executed 210000 inst
IR ORAM executed 220000 inst
IR ORAM executed 230000 inst
IR ORAM executed 240000 inst
IR ORAM executed 250000 inst
IR ORAM executed 260000 inst
IR ORAM executed 270000 inst
IR ORAM executed 280000 inst
IR ORAM executed 290000 inst
IR ORAM executed 300000 inst
308767 th address 775efd4 hit on id: 313
308773 th address 775efd6 hit on id: 158
308787 th address 775efdc hit on id: 771
308829 th address 775efe8 hit on id: 236
308935 th address 775f00d hit on id: 387
308987 th address 775f022 hit on id: 710
308990 th address 775f023 hit on id: 916
309071 th address 775f042 hit on id: 580
309221 th address 775f077 hit on id: 193
309315 th address 775f090 hit on id: 781
309440 th address 775f0b7 hit on id: 616
309441 th address 7756ffe hit on id: 553
309871 th address 775f14f hit on id: 679
309947 th address 775f169 hit on id: 916
309952 th address 775f16b hit on id: 570
IR ORAM executed 310000 inst
310062 th address 775f18f hit on id: 874
310079 th address 775f195 hit on id: 1004
310185 th address 775f1b4 hit on id: 155
310193 th address 775f1b6 hit on id: 200
310287 th address 775f1d0 hit on id: 587
310334 th address 775f1dd hit on id: 1020
310359 th address 775f1e4 hit on id: 171
310366 th address 775f1e6 hit on id: 666
310457 th address 775f201 hit on id: 895
310502 th address 775f20e hit on id: 958
310510 th address 775f211 hit on id: 221
310519 th address 775f213 hit on id: 780
310591 th address 775f226 hit on id: 405
311125 th address 775f2e9 hit on id: 449
311138 th address 775f2ed hit on id: 805
311142 th address 7757119 hit on id: 783
311153 th address 775f2f2 hit on id: 813
311156 th address 775f2f3 hit on id: 984
311198 th address 775f301 hit on id: 522
311206 th address 775f304 hit on id: 675
311230 th address 775f30c hit on id: 590
311241 th address 775f310 hit on id: 148
311250 th address 775f313 hit on id: 768
311311 th address 775f326 hit on id: 915
311329 th address 775f32d hit on id: 632
311519 th address 775f371 hit on id: 955
312756 th address 7757238 hit on id: 661
312767 th address 775f52f hit on id: 464
312771 th address 775f530 hit on id: 984
312889 th address 775f562 hit on id: 626
312960 th address 775f57d hit on id: 810
313034 th address 775f595 hit on id: 712
313063 th address 775f59d hit on id: 837
313130 th address 775f5b3 hit on id: 590
313160 th address 775f5bf hit on id: 412
313357 th address 775f614 hit on id: 464
313473 th address 775f63f hit on id: 568
313568 th address 775f663 hit on id: 199
313686 th address 775f68f hit on id: 412
313739 th address 775f69f hit on id: 1020
313784 th address 775f6ae hit on id: 842
313844 th address 775f6c3 hit on id: 70
313910 th address 775f6db hit on id: 848
313962 th address 775f6ec hit on id: 465
314445 th address 775f7a2 hit on id: 106
314520 th address 7757383 hit on id: 466
314541 th address 775f7ca hit on id: 985
314557 th address 775f7d0 hit on id: 611
314580 th address 775f7d7 hit on id: 952
314649 th address 775f7ef hit on id: 1022
314935 th address 775f85e hit on id: 300
314946 th address 775f862 hit on id: 244
315143 th address 775f8a7 hit on id: 545
315156 th address 775f8ac hit on id: 190
315379 th address 775f900 hit on id: 325
315554 th address 775f941 hit on id: 200
315595 th address 775f94d hit on id: 283
315838 th address 775f9a7 hit on id: 532
315958 th address 775f9dc hit on id: 769
316447 th address 775fa95 hit on id: 238
316729 th address 775faf1 hit on id: 810
316849 th address 775fb13 hit on id: 606
317027 th address 775fb4e hit on id: 1013
317326 th address 775fbb4 hit on id: 653
317369 th address 7757581 hit on id: 690
317441 th address 775fbd3 hit on id: 406
317503 th address 775fbe5 hit on id: 831
317513 th address 775fbe7 hit on id: 900
317571 th address 775fbf6 hit on id: 329
317664 th address 77575aa hit on id: 801
317689 th address 775fc17 hit on id: 319
317808 th address 775fc35 hit on id: 215
317934 th address 775fc56 hit on id: 683
318144 th address 77575ee hit on id: 992
318381 th address 775fcef hit on id: 926
318586 th address 775fd2b hit on id: 298
318599 th address 775fd2f hit on id: 973
318658 th address 775fd40 hit on id: 107
318817 th address 775fd70 hit on id: 158
318834 th address 775fd74 hit on id: 61
318973 th address 775fd97 hit on id: 548
319125 th address 775fdbf hit on id: 618
319176 th address 775fdcc hit on id: 325
319201 th address 775fdd3 hit on id: 578
319204 th address 775fdd4 hit on id: 343
319438 th address 775fe0f hit on id: 401
319481 th address 77576af hit on id: 596
319573 th address 775fe33 hit on id: 135
319642 th address 775fe45 hit on id: 528
319715 th address 775fe59 hit on id: 330
319807 th address 775fe72 hit on id: 791
319818 th address 77576dc hit on id: 549
319910 th address 775fe8c hit on id: 784
319913 th address 775fe8d hit on id: 464
IR ORAM executed 320000 inst
320039 th address 775feae hit on id: 366
320062 th address 775feb5 hit on id: 471
320203 th address 775feda hit on id: 299
320442 th address 775ff24 hit on id: 582
320624 th address 775ff57 hit on id: 961
320748 th address 775ff7a hit on id: 49
320761 th address 775ff7d hit on id: 216
320840 th address 775ff91 hit on id: 372
320902 th address 775ffa0 hit on id: 298
320947 th address 775ffac hit on id: 298
320975 th address 775ffb3 hit on id: 783
320979 th address 775ffb4 hit on id: 956
321004 th address 775ffbb hit on id: 551
321020 th address 775ffc0 hit on id: 61
321101 th address 775ffd7 hit on id: 857
321322 th address 7760011 hit on id: 16
321439 th address 7760030 hit on id: 346
321575 th address 7760057 hit on id: 132
321643 th address 7760068 hit on id: 792
321714 th address 776007b hit on id: 235
321767 th address 7760088 hit on id: 76
321905 th address 77600ac hit on id: 82
322021 th address 7757807 hit on id: 754
322093 th address 77600df hit on id: 370
322097 th address 77600e0 hit on id: 786
322205 th address 77600fc hit on id: 208
322239 th address 7760105 hit on id: 307
322365 th address 7760125 hit on id: 158
322512 th address 776014d hit on id: 794
322530 th address 7760151 hit on id: 713
322601 th address 7760166 hit on id: 752
322654 th address 7760174 hit on id: 915
323050 th address 77601dc hit on id: 694
323069 th address 77601e0 hit on id: 259
323078 th address 77601e3 hit on id: 157
323140 th address 77601f2 hit on id: 735
323152 th address 77601f6 hit on id: 17
323169 th address 77601fa hit on id: 650
323255 th address 776020f hit on id: 24
323282 th address 7760216 hit on id: 139
323446 th address 7760240 hit on id: 750
323495 th address 776024c hit on id: 412
323506 th address 7760250 hit on id: 235
323635 th address 7760270 hit on id: 668
323651 th address 7760275 hit on id: 324
323781 th address 7760297 hit on id: 928
323950 th address 77602c2 hit on id: 636
324257 th address 7760311 hit on id: 778
324302 th address 776031b hit on id: 988
324361 th address 776032b hit on id: 565
324388 th address 7760332 hit on id: 768
324426 th address 776033b hit on id: 372
324473 th address 7760347 hit on id: 314
324484 th address 7760349 hit on id: 86
324488 th address 776034a hit on id: 833
324524 th address 7760353 hit on id: 102
324533 th address 7760356 hit on id: 933
324591 th address 7760364 hit on id: 12
324626 th address 776036d hit on id: 2
324704 th address 7760382 hit on id: 748
324745 th address 776038c hit on id: 694
324771 th address 7760393 hit on id: 184
324862 th address 77603aa hit on id: 819
324878 th address 77603ae hit on id: 7
324926 th address 77603bb hit on id: 486
325050 th address 77603db hit on id: 873
325169 th address 77603fb hit on id: 175
325175 th address 77603fc hit on id: 97
325255 th address 7760412 hit on id: 302
325394 th address 776043c hit on id: 673
325487 th address 776045b hit on id: 806
325525 th address 7760467 hit on id: 861
325562 th address 7760473 hit on id: 211
325575 th address 7760476 hit on id: 126
325679 th address 776049c hit on id: 650
325858 th address 77604d6 hit on id: 305
325859 th address 77604d7 hit on id: 728
325869 th address 77604da hit on id: 342
325887 th address 77604df hit on id: 314
325915 th address 77604e7 hit on id: 808
325923 th address 7757a17 hit on id: 573
325969 th address 77604f6 hit on id: 936
326010 th address 7760502 hit on id: 71
326021 th address 7760506 hit on id: 306
326257 th address 776054b hit on id: 11
326261 th address 776054c hit on id: 858
326282 th address 7760553 hit on id: 861
326314 th address 776055d hit on id: 12
326326 th address 7760561 hit on id: 230
326377 th address 7760572 hit on id: 484
326418 th address 7757a61 hit on id: 620
326572 th address 77605ac hit on id: 567
326640 th address 77605bf hit on id: 423
326643 th address 77605c0 hit on id: 164
326663 th address 77605c7 hit on id: 858
326711 th address 77605d5 hit on id: 69
326735 th address 77605dc hit on id: 684
326767 th address 77605e4 hit on id: 486
326786 th address 77605ea hit on id: 90
326847 th address 77605fb hit on id: 952
326866 th address 7760600 hit on id: 853
326928 th address 7760610 hit on id: 44
326962 th address 776061a hit on id: 2
327024 th address 7757ab8 hit on id: 947
327029 th address 776062e hit on id: 392
327083 th address 776063d hit on id: 477
327134 th address 776064c hit on id: 490
327223 th address 7760665 hit on id: 1
327405 th address 776069b hit on id: 158
327421 th address 776069f hit on id: 52
327511 th address 77606b4 hit on id: 78
327593 th address 77606cd hit on id: 159
327607 th address 77606d2 hit on id: 76
327646 th address 77606dd hit on id: 831
327667 th address 77606e3 hit on id: 253
327797 th address 7760705 hit on id: 683
327966 th address 7760738 hit on id: 691
327973 th address 776073a hit on id: 1
327985 th address 776073e hit on id: 474
327992 th address 7760740 hit on id: 360
328016 th address 7760747 hit on id: 551
328127 th address 7760769 hit on id: 0
328169 th address 7760775 hit on id: 1009
328255 th address 776078d hit on id: 0
328297 th address 7760799 hit on id: 8
328317 th address 7757b71 hit on id: 597
328344 th address 77607a8 hit on id: 0
328367 th address 77607ae hit on id: 831
328383 th address 77607b3 hit on id: 162
328404 th address 77607b9 hit on id: 3
328426 th address 77607c0 hit on id: 898
328430 th address 77607c1 hit on id: 535
328496 th address 77607d7 hit on id: 524
328517 th address 77607de hit on id: 659
328551 th address 77607e8 hit on id: 958
328605 th address 77607f8 hit on id: 482
328617 th address 77607fc hit on id: 284
328670 th address 776080d hit on id: 190
328685 th address 7760811 hit on id: 873
328725 th address 776081e hit on id: 183
328784 th address 7760830 hit on id: 383
328792 th address 7760832 hit on id: 42
328812 th address 7757bbe hit on id: 363
328826 th address 776083c hit on id: 481
329025 th address 7760877 hit on id: 147
329030 th address 7760878 hit on id: 4
329102 th address 776088d hit on id: 21
329106 th address 776088e hit on id: 28
329271 th address 77608bd hit on id: 635
329276 th address 7757c01 hit on id: 762
329383 th address 77608d9 hit on id: 842
329496 th address 77608f9 hit on id: 160
329515 th address 77608fe hit on id: 742
329519 th address 77608ff hit on id: 422
329591 th address 7760913 hit on id: 317
329611 th address 7760917 hit on id: 303
329623 th address 776091b hit on id: 410
329629 th address 776091d hit on id: 197
329767 th address 7760948 hit on id: 940
329954 th address 776097d hit on id: 13
IR ORAM executed 330000 inst
330145 th address 77609b8 hit on id: 809
330213 th address 77609d0 hit on id: 160
330309 th address 77609f4 hit on id: 10
330364 th address 7760a06 hit on id: 877
330421 th address 7760a18 hit on id: 986
330467 th address 7760a29 hit on id: 446
330681 th address 7760a61 hit on id: 81
330858 th address 7760a8f hit on id: 47
330899 th address 7760a9a hit on id: 246
330935 th address 7760aa5 hit on id: 393
331009 th address 7760ab7 hit on id: 9
331024 th address 7760abb hit on id: 14
331044 th address 7760abf hit on id: 746
331081 th address 7760ac9 hit on id: 16
331096 th address 7760acd hit on id: 326
331112 th address 7760ad1 hit on id: 477
331145 th address 7760ad8 hit on id: 462
331188 th address 7760ae4 hit on id: 486
331189 th address 7760ae3 hit on id: 305
331265 th address 7760af7 hit on id: 739
331269 th address 7760af8 hit on id: 971
331337 th address 7760b0a hit on id: 1
331410 th address 7760b1d hit on id: 329
331474 th address 7760b2f hit on id: 340
331592 th address 7760b4d hit on id: 48
331599 th address 7760b50 hit on id: 278
331761 th address 7760b7b hit on id: 121
331804 th address 7760b87 hit on id: 156
331869 th address 7757d6e hit on id: 961
332104 th address 7760bd3 hit on id: 158
332146 th address 7760bdd hit on id: 22
332356 th address 7760c12 hit on id: 6
332394 th address 7760c1c hit on id: 89
332501 th address 7760c37 hit on id: 259
332505 th address 7760c38 hit on id: 945
332518 th address 7757dc0 hit on id: 651
332538 th address 7760c42 hit on id: 544
332542 th address 7757dc3 hit on id: 727
332602 th address 7760c53 hit on id: 156
332615 th address 7757dcd hit on id: 893
332854 th address 7760c94 hit on id: 47
332940 th address 7760ca9 hit on id: 27
332959 th address 7760caf hit on id: 138
332964 th address 7760cb0 hit on id: 952
333046 th address 7760cc4 hit on id: 359
333121 th address 7757e0e hit on id: 921
333131 th address 7757e0f hit on id: 921
333179 th address 7760ce6 hit on id: 415
333223 th address 7760cf2 hit on id: 548
333275 th address 7760d00 hit on id: 915
333290 th address 7760d03 hit on id: 457
333293 th address 7760d04 hit on id: 689
333365 th address 7760d15 hit on id: 47
333524 th address 7760d3d hit on id: 115
333537 th address 7760d41 hit on id: 217
333597 th address 7760d50 hit on id: 405
333659 th address 7760d60 hit on id: 393
333771 th address 7760d7d hit on id: 696
333810 th address 7760d88 hit on id: 464
333832 th address 7760d8d hit on id: 48
334058 th address 7757e85 hit on id: 764
334207 th address 7760deb hit on id: 259
334239 th address 7760df3 hit on id: 57
334287 th address 7760dff hit on id: 438
334342 th address 7760e0d hit on id: 481
334358 th address 7760e11 hit on id: 65
334374 th address 7760e15 hit on id: 126
334497 th address 7760e34 hit on id: 163
334534 th address 7760e3e hit on id: 1010
334548 th address 7760e41 hit on id: 848
334606 th address 7757ecb hit on id: 882
334650 th address 7760e5c hit on id: 656
334675 th address 7760e62 hit on id: 169
334722 th address 7760e6e hit on id: 790
334753 th address 7760e76 hit on id: 920
335018 th address 7760eba hit on id: 768
335023 th address 7757eff hit on id: 741
335063 th address 7760ec5 hit on id: 790
335151 th address 7760edd hit on id: 138
335152 th address 7757f10 hit on id: 605
335155 th address 7760ede hit on id: 824
335184 th address 7760ee6 hit on id: 358
335226 th address 7760ef0 hit on id: 179
335243 th address 7760ef4 hit on id: 652
335266 th address 7757f1f hit on id: 618
335350 th address 7760f11 hit on id: 598
335432 th address 7760f24 hit on id: 700
335479 th address 7760f31 hit on id: 389
335518 th address 7760f3c hit on id: 421
335597 th address 7760f4f hit on id: 11
335788 th address 7760f7f hit on id: 215
335792 th address 7760f80 hit on id: 147
335851 th address 7760f91 hit on id: 80
335903 th address 7760f9e hit on id: 738
335926 th address 7760fa3 hit on id: 416
335981 th address 7760fb1 hit on id: 183
336139 th address 7760fd8 hit on id: 218
336191 th address 7760fe5 hit on id: 88
336374 th address 7761013 hit on id: 270
336448 th address 775377c hit on id: 907
336528 th address 7761039 hit on id: 383
336553 th address 7761040 hit on id: 617
336614 th address 776104f hit on id: 48
336748 th address 7761070 hit on id: 264
336852 th address 776108a hit on id: 577
337005 th address 77610b1 hit on id: 469
337077 th address 77610c3 hit on id: 88
337147 th address 77610d4 hit on id: 84
337217 th address 77610e5 hit on id: 66
337341 th address 7761105 hit on id: 218
337447 th address 776111f hit on id: 240
337503 th address 7758038 hit on id: 692
337510 th address 776112f hit on id: 368
337542 th address 7761137 hit on id: 655
337631 th address 776114d hit on id: 245
337730 th address 7761166 hit on id: 353
337766 th address 776116f hit on id: 214
337918 th address 7761195 hit on id: 218
338061 th address 77611b9 hit on id: 445
338064 th address 77611ba hit on id: 197
338081 th address 77611be hit on id: 183
338089 th address 77611c0 hit on id: 71
338111 th address 77611c5 hit on id: 492
338251 th address 77611e8 hit on id: 43
338297 th address 77611f4 hit on id: 496
338349 th address 7761201 hit on id: 335
338494 th address 7761225 hit on id: 1002
338633 th address 7761248 hit on id: 871
338648 th address 776124b hit on id: 302
338665 th address 7761250 hit on id: 197
338720 th address 776125d hit on id: 23
338724 th address 776125e hit on id: 552
338759 th address 7761267 hit on id: 410
338767 th address 776126a hit on id: 43
338876 th address 7761285 hit on id: 95
339025 th address 77612aa hit on id: 423
339065 th address 77612b4 hit on id: 418
339127 th address 77612c4 hit on id: 598
339160 th address 77612cc hit on id: 215
339227 th address 77612dc hit on id: 203
339370 th address 7761300 hit on id: 404
339438 th address 7761311 hit on id: 436
339477 th address 776131b hit on id: 10
339502 th address 7761322 hit on id: 59
339665 th address 776134b hit on id: 906
339714 th address 7761357 hit on id: 95
339880 th address 7761380 hit on id: 131
IR ORAM executed 340000 inst
340288 th address 77613e7 hit on id: 144
340315 th address 77613ee hit on id: 76
340344 th address 77613f5 hit on id: 640
340451 th address 776140f hit on id: 458
340712 th address 7761451 hit on id: 276
340740 th address 7761457 hit on id: 462
340758 th address 776145c hit on id: 352
340860 th address 775388f hit on id: 754
340905 th address 7761483 hit on id: 437
340929 th address 776148b hit on id: 807
341233 th address 77614e3 hit on id: 6
341255 th address 77614ea hit on id: 548
341367 th address 776150d hit on id: 1012
341661 th address 7761563 hit on id: 699
341835 th address 7761591 hit on id: 700
341943 th address 77615b4 hit on id: 635
341987 th address 77615c2 hit on id: 327
342119 th address 77615e2 hit on id: 152
342179 th address 77615f4 hit on id: 354
342198 th address 77615fa hit on id: 447
342209 th address 77615fd hit on id: 970
342267 th address 77582a8 hit on id: 771
342292 th address 77582ab hit on id: 590
342458 th address 776163e hit on id: 333
342498 th address 776164a hit on id: 105
342577 th address 7761660 hit on id: 430
342642 th address 7761671 hit on id: 138
342968 th address 77616c8 hit on id: 26
342983 th address 77616cc hit on id: 579
343017 th address 77616d6 hit on id: 146
343052 th address 77616e0 hit on id: 851
343060 th address 77616e3 hit on id: 26
343113 th address 77616f3 hit on id: 457
343152 th address 77616fe hit on id: 243
343185 th address 7761708 hit on id: 467
343316 th address 776172c hit on id: 779
343346 th address 7761735 hit on id: 955
343434 th address 776174b hit on id: 114
343487 th address 776175b hit on id: 490
343592 th address 776177a hit on id: 14
343631 th address 7761785 hit on id: 29
343979 th address 77617e3 hit on id: 122
344031 th address 77617f3 hit on id: 184
344058 th address 77617fb hit on id: 134
344206 th address 7761826 hit on id: 222
344274 th address 776183a hit on id: 168
344346 th address 776184e hit on id: 821
344408 th address 7761860 hit on id: 458
344416 th address 7761862 hit on id: 265
344495 th address 776187a hit on id: 196
344848 th address 775840f hit on id: 533
344925 th address 77618f1 hit on id: 87
344987 th address 7761903 hit on id: 33
345022 th address 776190d hit on id: 185
345026 th address 776190e hit on id: 941
345044 th address 7761910 hit on id: 591
345059 th address 7761914 hit on id: 48
345132 th address 776192a hit on id: 513
345355 th address 7761968 hit on id: 229
345521 th address 7761997 hit on id: 392
345544 th address 776199d hit on id: 59
345575 th address 77619a6 hit on id: 7
345604 th address 7758479 hit on id: 343
345610 th address 77619b1 hit on id: 169
345804 th address 77619e7 hit on id: 285
345816 th address 77619ea hit on id: 56
345878 th address 77619fc hit on id: 68
345881 th address 77619fd hit on id: 220
345896 th address 7761a02 hit on id: 151
346313 th address 7761a72 hit on id: 122
346411 th address 7761a8d hit on id: 218
346417 th address 7761a8e hit on id: 98
346478 th address 7761a9f hit on id: 151
346606 th address 7761ac3 hit on id: 25
346717 th address 7758511 hit on id: 921
346748 th address 7761ae7 hit on id: 448
346854 th address 7761b03 hit on id: 470
347087 th address 7761b41 hit on id: 379
347129 th address 7761b4c hit on id: 90
347159 th address 7761b55 hit on id: 144
347301 th address 775855f hit on id: 864
347321 th address 7761b7f hit on id: 462
347481 th address 7761ba8 hit on id: 985
347530 th address 7761bb4 hit on id: 993
347603 th address 7761bc6 hit on id: 122
347626 th address 7761bcb hit on id: 485
347679 th address 7761bd9 hit on id: 504
347687 th address 7761bdb hit on id: 598
347906 th address 7761c12 hit on id: 66
348266 th address 7761c6f hit on id: 76
348567 th address 7761cbc hit on id: 111
348585 th address 7761cc1 hit on id: 183
348666 th address 7761cd6 hit on id: 48
348691 th address 7761cdc hit on id: 150
348718 th address 7761ce3 hit on id: 247
348825 th address 7758621 hit on id: 297
348968 th address 7761d23 hit on id: 170
349024 th address 7761d32 hit on id: 509
349201 th address 7761d62 hit on id: 970
349248 th address 7758658 hit on id: 687
349325 th address 7761d83 hit on id: 504
349589 th address 7761dce hit on id: 304
349729 th address 7761df5 hit on id: 139
349788 th address 7761e06 hit on id: 119
349824 th address 7761e11 hit on id: 868
349901 th address 7761e26 hit on id: 970
IR ORAM executed 350000 inst
350210 th address 7761e7a hit on id: 584
350229 th address 7761e7f hit on id: 851
350237 th address 7761e81 hit on id: 859
350269 th address 7761e8a hit on id: 7
350337 th address 7761e9e hit on id: 15
350382 th address 7761eaa hit on id: 336
350540 th address 7761ed8 hit on id: 75
350629 th address 7761ef2 hit on id: 499
350630 th address 775871b hit on id: 311
350825 th address 7761f29 hit on id: 341
350939 th address 7761f49 hit on id: 87
350974 th address 7761f4f hit on id: 277
351073 th address 7761f6c hit on id: 460
351085 th address 7761f6f hit on id: 231
351281 th address 7761fa7 hit on id: 429
351623 th address 776200c hit on id: 499
351766 th address 7762035 hit on id: 503
352097 th address 7762096 hit on id: 821
352326 th address 77620da hit on id: 1006
352332 th address 77620dd hit on id: 842
352392 th address 77620f1 hit on id: 204
352600 th address 776212e hit on id: 658
352606 th address 776212f hit on id: 119
352671 th address 7762142 hit on id: 119
352702 th address 776214c hit on id: 760
352817 th address 7762170 hit on id: 955
352981 th address 7762199 hit on id: 94
353021 th address 77621a7 hit on id: 97
353097 th address 77621bd hit on id: 658
353217 th address 77621dd hit on id: 227
353439 th address 7762215 hit on id: 122
353544 th address 776222f hit on id: 35
353709 th address 7762259 hit on id: 906
353726 th address 776225d hit on id: 51
353945 th address 7762294 hit on id: 993
354016 th address 77622a7 hit on id: 922
354067 th address 77622b4 hit on id: 868
354193 th address 77622d3 hit on id: 224
354202 th address 77622d6 hit on id: 59
354340 th address 77622f9 hit on id: 183
354359 th address 7753c32 hit on id: 644
354370 th address 7762300 hit on id: 422
354371 th address 7762301 hit on id: 510
354543 th address 776232b hit on id: 105
354679 th address 776234d hit on id: 1016
354693 th address 775894a hit on id: 957
354826 th address 7762373 hit on id: 335
354903 th address 7762386 hit on id: 786
355012 th address 77623a3 hit on id: 421
355050 th address 77623aa hit on id: 176
355110 th address 775897f hit on id: 628
355143 th address 77623c2 hit on id: 105
355169 th address 77623c9 hit on id: 785
355212 th address 77623d4 hit on id: 332
355336 th address 775899c hit on id: 817
355368 th address 77589a0 hit on id: 648
355406 th address 7762405 hit on id: 153
356095 th address 77624b2 hit on id: 40
356179 th address 77624c7 hit on id: 795
356182 th address 77624c8 hit on id: 263
356339 th address 77624ef hit on id: 448
356519 th address 776251e hit on id: 674
356715 th address 776254e hit on id: 532
356762 th address 776255a hit on id: 45
356991 th address 7762594 hit on id: 459
357358 th address 77625f0 hit on id: 294
357455 th address 7762609 hit on id: 373
357659 th address 776263d hit on id: 59
357740 th address 7762652 hit on id: 538
357797 th address 7762661 hit on id: 717
357981 th address 776268f hit on id: 78
358013 th address 7762697 hit on id: 395
358029 th address 776269b hit on id: 393
358171 th address 77626c3 hit on id: 872
358205 th address 77626ce hit on id: 654
358226 th address 77626d3 hit on id: 567
358398 th address 7762705 hit on id: 154
358402 th address 7762706 hit on id: 64
358644 th address 7762750 hit on id: 408
358660 th address 7762754 hit on id: 840
359045 th address 77627bf hit on id: 410
359046 th address 77627c0 hit on id: 876
359075 th address 77627c8 hit on id: 557
359247 th address 77627f7 hit on id: 700
359408 th address 7758bb1 hit on id: 533
359488 th address 7762833 hit on id: 75
359640 th address 776285b hit on id: 256
359805 th address 7762887 hit on id: 730
359843 th address 7762890 hit on id: 316
IR ORAM executed 360000 inst
360064 th address 7758c08 hit on id: 537
360124 th address 77628dd hit on id: 222
360486 th address 776293d hit on id: 1002
360516 th address 7762945 hit on id: 994
360551 th address 776294f hit on id: 481
360910 th address 7758c79 hit on id: 725
360921 th address 77629b1 hit on id: 211
360942 th address 7758c7d hit on id: 767
360974 th address 77629bf hit on id: 987
361076 th address 77629dc hit on id: 897
361325 th address 7762a21 hit on id: 240
361401 th address 7762a35 hit on id: 670
361576 th address 7762a66 hit on id: 555
361886 th address 7758cfe hit on id: 685
361902 th address 7762abd hit on id: 162
362167 th address 7762b05 hit on id: 419
362294 th address 7762b27 hit on id: 886
362326 th address 7758d3a hit on id: 907
362363 th address 7762b3c hit on id: 37
362384 th address 7762b41 hit on id: 372
362425 th address 7762b4c hit on id: 396
362515 th address 7762b65 hit on id: 100
362526 th address 7762b69 hit on id: 717
362559 th address 7762b72 hit on id: 62
362777 th address 7762bae hit on id: 163
362874 th address 7762bc9 hit on id: 113
362882 th address 7762bcb hit on id: 705
362883 th address 7758d88 hit on id: 710
362890 th address 7762bce hit on id: 336
362987 th address 7762be9 hit on id: 331
363278 th address 7762c38 hit on id: 373
363357 th address 7762c4c hit on id: 396
363738 th address 7762cb4 hit on id: 587
363739 th address 7762cb5 hit on id: 477
363832 th address 7762ccd hit on id: 604
363919 th address 7762ce2 hit on id: 126
364110 th address 7762d13 hit on id: 222
364225 th address 7758e3a hit on id: 629
364520 th address 7762d7d hit on id: 633
364627 th address 7762d99 hit on id: 341
364706 th address 7758e79 hit on id: 375
365160 th address 7762e28 hit on id: 31
365430 th address 7762e71 hit on id: 737
365556 th address 7762e8f hit on id: 45
365716 th address 7762eb8 hit on id: 127
365858 th address 7762edb hit on id: 45
366110 th address 7762f1a hit on id: 317
366182 th address 7762f2c hit on id: 415
366233 th address 7762f38 hit on id: 162
366560 th address 7753f56 hit on id: 823
366718 th address 7762fb2 hit on id: 357
366785 th address 7762fc2 hit on id: 866
367153 th address 776301f hit on id: 277
367314 th address 7763047 hit on id: 430
367398 th address 7758fd0 hit on id: 754
367433 th address 7763064 hit on id: 339
367472 th address 776306e hit on id: 256
367550 th address 7753f93 hit on id: 852
367632 th address 7758fed hit on id: 771
367901 th address 77630d9 hit on id: 906
367968 th address 77630ea hit on id: 664
368012 th address 77630f5 hit on id: 483
368060 th address 7763102 hit on id: 283
368228 th address 776312b hit on id: 398
368457 th address 7763165 hit on id: 380
368549 th address 776317b hit on id: 105
368698 th address 77631a1 hit on id: 450
368701 th address 77631a2 hit on id: 393
369783 th address 77632b1 hit on id: 484
369816 th address 77632b9 hit on id: 521
369923 th address 77632d4 hit on id: 124
IR ORAM executed 370000 inst
370314 th address 7763335 hit on id: 153
370579 th address 775915e hit on id: 679
370659 th address 7759168 hit on id: 850
371111 th address 77591a0 hit on id: 542
371115 th address 77633fe hit on id: 913
371498 th address 776345e hit on id: 559
371551 th address 776346b hit on id: 72
371580 th address 7763473 hit on id: 167
371634 th address 7763481 hit on id: 51
371995 th address 77634dd hit on id: 419
372110 th address 77634fb hit on id: 361
372333 th address 7763532 hit on id: 233
372761 th address 776359d hit on id: 208
372866 th address 77635b6 hit on id: 269
373169 th address 7763604 hit on id: 138
373216 th address 776360f hit on id: 988
373317 th address 7763628 hit on id: 100
373406 th address 7763641 hit on id: 231
373412 th address 7763642 hit on id: 990
373704 th address 776368d hit on id: 124
373736 th address 7763696 hit on id: 145
373748 th address 77592ee hit on id: 486
374049 th address 77636e8 hit on id: 621
374406 th address 7763745 hit on id: 162
374543 th address 7763769 hit on id: 231
374551 th address 776376b hit on id: 159
374613 th address 776377b hit on id: 159
374917 th address 7759386 hit on id: 637
375068 th address 77637f0 hit on id: 341
375120 th address 77637fd hit on id: 1021
375162 th address 7763806 hit on id: 459
375389 th address 7763841 hit on id: 598
375471 th address 7763858 hit on id: 349
375485 th address 776385a hit on id: 777
375513 th address 7763862 hit on id: 990
375772 th address 77593f4 hit on id: 647
375787 th address 77638a8 hit on id: 94
376509 th address 7759456 hit on id: 541
376807 th address 775947e hit on id: 672
376885 th address 77639cb hit on id: 479
377062 th address 77639fa hit on id: 393
377172 th address 7763a18 hit on id: 384
377274 th address 7763a34 hit on id: 1003
377310 th address 7763a3f hit on id: 641
377440 th address 7763a63 hit on id: 76
377682 th address 77594f1 hit on id: 968
377722 th address 7763aa8 hit on id: 902
377808 th address 7763abe hit on id: 678
377890 th address 775950b hit on id: 690
377950 th address 7763ae4 hit on id: 615
378002 th address 7763af3 hit on id: 442
378037 th address 7763afb hit on id: 995
378235 th address 7759539 hit on id: 722
378318 th address 7763b43 hit on id: 785
378666 th address 7763b9f hit on id: 547
378705 th address 7759576 hit on id: 685
379028 th address 7763bfb hit on id: 469
379194 th address 7763c26 hit on id: 993
379505 th address 7763c74 hit on id: 183
379551 th address 7763c80 hit on id: 388
379555 th address 7763c81 hit on id: 999
379645 th address 7763c97 hit on id: 420
379741 th address 7763cb0 hit on id: 286
379864 th address 7763cd0 hit on id: 499
IR ORAM executed 380000 inst
380149 th address 7763d16 hit on id: 92
380666 th address 7763d98 hit on id: 196
380754 th address 7759679 hit on id: 600
380830 th address 7763dc2 hit on id: 987
380895 th address 7763dd2 hit on id: 663
381150 th address 7763e14 hit on id: 159
381400 th address 7763e52 hit on id: 267
381449 th address 77596d1 hit on id: 1017
381503 th address 77596d8 hit on id: 944
381577 th address 7763e7e hit on id: 190
381816 th address 7763eba hit on id: 722
381971 th address 7763ee0 hit on id: 497
382061 th address 7763ef7 hit on id: 442
382174 th address 7763f14 hit on id: 224
382194 th address 7763f19 hit on id: 695
382317 th address 7763f38 hit on id: 305
382374 th address 7763f46 hit on id: 587
382565 th address 775975c hit on id: 704
382572 th address 7763f77 hit on id: 258
383661 th address 7764087 hit on id: 255
383787 th address 77640a7 hit on id: 994
383958 th address 77640d3 hit on id: 331
383998 th address 77640df hit on id: 811
384192 th address 7764116 hit on id: 405
384260 th address 7764126 hit on id: 264
384288 th address 776412d hit on id: 843
384347 th address 776413f hit on id: 782
384921 th address 77641d2 hit on id: 118
384930 th address 77641d4 hit on id: 670
384974 th address 77641e0 hit on id: 941
385017 th address 77641ea hit on id: 620
385135 th address 7764208 hit on id: 170
385270 th address 776422a hit on id: 954
385564 th address 7764274 hit on id: 931
385726 th address 77598f0 hit on id: 852
385900 th address 77642c7 hit on id: 294
385901 th address 7759906 hit on id: 734
386018 th address 7759916 hit on id: 351
386502 th address 7764370 hit on id: 894
386514 th address 7764373 hit on id: 953
386583 th address 7764383 hit on id: 620
386838 th address 7759986 hit on id: 751
386952 th address 77643e7 hit on id: 717
387125 th address 7754479 hit on id: 660
387147 th address 7764420 hit on id: 512
387520 th address 7764484 hit on id: 880
387727 th address 77644be hit on id: 510
387735 th address 77644c0 hit on id: 868
388375 th address 7764571 hit on id: 531
388559 th address 77645a5 hit on id: 282
388867 th address 77645fe hit on id: 120
389068 th address 7764638 hit on id: 237
389347 th address 7764684 hit on id: 156
389540 th address 77646b6 hit on id: 259
389627 th address 77646d0 hit on id: 428
389798 th address 7764702 hit on id: 536
389972 th address 7764731 hit on id: 401
IR ORAM executed 390000 inst
390137 th address 776475f hit on id: 787
390188 th address 776476c hit on id: 64
390462 th address 77647bd hit on id: 72
390785 th address 7764813 hit on id: 524
390796 th address 7764816 hit on id: 346
390800 th address 7764817 hit on id: 156
390842 th address 7764824 hit on id: 356
391540 th address 77648da hit on id: 212
391735 th address 776490d hit on id: 909
391900 th address 7759c3e hit on id: 297
392016 th address 7764959 hit on id: 388
392049 th address 7764961 hit on id: 816
392212 th address 776498b hit on id: 48
392276 th address 7759c70 hit on id: 647
392530 th address 77649de hit on id: 748
393291 th address 7764aa2 hit on id: 48
393319 th address 7764aa9 hit on id: 854
393421 th address 7764ac2 hit on id: 233
393527 th address 7764ae0 hit on id: 670
393553 th address 7759d15 hit on id: 594
393899 th address 7764b42 hit on id: 237
394102 th address 7764b76 hit on id: 356
394193 th address 7764b8d hit on id: 255
394268 th address 7764ba1 hit on id: 868
394544 th address 7759d97 hit on id: 408
394597 th address 7764bf7 hit on id: 257
395676 th address 7764d10 hit on id: 872
395687 th address 7764d13 hit on id: 952
395714 th address 7764d1b hit on id: 863
395754 th address 7764d26 hit on id: 317
395801 th address 7764d34 hit on id: 865
395923 th address 7764d56 hit on id: 971
395982 th address 7764d64 hit on id: 421
396010 th address 7759e58 hit on id: 350
396624 th address 7764e18 hit on id: 186
396809 th address 7764e4f hit on id: 221
396845 th address 7764e5b hit on id: 349
397391 th address 7759f14 hit on id: 727
397565 th address 7764f10 hit on id: 420
397692 th address 7764f2f hit on id: 951
397732 th address 7764f39 hit on id: 48
397919 th address 7764f69 hit on id: 145
398155 th address 7764fa3 hit on id: 858
398278 th address 7764fc2 hit on id: 250
398346 th address 7764fd2 hit on id: 1020
398598 th address 7765011 hit on id: 196
398746 th address 7765037 hit on id: 374
398759 th address 7759fbf hit on id: 710
398804 th address 7759fc5 hit on id: 819
399360 th address 77650d0 hit on id: 999
399674 th address 776511e hit on id: 804
IR ORAM executed 400000 inst
400127 th address 7765190 hit on id: 952
400170 th address 776519b hit on id: 990
400197 th address 77651a2 hit on id: 356
400695 th address 775a0b1 hit on id: 701
400855 th address 7765246 hit on id: 307
401778 th address 776532d hit on id: 15
401921 th address 7765351 hit on id: 430
401926 th address 775a14b hit on id: 734
402762 th address 775a1b6 hit on id: 364
402805 th address 7765434 hit on id: 586
403024 th address 7765470 hit on id: 292
403081 th address 776547d hit on id: 939
403209 th address 77654a1 hit on id: 644
403289 th address 77654b7 hit on id: 487
403628 th address 7765512 hit on id: 103
403633 th address 7765513 hit on id: 554
404107 th address 7765592 hit on id: 815
404351 th address 77655d4 hit on id: 225
404880 th address 7765662 hit on id: 982
405356 th address 77656df hit on id: 221
405877 th address 776576d hit on id: 714
406011 th address 776578f hit on id: 433
406141 th address 77657b2 hit on id: 816
407624 th address 7765931 hit on id: 507
407701 th address 775a445 hit on id: 607
407838 th address 7765969 hit on id: 525
408284 th address 77659d4 hit on id: 842
408692 th address 7765a3b hit on id: 636
408763 th address 7765a4e hit on id: 490
408794 th address 7751ca5 hit on id: 948
408887 th address 7765a73 hit on id: 255
408945 th address 7765a81 hit on id: 592
409137 th address 7765ab1 hit on id: 490
409649 th address 7765b2d hit on id: 599
409905 th address 775a55e hit on id: 873
IR ORAM executed 410000 inst
410342 th address 7765bdb hit on id: 540
410401 th address 7765be9 hit on id: 228
410557 th address 775a5aa hit on id: 662
410681 th address 7765c30 hit on id: 1020
410751 th address 7765c41 hit on id: 517
410755 th address 775a5c3 hit on id: 174
410801 th address 775a5c9 hit on id: 544
410855 th address 7765c5b hit on id: 263
411924 th address 7765d67 hit on id: 368
412001 th address 7765d7a hit on id: 487
412365 th address 775a68d hit on id: 713
412874 th address 7765e54 hit on id: 167
414278 th address 7754b60 hit on id: 829
414360 th address 7765fc8 hit on id: 960
414717 th address 7766022 hit on id: 254
415514 th address 77660ea hit on id: 545
415676 th address 7766112 hit on id: 360
416068 th address 7766173 hit on id: 635
416098 th address 776617a hit on id: 960
416292 th address 77661b1 hit on id: 850
416350 th address 77661ba hit on id: 837
416373 th address 77661c0 hit on id: 464
416556 th address 77661f3 hit on id: 196
417115 th address 775a8dd hit on id: 690
417668 th address 7766301 hit on id: 163
417730 th address 7766311 hit on id: 1016
417868 th address 7766333 hit on id: 353
418845 th address 7766428 hit on id: 903
419181 th address 776647c hit on id: 31
419521 th address 77664d0 hit on id: 465
419557 th address 77664d9 hit on id: 567
419570 th address 77664dd hit on id: 842
419621 th address 77664e9 hit on id: 421
419785 th address 7766513 hit on id: 249
419913 th address 7766533 hit on id: 75
IR ORAM executed 420000 inst
420454 th address 77665ba hit on id: 348
420513 th address 77665c9 hit on id: 150
420830 th address 775aaae hit on id: 446
420866 th address 775aab3 hit on id: 906
420886 th address 7766626 hit on id: 432
420887 th address 7766627 hit on id: 150
420969 th address 776663b hit on id: 317
421044 th address 776664e hit on id: 402
421284 th address 776668a hit on id: 165
421352 th address 776669b hit on id: 838
421373 th address 77666a0 hit on id: 928
421391 th address 77666a5 hit on id: 183
421718 th address 77666f8 hit on id: 932
421726 th address 77666fa hit on id: 632
422101 th address 776675b hit on id: 300
422275 th address 7766789 hit on id: 899
422342 th address 776679b hit on id: 485
422471 th address 77667bd hit on id: 787
422514 th address 77667c8 hit on id: 261
422736 th address 7766809 hit on id: 487
423032 th address 776685d hit on id: 486
423789 th address 775ac34 hit on id: 923
423834 th address 775ac3a hit on id: 686
424135 th address 776697b hit on id: 383
424802 th address 7766a23 hit on id: 212
424946 th address 775acc5 hit on id: 979
425725 th address 775ad26 hit on id: 957
425927 th address 7766b3c hit on id: 146
426774 th address 7766c10 hit on id: 529
426853 th address 7766c23 hit on id: 538
427000 th address 7766c48 hit on id: 225
427093 th address 775add1 hit on id: 661
427311 th address 7766c96 hit on id: 747
427652 th address 7766ceb hit on id: 327
427792 th address 7766d0e hit on id: 951
427909 th address 775ae38 hit on id: 297
428307 th address 7750729 hit on id: 729
428314 th address 7766d90 hit on id: 315
428828 th address 775aeaa hit on id: 675
429758 th address 7766f13 hit on id: 317
429880 th address 775af3e hit on id: 983
IR ORAM executed 430000 inst
430687 th address 776700e hit on id: 529
430787 th address 7767027 hit on id: 308
430808 th address 776702c hit on id: 946
430892 th address 7767041 hit on id: 262
431140 th address 7754f93 hit on id: 623
431181 th address 775afe7 hit on id: 253
431197 th address 775afe9 hit on id: 852
431260 th address 775aff1 hit on id: 551
431295 th address 77670a6 hit on id: 497
431829 th address 775b038 hit on id: 801
432180 th address 7767184 hit on id: 368
432252 th address 7767196 hit on id: 239
432315 th address 77671a5 hit on id: 631
432958 th address 7767248 hit on id: 512
433040 th address 775b0cf hit on id: 960
433708 th address 7767304 hit on id: 141
433765 th address 7767312 hit on id: 902
433856 th address 7767329 hit on id: 225
434114 th address 776736b hit on id: 202
434244 th address 775b167 hit on id: 551
434513 th address 77673ce hit on id: 78
434647 th address 77673f0 hit on id: 604
435377 th address 77674a6 hit on id: 407
435418 th address 77674b0 hit on id: 386
436390 th address 775b274 hit on id: 205
436918 th address 776762d hit on id: 787
437742 th address 7767703 hit on id: 383
437956 th address 775b341 hit on id: 541
438043 th address 775b34b hit on id: 848
438106 th address 7767764 hit on id: 866
438182 th address 7767777 hit on id: 353
438414 th address 77677b3 hit on id: 258
438666 th address 77677f2 hit on id: 721
438967 th address 7767843 hit on id: 743
439820 th address 7767933 hit on id: 130
439935 th address 7767954 hit on id: 598
IR ORAM executed 440000 inst
440171 th address 7767999 hit on id: 691
440330 th address 77679c5 hit on id: 360
440396 th address 77679db hit on id: 709
440521 th address 77679fb hit on id: 151
440539 th address 7767a01 hit on id: 468
440613 th address 7767a18 hit on id: 239
440970 th address 7767a7f hit on id: 902
441158 th address 7767aaa hit on id: 97
441165 th address 7767aac hit on id: 163
441220 th address 775b500 hit on id: 907
441313 th address 7767ad7 hit on id: 430
441611 th address 7767b29 hit on id: 319
441652 th address 7767b34 hit on id: 537
442031 th address 7767ba3 hit on id: 150
442151 th address 775b584 hit on id: 907
442531 th address 7767c2b hit on id: 859
442814 th address 7767c7c hit on id: 433
442927 th address 775b5f0 hit on id: 498
443088 th address 7767cc7 hit on id: 443
443156 th address 7767cd8 hit on id: 323
443399 th address 7767d15 hit on id: 34
443532 th address 7767d37 hit on id: 999
443906 th address 7767d94 hit on id: 537
444285 th address 7767df3 hit on id: 110
444747 th address 7767e67 hit on id: 271
446149 th address 7767fc5 hit on id: 621
446283 th address 7767fe7 hit on id: 755
446503 th address 775b7b1 hit on id: 773
446682 th address 776804b hit on id: 233
446710 th address 775b7cb hit on id: 930
447361 th address 77680f5 hit on id: 209
448501 th address 775b8ab hit on id: 734
449042 th address 775b8ee hit on id: 746
449117 th address 77682ac hit on id: 191
449236 th address 77682ca hit on id: 150
IR ORAM executed 450000 inst
450459 th address 775b9ad hit on id: 856
450498 th address 7768421 hit on id: 35
450695 th address 77521e5 hit on id: 534
450800 th address 7768470 hit on id: 656
451068 th address 77684b5 hit on id: 391
451924 th address 7768591 hit on id: 141
452343 th address 77554f2 hit on id: 498
453148 th address 77686ca hit on id: 32
453279 th address 77686ec hit on id: 291
453400 th address 776870b hit on id: 846
454495 th address 775bbb9 hit on id: 623
454901 th address 775bbee hit on id: 699
454920 th address 776889c hit on id: 915
454991 th address 775bbf9 hit on id: 460
456005 th address 77689bd hit on id: 310
456059 th address 77689cb hit on id: 37
456190 th address 77689ee hit on id: 937
456262 th address 7768a06 hit on id: 561
456422 th address 7768a36 hit on id: 905
456439 th address 7768a3c hit on id: 66
456481 th address 775bcc3 hit on id: 1015
456927 th address 7768ac7 hit on id: 905
457051 th address 775bd19 hit on id: 597
457213 th address 7768b21 hit on id: 301
457937 th address 7768bee hit on id: 931
458418 th address 7768c73 hit on id: 97
459772 th address 7768dd4 hit on id: 269
459923 th address 7768dfa hit on id: 536
IR ORAM executed 460000 inst
460213 th address 7768e46 hit on id: 929
460434 th address 7768e82 hit on id: 32
461075 th address 7768f2c hit on id: 232
462190 th address 7769051 hit on id: 961
462252 th address 7769060 hit on id: 468
462424 th address 776908e hit on id: 301
463560 th address 775c07f hit on id: 507
464145 th address 776925a hit on id: 785
464329 th address 7769290 hit on id: 231
464962 th address 776933d hit on id: 444
465070 th address 776935d hit on id: 801
465968 th address 7769467 hit on id: 963
467596 th address 7769650 hit on id: 928
468172 th address 77696fd hit on id: 814
468320 th address 776972d hit on id: 971
468451 th address 7769755 hit on id: 59
468677 th address 776979f hit on id: 566
468696 th address 77697a0 hit on id: 319
468954 th address 77697f4 hit on id: 393
469229 th address 7769846 hit on id: 164
IR ORAM executed 470000 inst
470038 th address 776992d hit on id: 383
470297 th address 7769975 hit on id: 446
471051 th address 7769a52 hit on id: 391
471705 th address 7769b0e hit on id: 540
471836 th address 7769b29 hit on id: 715
471860 th address 7769b30 hit on id: 169
471997 th address 7769b5c hit on id: 380
472061 th address 775c55a hit on id: 704
472222 th address 7769b9b hit on id: 122
472772 th address 7769c38 hit on id: 532
473062 th address 7769c8a hit on id: 508
473204 th address 7769cac hit on id: 424
473963 th address 7769d6f hit on id: 446
474025 th address 7769d7f hit on id: 508
474401 th address 7769de1 hit on id: 607
474612 th address 7769e15 hit on id: 180
474783 th address 7769e41 hit on id: 523
474827 th address 775c6c8 hit on id: 690
475017 th address 7769e7c hit on id: 501
475081 th address 7769e8c hit on id: 663
475341 th address 775c708 hit on id: 672
475849 th address 7769f4d hit on id: 568
476314 th address 7769fc3 hit on id: 15
476921 th address 775c7d1 hit on id: 856
476933 th address 776a061 hit on id: 196
477480 th address 776a0ea hit on id: 741
477610 th address 7755bb6 hit on id: 545
479127 th address 775c8e8 hit on id: 361
479646 th address 776a30f hit on id: 853
IR ORAM executed 480000 inst
480013 th address 776a36a hit on id: 459
480184 th address 776a395 hit on id: 835
482759 th address 776a634 hit on id: 314
483125 th address 776a699 hit on id: 329
483592 th address 776a722 hit on id: 785
483797 th address 776a759 hit on id: 938
483909 th address 776a779 hit on id: 464
484045 th address 776a7a0 hit on id: 43
484250 th address 776a7d8 hit on id: 659
484286 th address 776a7e2 hit on id: 300
484333 th address 776a7f0 hit on id: 1004
484515 th address 776a81d hit on id: 1003
484819 th address 776a86a hit on id: 54
485883 th address 775cc60 hit on id: 826
485923 th address 776a987 hit on id: 74
485992 th address 776a99a hit on id: 752
486060 th address 776a9ae hit on id: 88
486141 th address 776a9c4 hit on id: 34
486686 th address 776aa55 hit on id: 283
486762 th address 776aa6a hit on id: 527
487310 th address 776aaf9 hit on id: 526
487464 th address 775cd33 hit on id: 848
487943 th address 776aba2 hit on id: 815
488364 th address 776ac12 hit on id: 982
488663 th address 776ac63 hit on id: 436
488890 th address 776aca5 hit on id: 947
488933 th address 776acb1 hit on id: 809
488974 th address 776acbc hit on id: 360
489126 th address 776ace6 hit on id: 497
489366 th address 776ad26 hit on id: 938
IR ORAM executed 490000 inst
490546 th address 776ae6a hit on id: 948
490744 th address 776aea2 hit on id: 88
491271 th address 776af33 hit on id: 590
491664 th address 776af9c hit on id: 261
491737 th address 776afae hit on id: 300
491858 th address 776afd3 hit on id: 71
492593 th address 776b0a8 hit on id: 545
492619 th address 776b0af hit on id: 132
492654 th address 776b0b8 hit on id: 636
492868 th address 776b0f6 hit on id: 728
493046 th address 775d033 hit on id: 408
493762 th address 776b1d9 hit on id: 190
494228 th address 776b250 hit on id: 346
495613 th address 776b3ab hit on id: 1012
496016 th address 776b411 hit on id: 115
496034 th address 776b415 hit on id: 115
496466 th address 776b481 hit on id: 139
497245 th address 776b544 hit on id: 32
497273 th address 77560c6 hit on id: 934
497340 th address 776b55c hit on id: 435
497439 th address 776b574 hit on id: 212
498130 th address 776b622 hit on id: 391
498171 th address 775d2b8 hit on id: 983
498281 th address 776b648 hit on id: 286
499121 th address 776b719 hit on id: 32
499239 th address 776b736 hit on id: 217
499350 th address 776b752 hit on id: 590
499854 th address 776b7d0 hit on id: 455
499893 th address 776b7da hit on id: 713
IR ORAM executed 500000 inst
500133 th address 775285e hit on id: 498
501583 th address 776b9a2 hit on id: 822
501832 th address 776b9e0 hit on id: 236
502403 th address 775d4da hit on id: 296
502445 th address 775d4df hit on id: 432
502469 th address 776ba80 hit on id: 71
502962 th address 775d51f hit on id: 629
503360 th address 776bb5f hit on id: 945
503541 th address 776bb8b hit on id: 155
503860 th address 776bbdb hit on id: 536
504060 th address 775d5a9 hit on id: 675
504157 th address 775d5b5 hit on id: 167
504170 th address 776bc29 hit on id: 466
504589 th address 775d5eb hit on id: 686
506441 th address 776be61 hit on id: 144
506700 th address 776bea2 hit on id: 1021
508366 th address 776c043 hit on id: 402
508471 th address 776c05d hit on id: 282
508476 th address 775638a hit on id: 876
508480 th address 776c05f hit on id: 612
508667 th address 776c08e hit on id: 799
508813 th address 776c0b3 hit on id: 217
509099 th address 776c102 hit on id: 236
509309 th address 776c13d hit on id: 605
509388 th address 776c153 hit on id: 622
509844 th address 776c1d1 hit on id: 532
IR ORAM executed 510000 inst
510096 th address 776c21d hit on id: 598
510237 th address 775d8c1 hit on id: 727
510407 th address 776c270 hit on id: 805
510975 th address 776c306 hit on id: 464
511109 th address 776c32d hit on id: 474
511989 th address 776c416 hit on id: 784
512041 th address 775d9b5 hit on id: 652
512343 th address 776c477 hit on id: 840
512409 th address 776c48b hit on id: 321
512541 th address 776c4b1 hit on id: 379
513251 th address 775da59 hit on id: 998
513461 th address 776c5a4 hit on id: 932
513715 th address 776c5e7 hit on id: 690
513926 th address 775dab2 hit on id: 977
514192 th address 776c665 hit on id: 933
514777 th address 776c6e9 hit on id: 790
515016 th address 776c727 hit on id: 146
515077 th address 776c737 hit on id: 714
515282 th address 776c760 hit on id: 427
515436 th address 776c788 hit on id: 536
515450 th address 775db68 hit on id: 668
518246 th address 775dcd7 hit on id: 507
519217 th address 776cb64 hit on id: 714
IR ORAM executed 520000 inst
520145 th address 776cc5d hit on id: 368
520177 th address 776cc67 hit on id: 989
520628 th address 776ccd2 hit on id: 690
520648 th address 776ccd9 hit on id: 321
520876 th address 776cd1f hit on id: 548
522713 th address 775df1c hit on id: 897
523511 th address 776cfc4 hit on id: 399
523872 th address 776d01f hit on id: 376
524170 th address 776d06a hit on id: 397
524308 th address 776d08d hit on id: 477
524431 th address 776d0ad hit on id: 366
525299 th address 776d18a hit on id: 165
525605 th address 776d1d7 hit on id: 706
526861 th address 775e12b hit on id: 311
527289 th address 776d37e hit on id: 212
527483 th address 776d3ae hit on id: 94
528261 th address 775688f hit on id: 980
528400 th address 776d493 hit on id: 819
528430 th address 776d49b hit on id: 1010
528574 th address 776d4bf hit on id: 497
528921 th address 775e22e hit on id: 645
529152 th address 776d550 hit on id: 182
529239 th address 776d567 hit on id: 173
529274 th address 775e25a hit on id: 936
529693 th address 775e28e hit on id: 492
529827 th address 776d5f9 hit on id: 180
529863 th address 776d602 hit on id: 995
529952 th address 776d619 hit on id: 819
IR ORAM executed 530000 inst
530123 th address 776d643 hit on id: 190
530338 th address 776d67a hit on id: 497
530908 th address 776d708 hit on id: 203
530993 th address 776d71e hit on id: 817
531880 th address 776d802 hit on id: 115
531931 th address 776d80f hit on id: 643
532467 th address 775699a hit on id: 787
532753 th address 775e418 hit on id: 266
532781 th address 776d8f1 hit on id: 310
533604 th address 776d9cb hit on id: 843
533927 th address 776da1c hit on id: 843
534157 th address 776da55 hit on id: 384
535463 th address 776db9b hit on id: 663
535603 th address 776dbbe hit on id: 441
535934 th address 776dc12 hit on id: 548
536586 th address 776dcb5 hit on id: 612
537205 th address 776dd50 hit on id: 899
537786 th address 775e699 hit on id: 351
538266 th address 776de72 hit on id: 955
538381 th address 776de92 hit on id: 133
538911 th address 775e733 hit on id: 148
539242 th address 776df7e hit on id: 927
IR ORAM executed 540000 inst
540190 th address 776e083 hit on id: 865
540681 th address 776e10b hit on id: 473
540909 th address 776e149 hit on id: 273
541839 th address 776e25d hit on id: 198
541892 th address 776e26b hit on id: 548
542432 th address 776e30d hit on id: 581
542610 th address 776e342 hit on id: 408
542723 th address 776e366 hit on id: 130
543682 th address 776e479 hit on id: 799
544150 th address 776e4fd hit on id: 295
546769 th address 776e55e hit on id: 293
547291 th address 776e5fd hit on id: 816
547478 th address 776e62c hit on id: 791
548538 th address 776e737 hit on id: 1021
549287 th address 776e7f7 hit on id: 408
IR ORAM executed 550000 inst
550300 th address 776e8fb hit on id: 911
550327 th address 776e902 hit on id: 236
550332 th address 776e903 hit on id: 513
550421 th address 776e919 hit on id: 227
550762 th address 776e970 hit on id: 995
551545 th address 776ea39 hit on id: 465
552562 th address 7756e42 hit on id: 895
552948 th address 776eba2 hit on id: 528
553071 th address 776ebc2 hit on id: 238
553699 th address 776ec62 hit on id: 173
553907 th address 776ec97 hit on id: 460
554195 th address 775ee12 hit on id: 907
555178 th address 775ee8b hit on id: 727
555551 th address 775eeba hit on id: 392
555761 th address 776ee65 hit on id: 434
556108 th address 775ef04 hit on id: 492
556241 th address 776eeea hit on id: 423
556307 th address 776eefd hit on id: 94
556981 th address 776efb5 hit on id: 995
557751 th address 776f088 hit on id: 306
557814 th address 775efed hit on id: 1015
557990 th address 776f0cd hit on id: 908
558206 th address 776f103 hit on id: 928
558283 th address 776f117 hit on id: 815
558765 th address 775f06a hit on id: 278
IR ORAM executed 560000 inst
560062 th address 776f2d4 hit on id: 472
560660 th address 775f157 hit on id: 917
560982 th address 775f17f hit on id: 746
562411 th address 776f524 hit on id: 591
563044 th address 776f5c4 hit on id: 366
563305 th address 776f606 hit on id: 288
564434 th address 776f724 hit on id: 173
564587 th address 775f347 hit on id: 692
565159 th address 776f7da hit on id: 819
566372 th address 776f90e hit on id: 844
566583 th address 775f449 hit on id: 977
566770 th address 776f97c hit on id: 366
568030 th address 776fae8 hit on id: 646
568208 th address 775f530 hit on id: 984
569260 th address 775f5bf hit on id: 826
569339 th address 776fc52 hit on id: 448
569685 th address 775f5fb hit on id: 675
569785 th address 776fccb hit on id: 510
IR ORAM executed 570000 inst
570257 th address 775f644 hit on id: 876
570507 th address 776fd88 hit on id: 22
572298 th address 775f74c hit on id: 831
572545 th address 776ff98 hit on id: 225
573635 th address 775f7fb hit on id: 563
574958 th address 7770204 hit on id: 441
576055 th address 775f931 hit on id: 611
576521 th address 775f96f hit on id: 259
577187 th address 7770447 hit on id: 1010
577207 th address 777044d hit on id: 220
577822 th address 775fa16 hit on id: 941
578710 th address 77705c9 hit on id: 331
579149 th address 7770637 hit on id: 766
IR ORAM executed 580000 inst
580019 th address 775fb30 hit on id: 933
580679 th address 77707d8 hit on id: 66
581525 th address 77708b6 hit on id: 262
582539 th address 77709c4 hit on id: 351
583009 th address 7770a40 hit on id: 966
584477 th address 7770bca hit on id: 91
585450 th address 7770cce hit on id: 127
585672 th address 7770d07 hit on id: 761
585676 th address 7770d08 hit on id: 387
586048 th address 775fe59 hit on id: 661
586107 th address 77576d1 hit on id: 596
586970 th address 775fed7 hit on id: 937
587013 th address 7770e73 hit on id: 208
587571 th address 775ff24 hit on id: 582
587662 th address 7770f1f hit on id: 927
587706 th address 7770f2b hit on id: 660
587958 th address 775ff57 hit on id: 961
589715 th address 777114b hit on id: 175
589776 th address 777115a hit on id: 869
589931 th address 777118d hit on id: 219
589941 th address 7771190 hit on id: 533
IR ORAM executed 590000 inst
590011 th address 77711a5 hit on id: 626
591380 th address 7771332 hit on id: 294
591789 th address 77713ac hit on id: 665
592469 th address 777147f hit on id: 333
596937 th address 77577f5 hit on id: 507
IR ORAM executed 600000 inst
601426 th address 775176c hit on id: 1015
601606 th address 77517d6 hit on id: 851
601711 th address 77592bd hit on id: 551
601715 th address 7777d28 hit on id: 533
602499 th address 7763d0b hit on id: 20
603573 th address 7759c3e hit on id: 148
604138 th address 7764be5 hit on id: 793
604694 th address 7759f14 hit on id: 363
604953 th address 7765061 hit on id: 592
604977 th address 7759f19 hit on id: 725
605893 th address 7765dd3 hit on id: 886
606197 th address 7765f9e hit on id: 345
606497 th address 776625f hit on id: 417
607097 th address 775aa0a hit on id: 1003
607170 th address 7766575 hit on id: 529
607618 th address 775ab6c hit on id: 276
608001 th address 7766903 hit on id: 492
608023 th address 777e2c9 hit on id: 444
608076 th address 776690f hit on id: 718
608462 th address 776694a hit on id: 58
608850 th address 776698d hit on id: 722
609645 th address 7766a15 hit on id: 245
IR ORAM executed 610000 inst
612116 th address 7754e5d hit on id: 596
612368 th address 775ad8a hit on id: 757
612910 th address 7766c22 hit on id: 763
613015 th address 7766c31 hit on id: 11
613951 th address 775ae0c hit on id: 223
614409 th address 7766d22 hit on id: 798
614458 th address 775ae38 hit on id: 148
615367 th address 775ae8f hit on id: 508
615798 th address 775aeb9 hit on id: 248
615810 th address 7766e2f hit on id: 723
616323 th address 775b12d hit on id: 228
617014 th address 7767ce7 hit on id: 484
617472 th address 775b758 hit on id: 990
618038 th address 775b9a9 hit on id: 201
618147 th address 77521e5 hit on id: 534
618389 th address 775ba8e hit on id: 518
619120 th address 775bbbf hit on id: 14
619275 th address 776895b hit on id: 885
IR ORAM executed 620000 inst
620179 th address 775bf01 hit on id: 610
621096 th address 776959a hit on id: 915
621543 th address 775c2d6 hit on id: 766
621615 th address 775c2ee hit on id: 502
621747 th address 77696b8 hit on id: 628
621989 th address 775c347 hit on id: 359
622450 th address 7769835 hit on id: 592
623824 th address 775c506 hit on id: 139
623918 th address 7769aee hit on id: 104
624037 th address 775c548 hit on id: 323
624866 th address 77524fc hit on id: 870
625016 th address 7769d59 hit on id: 891
625218 th address 775c686 hit on id: 83
625316 th address 775c6a7 hit on id: 99
625461 th address 7769e62 hit on id: 535
625491 th address 775c6e0 hit on id: 369
626002 th address 775c78f hit on id: 411
626099 th address 775c8fc hit on id: 37
626702 th address 775cf89 hit on id: 184
626753 th address 775cfd7 hit on id: 57
627548 th address 775de3d hit on id: 145
IR ORAM executed 630000 inst
IR ORAM executed 640000 inst
640538 th address 7762203 hit on id: 691
641445 th address 7762373 hit on id: 335
641718 th address 77623ed hit on id: 402
643887 th address 7753f45 hit on id: 977
644641 th address 7759658 hit on id: 39
645102 th address 7764bc8 hit on id: 878
649092 th address 775cd6d hit on id: 778
649225 th address 776accd hit on id: 619
649621 th address 77560c6 hit on id: 934
649623 th address 775d248 hit on id: 18
IR ORAM executed 650000 inst
650066 th address 775d739 hit on id: 917
650775 th address 7750d61 hit on id: 853
650826 th address 775e13e hit on id: 974
650851 th address 7750dbf hit on id: 695
650929 th address 7750eaf hit on id: 611
651425 th address 775765f hit on id: 539
652351 th address 775117b hit on id: 848
653235 th address 77533fa hit on id: 727
656613 th address 775377c hit on id: 907
659466 th address 7753811 hit on id: 830
659467 th address 77580de hit on id: 363
IR ORAM executed 660000 inst
661012 th address 77613cc hit on id: 189
667571 th address 77597d8 hit on id: 983
667966 th address 77649bd hit on id: 692
668170 th address 7759d9a hit on id: 719
668665 th address 77548db hit on id: 621
IR ORAM executed 670000 inst
671516 th address 7768412 hit on id: 519
673993 th address 775bb15 hit on id: 488
676917 th address 775bcb6 hit on id: 237
677066 th address 775bccc hit on id: 192
677584 th address 775bd1e hit on id: 10
679251 th address 775cc55 hit on id: 959
679301 th address 775cd51 hit on id: 915
679412 th address 775cd7b hit on id: 11
IR ORAM executed 680000 inst
680208 th address 775d63e hit on id: 431
680431 th address 7752a34 hit on id: 577
680743 th address 775dedb hit on id: 879
681145 th address 775688f hit on id: 489
681364 th address 775e2cc hit on id: 846
681507 th address 775e43b hit on id: 219
681646 th address 775ebfe hit on id: 345
681809 th address 7756e2e hit on id: 55
682335 th address 776feeb hit on id: 435
682364 th address 775f8c1 hit on id: 474
682444 th address 775fb6d hit on id: 192
683255 th address 7757668 hit on id: 367
686372 th address 775354e hit on id: 666
688296 th address 7761601 hit on id: 271
688376 th address 77582b3 hit on id: 518
689154 th address 775832a hit on id: 713
IR ORAM executed 690000 inst
691289 th address 7758479 hit on id: 85
691896 th address 77584e8 hit on id: 229
693030 th address 77594b9 hit on id: 180
693101 th address 775429b hit on id: 489
693159 th address 7759902 hit on id: 464
693234 th address 77595fa hit on id: 430
694227 th address 775a798 hit on id: 197
694508 th address 7754cd6 hit on id: 581
694584 th address 77666cf hit on id: 570
694610 th address 775ab64 hit on id: 1004
695170 th address 775b623 hit on id: 507
695712 th address 775571f hit on id: 744
695847 th address 77557c0 hit on id: 885
697714 th address 77527fa hit on id: 524
697911 th address 7752892 hit on id: 725
698089 th address 7750bf6 hit on id: 786
698161 th address 7756321 hit on id: 251
698213 th address 7756327 hit on id: 723
698376 th address 77563c4 hit on id: 366
699447 th address 7756e1b hit on id: 859
699556 th address 775ed9e hit on id: 396
IR ORAM executed 700000 inst
703463 th address 775f56c hit on id: 754
703525 th address 775f571 hit on id: 923
703558 th address 775725b hit on id: 13
708434 th address 77531c3 hit on id: 677
708527 th address 7753210 hit on id: 155
709950 th address 7758698 hit on id: 923
IR ORAM executed 710000 inst
710342 th address 7750356 hit on id: 822
711161 th address 7754421 hit on id: 134
711242 th address 77519cf hit on id: 206
711427 th address 7754520 hit on id: 854
711879 th address 7754823 hit on id: 656
712404 th address 775a741 hit on id: 233
712817 th address 775ac62 hit on id: 208
713063 th address 7752073 hit on id: 271
713305 th address 775b5df hit on id: 373
713571 th address 7752172 hit on id: 400
713626 th address 775b825 hit on id: 270
713648 th address 77553ea hit on id: 641
713668 th address 77553b2 hit on id: 111
713882 th address 77522f0 hit on id: 941
715366 th address 775c294 hit on id: 97
715521 th address 775c2b9 hit on id: 195
715663 th address 775590e hit on id: 651
715723 th address 7755915 hit on id: 669
716006 th address 7755933 hit on id: 673
716284 th address 7755959 hit on id: 940
716387 th address 7755963 hit on id: 882
716560 th address 7755978 hit on id: 1014
716669 th address 7755982 hit on id: 45
717122 th address 77559bc hit on id: 405
717526 th address 775c49d hit on id: 645
717551 th address 775c4a7 hit on id: 505
717633 th address 775c4b8 hit on id: 47
717670 th address 7755a02 hit on id: 296
717701 th address 7755a06 hit on id: 151
717765 th address 7755a0d hit on id: 336
717804 th address 7755a10 hit on id: 353
717863 th address 77524ad hit on id: 593
718005 th address 77524b6 hit on id: 448
718469 th address 7755a64 hit on id: 463
718500 th address 7755a68 hit on id: 290
718571 th address 77524da hit on id: 876
718677 th address 7755a7c hit on id: 617
719021 th address 775c600 hit on id: 1022
719084 th address 775c626 hit on id: 365
719093 th address 7755aba hit on id: 764
719145 th address 7755abf hit on id: 757
719207 th address 7755ac8 hit on id: 318
719306 th address 775250d hit on id: 239
719846 th address 775c6f4 hit on id: 602
719877 th address 7755b23 hit on id: 19
719913 th address 7752536 hit on id: 386
719949 th address 775c71a hit on id: 301
719985 th address 7755b32 hit on id: 63
IR ORAM executed 720000 inst
723060 th address 7755e34 hit on id: 691
723247 th address 7755e47 hit on id: 216
723263 th address 7755e49 hit on id: 237
724514 th address 7755ecd hit on id: 478
724515 th address 775ce58 hit on id: 191
726064 th address 7755f82 hit on id: 887
726239 th address 7750b59 hit on id: 506
727565 th address 775d140 hit on id: 676
728119 th address 775292e hit on id: 486
728136 th address 775d6fb hit on id: 149
728485 th address 7756584 hit on id: 833
728886 th address 77565b4 hit on id: 354
IR ORAM executed 730000 inst
731247 th address 77566c2 hit on id: 84
731564 th address 775de87 hit on id: 799
731675 th address 775dea0 hit on id: 474
732666 th address 775676a hit on id: 144
732667 th address 775676b hit on id: 678
732972 th address 7752b69 hit on id: 885
733321 th address 775e035 hit on id: 402
733485 th address 775e057 hit on id: 277
733886 th address 7752b9f hit on id: 605
734023 th address 775680b hit on id: 217
734093 th address 775e0e5 hit on id: 419
734380 th address 775e133 hit on id: 618
734667 th address 7756864 hit on id: 266
735372 th address 775e238 hit on id: 147
735825 th address 7752c75 hit on id: 931
735892 th address 774f70c hit on id: 832
736232 th address 775ec77 hit on id: 158
736710 th address 7757383 hit on id: 199
736781 th address 77531ae hit on id: 945
736849 th address 7753241 hit on id: 315
736960 th address 77575cf hit on id: 146
736984 th address 775fc6f hit on id: 370
737767 th address 775fd4b hit on id: 120
737997 th address 77514da hit on id: 663
738232 th address 77588f0 hit on id: 32
738795 th address 77592ac hit on id: 293
739783 th address 7759345 hit on id: 615
IR ORAM executed 740000 inst
740428 th address 7754175 hit on id: 841
742943 th address 7759511 hit on id: 153
744728 th address 7759617 hit on id: 667
744750 th address 775961b hit on id: 26
744873 th address 775962f hit on id: 108
745048 th address 7763d5b hit on id: 515
745508 th address 775969d hit on id: 817
745641 th address 77596cc hit on id: 395
746033 th address 775993d hit on id: 1018
746147 th address 7759949 hit on id: 196
746291 th address 7754456 hit on id: 959
746895 th address 77599df hit on id: 502
747602 th address 77544d6 hit on id: 568
747743 th address 77544e5 hit on id: 703
748745 th address 7751a47 hit on id: 268
748782 th address 7751a49 hit on id: 902
749089 th address 7759b8a hit on id: 306
749173 th address 7759b9d hit on id: 474
749291 th address 7764825 hit on id: 923
749463 th address 775458f hit on id: 681
749466 th address 7759bdc hit on id: 156
749595 th address 7759bf8 hit on id: 234
749612 th address 7759c05 hit on id: 344
IR ORAM executed 750000 inst
750257 th address 77545eb hit on id: 523
750506 th address 7754605 hit on id: 874
750750 th address 7759d0a hit on id: 936
751696 th address 7759dc8 hit on id: 58
751897 th address 7759e09 hit on id: 491
753683 th address 7751b3d hit on id: 709
754286 th address 774fa80 hit on id: 859
755198 th address 775a6fa hit on id: 126
IR ORAM executed 760000 inst
760556 th address 77525ac hit on id: 162
761107 th address 77528d4 hit on id: 78
762105 th address 7752c46 hit on id: 638
762609 th address 7752ec7 hit on id: 665
762795 th address 7756fed hit on id: 285
763123 th address 77574e1 hit on id: 59
763556 th address 7757553 hit on id: 11
763557 th address 7757554 hit on id: 319
764231 th address 7757597 hit on id: 793
764932 th address 77575de hit on id: 122
766178 th address 775fd73 hit on id: 302
766227 th address 775765f hit on id: 134
766751 th address 7757697 hit on id: 1014
766922 th address 77576a5 hit on id: 415
767724 th address 7753321 hit on id: 128
768638 th address 7757938 hit on id: 544
768919 th address 7753567 hit on id: 685
769106 th address 7757ba5 hit on id: 454
769127 th address 7753578 hit on id: 499
769962 th address 7757c2c hit on id: 465
IR ORAM executed 770000 inst
770262 th address 7757c61 hit on id: 969
770646 th address 7757ca1 hit on id: 56
771139 th address 77512ad hit on id: 258
772440 th address 7757db0 hit on id: 10
772487 th address 7757db7 hit on id: 595
772729 th address 7760c6f hit on id: 337
772823 th address 7753697 hit on id: 297
773899 th address 77536e7 hit on id: 640
773912 th address 7757e88 hit on id: 621
775055 th address 7761684 hit on id: 556
775334 th address 7753b04 hit on id: 376
775389 th address 7753b12 hit on id: 465
775508 th address 77587ef hit on id: 1019
775672 th address 7753c4c hit on id: 738
775673 th address 7753c4a hit on id: 608
775768 th address 77589f7 hit on id: 94
775780 th address 7758a2b hit on id: 780
775797 th address 77589fe hit on id: 761
775802 th address 7758a0f hit on id: 558
775813 th address 775885a hit on id: 794
775820 th address 7762772 hit on id: 751
775879 th address 7753d75 hit on id: 285
776096 th address 77517af hit on id: 867
776117 th address 77590b3 hit on id: 997
776204 th address 7753e0e hit on id: 927
776301 th address 77596d4 hit on id: 24
776895 th address 775a023 hit on id: 780
777457 th address 7754b45 hit on id: 229
777583 th address 7751da9 hit on id: 307
777794 th address 774faec hit on id: 913
777797 th address 7754c8f hit on id: 327
778161 th address 7751edd hit on id: 268
778575 th address 7755248 hit on id: 244
779047 th address 775baa4 hit on id: 77
779113 th address 775551e hit on id: 463
779183 th address 775bc68 hit on id: 166
779286 th address 775bd90 hit on id: 361
779865 th address 7755776 hit on id: 373
779924 th address 7755855 hit on id: 1006
779934 th address 77523c0 hit on id: 170
779944 th address 7752394 hit on id: 410
IR ORAM executed 780000 inst
780076 th address 77524c5 hit on id: 452
780714 th address 7750bcf hit on id: 708
788778 th address 775627c hit on id: 627
IR ORAM executed 790000 inst
IR ORAM executed 800000 inst
808267 th address 74f592f hit on id: 30
IR ORAM executed 810000 inst
811828 th address 74f671c hit on id: 238
814262 th address 74f70a9 hit on id: 852
818290 th address 74f808e hit on id: 156
818536 th address 74f819c hit on id: 498
IR ORAM executed 820000 inst
822503 th address 74f9233 hit on id: 796
826302 th address 74fa6db hit on id: 401
829195 th address 74fb9c1 hit on id: 733
IR ORAM executed 830000 inst
830363 th address 74fc81b hit on id: 668
IR ORAM executed 840000 inst
IR ORAM executed 850000 inst
IR ORAM executed 860000 inst
IR ORAM executed 870000 inst
IR ORAM executed 880000 inst
IR ORAM executed 890000 inst
IR ORAM executed 900000 inst
IR ORAM executed 910000 inst
IR ORAM executed 920000 inst
IR ORAM executed 930000 inst
IR ORAM executed 940000 inst
IR ORAM executed 950000 inst
IR ORAM executed 960000 inst
IR ORAM executed 970000 inst
IR ORAM executed 980000 inst
IR ORAM executed 990000 inst
IR ORAM executed 1000000 inst
The final DRAM clk is: 921641888 ticks.
R/W switch time % is: 71.5619 %
DRAM Frequency is: 1600MHz
The final time in ns is: 5.76026e+08 ns.
reads: 131045112
writes: 131045112
Achieved BW is: 29.1198 GB/s
Ideal BW is: 102.4 GB/s
Metadata cache conclusion: 
overall_hit: 0 overall_total: 0
Cache Size 64 KB Overall Hit rate: -nan %. 
stash Bypassed req: 5537 out of 1000000 requests 0.5537 %
Cache Bypassed req: 1697 out of 1000000 requests 0.1697 %
Simulation done. Statistics written to results/iroram_mcf.txt
