Total number of ORAM protected cache line blocks: 67108864
Max number of levels: 27
Valid leaf ID range: 67108863:134217726
Cached number of levels: 10
Address space: 0 - 4 GB
Address space: 0 - 0.5 GB
Address space: 0 - 0.0625 GB
IR ORAM executed 10000 inst
IR ORAM executed 20000 inst
IR ORAM executed 30000 inst
IR ORAM executed 40000 inst
IR ORAM executed 50000 inst
IR ORAM executed 60000 inst
IR ORAM executed 70000 inst
76426 th address 51d4c1 hit on id: 158
IR ORAM executed 80000 inst
IR ORAM executed 90000 inst
96061 th address 554694 hit on id: 345
IR ORAM executed 100000 inst
103595 th address 4751ce hit on id: 1
107655 th address 373e1a hit on id: 505
IR ORAM executed 110000 inst
IR ORAM executed 120000 inst
121910 th address 49fa59 hit on id: 33
128486 th address 565d05 hit on id: 237
IR ORAM executed 130000 inst
138951 th address 5197e2 hit on id: 532
IR ORAM executed 140000 inst
145326 th address 46303d hit on id: 27
145642 th address 4597b9 hit on id: 412
148217 th address 4d398c hit on id: 525
148508 th address 46de57 hit on id: 420
IR ORAM executed 150000 inst
151201 th address 4c3494 hit on id: 319
151202 th address 4c3495 hit on id: 312
152603 th address 40f846 hit on id: 197
154063 th address 3de132 hit on id: 429
156223 th address 44d64e hit on id: 285
157380 th address 4a54b7 hit on id: 764
158616 th address 4766c3 hit on id: 222
IR ORAM executed 160000 inst
160207 th address 2c4d1a hit on id: 286
164742 th address 474d9d hit on id: 459
166151 th address 400d1a hit on id: 154
166886 th address 465ab1 hit on id: 801
168048 th address 46377b hit on id: 371
168358 th address 48eea1 hit on id: 92
168628 th address 41559f hit on id: 797
168635 th address 4155a6 hit on id: 326
IR ORAM executed 170000 inst
171430 th address 44c8ad hit on id: 190
172014 th address 4e4475 hit on id: 830
172916 th address 426937 hit on id: 536
175093 th address 49adcc hit on id: 92
175100 th address 49add3 hit on id: 712
175730 th address 354fd9 hit on id: 438
175737 th address 354fe0 hit on id: 993
176377 th address 47b260 hit on id: 473
176380 th address 47b263 hit on id: 280
176385 th address 47b268 hit on id: 161
176391 th address 4333d6 hit on id: 365
177703 th address 40627e hit on id: 941
178092 th address 487c4f hit on id: 430
178181 th address 27b9bc hit on id: 897
179358 th address 4dd509 hit on id: 391
IR ORAM executed 180000 inst
180404 th address 42a01b hit on id: 191
181229 th address 36b0e0 hit on id: 500
182041 th address 43d568 hit on id: 98
182044 th address 43d56b hit on id: 728
184316 th address 40292b hit on id: 199
184806 th address 3ded49 hit on id: 929
185090 th address 452569 hit on id: 181
185792 th address 40373b hit on id: 121
185796 th address 40373f hit on id: 700
187199 th address 42707e hit on id: 416
188058 th address 4cb3dd hit on id: 941
189602 th address 48717d hit on id: 277
IR ORAM executed 190000 inst
191442 th address 4479a1 hit on id: 331
191444 th address 4479a3 hit on id: 117
194075 th address 44e8a6 hit on id: 479
194447 th address 3ded72 hit on id: 621
197845 th address 456e58 hit on id: 344
198297 th address 42f788 hit on id: 562
198431 th address 49eb7a hit on id: 197
199335 th address 465806 hit on id: 268
199832 th address 452ef3 hit on id: 415
IR ORAM executed 200000 inst
201826 th address 3ed4b9 hit on id: 775
202583 th address 4260a6 hit on id: 198
203626 th address 463c4d hit on id: 256
206080 th address 40044f hit on id: 269
206549 th address 495994 hit on id: 883
207790 th address 473781 hit on id: 195
208402 th address 46e9b1 hit on id: 798
IR ORAM executed 210000 inst
210079 th address 47a8ca hit on id: 197
210242 th address 46c0e1 hit on id: 714
210320 th address 465fc7 hit on id: 898
210922 th address 46352d hit on id: 73
212206 th address 427c7d hit on id: 702
212208 th address 427c7f hit on id: 150
212485 th address 3e38ec hit on id: 949
212574 th address 4d51ed hit on id: 577
212754 th address 462c11 hit on id: 19
212968 th address 491d93 hit on id: 91
213038 th address 482599 hit on id: 115
213137 th address 4ddfe8 hit on id: 880
213138 th address 4ddfe9 hit on id: 686
214878 th address 467d11 hit on id: 396
216425 th address 2ec330 hit on id: 361
216746 th address 22e385 hit on id: 667
218528 th address 464563 hit on id: 9
218647 th address 48d2d2 hit on id: 119
218981 th address 34b424 hit on id: 537
219617 th address 3aa230 hit on id: 395
219781 th address 458acc hit on id: 15
219888 th address 4c4f33 hit on id: 662
IR ORAM executed 220000 inst
220300 th address 391683 hit on id: 660
221725 th address 42b3f4 hit on id: 308
221798 th address 460531 hit on id: 43
221808 th address 46053b hit on id: 891
224111 th address 5c5816 hit on id: 221
224720 th address 46232b hit on id: 84
224822 th address 46bc19 hit on id: 286
226026 th address 4a06b1 hit on id: 278
226057 th address 40c680 hit on id: 352
226299 th address 49d7da hit on id: 191
227141 th address 457c3c hit on id: 304
227144 th address 457c3f hit on id: 348
227145 th address 457c40 hit on id: 160
227589 th address 466c28 hit on id: 1009
227901 th address 445298 hit on id: 356
229405 th address 4d7b7c hit on id: 691
IR ORAM executed 230000 inst
231051 th address 493af6 hit on id: 759
231785 th address 3ee3b4 hit on id: 546
232199 th address 409462 hit on id: 429
232931 th address 46c426 hit on id: 117
234266 th address 4041cd hit on id: 643
234280 th address 4d895f hit on id: 388
234295 th address 4675ce hit on id: 75
234480 th address 404edf hit on id: 946
234914 th address 4563d9 hit on id: 36
234997 th address 5fb848 hit on id: 686
235670 th address 4345b1 hit on id: 584
237897 th address 41c0cc hit on id: 621
237952 th address 47b78b hit on id: 182
238008 th address 4a519f hit on id: 457
238022 th address 4361b9 hit on id: 384
239608 th address 532257 hit on id: 221
IR ORAM executed 240000 inst
240236 th address 48aa2f hit on id: 114
240721 th address 42dcd4 hit on id: 248
240747 th address 41e0d6 hit on id: 436
242718 th address 3e0b01 hit on id: 570
242996 th address 604063 hit on id: 763
243587 th address 4dec12 hit on id: 922
243792 th address 3df493 hit on id: 950
244400 th address 58865b hit on id: 459
245197 th address 4a6fac hit on id: 881
246111 th address 4818e6 hit on id: 984
246794 th address 464911 hit on id: 397
246808 th address 47221b hit on id: 191
247480 th address 5398b3 hit on id: 868
248641 th address 48795c hit on id: 1012
248998 th address 4426f5 hit on id: 19
249034 th address 46dba1 hit on id: 136
IR ORAM executed 250000 inst
251438 th address 3f2e69 hit on id: 714
252069 th address 478604 hit on id: 425
252411 th address 44d6aa hit on id: 632
252954 th address 487c85 hit on id: 468
254507 th address 44457a hit on id: 235
255068 th address 320473 hit on id: 926
255310 th address 44e5c9 hit on id: 479
255311 th address 44e5ca hit on id: 145
255382 th address 3dff7d hit on id: 298
255934 th address 3128a9 hit on id: 522
256045 th address 4d4108 hit on id: 528
257252 th address 41f257 hit on id: 160
257255 th address 41f25a hit on id: 453
257752 th address 43300b hit on id: 208
IR ORAM executed 260000 inst
260184 th address 2e596b hit on id: 870
260669 th address 455b9c hit on id: 433
261580 th address 49894b hit on id: 773
263058 th address 472271 hit on id: 264
263245 th address 3d37a0 hit on id: 834
263248 th address 3d37a3 hit on id: 396
263759 th address 4196e6 hit on id: 992
264145 th address 279e28 hit on id: 571
264231 th address 457eaa hit on id: 637
264236 th address 457eaf hit on id: 827
264739 th address 4506a2 hit on id: 907
265087 th address 37ccb6 hit on id: 600
266044 th address 42f2f7 hit on id: 251
266287 th address 4c98ea hit on id: 330
268139 th address 46a356 hit on id: 634
268403 th address 40aaca hit on id: 315
268889 th address 2857b4 hit on id: 771
IR ORAM executed 270000 inst
270645 th address 41d524 hit on id: 1016
270647 th address 41d526 hit on id: 981
272396 th address 3e35e7 hit on id: 703
272975 th address 4597ba hit on id: 50
273553 th address 46af7c hit on id: 476
273561 th address 46af84 hit on id: 785
273672 th address 506477 hit on id: 433
273860 th address 44d127 hit on id: 168
274801 th address 41f850 hit on id: 998
274806 th address 41f855 hit on id: 498
274811 th address 41f85a hit on id: 16
275854 th address 45a67d hit on id: 763
275892 th address 4a54b7 hit on id: 190
277380 th address 46bc77 hit on id: 284
277427 th address 3f008e hit on id: 288
278015 th address 36e12e hit on id: 605
IR ORAM executed 280000 inst
281402 th address 3f8c89 hit on id: 614
281451 th address 457406 hit on id: 768
281458 th address 45740d hit on id: 290
282094 th address 406281 hit on id: 857
282393 th address 434c18 hit on id: 956
282462 th address 4641e9 hit on id: 561
282463 th address 4641ea hit on id: 773
282750 th address 3ab19d hit on id: 530
283555 th address 319b2a hit on id: 269
284028 th address 3f330b hit on id: 1010
284749 th address 45e874 hit on id: 783
284752 th address 45e877 hit on id: 973
284760 th address 45e87f hit on id: 430
285501 th address 44beb0 hit on id: 27
285763 th address 4c23ae hit on id: 207
287883 th address 4a6396 hit on id: 684
287903 th address 440d22 hit on id: 236
288059 th address 4b6b6e hit on id: 380
IR ORAM executed 290000 inst
290434 th address 3fe061 hit on id: 566
291786 th address 498569 hit on id: 428
291790 th address 49856d hit on id: 965
291952 th address 2eab77 hit on id: 598
292431 th address 46bd0a hit on id: 800
292605 th address 4701ec hit on id: 392
292642 th address 415fd1 hit on id: 709
293204 th address 40dd5b hit on id: 43
296267 th address 4930de hit on id: 713
296929 th address 40c680 hit on id: 87
298019 th address 430cea hit on id: 1015
298510 th address 433101 hit on id: 597
298666 th address 426b91 hit on id: 587
298668 th address 426b93 hit on id: 380
299789 th address 4c89b8 hit on id: 293
IR ORAM executed 300000 inst
300174 th address 387695 hit on id: 927
300236 th address 3cef17 hit on id: 463
300362 th address 44e201 hit on id: 244
300586 th address 46dba1 hit on id: 273
302241 th address 228674 hit on id: 888
303130 th address 46d739 hit on id: 407
303399 th address 5b9286 hit on id: 505
303794 th address 574da1 hit on id: 890
303895 th address 3efb9e hit on id: 326
304962 th address 4102f1 hit on id: 18
305063 th address 431956 hit on id: 65
306377 th address 41c0c8 hit on id: 829
306378 th address 41c0c9 hit on id: 981
307617 th address 53f4a4 hit on id: 653
307823 th address 4caf6e hit on id: 387
307974 th address 490ce5 hit on id: 323
308273 th address 43e820 hit on id: 33
309003 th address 35d90e hit on id: 952
IR ORAM executed 310000 inst
310359 th address 434b16 hit on id: 271
310457 th address 4c6960 hit on id: 978
312141 th address 358bd4 hit on id: 611
312258 th address 41cfbd hit on id: 584
312923 th address 3b7dc6 hit on id: 594
313297 th address 48927c hit on id: 237
313485 th address 389174 hit on id: 755
313766 th address 4866c1 hit on id: 503
314846 th address 405ead hit on id: 179
314870 th address 48fcf1 hit on id: 244
315304 th address 50df87 hit on id: 323
318693 th address 4b04a0 hit on id: 762
318779 th address 46af1a hit on id: 53
319479 th address 41c126 hit on id: 44
319801 th address 4811a0 hit on id: 569
IR ORAM executed 320000 inst
321670 th address 4c7fb5 hit on id: 638
322390 th address 409005 hit on id: 86
322604 th address 3de823 hit on id: 305
322761 th address 4555c4 hit on id: 375
322799 th address 499a7a hit on id: 965
322884 th address 4ba9c7 hit on id: 147
324108 th address 44d72b hit on id: 137
324902 th address 46d779 hit on id: 339
324997 th address 44dba0 hit on id: 154
325378 th address 2c6bb9 hit on id: 886
325640 th address 43d56f hit on id: 778
325641 th address 43d570 hit on id: 494
326511 th address 45e98a hit on id: 686
326920 th address 44ee3f hit on id: 788
327619 th address 4a4e3a hit on id: 62
327654 th address 4e0461 hit on id: 651
328733 th address 45f838 hit on id: 484
329725 th address 43cde8 hit on id: 1000
IR ORAM executed 330000 inst
330302 th address 465805 hit on id: 79
330743 th address 466ca2 hit on id: 241
332117 th address 462574 hit on id: 378
332571 th address 3c2816 hit on id: 797
332814 th address 3dcdf9 hit on id: 493
333954 th address 4408fd hit on id: 876
335734 th address 3b6d45 hit on id: 482
335735 th address 3b6d46 hit on id: 216
335907 th address 469292 hit on id: 195
336998 th address 44bb91 hit on id: 414
337249 th address 427890 hit on id: 96
337272 th address 4a50d3 hit on id: 984
338058 th address 4345b5 hit on id: 333
338158 th address 398a51 hit on id: 442
338246 th address 3b7061 hit on id: 315
339699 th address 45f026 hit on id: 413
339703 th address 45f02a hit on id: 111
339721 th address 402828 hit on id: 190
IR ORAM executed 340000 inst
340079 th address 3c183a hit on id: 438
340883 th address 4df866 hit on id: 446
341370 th address 3f5ce1 hit on id: 119
341473 th address 3f9624 hit on id: 183
342319 th address 424602 hit on id: 54
342760 th address 4341b7 hit on id: 203
342944 th address 40069f hit on id: 66
344588 th address 3b659f hit on id: 445
344594 th address 37458d hit on id: 780
345352 th address 40b30f hit on id: 717
345572 th address 40627f hit on id: 101
345794 th address 3dfe79 hit on id: 466
346529 th address 41446c hit on id: 615
346536 th address 414473 hit on id: 186
346604 th address 1fce7f hit on id: 740
347426 th address 40d629 hit on id: 675
347607 th address 458a6e hit on id: 758
348073 th address 432f78 hit on id: 237
348251 th address 457042 hit on id: 187
348277 th address 410454 hit on id: 191
349271 th address 44c272 hit on id: 450
349602 th address 422879 hit on id: 37
349749 th address 4137c8 hit on id: 413
IR ORAM executed 350000 inst
350284 th address 403737 hit on id: 89
350476 th address 405dd7 hit on id: 974
350481 th address 405ddc hit on id: 384
351756 th address 419537 hit on id: 875
352078 th address 481209 hit on id: 778
352519 th address 4490e2 hit on id: 211
352664 th address 44d6af hit on id: 569
352765 th address 4091e8 hit on id: 310
352769 th address 4091ec hit on id: 248
353720 th address 45b05f hit on id: 41
354154 th address 46ab4d hit on id: 154
354537 th address 432524 hit on id: 744
354541 th address 4323c0 hit on id: 919
354855 th address 3df6b2 hit on id: 431
355382 th address 31ccb1 hit on id: 265
355607 th address 43775e hit on id: 632
355687 th address 455a7e hit on id: 403
356107 th address 3f32a6 hit on id: 9
356928 th address 3cd68b hit on id: 126
357209 th address 4109bc hit on id: 677
357336 th address 3e24c3 hit on id: 485
357360 th address 498287 hit on id: 1009
357559 th address 39d0fe hit on id: 74
358132 th address 3dd403 hit on id: 273
359268 th address 4471a3 hit on id: 969
IR ORAM executed 360000 inst
360818 th address 45f871 hit on id: 117
360823 th address 45f876 hit on id: 315
360900 th address 429d97 hit on id: 639
361380 th address 46a687 hit on id: 935
361552 th address 44e95f hit on id: 234
361608 th address 433c1f hit on id: 731
362217 th address 3f49d0 hit on id: 993
362575 th address 44296e hit on id: 927
363461 th address 434d70 hit on id: 4
365557 th address 312d5c hit on id: 673
365560 th address 312d5f hit on id: 722
365565 th address 312d64 hit on id: 497
365883 th address 3e3546 hit on id: 100
366777 th address 42f29c hit on id: 27
367814 th address 3fcc79 hit on id: 138
368381 th address 48c904 hit on id: 192
368583 th address 3ffb42 hit on id: 35
368655 th address 43d636 hit on id: 700
368658 th address 43d639 hit on id: 85
369168 th address 4efc77 hit on id: 635
369545 th address 46d35c hit on id: 468
369945 th address 366bb4 hit on id: 428
369984 th address 457313 hit on id: 170
IR ORAM executed 370000 inst
370062 th address 3e9099 hit on id: 610
370233 th address 415748 hit on id: 240
371315 th address 424bfa hit on id: 246
371559 th address 457baa hit on id: 437
372809 th address 3897ac hit on id: 63
374100 th address 44c5c7 hit on id: 792
374784 th address 37ccbb hit on id: 985
376121 th address 3ba088 hit on id: 151
376837 th address 282dd4 hit on id: 687
377898 th address 2cd305 hit on id: 451
377909 th address 434d28 hit on id: 155
378446 th address 3ac0e1 hit on id: 421
378448 th address 3ac0e3 hit on id: 543
379466 th address 499d4d hit on id: 255
IR ORAM executed 380000 inst
381205 th address 447eac hit on id: 134
381422 th address 413ee1 hit on id: 348
381798 th address 3c34cd hit on id: 197
382438 th address 36fbb5 hit on id: 831
382602 th address 485c39 hit on id: 345
384188 th address 188ecf hit on id: 552
384394 th address 48a73d hit on id: 87
384549 th address 42cdf4 hit on id: 998
384551 th address 42cdf6 hit on id: 190
385025 th address 36b0e0 hit on id: 500
385123 th address 3e4252 hit on id: 387
385377 th address 22d30c hit on id: 836
385447 th address 48d542 hit on id: 84
386383 th address 3ffd0e hit on id: 878
386990 th address 469b01 hit on id: 161
387533 th address 46381c hit on id: 454
388347 th address 452c96 hit on id: 714
388596 th address 46c46f hit on id: 788
388630 th address 4dc385 hit on id: 825
389681 th address 40de00 hit on id: 419
389868 th address 42b3ff hit on id: 273
IR ORAM executed 390000 inst
390317 th address 33b554 hit on id: 137
390323 th address 33b55a hit on id: 1008
390335 th address 49740a hit on id: 166
391305 th address 3abe3c hit on id: 330
391312 th address 2c9427 hit on id: 149
391688 th address 4476df hit on id: 21
392602 th address 2196ed hit on id: 602
393426 th address 315e45 hit on id: 931
393767 th address 34aa22 hit on id: 436
394019 th address 45b64a hit on id: 291
396607 th address 426186 hit on id: 411
397353 th address 3ed5d8 hit on id: 34
397491 th address 487b0e hit on id: 566
397616 th address 38a967 hit on id: 808
398319 th address 47368a hit on id: 200
IR ORAM executed 400000 inst
400172 th address 3e599f hit on id: 547
400181 th address 4734e8 hit on id: 1003
400231 th address 5202c6 hit on id: 257
402908 th address 4202d7 hit on id: 160
402977 th address 42e020 hit on id: 224
404921 th address 27b9bc hit on id: 772
405119 th address 31b36a hit on id: 589
405121 th address 32ff1c hit on id: 99
405167 th address 3ba5b6 hit on id: 200
405222 th address 310a21 hit on id: 895
406087 th address 4555c2 hit on id: 204
406089 th address 4555c4 hit on id: 751
406478 th address 36ec35 hit on id: 843
406482 th address 36ec39 hit on id: 405
407265 th address 3aedac hit on id: 331
408388 th address 471f63 hit on id: 828
408499 th address 470ca6 hit on id: 312
408795 th address 4441a6 hit on id: 941
IR ORAM executed 410000 inst
410240 th address 3bea2f hit on id: 220
410894 th address 4053b5 hit on id: 224
410929 th address 4654f8 hit on id: 349
412304 th address 2c543b hit on id: 709
412608 th address 49ece3 hit on id: 286
412820 th address 3f2e6f hit on id: 151
413372 th address 46dcfb hit on id: 833
414824 th address 3235ab hit on id: 396
414847 th address 384822 hit on id: 798
415359 th address 4590e6 hit on id: 139
415465 th address 40b798 hit on id: 980
415770 th address 3e35e5 hit on id: 818
417651 th address 41a8c6 hit on id: 523
417654 th address 41a8c9 hit on id: 845
417659 th address 41a8ce hit on id: 113
417878 th address 1b8e2d hit on id: 544
418690 th address 41dcb1 hit on id: 111
IR ORAM executed 420000 inst
420005 th address 42d780 hit on id: 519
420890 th address 409441 hit on id: 589
421050 th address 45f5c9 hit on id: 107
421060 th address 366117 hit on id: 764
422052 th address 354fe3 hit on id: 589
422566 th address 1e77f1 hit on id: 537
422974 th address 428d09 hit on id: 883
422975 th address 428d0a hit on id: 541
423450 th address 357431 hit on id: 753
423453 th address 357434 hit on id: 666
423680 th address 427c7b hit on id: 427
423947 th address 4478c2 hit on id: 932
424050 th address 2b1e85 hit on id: 995
424105 th address 400d34 hit on id: 125
424108 th address 400d37 hit on id: 835
425136 th address 465abb hit on id: 299
426173 th address 42bc38 hit on id: 288
427181 th address 1f72f0 hit on id: 799
427565 th address 441280 hit on id: 946
427881 th address 3e1e18 hit on id: 139
428381 th address 2a8cec hit on id: 525
428734 th address 3efba1 hit on id: 283
428781 th address 40e98c hit on id: 332
429153 th address 48daa8 hit on id: 483
429304 th address 42a863 hit on id: 499
429306 th address 42a865 hit on id: 147
429486 th address 3e28a1 hit on id: 328
IR ORAM executed 430000 inst
430281 th address 455270 hit on id: 57
433453 th address 4004b8 hit on id: 77
433464 th address 4004c3 hit on id: 662
434676 th address 4bef4b hit on id: 452
434814 th address 40b4a9 hit on id: 304
435092 th address 427a3b hit on id: 79
438141 th address 4618e8 hit on id: 73
439217 th address 3f4408 hit on id: 918
439232 th address 44a64f hit on id: 315
439264 th address 42ae6f hit on id: 40
439670 th address 46c41d hit on id: 136
IR ORAM executed 440000 inst
440797 th address 278730 hit on id: 398
440834 th address 3c12b5 hit on id: 1002
441249 th address 40aac8 hit on id: 997
442092 th address 41dad3 hit on id: 469
443355 th address 29d542 hit on id: 858
443583 th address 49c3be hit on id: 208
445651 th address 390726 hit on id: 285
445791 th address 53f462 hit on id: 446
447732 th address 4094c3 hit on id: 475
448203 th address 486aa6 hit on id: 996
448941 th address 4a71e8 hit on id: 498
IR ORAM executed 450000 inst
450906 th address 44abb1 hit on id: 607
450912 th address 44abb7 hit on id: 644
451965 th address 4422d4 hit on id: 686
451967 th address 4422d6 hit on id: 365
452858 th address 3e751d hit on id: 654
452887 th address 41ca06 hit on id: 348
453724 th address 40089f hit on id: 400
454218 th address 544ded hit on id: 705
454791 th address 43fef2 hit on id: 854
454914 th address 44bc49 hit on id: 982
455329 th address 40521c hit on id: 197
455834 th address 455c65 hit on id: 1011
457818 th address 46bd0d hit on id: 912
457832 th address 43940b hit on id: 546
458474 th address 2e2dbd hit on id: 666
458522 th address 37e559 hit on id: 995
458793 th address 4165f4 hit on id: 252
459066 th address 3de119 hit on id: 1009
459068 th address 3de11b hit on id: 966
IR ORAM executed 460000 inst
460230 th address 40ef11 hit on id: 238
460747 th address 46fa2e hit on id: 465
460767 th address 3aff82 hit on id: 52
460773 th address 3aff88 hit on id: 764
461083 th address 472aa6 hit on id: 749
461569 th address 3f9504 hit on id: 345
461870 th address 40b4f9 hit on id: 824
461960 th address 40b4e7 hit on id: 87
462071 th address 46352e hit on id: 65
463530 th address 476e25 hit on id: 257
464160 th address 438eb7 hit on id: 425
467474 th address 319fed hit on id: 959
468025 th address 44bd94 hit on id: 365
468121 th address 466c98 hit on id: 202
468148 th address 4253bb hit on id: 278
468151 th address 4253be hit on id: 178
468155 th address 4253c2 hit on id: 85
468156 th address 4253c3 hit on id: 468
468314 th address 48a549 hit on id: 1004
468677 th address 2b4464 hit on id: 808
468934 th address 467229 hit on id: 974
469543 th address 2f384a hit on id: 951
469728 th address 4731e3 hit on id: 254
IR ORAM executed 470000 inst
470138 th address 458131 hit on id: 32
470245 th address 488a54 hit on id: 169
470416 th address 420147 hit on id: 172
470828 th address 4597b7 hit on id: 477
470830 th address 4597b9 hit on id: 420
470887 th address 44740e hit on id: 986
471065 th address 40bc58 hit on id: 277
471174 th address 3805c1 hit on id: 544
471563 th address 4171ba hit on id: 614
471600 th address 46dfe7 hit on id: 83
471757 th address 3e229c hit on id: 560
471759 th address 3e229e hit on id: 822
471948 th address 407ab3 hit on id: 725
471955 th address 4b0432 hit on id: 145
472250 th address 4a06c5 hit on id: 133
472279 th address 45df1a hit on id: 238
472280 th address 45df1b hit on id: 625
472818 th address 43d5c1 hit on id: 22
473669 th address 3f8c20 hit on id: 856
473737 th address 3bc6a0 hit on id: 985
474120 th address 40376f hit on id: 544
474184 th address 29f77b hit on id: 1006
475027 th address 48922e hit on id: 169
475587 th address 4109ba hit on id: 624
475594 th address 4109c1 hit on id: 889
475966 th address 4734ed hit on id: 55
476109 th address 41441c hit on id: 58
476112 th address 41441f hit on id: 910
476702 th address 4a54ad hit on id: 919
478119 th address 472bb6 hit on id: 907
478552 th address 3f3993 hit on id: 151
478675 th address 41e15e hit on id: 85
478733 th address 33b014 hit on id: 643
479873 th address 3e5540 hit on id: 194
IR ORAM executed 480000 inst
480065 th address 427024 hit on id: 6
480969 th address 2cebb0 hit on id: 315
481004 th address 44a433 hit on id: 257
481006 th address 44a435 hit on id: 114
481008 th address 44a437 hit on id: 28
481435 th address 345f5a hit on id: 940
481743 th address 40213a hit on id: 1018
481890 th address 48e711 hit on id: 748
482004 th address 310037 hit on id: 330
482883 th address 44cf5a hit on id: 18
483315 th address 441d82 hit on id: 226
483339 th address 46c45a hit on id: 515
484077 th address 446708 hit on id: 77
484551 th address 344eb2 hit on id: 734
484556 th address 344eb7 hit on id: 638
484831 th address 40dd5a hit on id: 981
487607 th address 36c9ca hit on id: 843
487930 th address 4d3589 hit on id: 705
487967 th address 405292 hit on id: 162
488091 th address 42f296 hit on id: 691
489146 th address 408ffd hit on id: 48
489242 th address 463f69 hit on id: 62
489356 th address 4e8d8b hit on id: 404
489884 th address 40be77 hit on id: 487
IR ORAM executed 490000 inst
490203 th address 331646 hit on id: 416
490439 th address 431956 hit on id: 532
491032 th address 3f39c3 hit on id: 235
492123 th address 367046 hit on id: 503
492125 th address 367048 hit on id: 473
492132 th address 36704f hit on id: 1006
493145 th address 41035c hit on id: 708
493148 th address 41035f hit on id: 657
493149 th address 410360 hit on id: 101
493799 th address 337492 hit on id: 968
493839 th address 42cda6 hit on id: 383
494528 th address 3cddfb hit on id: 420
495725 th address 2a8cec hit on id: 525
495901 th address 3f1c50 hit on id: 82
495983 th address 40b856 hit on id: 50
496386 th address 47a4cd hit on id: 368
496500 th address 465b57 hit on id: 55
496523 th address 3b34be hit on id: 385
496627 th address 331f0e hit on id: 427
498021 th address 451a54 hit on id: 411
498022 th address 451a55 hit on id: 154
498106 th address 475e15 hit on id: 513
498644 th address 2fdd93 hit on id: 923
499005 th address 46b53c hit on id: 151
499553 th address 34aa1c hit on id: 731
499560 th address 34aa23 hit on id: 264
499803 th address 332e3a hit on id: 820
IR ORAM executed 500000 inst
502994 th address 1ca01d hit on id: 571
503056 th address 42493b hit on id: 329
503739 th address 402926 hit on id: 88
503742 th address 402929 hit on id: 42
503748 th address 40292f hit on id: 617
504562 th address 439251 hit on id: 166
504713 th address 4433a4 hit on id: 454
505157 th address 4697b0 hit on id: 738
505250 th address 3ab5dd hit on id: 797
505362 th address 3de731 hit on id: 178
505422 th address 3557ed hit on id: 378
505426 th address 3557f1 hit on id: 699
507903 th address 4d2676 hit on id: 256
509496 th address 3566ab hit on id: 359
509868 th address 430ceb hit on id: 151
IR ORAM executed 510000 inst
510370 th address 47b55d hit on id: 199
510576 th address 4a56a3 hit on id: 171
510878 th address 406015 hit on id: 993
511915 th address 34bb0a hit on id: 378
511935 th address 20c92a hit on id: 781
512519 th address 46af86 hit on id: 294
513085 th address 4d4c30 hit on id: 492
513385 th address 4bafbc hit on id: 1004
513863 th address 3e250a hit on id: 241
515386 th address 3136ad hit on id: 958
516072 th address 2f891f hit on id: 285
516098 th address 2d15a9 hit on id: 722
517641 th address 3ffd10 hit on id: 1
517803 th address 46bc1a hit on id: 996
518084 th address 36becf hit on id: 651
519842 th address 3c56c5 hit on id: 864
519910 th address 3c56d9 hit on id: 135
IR ORAM executed 520000 inst
520057 th address 413b98 hit on id: 307
520058 th address 413b99 hit on id: 6
520556 th address 3c7783 hit on id: 613
521895 th address 45c12e hit on id: 1013
522189 th address 4506bc hit on id: 197
522672 th address 46a5af hit on id: 148
522932 th address 3897af hit on id: 450
523948 th address 449f67 hit on id: 42
524606 th address 3adda9 hit on id: 357
525246 th address 31bf59 hit on id: 728
525355 th address 4c349a hit on id: 705
525635 th address 4427f2 hit on id: 72
525723 th address 42609e hit on id: 233
526109 th address 486aa8 hit on id: 644
526230 th address 40fdf9 hit on id: 350
526234 th address 40fdfd hit on id: 483
526543 th address 3ef1ae hit on id: 926
526924 th address 225dfb hit on id: 970
527859 th address 457406 hit on id: 47
528816 th address 51d4c3 hit on id: 695
529457 th address 33a300 hit on id: 741
529648 th address 279f0f hit on id: 768
IR ORAM executed 530000 inst
531505 th address 3ddf70 hit on id: 93
532079 th address 3e001a hit on id: 410
532252 th address 43d35b hit on id: 189
532523 th address 43d572 hit on id: 202
533844 th address 372ce3 hit on id: 196
535008 th address 46445f hit on id: 110
535956 th address 3a056b hit on id: 363
536623 th address 452316 hit on id: 157
536672 th address 44d67f hit on id: 119
536768 th address 3ed5b3 hit on id: 846
537188 th address 42cd6f hit on id: 194
539050 th address 3e9055 hit on id: 638
539104 th address 3dbfff hit on id: 120
539284 th address 491b53 hit on id: 105
539426 th address 46d431 hit on id: 222
IR ORAM executed 540000 inst
541338 th address 3bf501 hit on id: 633
541446 th address 461891 hit on id: 217
542546 th address 40b805 hit on id: 697
542548 th address 40b807 hit on id: 26
544036 th address 3c46a7 hit on id: 710
544039 th address 3c46aa hit on id: 505
544148 th address 36fbb3 hit on id: 232
544232 th address 415747 hit on id: 333
544519 th address 3e9ac6 hit on id: 109
544612 th address 41ff37 hit on id: 756
544889 th address 36badc hit on id: 598
545155 th address 47521e hit on id: 259
545764 th address 48fb8b hit on id: 625
545766 th address 48fb8d hit on id: 959
545823 th address 41964e hit on id: 405
545830 th address 419655 hit on id: 56
546093 th address 3df4d8 hit on id: 315
546288 th address 49d7e3 hit on id: 850
546544 th address 4646eb hit on id: 369
546999 th address 30f03e hit on id: 516
547674 th address 399de5 hit on id: 843
549076 th address 44c613 hit on id: 141
549599 th address 4ed55e hit on id: 944
IR ORAM executed 550000 inst
550830 th address 408ec9 hit on id: 44
550832 th address 408ecb hit on id: 668
551065 th address 4b3a74 hit on id: 402
551366 th address 463525 hit on id: 374
551443 th address 3c281a hit on id: 266
551826 th address 40b8b1 hit on id: 35
552213 th address 3e4254 hit on id: 563
553196 th address 3a5853 hit on id: 422
553382 th address 25803d hit on id: 616
554314 th address 1a5cd1 hit on id: 715
554355 th address 3dca1e hit on id: 567
555037 th address 3525d8 hit on id: 332
555084 th address 3566ab hit on id: 359
555188 th address 37dfef hit on id: 48
555818 th address 409441 hit on id: 589
555822 th address 409445 hit on id: 137
556114 th address 45dac1 hit on id: 833
556133 th address 43b214 hit on id: 341
557452 th address 410acf hit on id: 367
558883 th address 41dcae hit on id: 496
558941 th address 427c78 hit on id: 496
558947 th address 427c7e hit on id: 176
559792 th address 4acf13 hit on id: 1020
IR ORAM executed 560000 inst
560077 th address 4097e8 hit on id: 292
560129 th address 48d2d0 hit on id: 314
560998 th address 2ea811 hit on id: 789
561120 th address 45996b hit on id: 493
561301 th address 419d90 hit on id: 17
561307 th address 419d96 hit on id: 253
561394 th address 3ffcf9 hit on id: 34
561811 th address 36224a hit on id: 636
561824 th address 363cbb hit on id: 215
561858 th address 42d4c9 hit on id: 510
562861 th address 213b1c hit on id: 720
562862 th address 213b1d hit on id: 311
563127 th address 3eab36 hit on id: 605
563131 th address 3eab3a hit on id: 283
563204 th address 3f1bc7 hit on id: 255
563475 th address 402926 hit on id: 178
563482 th address 40292d hit on id: 56
564104 th address 44e9ab hit on id: 745
564171 th address 35c8a6 hit on id: 330
564291 th address 3d1ed6 hit on id: 219
564444 th address 34aa23 hit on id: 529
565169 th address 38b384 hit on id: 360
566092 th address 2ffcc7 hit on id: 727
566240 th address 4b0d63 hit on id: 1005
566591 th address 2b7d52 hit on id: 845
568925 th address 46d374 hit on id: 672
IR ORAM executed 570000 inst
571659 th address 361e6e hit on id: 682
571663 th address 361e72 hit on id: 280
571668 th address 361e77 hit on id: 364
572307 th address 455c2a hit on id: 1002
572511 th address 34b656 hit on id: 991
572519 th address 34b65e hit on id: 181
572807 th address 2c7502 hit on id: 650
574637 th address 3dec04 hit on id: 95
574638 th address 3dec05 hit on id: 15
574699 th address 3f97f2 hit on id: 645
576497 th address 41e24c hit on id: 73
576501 th address 41e250 hit on id: 207
577456 th address 323283 hit on id: 285
579532 th address 4091c7 hit on id: 531
IR ORAM executed 580000 inst
581233 th address 46b648 hit on id: 237
581347 th address 42a866 hit on id: 369
581354 th address 3f903d hit on id: 32
582512 th address 3f80b3 hit on id: 3
582798 th address 2a8f39 hit on id: 773
582803 th address 2a8f3e hit on id: 376
582854 th address 3ac59d hit on id: 663
583520 th address 36e083 hit on id: 458
584070 th address 2debb5 hit on id: 290
584329 th address 402138 hit on id: 371
584335 th address 40213e hit on id: 509
584661 th address 210f14 hit on id: 767
584821 th address 1c6b3c hit on id: 801
584979 th address 46c0e2 hit on id: 88
586058 th address 3dd335 hit on id: 14
587499 th address 332e3a hit on id: 204
588603 th address 3f0086 hit on id: 371
589621 th address 4614a8 hit on id: 234
IR ORAM executed 590000 inst
590469 th address 4ca090 hit on id: 354
591620 th address 3f1dcb hit on id: 15
591741 th address 468848 hit on id: 898
592155 th address 3f1c52 hit on id: 130
592682 th address 46c459 hit on id: 782
594352 th address 40089f hit on id: 99
594359 th address 4008a6 hit on id: 18
595295 th address 3b6d46 hit on id: 869
596451 th address 44e1de hit on id: 337
596707 th address 3acf02 hit on id: 378
596796 th address 2e3b53 hit on id: 396
597165 th address 369188 hit on id: 264
597259 th address 39dc6e hit on id: 1006
597448 th address 3df7af hit on id: 117
597892 th address 2b4bef hit on id: 903
597969 th address 463454 hit on id: 424
598004 th address 445e7f hit on id: 712
598163 th address 442486 hit on id: 849
599379 th address 42bc36 hit on id: 361
IR ORAM executed 600000 inst
600394 th address 377961 hit on id: 778
601544 th address 40064b hit on id: 103
601564 th address 427443 hit on id: 452
602336 th address 40b493 hit on id: 6
603396 th address 472223 hit on id: 489
603807 th address 15d832 hit on id: 867
604469 th address 46b790 hit on id: 501
604984 th address 382f6b hit on id: 397
605520 th address 3fd673 hit on id: 481
605616 th address 338843 hit on id: 436
605641 th address 2a2df0 hit on id: 992
606534 th address 51d4bd hit on id: 894
606990 th address 44cf5d hit on id: 412
607268 th address 3ba5cb hit on id: 81
607914 th address 2ea201 hit on id: 519
608854 th address 357f69 hit on id: 931
609298 th address 356055 hit on id: 330
609403 th address 31a5aa hit on id: 378
IR ORAM executed 610000 inst
610479 th address 405ef6 hit on id: 400
611141 th address 427a44 hit on id: 911
611802 th address 43e329 hit on id: 714
612245 th address 4004bc hit on id: 444
613046 th address 3d4755 hit on id: 793
613625 th address 5d75c4 hit on id: 735
615739 th address 430ce6 hit on id: 423
615914 th address 41094d hit on id: 228
617157 th address 1e7b98 hit on id: 593
617910 th address 3557ed hit on id: 757
617986 th address 23d4ad hit on id: 307
618067 th address 388eae hit on id: 768
618206 th address 28152d hit on id: 946
618550 th address 37db59 hit on id: 339
619346 th address 4062e5 hit on id: 762
IR ORAM executed 620000 inst
620848 th address 348d6b hit on id: 525
621405 th address 40e770 hit on id: 492
621886 th address 16f875 hit on id: 797
622084 th address 41c277 hit on id: 466
623140 th address 3efff7 hit on id: 502
623246 th address 37bd21 hit on id: 137
624434 th address 427a05 hit on id: 230
624436 th address 427a07 hit on id: 13
625352 th address 40b883 hit on id: 411
626382 th address 489281 hit on id: 808
626840 th address 46d35f hit on id: 374
626862 th address 47bcf1 hit on id: 489
626965 th address 3efbc8 hit on id: 208
627866 th address 3f19f9 hit on id: 646
627980 th address 3a5853 hit on id: 210
628676 th address 3e0e4b hit on id: 465
629353 th address 4a9f64 hit on id: 872
629717 th address 3e5078 hit on id: 850
629720 th address 3e507b hit on id: 959
629989 th address 408384 hit on id: 94
IR ORAM executed 630000 inst
630136 th address 405d0b hit on id: 58
630142 th address 405d11 hit on id: 59
630385 th address 45e4f0 hit on id: 728
630479 th address 3e375e hit on id: 173
630637 th address 471d80 hit on id: 456
631287 th address 40627a hit on id: 143
631290 th address 40627d hit on id: 460
631906 th address 33da19 hit on id: 526
632929 th address 418c20 hit on id: 986
633012 th address 3a2dbb hit on id: 454
633122 th address 408b11 hit on id: 5
633126 th address 408b15 hit on id: 715
633132 th address 408b1b hit on id: 97
633137 th address 496be8 hit on id: 932
633955 th address 4c262a hit on id: 613
634006 th address 3efb65 hit on id: 223
634152 th address 4b6b57 hit on id: 428
634374 th address 461981 hit on id: 296
634423 th address 491dba hit on id: 677
634773 th address 43e7e8 hit on id: 408
634909 th address 33e2bc hit on id: 405
634911 th address 33e2be hit on id: 368
635510 th address 46110d hit on id: 482
637211 th address 4253c2 hit on id: 690
638197 th address 40be70 hit on id: 786
638373 th address 3e1344 hit on id: 860
638982 th address 3dbf7d hit on id: 442
639057 th address 3e9864 hit on id: 763
639352 th address 3e0fbb hit on id: 98
IR ORAM executed 640000 inst
641149 th address 455b98 hit on id: 565
641153 th address 455b9c hit on id: 596
641674 th address 20501d hit on id: 896
642096 th address 38dedb hit on id: 96
642214 th address 46160d hit on id: 240
643350 th address 3b1c41 hit on id: 393
643656 th address 4360a3 hit on id: 320
643956 th address 3e2f43 hit on id: 605
644068 th address 340e93 hit on id: 125
644078 th address 3ad85d hit on id: 431
645168 th address 2cf483 hit on id: 700
645406 th address 404ead hit on id: 381
646934 th address 3e00b9 hit on id: 631
647308 th address 3139fb hit on id: 111
647309 th address 3139fc hit on id: 454
648285 th address 437918 hit on id: 891
IR ORAM executed 650000 inst
650641 th address 3df4b8 hit on id: 969
650829 th address 40c31c hit on id: 340
651143 th address 2c9da6 hit on id: 922
651514 th address 463065 hit on id: 461
651800 th address 4766bf hit on id: 864
651978 th address 40ce65 hit on id: 760
653883 th address 3fe52e hit on id: 835
654196 th address 4089db hit on id: 94
654325 th address 339990 hit on id: 578
654412 th address 43224f hit on id: 273
654509 th address 40b4a8 hit on id: 818
655631 th address 3b96c2 hit on id: 866
655632 th address 3b96c3 hit on id: 636
655936 th address 3dd2b3 hit on id: 942
656408 th address 2fb093 hit on id: 685
656684 th address 310a23 hit on id: 517
656785 th address 44bd94 hit on id: 44
657669 th address 35a47c hit on id: 307
658602 th address 409445 hit on id: 553
658605 th address 409448 hit on id: 217
658977 th address 3bb0d0 hit on id: 700
IR ORAM executed 660000 inst
660176 th address 4306cf hit on id: 224
661567 th address 414d7a hit on id: 757
661572 th address 414d7f hit on id: 699
662361 th address 409bc8 hit on id: 675
662443 th address 45ef2e hit on id: 43
662488 th address 229cb3 hit on id: 977
662584 th address 3e031f hit on id: 631
662717 th address 46a608 hit on id: 643
663107 th address 350152 hit on id: 214
663320 th address 3a9057 hit on id: 382
664336 th address 2f7bdf hit on id: 488
664408 th address 375927 hit on id: 779
665465 th address 399de4 hit on id: 491
665702 th address 43af1d hit on id: 709
666001 th address 3b877c hit on id: 801
666159 th address 367d42 hit on id: 759
666160 th address 367d43 hit on id: 279
666615 th address 3c5522 hit on id: 751
669346 th address 35e155 hit on id: 544
669753 th address 41c084 hit on id: 4
IR ORAM executed 670000 inst
670815 th address 318662 hit on id: 151
671123 th address 46cab6 hit on id: 435
671929 th address 32bb6c hit on id: 173
672388 th address 294297 hit on id: 848
672772 th address 40285b hit on id: 548
672774 th address 40285d hit on id: 846
673130 th address 398a49 hit on id: 454
673403 th address 3c206e hit on id: 617
673419 th address 2ffcc6 hit on id: 910
673681 th address 2204e8 hit on id: 838
675887 th address 402952 hit on id: 11
676082 th address 3df4d1 hit on id: 762
676237 th address 204780 hit on id: 887
677007 th address 37bfce hit on id: 18
677013 th address 37bfd4 hit on id: 396
677046 th address 3c8651 hit on id: 804
677098 th address 416595 hit on id: 147
678014 th address 3de7a5 hit on id: 97
678327 th address 370af6 hit on id: 456
679321 th address 40c3ec hit on id: 811
679849 th address 3ac59c hit on id: 192
IR ORAM executed 680000 inst
680354 th address 3c3439 hit on id: 745
680682 th address 331649 hit on id: 862
680684 th address 33164b hit on id: 610
680747 th address 46ae36 hit on id: 932
680749 th address 46c6d4 hit on id: 448
680758 th address 46c6dd hit on id: 718
680823 th address 3bd7ee hit on id: 63
682152 th address 4098cb hit on id: 321
682504 th address 409ef3 hit on id: 564
682533 th address 4bc464 hit on id: 499
683030 th address 40b721 hit on id: 234
683486 th address 4bc001 hit on id: 851
684121 th address 387690 hit on id: 463
684126 th address 387695 hit on id: 638
685145 th address 36ef38 hit on id: 487
685953 th address 3e4254 hit on id: 563
687041 th address 3df924 hit on id: 596
687216 th address 432827 hit on id: 208
687321 th address 374ee8 hit on id: 460
689068 th address 29b05f hit on id: 365
689884 th address 4ada5f hit on id: 994
IR ORAM executed 690000 inst
690484 th address 255543 hit on id: 925
691963 th address 4131de hit on id: 158
692135 th address 42cd72 hit on id: 857
692321 th address 3efb9c hit on id: 813
692536 th address 3e24f7 hit on id: 50
693002 th address 4245fd hit on id: 281
693178 th address 45e865 hit on id: 79
693379 th address 473532 hit on id: 755
693807 th address 4a06ae hit on id: 518
694580 th address 4008a3 hit on id: 60
694681 th address 495990 hit on id: 123
695936 th address 37484b hit on id: 928
696383 th address 41997a hit on id: 274
698267 th address 48c8fe hit on id: 486
698580 th address 41228f hit on id: 48
699152 th address 445e7f hit on id: 355
699795 th address 2b8266 hit on id: 571
IR ORAM executed 700000 inst
700022 th address 4adc85 hit on id: 742
702351 th address 408d0a hit on id: 359
702360 th address 408d13 hit on id: 302
703490 th address 3f80ad hit on id: 216
704736 th address 3b6f6f hit on id: 461
705147 th address 44ebb6 hit on id: 185
705212 th address 3e0e4b hit on id: 232
705307 th address 46b2b2 hit on id: 515
706302 th address 3e1e15 hit on id: 529
706307 th address 3e1e1a hit on id: 293
706664 th address 3abe3b hit on id: 528
706763 th address 3de50e hit on id: 95
707393 th address 3e9860 hit on id: 792
707397 th address 3e9864 hit on id: 46
707467 th address 250ff2 hit on id: 608
707704 th address 2e5b67 hit on id: 779
708981 th address 3be2c8 hit on id: 859
709280 th address 43a407 hit on id: 261
IR ORAM executed 710000 inst
710585 th address 2f53c0 hit on id: 1003
710780 th address 404317 hit on id: 21
710883 th address 41938a hit on id: 96
711729 th address 3dd144 hit on id: 243
711861 th address 3ffbd8 hit on id: 1013
711862 th address 3ffbd9 hit on id: 522
712359 th address 4d494a hit on id: 957
712710 th address 44e151 hit on id: 695
713078 th address 29d175 hit on id: 381
713212 th address 410253 hit on id: 765
713880 th address 4425e3 hit on id: 529
714283 th address 40292a hit on id: 937
715181 th address 413a70 hit on id: 129
715219 th address 2eb85e hit on id: 978
715257 th address 3e9054 hit on id: 888
715285 th address 44e89c hit on id: 1009
715293 th address 44e8a4 hit on id: 466
715514 th address 3b3a49 hit on id: 70
715675 th address 42e052 hit on id: 539
716162 th address 4623d9 hit on id: 547
716644 th address 3ce37f hit on id: 478
716859 th address 406016 hit on id: 82
716860 th address 406017 hit on id: 349
717541 th address 3b54c4 hit on id: 327
717921 th address 3c0da0 hit on id: 417
717937 th address 269910 hit on id: 934
718281 th address 3525e0 hit on id: 391
719894 th address 2eba2d hit on id: 601
IR ORAM executed 720000 inst
720457 th address 33f1ec hit on id: 432
720874 th address 3f56a9 hit on id: 402
720974 th address 466c5d hit on id: 746
721305 th address 415dc0 hit on id: 100
721469 th address 40ad58 hit on id: 179
722258 th address 2f7829 hit on id: 205
724450 th address 40c43d hit on id: 17
724537 th address 40fdf4 hit on id: 663
724538 th address 40fdf5 hit on id: 432
724658 th address 3ced6d hit on id: 261
725228 th address 4202d7 hit on id: 160
726257 th address 42aad4 hit on id: 830
726290 th address 4471e1 hit on id: 198
727139 th address 4e2c0e hit on id: 634
727151 th address 48faf6 hit on id: 478
727265 th address 42eed8 hit on id: 220
727287 th address 382b26 hit on id: 709
727291 th address 382b2a hit on id: 700
727293 th address 382b2c hit on id: 181
727796 th address 460f57 hit on id: 830
729169 th address 429048 hit on id: 657
IR ORAM executed 730000 inst
730446 th address 40bc59 hit on id: 175
730514 th address 425e69 hit on id: 76
730691 th address 45e692 hit on id: 937
730957 th address 34bb04 hit on id: 1005
731548 th address 383d4b hit on id: 373
731823 th address 31002e hit on id: 918
732634 th address 3f5fb5 hit on id: 56
733695 th address 2612c6 hit on id: 447
735249 th address 3408c8 hit on id: 730
736320 th address 1d9537 hit on id: 568
736381 th address 357078 hit on id: 673
736967 th address 44f512 hit on id: 228
737425 th address 4cb054 hit on id: 506
738036 th address 45c02f hit on id: 115
IR ORAM executed 740000 inst
740280 th address 3d9ba7 hit on id: 584
740384 th address 44a607 hit on id: 449
740932 th address 415f0b hit on id: 110
741243 th address 45f3fe hit on id: 624
741244 th address 45f3ff hit on id: 417
741447 th address 227486 hit on id: 787
742173 th address 42f41c hit on id: 77
742268 th address 39ff7f hit on id: 675
743903 th address 319336 hit on id: 837
744232 th address 3e21bb hit on id: 473
745197 th address 4b2444 hit on id: 672
745310 th address 439591 hit on id: 104
745501 th address 410cdc hit on id: 991
745604 th address 47c3a7 hit on id: 317
745694 th address 452b09 hit on id: 327
746860 th address 3f9957 hit on id: 350
746867 th address 3f995e hit on id: 266
747193 th address 3c1710 hit on id: 956
749573 th address 4d842c hit on id: 316
749744 th address 3390eb hit on id: 798
IR ORAM executed 750000 inst
750358 th address 3dee0d hit on id: 69
751237 th address 2e2e40 hit on id: 823
751581 th address 3bdf8c hit on id: 179
752128 th address 3dfe7b hit on id: 402
752143 th address 431712 hit on id: 1002
752979 th address 3e6636 hit on id: 134
752992 th address 399de3 hit on id: 70
752997 th address 399de8 hit on id: 326
753091 th address 29ed46 hit on id: 632
753105 th address 368714 hit on id: 691
753106 th address 368715 hit on id: 263
754159 th address 4422de hit on id: 238
757075 th address 4608ba hit on id: 807
757660 th address 40c623 hit on id: 206
757661 th address 40c624 hit on id: 1018
757769 th address 350bf0 hit on id: 785
758227 th address 3f9786 hit on id: 856
758231 th address 3f978a hit on id: 503
758332 th address 3e394f hit on id: 915
758850 th address 2b64a5 hit on id: 354
759214 th address 2983b9 hit on id: 326
IR ORAM executed 760000 inst
760360 th address 4d247f hit on id: 749
760442 th address 39e7fd hit on id: 306
760510 th address 2fada1 hit on id: 345
760876 th address 3ba1cb hit on id: 14
761981 th address 3f2e6c hit on id: 725
762799 th address 405d0e hit on id: 319
763503 th address 431366 hit on id: 51
764102 th address 3695e9 hit on id: 208
764110 th address 3695f1 hit on id: 791
764615 th address 3de262 hit on id: 449
765238 th address 517fdd hit on id: 835
765392 th address 44909b hit on id: 844
765395 th address 44909e hit on id: 358
765621 th address 3e0ce4 hit on id: 460
765721 th address 3d5738 hit on id: 269
765832 th address 40a6f7 hit on id: 733
767198 th address 31a5a5 hit on id: 707
767203 th address 31a5aa hit on id: 378
767794 th address 440685 hit on id: 806
768818 th address 42be8d hit on id: 440
768929 th address 354e5c hit on id: 244
769310 th address 2c085d hit on id: 852
769317 th address 2c0864 hit on id: 817
IR ORAM executed 770000 inst
770086 th address 3149d9 hit on id: 459
770402 th address 408b11 hit on id: 776
772702 th address 3cd689 hit on id: 142
773154 th address 3c0fc5 hit on id: 127
773562 th address 2e1d4d hit on id: 323
774213 th address 421cac hit on id: 620
774354 th address 34e419 hit on id: 845
774986 th address 41e285 hit on id: 473
775666 th address 395e41 hit on id: 283
776214 th address 443b9d hit on id: 171
776326 th address 4555ad hit on id: 557
776560 th address 469e9f hit on id: 294
776875 th address 3ddd66 hit on id: 2
777283 th address 3805c2 hit on id: 984
778264 th address 4687e3 hit on id: 674
778305 th address 354fe0 hit on id: 777
778528 th address 435363 hit on id: 925
778638 th address 2138a5 hit on id: 891
778680 th address 3a2dbb hit on id: 112
778720 th address 34b813 hit on id: 245
779053 th address 402bdc hit on id: 589
779567 th address 46e1f6 hit on id: 511
779611 th address 3e24fa hit on id: 67
779947 th address 472272 hit on id: 277
779952 th address 472277 hit on id: 634
IR ORAM executed 780000 inst
781826 th address 41d031 hit on id: 464
781835 th address 41d03a hit on id: 116
782019 th address 428d02 hit on id: 93
782697 th address 467240 hit on id: 689
783375 th address 4003ee hit on id: 90
783734 th address 398a49 hit on id: 55
784100 th address 3e9053 hit on id: 386
784101 th address 3e9054 hit on id: 443
784279 th address 3e8152 hit on id: 173
784428 th address 46b917 hit on id: 373
785046 th address 35a3f5 hit on id: 271
785520 th address 3500ab hit on id: 23
786195 th address 2d7cb2 hit on id: 906
786577 th address 3b7d80 hit on id: 641
787356 th address 3bea33 hit on id: 27
789152 th address 4202d7 hit on id: 321
IR ORAM executed 790000 inst
790906 th address 310041 hit on id: 792
791067 th address 3868ca hit on id: 148
791336 th address 40b493 hit on id: 251
791482 th address 3223b9 hit on id: 671
791539 th address 493812 hit on id: 469
791750 th address 36612d hit on id: 834
791768 th address 41704f hit on id: 230
791987 th address 3cf75a hit on id: 606
792089 th address 3a4aa0 hit on id: 833
792141 th address 34700c hit on id: 268
792920 th address 3e1307 hit on id: 401
793072 th address 4b43bf hit on id: 654
794163 th address 47bd8a hit on id: 322
794211 th address 44fcae hit on id: 275
794546 th address 42db31 hit on id: 456
794547 th address 42db32 hit on id: 740
794553 th address 42db38 hit on id: 186
794554 th address 42db39 hit on id: 22
794586 th address 382f55 hit on id: 825
794780 th address 2bc687 hit on id: 1019
795405 th address 4137c8 hit on id: 413
795569 th address 2f53c0 hit on id: 1003
795923 th address 258f22 hit on id: 701
796199 th address 24da32 hit on id: 427
796328 th address 434cef hit on id: 390
796408 th address 3c34cb hit on id: 415
796413 th address 3c34d0 hit on id: 5
796460 th address 367327 hit on id: 290
796596 th address 3406a3 hit on id: 901
796679 th address 3c29f2 hit on id: 297
797443 th address 46b5a6 hit on id: 929
798999 th address 2c6a4a hit on id: 657
799112 th address 391627 hit on id: 953
799213 th address 410250 hit on id: 49
799215 th address 410252 hit on id: 277
799576 th address 3be2c3 hit on id: 941
IR ORAM executed 800000 inst
800368 th address 2bf6bf hit on id: 729
800512 th address 3da43f hit on id: 126
800518 th address 3da445 hit on id: 13
801136 th address 1da3b7 hit on id: 713
801267 th address 36091a hit on id: 114
801278 th address 36b0dd hit on id: 442
802282 th address 23d4ad hit on id: 564
802705 th address 3ddb68 hit on id: 474
803361 th address 3dd27c hit on id: 14
803585 th address 3df960 hit on id: 279
803681 th address 40fdf8 hit on id: 367
804031 th address 38bc6e hit on id: 233
805953 th address 2a55dc hit on id: 907
806017 th address 279fa8 hit on id: 675
806443 th address 356b62 hit on id: 281
806857 th address 42c828 hit on id: 791
806941 th address 41fa24 hit on id: 619
807095 th address 1cb802 hit on id: 783
807561 th address 466c64 hit on id: 227
807806 th address 3de4f9 hit on id: 52
807883 th address 2b7d4e hit on id: 946
808502 th address 2c9e81 hit on id: 658
808683 th address 44e9a6 hit on id: 392
809795 th address 48f65e hit on id: 874
IR ORAM executed 810000 inst
810474 th address 3d37a5 hit on id: 11
810478 th address 3d37a9 hit on id: 950
810767 th address 2ea206 hit on id: 277
811081 th address 3de7a4 hit on id: 138
811703 th address 3f1a02 hit on id: 387
811790 th address 2b374d hit on id: 962
812662 th address 2f0e35 hit on id: 816
814499 th address 49a2f6 hit on id: 843
815071 th address 2e3ab2 hit on id: 815
815397 th address 46cfac hit on id: 958
815625 th address 3b8a6c hit on id: 462
816124 th address 1cdf67 hit on id: 742
816527 th address 3b771e hit on id: 203
817406 th address 403c69 hit on id: 422
817408 th address 403c6b hit on id: 942
818253 th address 40e71c hit on id: 46
818548 th address 4083f3 hit on id: 64
818811 th address 48117e hit on id: 179
819364 th address 4004bb hit on id: 394
819498 th address 3f1af9 hit on id: 181
819694 th address 400455 hit on id: 93
819695 th address 400456 hit on id: 624
819890 th address 3f5809 hit on id: 117
IR ORAM executed 820000 inst
820088 th address 4090cf hit on id: 78
820238 th address 42f295 hit on id: 141
820253 th address 45c220 hit on id: 819
821417 th address 408d0c hit on id: 474
821424 th address 408d13 hit on id: 74
821765 th address 3df6b4 hit on id: 700
821891 th address 37619e hit on id: 451
821901 th address 36263c hit on id: 252
822285 th address 3a4a38 hit on id: 448
822586 th address 3db495 hit on id: 341
822639 th address 182e3a hit on id: 702
822914 th address 48ca51 hit on id: 178
823582 th address 3390ed hit on id: 564
823744 th address 5035e3 hit on id: 1014
824214 th address 47113d hit on id: 209
824834 th address 3e3179 hit on id: 259
825059 th address 2ec9ba hit on id: 987
826069 th address 3be6bc hit on id: 203
828280 th address 2a102f hit on id: 625
829247 th address 2f7c3a hit on id: 447
829282 th address 28c64d hit on id: 812
IR ORAM executed 830000 inst
831360 th address 314bdf hit on id: 445
831414 th address 3df955 hit on id: 391
831847 th address 40b4aa hit on id: 184
833777 th address 2d78a0 hit on id: 573
834148 th address 357dd7 hit on id: 395
834321 th address 40b8b4 hit on id: 77
834464 th address 3c481f hit on id: 300
834943 th address 3fa30e hit on id: 213
835985 th address 3e9860 hit on id: 395
836231 th address 342586 hit on id: 371
836759 th address 258b26 hit on id: 329
836844 th address 3df83b hit on id: 126
837050 th address 2ec32d hit on id: 805
837647 th address 33a636 hit on id: 1010
837817 th address 32fb8c hit on id: 860
837820 th address 32fb8f hit on id: 283
838184 th address 35af1f hit on id: 445
838287 th address 3c0fc2 hit on id: 710
838290 th address 3c0fc5 hit on id: 127
838433 th address 1e67b4 hit on id: 919
838591 th address 29b266 hit on id: 919
838918 th address 1ca025 hit on id: 581
838941 th address 3a7db0 hit on id: 960
IR ORAM executed 840000 inst
840137 th address 3ded3c hit on id: 440
840363 th address 404a26 hit on id: 191
840985 th address 3f34c8 hit on id: 314
841368 th address 3029f3 hit on id: 561
841397 th address 36ef38 hit on id: 121
842397 th address 458708 hit on id: 152
843417 th address 3806c0 hit on id: 71
843921 th address 31cad8 hit on id: 653
844455 th address 40be42 hit on id: 74
844742 th address 433dc5 hit on id: 856
844851 th address 3f4b0e hit on id: 63
845004 th address 431837 hit on id: 254
845178 th address 3201b9 hit on id: 950
845260 th address 3ab58b hit on id: 323
846750 th address 3dbf7d hit on id: 220
847441 th address 3aa4cc hit on id: 168
848579 th address 44e372 hit on id: 431
849018 th address 4131dd hit on id: 452
849154 th address 44da05 hit on id: 252
849492 th address 405b57 hit on id: 452
IR ORAM executed 850000 inst
850454 th address 3a03d5 hit on id: 906
850853 th address 423970 hit on id: 236
850987 th address 45eb0e hit on id: 358
851002 th address 45e865 hit on id: 321
853251 th address 2ca99e hit on id: 708
853422 th address 3ddc69 hit on id: 50
853425 th address 3ddc6c hit on id: 42
853705 th address 4aa0b4 hit on id: 238
854233 th address 3f4620 hit on id: 119
854607 th address 3b7626 hit on id: 200
855317 th address 41c4d0 hit on id: 87
855694 th address 3e38f5 hit on id: 772
855728 th address 409003 hit on id: 917
855732 th address 409007 hit on id: 12
856778 th address 3e74e1 hit on id: 548
856797 th address 3e4254 hit on id: 34
856798 th address 3e4255 hit on id: 941
857550 th address 5767f1 hit on id: 856
858014 th address 21c7e1 hit on id: 745
858260 th address 3fcdcf hit on id: 3
858390 th address 3e5601 hit on id: 458
858393 th address 3e5604 hit on id: 133
858474 th address 415f0d hit on id: 431
858478 th address 415f11 hit on id: 360
858480 th address 415f13 hit on id: 63
858573 th address 25b494 hit on id: 859
858849 th address 28c97c hit on id: 692
859579 th address 3e0b92 hit on id: 752
IR ORAM executed 860000 inst
860418 th address 3d10a5 hit on id: 320
860447 th address 3e1e62 hit on id: 876
861412 th address 44dba3 hit on id: 927
861955 th address 289c92 hit on id: 1018
863410 th address 417fbd hit on id: 463
864316 th address 3113df hit on id: 889
864553 th address 3f5c7c hit on id: 993
866090 th address 4075d5 hit on id: 48
866091 th address 4075d6 hit on id: 22
866338 th address 35f1d5 hit on id: 518
866897 th address 46fff0 hit on id: 507
867342 th address 3c1439 hit on id: 456
867383 th address 3ffd7e hit on id: 695
867457 th address 3c34c8 hit on id: 185
869062 th address 42a01d hit on id: 339
IR ORAM executed 870000 inst
870405 th address 46973c hit on id: 595
870706 th address 4586b5 hit on id: 311
871662 th address 4eb339 hit on id: 734
872432 th address 1c8a9f hit on id: 537
872495 th address 3f8c26 hit on id: 796
873381 th address 4ca6a8 hit on id: 953
874365 th address 4c8a10 hit on id: 938
874806 th address 430ce5 hit on id: 903
874946 th address 3dccf9 hit on id: 274
875005 th address 4094a0 hit on id: 320
875126 th address 40b721 hit on id: 942
875558 th address 36612d hit on id: 416
876115 th address 3ddd66 hit on id: 56
876458 th address 4506b5 hit on id: 193
876805 th address 38c124 hit on id: 996
877188 th address 46c6eb hit on id: 484
877213 th address 421b00 hit on id: 875
877744 th address 3e2f6b hit on id: 231
877931 th address 34b18a hit on id: 1018
878189 th address 40948c hit on id: 967
878640 th address 3da447 hit on id: 145
879353 th address 446980 hit on id: 212
879362 th address 40bfd9 hit on id: 260
879541 th address 3e6604 hit on id: 49
879543 th address 3e6606 hit on id: 555
879963 th address 41392a hit on id: 1
IR ORAM executed 880000 inst
880908 th address 3c55d3 hit on id: 263
881542 th address 3edadd hit on id: 40
881562 th address 3f226d hit on id: 477
881686 th address 3de4c5 hit on id: 604
882757 th address 430164 hit on id: 291
883125 th address 40b4e8 hit on id: 200
883185 th address 37add4 hit on id: 255
883348 th address 3be983 hit on id: 861
884020 th address 410a87 hit on id: 87
884061 th address 459b18 hit on id: 65
884443 th address 35baee hit on id: 422
884454 th address 2a8ecd hit on id: 590
884852 th address 2f0c0b hit on id: 550
885238 th address 44d3bd hit on id: 471
885611 th address 3e5972 hit on id: 557
886009 th address 365940 hit on id: 753
886012 th address 365943 hit on id: 490
886324 th address 3b659b hit on id: 660
886348 th address 3e5f17 hit on id: 972
886354 th address 3e5f1d hit on id: 191
886356 th address 3e5f1f hit on id: 140
886394 th address 3e394d hit on id: 288
886398 th address 3e3951 hit on id: 73
886409 th address 456868 hit on id: 940
887849 th address 40acb0 hit on id: 85
888192 th address 49797b hit on id: 302
889121 th address 2a8f38 hit on id: 423
889332 th address 4843df hit on id: 990
889784 th address 40e20b hit on id: 197
IR ORAM executed 890000 inst
891462 th address 439859 hit on id: 39
892453 th address 429858 hit on id: 886
895420 th address 3ff6cf hit on id: 378
895901 th address 38f9a4 hit on id: 582
895902 th address 38f9a5 hit on id: 174
895920 th address 3a2dbb hit on id: 909
896127 th address 4042be hit on id: 245
896171 th address 3f008e hit on id: 204
896826 th address 4004bd hit on id: 67
896828 th address 4004bf hit on id: 271
896829 th address 4004c0 hit on id: 121
896904 th address 442973 hit on id: 39
897220 th address 467de7 hit on id: 127
897221 th address 467de8 hit on id: 497
897888 th address 433367 hit on id: 104
898437 th address 422324 hit on id: 60
898506 th address 46d729 hit on id: 226
899775 th address 428d02 hit on id: 188
899785 th address 357078 hit on id: 336
899792 th address 35707f hit on id: 518
899851 th address 3806b2 hit on id: 166
899945 th address 35b12c hit on id: 665
IR ORAM executed 900000 inst
900568 th address 331287 hit on id: 895
901642 th address 32f475 hit on id: 880
902866 th address 379311 hit on id: 554
903138 th address 379ab1 hit on id: 542
903732 th address 313823 hit on id: 981
903996 th address 3c5d83 hit on id: 303
905044 th address 44ed07 hit on id: 424
905975 th address 3b771e hit on id: 816
906795 th address 46974e hit on id: 830
907688 th address 3bb0cf hit on id: 493
908365 th address 313230 hit on id: 619
909493 th address 3fbc1c hit on id: 693
909496 th address 3fbc1f hit on id: 486
909930 th address 419975 hit on id: 230
IR ORAM executed 910000 inst
910255 th address 4638ae hit on id: 198
910345 th address 44631c hit on id: 94
910346 th address 44631d hit on id: 703
910907 th address 279e32 hit on id: 649
911584 th address 46b5a3 hit on id: 533
913277 th address 3dc960 hit on id: 892
914523 th address 431366 hit on id: 837
914524 th address 431367 hit on id: 207
915047 th address 4005ee hit on id: 496
915126 th address 18fd9d hit on id: 399
915652 th address 2197a7 hit on id: 144
916240 th address 29f77b hit on id: 662
917653 th address 35700c hit on id: 398
918944 th address 36becf hit on id: 382
919238 th address 45ed31 hit on id: 579
919309 th address 254d54 hit on id: 981
IR ORAM executed 920000 inst
920138 th address 3c56d1 hit on id: 433
921717 th address 36614c hit on id: 411
921962 th address 49cc09 hit on id: 1012
922876 th address 3e2d8b hit on id: 258
923819 th address 2d7726 hit on id: 652
924896 th address 2603fb hit on id: 601
924899 th address 2603fe hit on id: 899
925280 th address 2eb7ab hit on id: 732
925586 th address 42a9ed hit on id: 222
925596 th address 42a9f7 hit on id: 276
926254 th address 4362b1 hit on id: 566
927179 th address 429f5e hit on id: 434
927528 th address 4215bf hit on id: 480
928783 th address 44d16e hit on id: 670
929239 th address 2e336e hit on id: 683
929244 th address 2e3373 hit on id: 665
IR ORAM executed 930000 inst
930278 th address 3db4a5 hit on id: 2
930280 th address 3db4a7 hit on id: 66
930659 th address 3e0c4a hit on id: 94
930708 th address 42bd17 hit on id: 245
931012 th address 453c57 hit on id: 359
931280 th address 405223 hit on id: 330
931399 th address 2c4d1a hit on id: 982
931947 th address 2f7e36 hit on id: 580
932370 th address 4518ad hit on id: 558
932997 th address 4083f8 hit on id: 72
934058 th address 3ce4f1 hit on id: 671
934377 th address 338f90 hit on id: 419
935278 th address 408cc9 hit on id: 152
935409 th address 487c64 hit on id: 611
935514 th address 46fae1 hit on id: 502
935533 th address 3d686c hit on id: 984
935938 th address 467e7d hit on id: 904
936070 th address 417fbd hit on id: 463
936736 th address 4a6727 hit on id: 842
937418 th address 435dd5 hit on id: 494
IR ORAM executed 940000 inst
940966 th address 431955 hit on id: 388
941347 th address 468516 hit on id: 962
941358 th address 2b072d hit on id: 682
941405 th address 3df918 hit on id: 596
942598 th address 41843d hit on id: 458
943545 th address 393dac hit on id: 1019
944311 th address 46a5b6 hit on id: 1005
944461 th address 4186ec hit on id: 71
945218 th address 42b3f5 hit on id: 247
945354 th address 37cd8d hit on id: 738
945467 th address 2650c6 hit on id: 298
946603 th address 2c5eba hit on id: 298
947030 th address 449d01 hit on id: 695
947741 th address 317b78 hit on id: 884
947917 th address 2acb88 hit on id: 891
949208 th address 26ae23 hit on id: 669
949410 th address 42ad09 hit on id: 890
949506 th address 1b5489 hit on id: 810
949571 th address 434422 hit on id: 310
IR ORAM executed 950000 inst
950931 th address 314f5a hit on id: 585
951952 th address 407aab hit on id: 360
953217 th address 408d10 hit on id: 630
953220 th address 408d13 hit on id: 606
954331 th address 3abe3a hit on id: 84
954795 th address 40b8ae hit on id: 385
954798 th address 40b8b1 hit on id: 71
954803 th address 40b8b6 hit on id: 315
955014 th address 3df51d hit on id: 198
955618 th address 41e095 hit on id: 953
955912 th address 42ace3 hit on id: 123
955917 th address 42ace8 hit on id: 228
955919 th address 42acea hit on id: 222
956265 th address 4608bc hit on id: 367
956662 th address 428b65 hit on id: 965
956912 th address 3c5c0b hit on id: 210
957419 th address 459736 hit on id: 440
958652 th address 46a4f7 hit on id: 175
958667 th address 445762 hit on id: 110
959277 th address 3fdb38 hit on id: 279
959666 th address 474001 hit on id: 531
959675 th address 47400a hit on id: 479
959758 th address 43358d hit on id: 46
IR ORAM executed 960000 inst
961226 th address 419689 hit on id: 905
962743 th address 35c622 hit on id: 727
962770 th address 42fd29 hit on id: 74
963447 th address 382f52 hit on id: 976
964653 th address 3e5604 hit on id: 133
966706 th address 3c5685 hit on id: 308
968310 th address 3b55ad hit on id: 752
969283 th address 494b1a hit on id: 771
969409 th address 3e442c hit on id: 173
IR ORAM executed 970000 inst
970119 th address 4029f2 hit on id: 455
970122 th address 4029f5 hit on id: 85
970123 th address 4029f6 hit on id: 164
971093 th address 3c4780 hit on id: 452
971098 th address 3c4785 hit on id: 634
971109 th address 465518 hit on id: 465
973276 th address 418fb3 hit on id: 150
973281 th address 418fb8 hit on id: 30
973991 th address 453d72 hit on id: 58
974018 th address 39b9c5 hit on id: 771
974028 th address 39b9cf hit on id: 334
974095 th address 32bc6e hit on id: 398
974313 th address 46bb3c hit on id: 132
974749 th address 32d060 hit on id: 665
975111 th address 3f9d52 hit on id: 125
975126 th address 4952a5 hit on id: 987
975266 th address 4468e1 hit on id: 631
975946 th address 33b1a5 hit on id: 878
976543 th address 400ab2 hit on id: 109
978120 th address 36bae3 hit on id: 277
978508 th address 365943 hit on id: 244
978509 th address 365944 hit on id: 414
979320 th address 3e463b hit on id: 877
IR ORAM executed 980000 inst
980462 th address 3a03d5 hit on id: 225
980763 th address 398a4a hit on id: 727
980984 th address 5714bf hit on id: 839
981028 th address 469443 hit on id: 869
981492 th address 339047 hit on id: 544
981780 th address 416507 hit on id: 120
981785 th address 4bc088 hit on id: 247
983041 th address 463524 hit on id: 122
983107 th address 35baee hit on id: 845
985748 th address 41035f hit on id: 819
985912 th address 357dd7 hit on id: 395
986499 th address 3887f6 hit on id: 324
988358 th address 46a8ed hit on id: 222
988791 th address 462572 hit on id: 191
988860 th address 3de86f hit on id: 577
989838 th address 3545a5 hit on id: 712
989843 th address 3545aa hit on id: 420
989939 th address 3bc4d6 hit on id: 313
IR ORAM executed 990000 inst
991142 th address 3a2db1 hit on id: 278
991192 th address 36b0df hit on id: 195
991196 th address 36b0e3 hit on id: 313
991221 th address 3a1dc8 hit on id: 928
991871 th address 20958a hit on id: 841
992042 th address 2bc891 hit on id: 792
993732 th address 3acebf hit on id: 637
993845 th address 41560c hit on id: 10
993850 th address 415611 hit on id: 16
996116 th address 3de25f hit on id: 261
996484 th address 3f8373 hit on id: 345
996655 th address 394cda hit on id: 503
996902 th address 430039 hit on id: 425
996910 th address 430041 hit on id: 183
997890 th address 3efb9d hit on id: 998
998005 th address 45ea00 hit on id: 597
998558 th address 300925 hit on id: 649
998651 th address 45fa2a hit on id: 531
998903 th address 43016e hit on id: 188
998972 th address 2787af hit on id: 828
999085 th address 3fd620 hit on id: 652
999212 th address 2bc243 hit on id: 578
999397 th address 31cad0 hit on id: 328
IR ORAM executed 1000000 inst
The final DRAM clk is: 909431828 ticks.
R/W switch time % is: 71.556 %
DRAM Frequency is: 1600MHz
The final time in ns is: 5.68395e+08 ns.
reads: 129329112
writes: 129329112
Achieved BW is: 29.1243 GB/s
Ideal BW is: 102.4 GB/s
Metadata cache conclusion: 
overall_hit: 0 overall_total: 0
Cache Size 64 KB Overall Hit rate: -nan %. 
stash Bypassed req: 18590 out of 1000000 requests 1.859 %
Cache Bypassed req: 1644 out of 1000000 requests 0.1644 %
Simulation done. Statistics written to results/iroram_orca.txt
