Total number of ORAM protected cache line blocks: 67108864
Max number of levels: 27
Valid leaf ID range: 67108863:134217726
Cached number of levels: 10
Address space: 0 - 4 GB
Address space: 0 - 0.5 GB
Address space: 0 - 0.0625 GB
IR ORAM executed 10000 inst
IR ORAM executed 20000 inst
IR ORAM executed 30000 inst
IR ORAM executed 40000 inst
IR ORAM executed 50000 inst
IR ORAM executed 60000 inst
IR ORAM executed 70000 inst
IR ORAM executed 80000 inst
IR ORAM executed 90000 inst
IR ORAM executed 100000 inst
IR ORAM executed 110000 inst
IR ORAM executed 120000 inst
IR ORAM executed 130000 inst
IR ORAM executed 140000 inst
IR ORAM executed 150000 inst
IR ORAM executed 160000 inst
IR ORAM executed 170000 inst
IR ORAM executed 180000 inst
181218 th address 15573b hit on id: 1001
181594 th address 15575e hit on id: 828
183014 th address 1557fd hit on id: 917
183353 th address 155821 hit on id: 702
IR ORAM executed 190000 inst
IR ORAM executed 200000 inst
IR ORAM executed 210000 inst
IR ORAM executed 220000 inst
IR ORAM executed 230000 inst
IR ORAM executed 240000 inst
IR ORAM executed 250000 inst
IR ORAM executed 260000 inst
IR ORAM executed 270000 inst
IR ORAM executed 280000 inst
IR ORAM executed 290000 inst
IR ORAM executed 300000 inst
IR ORAM executed 310000 inst
IR ORAM executed 320000 inst
IR ORAM executed 330000 inst
IR ORAM executed 340000 inst
IR ORAM executed 350000 inst
IR ORAM executed 360000 inst
361695 th address 60a40 hit on id: 899
IR ORAM executed 370000 inst
IR ORAM executed 380000 inst
IR ORAM executed 390000 inst
IR ORAM executed 400000 inst
IR ORAM executed 410000 inst
IR ORAM executed 420000 inst
IR ORAM executed 430000 inst
IR ORAM executed 440000 inst
IR ORAM executed 450000 inst
IR ORAM executed 460000 inst
IR ORAM executed 470000 inst
IR ORAM executed 480000 inst
486106 th address 67d60 hit on id: 1020
IR ORAM executed 490000 inst
IR ORAM executed 500000 inst
IR ORAM executed 510000 inst
IR ORAM executed 520000 inst
IR ORAM executed 530000 inst
IR ORAM executed 540000 inst
IR ORAM executed 550000 inst
IR ORAM executed 560000 inst
IR ORAM executed 570000 inst
573037 th address 777f2 hit on id: 564
IR ORAM executed 580000 inst
581859 th address 7c638 hit on id: 590
IR ORAM executed 590000 inst
595727 th address 76a0b hit on id: 693
IR ORAM executed 600000 inst
IR ORAM executed 610000 inst
617537 th address 820eb hit on id: 150
IR ORAM executed 620000 inst
IR ORAM executed 630000 inst
IR ORAM executed 640000 inst
IR ORAM executed 650000 inst
IR ORAM executed 660000 inst
664844 th address 59d50 hit on id: 813
665626 th address 59e6c hit on id: 27
IR ORAM executed 670000 inst
671071 th address 5a5e5 hit on id: 715
671696 th address 5a6bb hit on id: 544
675444 th address 5abdc hit on id: 939
IR ORAM executed 680000 inst
680731 th address 5b320 hit on id: 648
680827 th address 5b341 hit on id: 616
686654 th address 5bb31 hit on id: 537
687667 th address 5bc93 hit on id: 157
689904 th address 5bfa3 hit on id: 215
IR ORAM executed 690000 inst
690953 th address 5c10f hit on id: 499
694275 th address 5c585 hit on id: 433
696219 th address 5c819 hit on id: 653
697376 th address 5c9ab hit on id: 269
IR ORAM executed 700000 inst
702415 th address 5d075 hit on id: 457
708200 th address 5d82a hit on id: 629
IR ORAM executed 710000 inst
718016 th address 5e535 hit on id: 754
718424 th address 5e5bf hit on id: 902
719399 th address 5e70b hit on id: 773
IR ORAM executed 720000 inst
722743 th address 5eb7c hit on id: 457
723852 th address 5ecf3 hit on id: 608
726711 th address 5f0bc hit on id: 290
IR ORAM executed 730000 inst
734886 th address 5fb84 hit on id: 252
735138 th address 5fbda hit on id: 295
IR ORAM executed 740000 inst
743413 th address 606b9 hit on id: 932
744905 th address 608ab hit on id: 211
745510 th address 60976 hit on id: 184
745658 th address 609a8 hit on id: 150
IR ORAM executed 750000 inst
IR ORAM executed 760000 inst
IR ORAM executed 770000 inst
IR ORAM executed 780000 inst
IR ORAM executed 790000 inst
797067 th address 1d074c hit on id: 187
IR ORAM executed 800000 inst
804320 th address 155766 hit on id: 643
804633 th address 15578b hit on id: 384
805678 th address 1557ff hit on id: 505
806963 th address 155881 hit on id: 239
807118 th address 155892 hit on id: 500
807590 th address 1558c2 hit on id: 548
IR ORAM executed 810000 inst
816812 th address 1d2fb0 hit on id: 85
816870 th address 1d2fb8 hit on id: 40
817842 th address 1d3000 hit on id: 631
819359 th address 1d308d hit on id: 77
819602 th address 1d30a9 hit on id: 622
819673 th address 1d30b2 hit on id: 85
IR ORAM executed 820000 inst
IR ORAM executed 830000 inst
835590 th address 1d5ee8 hit on id: 129
837948 th address 1d6003 hit on id: 51
IR ORAM executed 840000 inst
840505 th address 1d613e hit on id: 599
840781 th address 1d615c hit on id: 494
841377 th address 1d61a5 hit on id: 246
844258 th address 15b00e hit on id: 421
IR ORAM executed 850000 inst
854346 th address 1d9fda hit on id: 399
854803 th address 1da017 hit on id: 424
857696 th address 1da13a hit on id: 835
858639 th address 15ee9e hit on id: 1005
858701 th address 15eea3 hit on id: 651
858737 th address 15eea6 hit on id: 927
IR ORAM executed 860000 inst
869309 th address 1621e4 hit on id: 588
869657 th address 1dd4f8 hit on id: 448
IR ORAM executed 870000 inst
873448 th address 1dd63a hit on id: 294
IR ORAM executed 880000 inst
880383 th address 1dd8c0 hit on id: 109
883658 th address 1dda12 hit on id: 153
886004 th address 1ddaba hit on id: 745
IR ORAM executed 890000 inst
890481 th address 1e2c89 hit on id: 206
890702 th address 1e2c9e hit on id: 358
IR ORAM executed 900000 inst
902192 th address 1e3176 hit on id: 861
903798 th address 1e3223 hit on id: 832
IR ORAM executed 910000 inst
910750 th address 1e8c9f hit on id: 401
912549 th address 16da70 hit on id: 882
917583 th address 1e8f7c hit on id: 290
IR ORAM executed 920000 inst
922566 th address 1e917d hit on id: 963
924661 th address 1e9264 hit on id: 866
927541 th address 1e936b hit on id: 55
IR ORAM executed 930000 inst
936116 th address 171bf3 hit on id: 561
937926 th address 1ecfb9 hit on id: 888
938628 th address 1ed006 hit on id: 298
938778 th address 1ed016 hit on id: 202
939011 th address 171d37 hit on id: 239
939363 th address 1ed051 hit on id: 309
IR ORAM executed 940000 inst
940179 th address 171db5 hit on id: 925
941007 th address 171dfa hit on id: 876
945213 th address 171f3e hit on id: 800
947339 th address 1ed31e hit on id: 597
IR ORAM executed 950000 inst
959690 th address 1745d5 hit on id: 233
IR ORAM executed 960000 inst
962103 th address 1746f4 hit on id: 206
963407 th address 1efa77 hit on id: 997
966169 th address 1efb9e hit on id: 73
966783 th address 1f23dd hit on id: 881
967051 th address 177103 hit on id: 123
967670 th address 1f243a hit on id: 973
IR ORAM executed 970000 inst
972057 th address 1f260c hit on id: 155
979622 th address 1f2870 hit on id: 106
IR ORAM executed 980000 inst
980009 th address 1f28a4 hit on id: 81
980186 th address 1f28bd hit on id: 832
982612 th address 1776fe hit on id: 924
984912 th address 177818 hit on id: 809
986952 th address 1f7c06 hit on id: 588
989198 th address 1f7d28 hit on id: 31
IR ORAM executed 990000 inst
991115 th address 1f7e13 hit on id: 25
991872 th address 1f7e73 hit on id: 224
995212 th address 1f805f hit on id: 1008
995801 th address 1f80b5 hit on id: 486
996111 th address 1f80e0 hit on id: 699
998540 th address 17cf1c hit on id: 747
998900 th address 17cf47 hit on id: 827
IR ORAM executed 1000000 inst
The final DRAM clk is: 925300868 ticks.
R/W switch time % is: 71.5463 %
DRAM Frequency is: 1600MHz
The final time in ns is: 5.78313e+08 ns.
reads: 131639772
writes: 131639772
Achieved BW is: 29.1363 GB/s
Ideal BW is: 102.4 GB/s
Metadata cache conclusion: 
overall_hit: 0 overall_total: 0
Cache Size 64 KB Overall Hit rate: -nan %. 
stash Bypassed req: 2618 out of 1000000 requests 0.2618 %
Cache Bypassed req: 111 out of 1000000 requests 0.0111 %
Simulation done. Statistics written to results/iroram_pagerank.txt
