Total number of ORAM protected cache line blocks: 67108864
Max number of levels: 27
Valid leaf ID range: 67108863:134217726
Cached number of levels: 10
Address space: 0 - 4 GB
Address space: 0 - 0.5 GB
Address space: 0 - 0.0625 GB
The final DRAM clk is: 284114386 ticks.
R/W switch time % is: 59.1447 %
DRAM Frequency is: 1600MHz
The final time in ns is: 1.77571e+08 ns.
reads: 57679164
writes: 57679164
Achieved BW is: 41.5772 GB/s
Ideal BW is: 102.4 GB/s
Metadata cache conclusion: 
overall_hit: 0 overall_total: 0
Cache Size 64 KB Overall Hit rate: -nan %. 
overall_hit: 717259 overall_total: 1000000
Cache Size 1024 KB Overall Hit rate: 71.7259 %. 
Cache Bypassed req: 717259 out of 1000000 requests 71.7259 %
Simulation done. Statistics written to results/proram_pagerank.txt
