Total number of ORAM protected cache line blocks: 67108864
Max number of levels: 27
Valid leaf ID range: 67108863:134217726
Cached number of levels: 10
Address space: 0 - 4 GB
Address space: 0 - 0.5 GB
Address space: 0 - 0.0625 GB
The final DRAM clk is: 281501005 ticks.
R/W switch time % is: 59.1645 %
DRAM Frequency is: 1600MHz
The final time in ns is: 1.75938e+08 ns.
reads: 57116124
writes: 57116124
Achieved BW is: 41.5536 GB/s
Ideal BW is: 102.4 GB/s
Metadata cache conclusion: 
overall_hit: 0 overall_total: 0
Cache Size 64 KB Overall Hit rate: -nan %. 
overall_hit: 720019 overall_total: 1000000
Cache Size 1024 KB Overall Hit rate: 72.0019 %. 
Cache Bypassed req: 720019 out of 1000000 requests 72.0019 %
Simulation done. Statistics written to results/proram_mcf.txt
