Total number of ORAM protected cache line blocks: 67108864
Max number of levels: 27
Valid leaf ID range: 67108863:134217726
Cached number of levels: 10
Address space: 0 - 4 GB
Address space: 0 - 0.5 GB
Address space: 0 - 0.0625 GB
The final DRAM clk is: 249760638 ticks.
R/W switch time % is: 59.0886 %
DRAM Frequency is: 1600MHz
The final time in ns is: 1.561e+08 ns.
reads: 50714604
writes: 50714604
Achieved BW is: 41.5852 GB/s
Ideal BW is: 102.4 GB/s
Metadata cache conclusion: 
overall_hit: 0 overall_total: 0
Cache Size 64 KB Overall Hit rate: -nan %. 
overall_hit: 751399 overall_total: 1000000
Cache Size 1024 KB Overall Hit rate: 75.1399 %. 
Cache Bypassed req: 751399 out of 1000000 requests 75.1399 %
Simulation done. Statistics written to results/proram_orca.txt
