Total num of original addr space: 671088640
This is equivalent to: 40 GB 
Security params: Z, S, A: 5, 7, 5
Served 1000000 inst so far ( 0.1 %)
Max stash size is: 87
Average stash size is: 14.4664
Stash violation number of times: 0
Served 2000000 inst so far ( 0.2 %)
Max stash size is: 88
Average stash size is: 14.5156
Stash violation number of times: 0
Served 3000000 inst so far ( 0.3 %)
Max stash size is: 92
Average stash size is: 14.5489
Stash violation number of times: 0
Served 4000000 inst so far ( 0.4 %)
Max stash size is: 92
Average stash size is: 14.5602
Stash violation number of times: 0
Served 5000000 inst so far ( 0.5 %)
Max stash size is: 95
Average stash size is: 14.5712
Stash violation number of times: 0
Served 6000000 inst so far ( 0.6 %)
Max stash size is: 98
Average stash size is: 14.5871
Stash violation number of times: 0
Served 7000000 inst so far ( 0.7 %)
Max stash size is: 98
Average stash size is: 14.5964
Stash violation number of times: 0
Served 8000000 inst so far ( 0.8 %)
Max stash size is: 98
Average stash size is: 14.6009
Stash violation number of times: 0
Served 9000000 inst so far ( 0.9 %)
Max stash size is: 101
Average stash size is: 14.6068
Stash violation number of times: 0
Served 10000000 inst so far ( 1 %)
Max stash size is: 101
Average stash size is: 14.6116
Stash violation number of times: 0
Served 11000000 inst so far ( 1.1 %)
Max stash size is: 101
Average stash size is: 14.6191
Stash violation number of times: 0
Served 12000000 inst so far ( 1.2 %)
Max stash size is: 103
Average stash size is: 14.6259
Stash violation number of times: 0
Served 13000000 inst so far ( 1.3 %)
Max stash size is: 103
Average stash size is: 14.6308
Stash violation number of times: 0
Served 14000000 inst so far ( 1.4 %)
Max stash size is: 103
Average stash size is: 14.6348
Stash violation number of times: 0
Served 15000000 inst so far ( 1.5 %)
Max stash size is: 103
Average stash size is: 14.6371
Stash violation number of times: 0
Served 16000000 inst so far ( 1.6 %)
Max stash size is: 106
Average stash size is: 14.6388
Stash violation number of times: 0
Served 17000000 inst so far ( 1.7 %)
Max stash size is: 106
Average stash size is: 14.6412
Stash violation number of times: 0
Served 18000000 inst so far ( 1.8 %)
Max stash size is: 111
Average stash size is: 14.6433
Stash violation number of times: 0
Served 19000000 inst so far ( 1.9 %)
Max stash size is: 111
Average stash size is: 14.6451
Stash violation number of times: 0
Served 20000000 inst so far ( 2 %)
Max stash size is: 111
Average stash size is: 14.6489
Stash violation number of times: 0
Served 21000000 inst so far ( 2.1 %)
Max stash size is: 111
Average stash size is: 14.6517
Stash violation number of times: 0
Served 22000000 inst so far ( 2.2 %)
Max stash size is: 111
Average stash size is: 14.655
Stash violation number of times: 0
Served 23000000 inst so far ( 2.3 %)
Max stash size is: 111
Average stash size is: 14.6569
Stash violation number of times: 0
Served 24000000 inst so far ( 2.4 %)
Max stash size is: 111
Average stash size is: 14.6587
Stash violation number of times: 0
Served 25000000 inst so far ( 2.5 %)
Max stash size is: 111
Average stash size is: 14.6608
Stash violation number of times: 0
Served 26000000 inst so far ( 2.6 %)
Max stash size is: 111
Average stash size is: 14.6626
Stash violation number of times: 0
Served 27000000 inst so far ( 2.7 %)
Max stash size is: 112
Average stash size is: 14.6634
Stash violation number of times: 0
Served 28000000 inst so far ( 2.8 %)
Max stash size is: 112
Average stash size is: 14.6643
Stash violation number of times: 0
Served 29000000 inst so far ( 2.9 %)
Max stash size is: 112
Average stash size is: 14.6653
Stash violation number of times: 0
Served 30000000 inst so far ( 3 %)
Max stash size is: 112
Average stash size is: 14.6662
Stash violation number of times: 0
Served 31000000 inst so far ( 3.1 %)
Max stash size is: 112
Average stash size is: 14.6663
Stash violation number of times: 0
Served 32000000 inst so far ( 3.2 %)
Max stash size is: 112
Average stash size is: 14.6667
Stash violation number of times: 0
Served 33000000 inst so far ( 3.3 %)
Max stash size is: 112
Average stash size is: 14.6673
Stash violation number of times: 0
Served 34000000 inst so far ( 3.4 %)
Max stash size is: 112
Average stash size is: 14.6678
Stash violation number of times: 0
Served 35000000 inst so far ( 3.5 %)
Max stash size is: 112
Average stash size is: 14.6681
Stash violation number of times: 0
Served 36000000 inst so far ( 3.6 %)
Max stash size is: 112
Average stash size is: 14.668
Stash violation number of times: 0
Served 37000000 inst so far ( 3.7 %)
Max stash size is: 112
Average stash size is: 14.6687
Stash violation number of times: 0
Served 38000000 inst so far ( 3.8 %)
Max stash size is: 112
Average stash size is: 14.6695
Stash violation number of times: 0
Served 39000000 inst so far ( 3.9 %)
Max stash size is: 112
Average stash size is: 14.6702
Stash violation number of times: 0
Served 40000000 inst so far ( 4 %)
Max stash size is: 112
Average stash size is: 14.6711
Stash violation number of times: 0
Served 41000000 inst so far ( 4.1 %)
Max stash size is: 112
Average stash size is: 14.6723
Stash violation number of times: 0
Served 42000000 inst so far ( 4.2 %)
Max stash size is: 112
Average stash size is: 14.6736
Stash violation number of times: 0
Served 43000000 inst so far ( 4.3 %)
Max stash size is: 112
Average stash size is: 14.6749
Stash violation number of times: 0
Served 44000000 inst so far ( 4.4 %)
Max stash size is: 112
Average stash size is: 14.6759
Stash violation number of times: 0
Served 45000000 inst so far ( 4.5 %)
Max stash size is: 112
Average stash size is: 14.6768
Stash violation number of times: 0
Served 46000000 inst so far ( 4.6 %)
Max stash size is: 112
Average stash size is: 14.6776
Stash violation number of times: 0
Served 47000000 inst so far ( 4.7 %)
Max stash size is: 112
Average stash size is: 14.6782
Stash violation number of times: 0
Served 48000000 inst so far ( 4.8 %)
Max stash size is: 112
Average stash size is: 14.6789
Stash violation number of times: 0
Served 49000000 inst so far ( 4.9 %)
Max stash size is: 112
Average stash size is: 14.6796
Stash violation number of times: 0
Served 50000000 inst so far ( 5 %)
Max stash size is: 112
Average stash size is: 14.6801
Stash violation number of times: 0
Served 51000000 inst so far ( 5.1 %)
Max stash size is: 112
Average stash size is: 14.6802
Stash violation number of times: 0
Served 52000000 inst so far ( 5.2 %)
Max stash size is: 112
Average stash size is: 14.6805
Stash violation number of times: 0
Served 53000000 inst so far ( 5.3 %)
Max stash size is: 112
Average stash size is: 14.6807
Stash violation number of times: 0
Served 54000000 inst so far ( 5.4 %)
Max stash size is: 112
Average stash size is: 14.6808
Stash violation number of times: 0
Served 55000000 inst so far ( 5.5 %)
Max stash size is: 115
Average stash size is: 14.681
Stash violation number of times: 0
Served 56000000 inst so far ( 5.6 %)
Max stash size is: 115
Average stash size is: 14.6815
Stash violation number of times: 0
Served 57000000 inst so far ( 5.7 %)
Max stash size is: 115
Average stash size is: 14.6816
Stash violation number of times: 0
Served 58000000 inst so far ( 5.8 %)
Max stash size is: 115
Average stash size is: 14.6815
Stash violation number of times: 0
Served 59000000 inst so far ( 5.9 %)
Max stash size is: 115
Average stash size is: 14.6816
Stash violation number of times: 0
Served 60000000 inst so far ( 6 %)
Max stash size is: 115
Average stash size is: 14.6814
Stash violation number of times: 0
Served 61000000 inst so far ( 6.1 %)
Max stash size is: 115
Average stash size is: 14.6816
Stash violation number of times: 0
Served 62000000 inst so far ( 6.2 %)
Max stash size is: 115
Average stash size is: 14.6812
Stash violation number of times: 0
Served 63000000 inst so far ( 6.3 %)
Max stash size is: 115
Average stash size is: 14.6811
Stash violation number of times: 0
Served 64000000 inst so far ( 6.4 %)
Max stash size is: 115
Average stash size is: 14.681
Stash violation number of times: 0
Served 65000000 inst so far ( 6.5 %)
Max stash size is: 115
Average stash size is: 14.6809
Stash violation number of times: 0
Served 66000000 inst so far ( 6.6 %)
Max stash size is: 115
Average stash size is: 14.6809
Stash violation number of times: 0
Served 67000000 inst so far ( 6.7 %)
Max stash size is: 115
Average stash size is: 14.6808
Stash violation number of times: 0
Served 68000000 inst so far ( 6.8 %)
Max stash size is: 115
Average stash size is: 14.6806
Stash violation number of times: 0
Served 69000000 inst so far ( 6.9 %)
Max stash size is: 115
Average stash size is: 14.6804
Stash violation number of times: 0
Served 70000000 inst so far ( 7 %)
Max stash size is: 115
Average stash size is: 14.6802
Stash violation number of times: 0
Served 71000000 inst so far ( 7.1 %)
Max stash size is: 115
Average stash size is: 14.6799
Stash violation number of times: 0
Served 72000000 inst so far ( 7.2 %)
Max stash size is: 115
Average stash size is: 14.6797
Stash violation number of times: 0
Served 73000000 inst so far ( 7.3 %)
Max stash size is: 115
Average stash size is: 14.6797
Stash violation number of times: 0
Served 74000000 inst so far ( 7.4 %)
Max stash size is: 115
Average stash size is: 14.6796
Stash violation number of times: 0
Served 75000000 inst so far ( 7.5 %)
Max stash size is: 115
Average stash size is: 14.6797
Stash violation number of times: 0
Served 76000000 inst so far ( 7.6 %)
Max stash size is: 115
Average stash size is: 14.6794
Stash violation number of times: 0
Served 77000000 inst so far ( 7.7 %)
Max stash size is: 115
Average stash size is: 14.6795
Stash violation number of times: 0
Served 78000000 inst so far ( 7.8 %)
Max stash size is: 115
Average stash size is: 14.6798
Stash violation number of times: 0
Served 79000000 inst so far ( 7.9 %)
Max stash size is: 115
Average stash size is: 14.6797
Stash violation number of times: 0
Served 80000000 inst so far ( 8 %)
Max stash size is: 115
Average stash size is: 14.6796
Stash violation number of times: 0
Served 81000000 inst so far ( 8.1 %)
Max stash size is: 115
Average stash size is: 14.6796
Stash violation number of times: 0
Served 82000000 inst so far ( 8.2 %)
Max stash size is: 115
Average stash size is: 14.6799
Stash violation number of times: 0
Served 83000000 inst so far ( 8.3 %)
Max stash size is: 115
Average stash size is: 14.6801
Stash violation number of times: 0
Served 84000000 inst so far ( 8.4 %)
Max stash size is: 115
Average stash size is: 14.6805
Stash violation number of times: 0
Served 85000000 inst so far ( 8.5 %)
Max stash size is: 115
Average stash size is: 14.6805
Stash violation number of times: 0
Served 86000000 inst so far ( 8.6 %)
Max stash size is: 117
Average stash size is: 14.6805
Stash violation number of times: 0
Served 87000000 inst so far ( 8.7 %)
Max stash size is: 117
Average stash size is: 14.6809
Stash violation number of times: 0
Served 88000000 inst so far ( 8.8 %)
Max stash size is: 117
Average stash size is: 14.681
Stash violation number of times: 0
Served 89000000 inst so far ( 8.9 %)
Max stash size is: 117
Average stash size is: 14.6812
Stash violation number of times: 0
Served 90000000 inst so far ( 9 %)
Max stash size is: 117
Average stash size is: 14.6813
Stash violation number of times: 0
Served 91000000 inst so far ( 9.1 %)
Max stash size is: 117
Average stash size is: 14.6814
Stash violation number of times: 0
Served 92000000 inst so far ( 9.2 %)
Max stash size is: 117
Average stash size is: 14.6816
Stash violation number of times: 0
Served 93000000 inst so far ( 9.3 %)
Max stash size is: 117
Average stash size is: 14.6817
Stash violation number of times: 0
Served 94000000 inst so far ( 9.4 %)
Max stash size is: 117
Average stash size is: 14.6818
Stash violation number of times: 0
Served 95000000 inst so far ( 9.5 %)
Max stash size is: 117
Average stash size is: 14.6818
Stash violation number of times: 0
Served 96000000 inst so far ( 9.6 %)
Max stash size is: 117
Average stash size is: 14.6819
Stash violation number of times: 0
Served 97000000 inst so far ( 9.7 %)
Max stash size is: 117
Average stash size is: 14.6819
Stash violation number of times: 0
Served 98000000 inst so far ( 9.8 %)
Max stash size is: 117
Average stash size is: 14.6819
Stash violation number of times: 0
Served 99000000 inst so far ( 9.9 %)
Max stash size is: 117
Average stash size is: 14.6818
Stash violation number of times: 0
Served 100000000 inst so far ( 10 %)
Max stash size is: 117
Average stash size is: 14.6817
Stash violation number of times: 0
Served 101000000 inst so far ( 10.1 %)
Max stash size is: 117
Average stash size is: 14.6817
Stash violation number of times: 0
Served 102000000 inst so far ( 10.2 %)
Max stash size is: 117
Average stash size is: 14.6817
Stash violation number of times: 0
Served 103000000 inst so far ( 10.3 %)
Max stash size is: 117
Average stash size is: 14.6817
Stash violation number of times: 0
Served 104000000 inst so far ( 10.4 %)
Max stash size is: 117
Average stash size is: 14.6815
Stash violation number of times: 0
Served 105000000 inst so far ( 10.5 %)
Max stash size is: 117
Average stash size is: 14.6814
Stash violation number of times: 0
Served 106000000 inst so far ( 10.6 %)
Max stash size is: 117
Average stash size is: 14.6812
Stash violation number of times: 0
Served 107000000 inst so far ( 10.7 %)
Max stash size is: 117
Average stash size is: 14.6811
Stash violation number of times: 0
Served 108000000 inst so far ( 10.8 %)
Max stash size is: 117
Average stash size is: 14.681
Stash violation number of times: 0
Served 109000000 inst so far ( 10.9 %)
Max stash size is: 117
Average stash size is: 14.6808
Stash violation number of times: 0
Served 110000000 inst so far ( 11 %)
Max stash size is: 117
Average stash size is: 14.6806
Stash violation number of times: 0
Served 111000000 inst so far ( 11.1 %)
Max stash size is: 117
Average stash size is: 14.6802
Stash violation number of times: 0
Served 112000000 inst so far ( 11.2 %)
Max stash size is: 117
Average stash size is: 14.6799
Stash violation number of times: 0
Served 113000000 inst so far ( 11.3 %)
Max stash size is: 117
Average stash size is: 14.6796
Stash violation number of times: 0
Served 114000000 inst so far ( 11.4 %)
Max stash size is: 117
Average stash size is: 14.6794
Stash violation number of times: 0
Served 115000000 inst so far ( 11.5 %)
Max stash size is: 117
Average stash size is: 14.679
Stash violation number of times: 0
Served 116000000 inst so far ( 11.6 %)
Max stash size is: 117
Average stash size is: 14.6787
Stash violation number of times: 0
Served 117000000 inst so far ( 11.7 %)
Max stash size is: 117
Average stash size is: 14.6785
Stash violation number of times: 0
Served 118000000 inst so far ( 11.8 %)
Max stash size is: 117
Average stash size is: 14.6782
Stash violation number of times: 0
Served 119000000 inst so far ( 11.9 %)
Max stash size is: 117
Average stash size is: 14.6778
Stash violation number of times: 0
Served 120000000 inst so far ( 12 %)
Max stash size is: 117
Average stash size is: 14.6775
Stash violation number of times: 0
Served 121000000 inst so far ( 12.1 %)
Max stash size is: 117
Average stash size is: 14.6772
Stash violation number of times: 0
Served 122000000 inst so far ( 12.2 %)
Max stash size is: 117
Average stash size is: 14.6767
Stash violation number of times: 0
Served 123000000 inst so far ( 12.3 %)
Max stash size is: 117
Average stash size is: 14.6763
Stash violation number of times: 0
Served 124000000 inst so far ( 12.4 %)
Max stash size is: 117
Average stash size is: 14.6758
Stash violation number of times: 0
Served 125000000 inst so far ( 12.5 %)
Max stash size is: 117
Average stash size is: 14.6754
Stash violation number of times: 0
Served 126000000 inst so far ( 12.6 %)
Max stash size is: 117
Average stash size is: 14.675
Stash violation number of times: 0
Served 127000000 inst so far ( 12.7 %)
Max stash size is: 117
Average stash size is: 14.6746
Stash violation number of times: 0
Served 128000000 inst so far ( 12.8 %)
Max stash size is: 117
Average stash size is: 14.6742
Stash violation number of times: 0
Served 129000000 inst so far ( 12.9 %)
Max stash size is: 117
Average stash size is: 14.6738
Stash violation number of times: 0
Served 130000000 inst so far ( 13 %)
Max stash size is: 117
Average stash size is: 14.6735
Stash violation number of times: 0
Served 131000000 inst so far ( 13.1 %)
Max stash size is: 117
Average stash size is: 14.6731
Stash violation number of times: 0
Served 132000000 inst so far ( 13.2 %)
Max stash size is: 120
Average stash size is: 14.6727
Stash violation number of times: 0
Served 133000000 inst so far ( 13.3 %)
Max stash size is: 120
Average stash size is: 14.6722
Stash violation number of times: 0
Served 134000000 inst so far ( 13.4 %)
Max stash size is: 120
Average stash size is: 14.6717
Stash violation number of times: 0
Served 135000000 inst so far ( 13.5 %)
Max stash size is: 120
Average stash size is: 14.6712
Stash violation number of times: 0
Served 136000000 inst so far ( 13.6 %)
Max stash size is: 120
Average stash size is: 14.6708
Stash violation number of times: 0
Served 137000000 inst so far ( 13.7 %)
Max stash size is: 120
Average stash size is: 14.6703
Stash violation number of times: 0
Served 138000000 inst so far ( 13.8 %)
Max stash size is: 120
Average stash size is: 14.6697
Stash violation number of times: 0
Served 139000000 inst so far ( 13.9 %)
Max stash size is: 120
Average stash size is: 14.6693
Stash violation number of times: 0
Served 140000000 inst so far ( 14 %)
Max stash size is: 120
Average stash size is: 14.6689
Stash violation number of times: 0
Served 141000000 inst so far ( 14.1 %)
Max stash size is: 120
Average stash size is: 14.6685
Stash violation number of times: 0
Served 142000000 inst so far ( 14.2 %)
Max stash size is: 120
Average stash size is: 14.6681
Stash violation number of times: 0
Served 143000000 inst so far ( 14.3 %)
Max stash size is: 120
Average stash size is: 14.6678
Stash violation number of times: 0
Served 144000000 inst so far ( 14.4 %)
Max stash size is: 120
Average stash size is: 14.6674
Stash violation number of times: 0
Served 145000000 inst so far ( 14.5 %)
Max stash size is: 120
Average stash size is: 14.6671
Stash violation number of times: 0
Served 146000000 inst so far ( 14.6 %)
Max stash size is: 120
Average stash size is: 14.6666
Stash violation number of times: 0
Served 147000000 inst so far ( 14.7 %)
Max stash size is: 120
Average stash size is: 14.666
Stash violation number of times: 0
Served 148000000 inst so far ( 14.8 %)
Max stash size is: 120
Average stash size is: 14.6657
Stash violation number of times: 0
Served 149000000 inst so far ( 14.9 %)
Max stash size is: 120
Average stash size is: 14.6653
Stash violation number of times: 0
Served 150000000 inst so far ( 15 %)
Max stash size is: 120
Average stash size is: 14.6648
Stash violation number of times: 0
Served 151000000 inst so far ( 15.1 %)
Max stash size is: 120
Average stash size is: 14.6643
Stash violation number of times: 0
Served 152000000 inst so far ( 15.2 %)
Max stash size is: 120
Average stash size is: 14.664
Stash violation number of times: 0
Served 153000000 inst so far ( 15.3 %)
Max stash size is: 120
Average stash size is: 14.6635
Stash violation number of times: 0
Served 154000000 inst so far ( 15.4 %)
Max stash size is: 120
Average stash size is: 14.6631
Stash violation number of times: 0
Served 155000000 inst so far ( 15.5 %)
Max stash size is: 120
Average stash size is: 14.6627
Stash violation number of times: 0
Served 156000000 inst so far ( 15.6 %)
Max stash size is: 120
Average stash size is: 14.6623
Stash violation number of times: 0
Served 157000000 inst so far ( 15.7 %)
Max stash size is: 120
Average stash size is: 14.662
Stash violation number of times: 0
Served 158000000 inst so far ( 15.8 %)
Max stash size is: 120
Average stash size is: 14.6617
Stash violation number of times: 0
Served 159000000 inst so far ( 15.9 %)
Max stash size is: 120
Average stash size is: 14.6613
Stash violation number of times: 0
Served 160000000 inst so far ( 16 %)
Max stash size is: 120
Average stash size is: 14.661
Stash violation number of times: 0
Served 161000000 inst so far ( 16.1 %)
Max stash size is: 120
Average stash size is: 14.6606
Stash violation number of times: 0
Served 162000000 inst so far ( 16.2 %)
Max stash size is: 120
Average stash size is: 14.6604
Stash violation number of times: 0
Served 163000000 inst so far ( 16.3 %)
Max stash size is: 120
Average stash size is: 14.6602
Stash violation number of times: 0
Served 164000000 inst so far ( 16.4 %)
Max stash size is: 120
Average stash size is: 14.6599
Stash violation number of times: 0
Served 165000000 inst so far ( 16.5 %)
Max stash size is: 120
Average stash size is: 14.6597
Stash violation number of times: 0
Served 166000000 inst so far ( 16.6 %)
Max stash size is: 120
Average stash size is: 14.6594
Stash violation number of times: 0
Served 167000000 inst so far ( 16.7 %)
Max stash size is: 120
Average stash size is: 14.6591
Stash violation number of times: 0
Served 168000000 inst so far ( 16.8 %)
Max stash size is: 120
Average stash size is: 14.6589
Stash violation number of times: 0
Served 169000000 inst so far ( 16.9 %)
Max stash size is: 120
Average stash size is: 14.6587
Stash violation number of times: 0
Served 170000000 inst so far ( 17 %)
Max stash size is: 120
Average stash size is: 14.6585
Stash violation number of times: 0
Served 171000000 inst so far ( 17.1 %)
Max stash size is: 120
Average stash size is: 14.6583
Stash violation number of times: 0
Served 172000000 inst so far ( 17.2 %)
Max stash size is: 120
Average stash size is: 14.658
Stash violation number of times: 0
Served 173000000 inst so far ( 17.3 %)
Max stash size is: 120
Average stash size is: 14.6578
Stash violation number of times: 0
Served 174000000 inst so far ( 17.4 %)
Max stash size is: 120
Average stash size is: 14.6575
Stash violation number of times: 0
Served 175000000 inst so far ( 17.5 %)
Max stash size is: 120
Average stash size is: 14.6574
Stash violation number of times: 0
Served 176000000 inst so far ( 17.6 %)
Max stash size is: 120
Average stash size is: 14.6571
Stash violation number of times: 0
Served 177000000 inst so far ( 17.7 %)
Max stash size is: 120
Average stash size is: 14.6568
Stash violation number of times: 0
Served 178000000 inst so far ( 17.8 %)
Max stash size is: 120
Average stash size is: 14.6565
Stash violation number of times: 0
Served 179000000 inst so far ( 17.9 %)
Max stash size is: 120
Average stash size is: 14.6562
Stash violation number of times: 0
Served 180000000 inst so far ( 18 %)
Max stash size is: 120
Average stash size is: 14.656
Stash violation number of times: 0
Served 181000000 inst so far ( 18.1 %)
Max stash size is: 120
Average stash size is: 14.6558
Stash violation number of times: 0
Served 182000000 inst so far ( 18.2 %)
Max stash size is: 120
Average stash size is: 14.6554
Stash violation number of times: 0
Served 183000000 inst so far ( 18.3 %)
Max stash size is: 120
Average stash size is: 14.6552
Stash violation number of times: 0
Served 184000000 inst so far ( 18.4 %)
Max stash size is: 120
Average stash size is: 14.6549
Stash violation number of times: 0
Served 185000000 inst so far ( 18.5 %)
Max stash size is: 120
Average stash size is: 14.6545
Stash violation number of times: 0
Served 186000000 inst so far ( 18.6 %)
Max stash size is: 120
Average stash size is: 14.6542
Stash violation number of times: 0
Served 187000000 inst so far ( 18.7 %)
Max stash size is: 120
Average stash size is: 14.6539
Stash violation number of times: 0
Served 188000000 inst so far ( 18.8 %)
Max stash size is: 120
Average stash size is: 14.6537
Stash violation number of times: 0
Served 189000000 inst so far ( 18.9 %)
Max stash size is: 120
Average stash size is: 14.6534
Stash violation number of times: 0
Served 190000000 inst so far ( 19 %)
Max stash size is: 120
Average stash size is: 14.653
Stash violation number of times: 0
Served 191000000 inst so far ( 19.1 %)
Max stash size is: 120
Average stash size is: 14.6526
Stash violation number of times: 0
Served 192000000 inst so far ( 19.2 %)
Max stash size is: 122
Average stash size is: 14.6524
Stash violation number of times: 0
Served 193000000 inst so far ( 19.3 %)
Max stash size is: 122
Average stash size is: 14.652
Stash violation number of times: 0
Served 194000000 inst so far ( 19.4 %)
Max stash size is: 122
Average stash size is: 14.6516
Stash violation number of times: 0
Served 195000000 inst so far ( 19.5 %)
Max stash size is: 122
Average stash size is: 14.6513
Stash violation number of times: 0
Served 196000000 inst so far ( 19.6 %)
Max stash size is: 122
Average stash size is: 14.651
Stash violation number of times: 0
Served 197000000 inst so far ( 19.7 %)
Max stash size is: 122
Average stash size is: 14.6507
Stash violation number of times: 0
Served 198000000 inst so far ( 19.8 %)
Max stash size is: 122
Average stash size is: 14.6502
Stash violation number of times: 0
Served 199000000 inst so far ( 19.9 %)
Max stash size is: 122
Average stash size is: 14.65
Stash violation number of times: 0
Served 200000000 inst so far ( 20 %)
Max stash size is: 122
Average stash size is: 14.6496
Stash violation number of times: 0
Served 201000000 inst so far ( 20.1 %)
Max stash size is: 122
Average stash size is: 14.6494
Stash violation number of times: 0
Served 202000000 inst so far ( 20.2 %)
Max stash size is: 122
Average stash size is: 14.649
Stash violation number of times: 0
Served 203000000 inst so far ( 20.3 %)
Max stash size is: 122
Average stash size is: 14.6486
Stash violation number of times: 0
Served 204000000 inst so far ( 20.4 %)
Max stash size is: 122
Average stash size is: 14.6483
Stash violation number of times: 0
Served 205000000 inst so far ( 20.5 %)
Max stash size is: 122
Average stash size is: 14.6479
Stash violation number of times: 0
Served 206000000 inst so far ( 20.6 %)
Max stash size is: 122
Average stash size is: 14.6475
Stash violation number of times: 0
Served 207000000 inst so far ( 20.7 %)
Max stash size is: 124
Average stash size is: 14.6471
Stash violation number of times: 0
Served 208000000 inst so far ( 20.8 %)
Max stash size is: 124
Average stash size is: 14.6468
Stash violation number of times: 0
Served 209000000 inst so far ( 20.9 %)
Max stash size is: 124
Average stash size is: 14.6464
Stash violation number of times: 0
Served 210000000 inst so far ( 21 %)
Max stash size is: 124
Average stash size is: 14.646
Stash violation number of times: 0
Served 211000000 inst so far ( 21.1 %)
Max stash size is: 124
Average stash size is: 14.6457
Stash violation number of times: 0
Served 212000000 inst so far ( 21.2 %)
Max stash size is: 124
Average stash size is: 14.6452
Stash violation number of times: 0
Served 213000000 inst so far ( 21.3 %)
Max stash size is: 124
Average stash size is: 14.6448
Stash violation number of times: 0
Served 214000000 inst so far ( 21.4 %)
Max stash size is: 124
Average stash size is: 14.6444
Stash violation number of times: 0
Served 215000000 inst so far ( 21.5 %)
Max stash size is: 124
Average stash size is: 14.644
Stash violation number of times: 0
Served 216000000 inst so far ( 21.6 %)
Max stash size is: 124
Average stash size is: 14.6436
Stash violation number of times: 0
Served 217000000 inst so far ( 21.7 %)
Max stash size is: 124
Average stash size is: 14.6432
Stash violation number of times: 0
Served 218000000 inst so far ( 21.8 %)
Max stash size is: 124
Average stash size is: 14.6428
Stash violation number of times: 0
Served 219000000 inst so far ( 21.9 %)
Max stash size is: 124
Average stash size is: 14.6423
Stash violation number of times: 0
Served 220000000 inst so far ( 22 %)
Max stash size is: 124
Average stash size is: 14.6419
Stash violation number of times: 0
Served 221000000 inst so far ( 22.1 %)
Max stash size is: 124
Average stash size is: 14.6414
Stash violation number of times: 0
Served 222000000 inst so far ( 22.2 %)
Max stash size is: 124
Average stash size is: 14.6409
Stash violation number of times: 0
Served 223000000 inst so far ( 22.3 %)
Max stash size is: 124
Average stash size is: 14.6405
Stash violation number of times: 0
Served 224000000 inst so far ( 22.4 %)
Max stash size is: 124
Average stash size is: 14.6401
Stash violation number of times: 0
Served 225000000 inst so far ( 22.5 %)
Max stash size is: 124
Average stash size is: 14.6396
Stash violation number of times: 0
Served 226000000 inst so far ( 22.6 %)
Max stash size is: 124
Average stash size is: 14.6392
Stash violation number of times: 0
Served 227000000 inst so far ( 22.7 %)
Max stash size is: 124
Average stash size is: 14.6387
Stash violation number of times: 0
Served 228000000 inst so far ( 22.8 %)
Max stash size is: 124
Average stash size is: 14.6382
Stash violation number of times: 0
Served 229000000 inst so far ( 22.9 %)
Max stash size is: 124
Average stash size is: 14.6378
Stash violation number of times: 0
Served 230000000 inst so far ( 23 %)
Max stash size is: 124
Average stash size is: 14.6373
Stash violation number of times: 0
Served 231000000 inst so far ( 23.1 %)
Max stash size is: 124
Average stash size is: 14.6368
Stash violation number of times: 0
Served 232000000 inst so far ( 23.2 %)
Max stash size is: 124
Average stash size is: 14.6363
Stash violation number of times: 0
Served 233000000 inst so far ( 23.3 %)
Max stash size is: 124
Average stash size is: 14.6359
Stash violation number of times: 0
Served 234000000 inst so far ( 23.4 %)
Max stash size is: 124
Average stash size is: 14.6355
Stash violation number of times: 0
Served 235000000 inst so far ( 23.5 %)
Max stash size is: 124
Average stash size is: 14.635
Stash violation number of times: 0
Served 236000000 inst so far ( 23.6 %)
Max stash size is: 124
Average stash size is: 14.6345
Stash violation number of times: 0
Served 237000000 inst so far ( 23.7 %)
Max stash size is: 124
Average stash size is: 14.6341
Stash violation number of times: 0
Served 238000000 inst so far ( 23.8 %)
Max stash size is: 124
Average stash size is: 14.6336
Stash violation number of times: 0
Served 239000000 inst so far ( 23.9 %)
Max stash size is: 124
Average stash size is: 14.633
Stash violation number of times: 0
Served 240000000 inst so far ( 24 %)
Max stash size is: 124
Average stash size is: 14.6325
Stash violation number of times: 0
Served 241000000 inst so far ( 24.1 %)
Max stash size is: 124
Average stash size is: 14.6322
Stash violation number of times: 0
Served 242000000 inst so far ( 24.2 %)
Max stash size is: 124
Average stash size is: 14.6317
Stash violation number of times: 0
Served 243000000 inst so far ( 24.3 %)
Max stash size is: 124
Average stash size is: 14.6311
Stash violation number of times: 0
Served 244000000 inst so far ( 24.4 %)
Max stash size is: 124
Average stash size is: 14.6306
Stash violation number of times: 0
Served 245000000 inst so far ( 24.5 %)
Max stash size is: 124
Average stash size is: 14.6301
Stash violation number of times: 0
Served 246000000 inst so far ( 24.6 %)
Max stash size is: 124
Average stash size is: 14.6295
Stash violation number of times: 0
Served 247000000 inst so far ( 24.7 %)
Max stash size is: 124
Average stash size is: 14.629
Stash violation number of times: 0
Served 248000000 inst so far ( 24.8 %)
Max stash size is: 124
Average stash size is: 14.6284
Stash violation number of times: 0
Served 249000000 inst so far ( 24.9 %)
Max stash size is: 124
Average stash size is: 14.6279
Stash violation number of times: 0
Served 250000000 inst so far ( 25 %)
Max stash size is: 124
Average stash size is: 14.6274
Stash violation number of times: 0
Served 251000000 inst so far ( 25.1 %)
Max stash size is: 124
Average stash size is: 14.6268
Stash violation number of times: 0
Served 252000000 inst so far ( 25.2 %)
Max stash size is: 124
Average stash size is: 14.6262
Stash violation number of times: 0
Served 253000000 inst so far ( 25.3 %)
Max stash size is: 124
Average stash size is: 14.6256
Stash violation number of times: 0
Served 254000000 inst so far ( 25.4 %)
Max stash size is: 124
Average stash size is: 14.6251
Stash violation number of times: 0
Served 255000000 inst so far ( 25.5 %)
Max stash size is: 124
Average stash size is: 14.6246
Stash violation number of times: 0
Served 256000000 inst so far ( 25.6 %)
Max stash size is: 124
Average stash size is: 14.6241
Stash violation number of times: 0
Served 257000000 inst so far ( 25.7 %)
Max stash size is: 124
Average stash size is: 14.6235
Stash violation number of times: 0
Served 258000000 inst so far ( 25.8 %)
Max stash size is: 124
Average stash size is: 14.623
Stash violation number of times: 0
Served 259000000 inst so far ( 25.9 %)
Max stash size is: 124
Average stash size is: 14.6224
Stash violation number of times: 0
Served 260000000 inst so far ( 26 %)
Max stash size is: 124
Average stash size is: 14.6219
Stash violation number of times: 0
Served 261000000 inst so far ( 26.1 %)
Max stash size is: 124
Average stash size is: 14.6214
Stash violation number of times: 0
Served 262000000 inst so far ( 26.2 %)
Max stash size is: 124
Average stash size is: 14.6208
Stash violation number of times: 0
Served 263000000 inst so far ( 26.3 %)
Max stash size is: 124
Average stash size is: 14.6202
Stash violation number of times: 0
Served 264000000 inst so far ( 26.4 %)
Max stash size is: 124
Average stash size is: 14.6196
Stash violation number of times: 0
Served 265000000 inst so far ( 26.5 %)
Max stash size is: 124
Average stash size is: 14.6191
Stash violation number of times: 0
Served 266000000 inst so far ( 26.6 %)
Max stash size is: 124
Average stash size is: 14.6185
Stash violation number of times: 0
Served 267000000 inst so far ( 26.7 %)
Max stash size is: 124
Average stash size is: 14.6179
Stash violation number of times: 0
Served 268000000 inst so far ( 26.8 %)
Max stash size is: 124
Average stash size is: 14.6174
Stash violation number of times: 0
Served 269000000 inst so far ( 26.9 %)
Max stash size is: 124
Average stash size is: 14.6168
Stash violation number of times: 0
Served 270000000 inst so far ( 27 %)
Max stash size is: 124
Average stash size is: 14.6162
Stash violation number of times: 0
Served 271000000 inst so far ( 27.1 %)
Max stash size is: 124
Average stash size is: 14.6156
Stash violation number of times: 0
Served 272000000 inst so far ( 27.2 %)
Max stash size is: 124
Average stash size is: 14.6151
Stash violation number of times: 0
Served 273000000 inst so far ( 27.3 %)
Max stash size is: 124
Average stash size is: 14.6145
Stash violation number of times: 0
Served 274000000 inst so far ( 27.4 %)
Max stash size is: 124
Average stash size is: 14.614
Stash violation number of times: 0
Served 275000000 inst so far ( 27.5 %)
Max stash size is: 124
Average stash size is: 14.6134
Stash violation number of times: 0
Served 276000000 inst so far ( 27.6 %)
Max stash size is: 124
Average stash size is: 14.6129
Stash violation number of times: 0
Served 277000000 inst so far ( 27.7 %)
Max stash size is: 124
Average stash size is: 14.6123
Stash violation number of times: 0
Served 278000000 inst so far ( 27.8 %)
Max stash size is: 124
Average stash size is: 14.6118
Stash violation number of times: 0
Served 279000000 inst so far ( 27.9 %)
Max stash size is: 124
Average stash size is: 14.6112
Stash violation number of times: 0
Served 280000000 inst so far ( 28 %)
Max stash size is: 124
Average stash size is: 14.6106
Stash violation number of times: 0
Served 281000000 inst so far ( 28.1 %)
Max stash size is: 124
Average stash size is: 14.6101
Stash violation number of times: 0
Served 282000000 inst so far ( 28.2 %)
Max stash size is: 124
Average stash size is: 14.6096
Stash violation number of times: 0
Served 283000000 inst so far ( 28.3 %)
Max stash size is: 124
Average stash size is: 14.609
Stash violation number of times: 0
Served 284000000 inst so far ( 28.4 %)
Max stash size is: 124
Average stash size is: 14.6084
Stash violation number of times: 0
Served 285000000 inst so far ( 28.5 %)
Max stash size is: 124
Average stash size is: 14.6079
Stash violation number of times: 0
Served 286000000 inst so far ( 28.6 %)
Max stash size is: 124
Average stash size is: 14.6073
Stash violation number of times: 0
Served 287000000 inst so far ( 28.7 %)
Max stash size is: 124
Average stash size is: 14.6067
Stash violation number of times: 0
Served 288000000 inst so far ( 28.8 %)
Max stash size is: 124
Average stash size is: 14.6061
Stash violation number of times: 0
Served 289000000 inst so far ( 28.9 %)
Max stash size is: 124
Average stash size is: 14.6056
Stash violation number of times: 0
Served 290000000 inst so far ( 29 %)
Max stash size is: 124
Average stash size is: 14.605
Stash violation number of times: 0
Served 291000000 inst so far ( 29.1 %)
Max stash size is: 124
Average stash size is: 14.6045
Stash violation number of times: 0
Served 292000000 inst so far ( 29.2 %)
Max stash size is: 124
Average stash size is: 14.6039
Stash violation number of times: 0
Served 293000000 inst so far ( 29.3 %)
Max stash size is: 124
Average stash size is: 14.6033
Stash violation number of times: 0
Served 294000000 inst so far ( 29.4 %)
Max stash size is: 124
Average stash size is: 14.6027
Stash violation number of times: 0
Served 295000000 inst so far ( 29.5 %)
Max stash size is: 124
Average stash size is: 14.6021
Stash violation number of times: 0
Served 296000000 inst so far ( 29.6 %)
Max stash size is: 124
Average stash size is: 14.6016
Stash violation number of times: 0
Served 297000000 inst so far ( 29.7 %)
Max stash size is: 124
Average stash size is: 14.601
Stash violation number of times: 0
Served 298000000 inst so far ( 29.8 %)
Max stash size is: 124
Average stash size is: 14.6005
Stash violation number of times: 0
Served 299000000 inst so far ( 29.9 %)
Max stash size is: 124
Average stash size is: 14.5999
Stash violation number of times: 0
Served 300000000 inst so far ( 30 %)
Max stash size is: 124
Average stash size is: 14.5994
Stash violation number of times: 0
Served 301000000 inst so far ( 30.1 %)
Max stash size is: 124
Average stash size is: 14.5988
Stash violation number of times: 0
