Total num of original addr space: 671088640
This is equivalent to: 40 GB 
Security params: Z, S, A: 5, 7, 7
Served 1000000 inst so far ( 0.1 %)
Max stash size is: 124
Average stash size is: 37.2637
Stash violation number of times: 146962
Served 2000000 inst so far ( 0.2 %)
Max stash size is: 129
Average stash size is: 37.454
Stash violation number of times: 326007
Served 3000000 inst so far ( 0.3 %)
Max stash size is: 132
Average stash size is: 37.5254
Stash violation number of times: 514557
Served 4000000 inst so far ( 0.4 %)
Max stash size is: 135
Average stash size is: 37.5703
Stash violation number of times: 708565
Served 5000000 inst so far ( 0.5 %)
Max stash size is: 136
Average stash size is: 37.5923
Stash violation number of times: 903932
Served 6000000 inst so far ( 0.6 %)
Max stash size is: 137
Average stash size is: 37.6212
Stash violation number of times: 1105129
Served 7000000 inst so far ( 0.7 %)
Max stash size is: 137
Average stash size is: 37.6358
Stash violation number of times: 1307056
Served 8000000 inst so far ( 0.8 %)
Max stash size is: 140
Average stash size is: 37.6437
Stash violation number of times: 1510834
Served 9000000 inst so far ( 0.9 %)
Max stash size is: 140
Average stash size is: 37.6467
Stash violation number of times: 1714691
Served 10000000 inst so far ( 1 %)
Max stash size is: 142
Average stash size is: 37.6557
Stash violation number of times: 1921059
Served 11000000 inst so far ( 1.1 %)
Max stash size is: 142
Average stash size is: 37.6608
Stash violation number of times: 2131386
Served 12000000 inst so far ( 1.2 %)
Max stash size is: 142
Average stash size is: 37.6669
Stash violation number of times: 2341031
Served 13000000 inst so far ( 1.3 %)
Max stash size is: 142
Average stash size is: 37.6747
Stash violation number of times: 2551738
Served 14000000 inst so far ( 1.4 %)
Max stash size is: 142
Average stash size is: 37.6795
Stash violation number of times: 2764490
Served 15000000 inst so far ( 1.5 %)
Max stash size is: 143
Average stash size is: 37.6833
Stash violation number of times: 2975262
Served 16000000 inst so far ( 1.6 %)
Max stash size is: 145
Average stash size is: 37.6877
Stash violation number of times: 3191781
Served 17000000 inst so far ( 1.7 %)
Max stash size is: 145
Average stash size is: 37.6896
Stash violation number of times: 3403420
Served 18000000 inst so far ( 1.8 %)
Max stash size is: 145
Average stash size is: 37.6914
Stash violation number of times: 3624315
Served 19000000 inst so far ( 1.9 %)
Max stash size is: 145
Average stash size is: 37.6928
Stash violation number of times: 3841214
Served 20000000 inst so far ( 2 %)
Max stash size is: 146
Average stash size is: 37.6941
Stash violation number of times: 4063788
Served 21000000 inst so far ( 2.1 %)
Max stash size is: 146
Average stash size is: 37.6965
Stash violation number of times: 4283387
Served 22000000 inst so far ( 2.2 %)
Max stash size is: 146
Average stash size is: 37.6999
Stash violation number of times: 4503185
Served 23000000 inst so far ( 2.3 %)
Max stash size is: 146
Average stash size is: 37.7033
Stash violation number of times: 4727240
Served 24000000 inst so far ( 2.4 %)
Max stash size is: 147
Average stash size is: 37.7062
Stash violation number of times: 4953599
Served 25000000 inst so far ( 2.5 %)
Max stash size is: 147
Average stash size is: 37.7094
Stash violation number of times: 5188266
Served 26000000 inst so far ( 2.6 %)
Max stash size is: 147
Average stash size is: 37.7114
Stash violation number of times: 5423603
Served 27000000 inst so far ( 2.7 %)
Max stash size is: 148
Average stash size is: 37.7115
Stash violation number of times: 5642719
Served 28000000 inst so far ( 2.8 %)
Max stash size is: 149
Average stash size is: 37.712
Stash violation number of times: 5864047
Served 29000000 inst so far ( 2.9 %)
Max stash size is: 149
Average stash size is: 37.7129
Stash violation number of times: 6088316
Served 30000000 inst so far ( 3 %)
Max stash size is: 149
Average stash size is: 37.7137
Stash violation number of times: 6313424
Served 31000000 inst so far ( 3.1 %)
Max stash size is: 149
Average stash size is: 37.7127
Stash violation number of times: 6536451
Served 32000000 inst so far ( 3.2 %)
Max stash size is: 149
Average stash size is: 37.7124
Stash violation number of times: 6761166
Served 33000000 inst so far ( 3.3 %)
Max stash size is: 149
Average stash size is: 37.7125
Stash violation number of times: 6997207
Served 34000000 inst so far ( 3.4 %)
Max stash size is: 149
Average stash size is: 37.7101
Stash violation number of times: 7226258
Served 35000000 inst so far ( 3.5 %)
Max stash size is: 150
Average stash size is: 37.7088
Stash violation number of times: 7458372
Served 36000000 inst so far ( 3.6 %)
Max stash size is: 150
Average stash size is: 37.7075
Stash violation number of times: 7681437
Served 37000000 inst so far ( 3.7 %)
Max stash size is: 150
Average stash size is: 37.7069
Stash violation number of times: 7901053
Served 38000000 inst so far ( 3.8 %)
Max stash size is: 150
Average stash size is: 37.7062
Stash violation number of times: 8121742
Served 39000000 inst so far ( 3.9 %)
Max stash size is: 150
Average stash size is: 37.7073
Stash violation number of times: 8347491
Served 40000000 inst so far ( 4 %)
Max stash size is: 151
Average stash size is: 37.7084
Stash violation number of times: 8582823
Served 41000000 inst so far ( 4.1 %)
Max stash size is: 151
Average stash size is: 37.7091
Stash violation number of times: 8806833
Served 42000000 inst so far ( 4.2 %)
Max stash size is: 151
Average stash size is: 37.7101
Stash violation number of times: 9034390
Served 43000000 inst so far ( 4.3 %)
Max stash size is: 151
Average stash size is: 37.711
Stash violation number of times: 9266398
Served 44000000 inst so far ( 4.4 %)
Max stash size is: 152
Average stash size is: 37.7109
Stash violation number of times: 9492300
Served 45000000 inst so far ( 4.5 %)
Max stash size is: 152
Average stash size is: 37.7102
Stash violation number of times: 9711792
Served 46000000 inst so far ( 4.6 %)
Max stash size is: 152
Average stash size is: 37.7113
Stash violation number of times: 9943840
Served 47000000 inst so far ( 4.7 %)
Max stash size is: 152
Average stash size is: 37.7119
Stash violation number of times: 10177480
Served 48000000 inst so far ( 4.8 %)
Max stash size is: 152
Average stash size is: 37.7116
Stash violation number of times: 10406072
Served 49000000 inst so far ( 4.9 %)
Max stash size is: 152
Average stash size is: 37.7118
Stash violation number of times: 10634771
Served 50000000 inst so far ( 5 %)
Max stash size is: 152
Average stash size is: 37.7117
Stash violation number of times: 10859347
Served 51000000 inst so far ( 5.1 %)
Max stash size is: 152
Average stash size is: 37.7122
Stash violation number of times: 11094823
Served 52000000 inst so far ( 5.2 %)
Max stash size is: 152
Average stash size is: 37.7127
Stash violation number of times: 11329471
Served 53000000 inst so far ( 5.3 %)
Max stash size is: 152
Average stash size is: 37.7124
Stash violation number of times: 11562421
Served 54000000 inst so far ( 5.4 %)
Max stash size is: 152
Average stash size is: 37.7116
Stash violation number of times: 11789597
Served 55000000 inst so far ( 5.5 %)
Max stash size is: 152
Average stash size is: 37.7121
Stash violation number of times: 12019391
Served 56000000 inst so far ( 5.6 %)
Max stash size is: 153
Average stash size is: 37.7116
Stash violation number of times: 12248553
Served 57000000 inst so far ( 5.7 %)
Max stash size is: 154
Average stash size is: 37.7111
Stash violation number of times: 12474540
Served 58000000 inst so far ( 5.8 %)
Max stash size is: 154
Average stash size is: 37.711
Stash violation number of times: 12714065
Served 59000000 inst so far ( 5.9 %)
Max stash size is: 154
Average stash size is: 37.71
Stash violation number of times: 12943924
Served 60000000 inst so far ( 6 %)
Max stash size is: 154
Average stash size is: 37.7099
Stash violation number of times: 13173866
Served 61000000 inst so far ( 6.1 %)
Max stash size is: 154
Average stash size is: 37.7093
Stash violation number of times: 13405324
Served 62000000 inst so far ( 6.2 %)
Max stash size is: 154
Average stash size is: 37.7086
Stash violation number of times: 13635024
Served 63000000 inst so far ( 6.3 %)
Max stash size is: 154
Average stash size is: 37.7082
Stash violation number of times: 13874634
Served 64000000 inst so far ( 6.4 %)
Max stash size is: 154
Average stash size is: 37.7072
Stash violation number of times: 14109579
Served 65000000 inst so far ( 6.5 %)
Max stash size is: 154
Average stash size is: 37.706
Stash violation number of times: 14342361
Served 66000000 inst so far ( 6.6 %)
Max stash size is: 154
Average stash size is: 37.7057
Stash violation number of times: 14574496
Served 67000000 inst so far ( 6.7 %)
Max stash size is: 154
Average stash size is: 37.705
Stash violation number of times: 14809808
Served 68000000 inst so far ( 6.8 %)
Max stash size is: 154
Average stash size is: 37.7045
Stash violation number of times: 15040219
Served 69000000 inst so far ( 6.9 %)
Max stash size is: 157
Average stash size is: 37.7039
Stash violation number of times: 15269967
Served 70000000 inst so far ( 7 %)
Max stash size is: 157
Average stash size is: 37.7032
Stash violation number of times: 15507381
Served 71000000 inst so far ( 7.1 %)
Max stash size is: 157
Average stash size is: 37.7026
Stash violation number of times: 15738317
Served 72000000 inst so far ( 7.2 %)
Max stash size is: 157
Average stash size is: 37.7017
Stash violation number of times: 15966673
Served 73000000 inst so far ( 7.3 %)
Max stash size is: 157
Average stash size is: 37.7017
Stash violation number of times: 16200846
Served 74000000 inst so far ( 7.4 %)
Max stash size is: 157
Average stash size is: 37.702
Stash violation number of times: 16439752
Served 75000000 inst so far ( 7.5 %)
Max stash size is: 157
Average stash size is: 37.7014
Stash violation number of times: 16668601
Served 76000000 inst so far ( 7.6 %)
Max stash size is: 157
Average stash size is: 37.7007
Stash violation number of times: 16904112
Served 77000000 inst so far ( 7.7 %)
Max stash size is: 157
Average stash size is: 37.7005
Stash violation number of times: 17139194
Served 78000000 inst so far ( 7.8 %)
Max stash size is: 157
Average stash size is: 37.6998
Stash violation number of times: 17375372
Served 79000000 inst so far ( 7.9 %)
Max stash size is: 157
Average stash size is: 37.6991
Stash violation number of times: 17604089
Served 80000000 inst so far ( 8 %)
Max stash size is: 157
Average stash size is: 37.6987
Stash violation number of times: 17835056
Served 81000000 inst so far ( 8.1 %)
Max stash size is: 157
Average stash size is: 37.6985
Stash violation number of times: 18069286
Served 82000000 inst so far ( 8.2 %)
Max stash size is: 157
Average stash size is: 37.6985
Stash violation number of times: 18306906
Served 83000000 inst so far ( 8.3 %)
Max stash size is: 157
Average stash size is: 37.6974
Stash violation number of times: 18536575
Served 84000000 inst so far ( 8.4 %)
Max stash size is: 157
Average stash size is: 37.6973
Stash violation number of times: 18771097
Served 85000000 inst so far ( 8.5 %)
Max stash size is: 157
Average stash size is: 37.6966
Stash violation number of times: 19003261
Served 86000000 inst so far ( 8.6 %)
Max stash size is: 157
Average stash size is: 37.6963
Stash violation number of times: 19237127
Served 87000000 inst so far ( 8.7 %)
Max stash size is: 157
Average stash size is: 37.6964
Stash violation number of times: 19472288
Served 88000000 inst so far ( 8.8 %)
Max stash size is: 157
Average stash size is: 37.6964
Stash violation number of times: 19718898
Served 89000000 inst so far ( 8.9 %)
Max stash size is: 157
Average stash size is: 37.6957
Stash violation number of times: 19950794
Served 90000000 inst so far ( 9 %)
Max stash size is: 157
Average stash size is: 37.6952
Stash violation number of times: 20182774
Served 91000000 inst so far ( 9.1 %)
Max stash size is: 157
Average stash size is: 37.6948
Stash violation number of times: 20415416
Served 92000000 inst so far ( 9.2 %)
Max stash size is: 157
Average stash size is: 37.6947
Stash violation number of times: 20645788
Served 93000000 inst so far ( 9.3 %)
Max stash size is: 157
Average stash size is: 37.6947
Stash violation number of times: 20881166
Served 94000000 inst so far ( 9.4 %)
Max stash size is: 157
Average stash size is: 37.6947
Stash violation number of times: 21118383
Served 95000000 inst so far ( 9.5 %)
Max stash size is: 157
Average stash size is: 37.6946
Stash violation number of times: 21357907
Served 96000000 inst so far ( 9.6 %)
Max stash size is: 157
Average stash size is: 37.6943
Stash violation number of times: 21596888
Served 97000000 inst so far ( 9.7 %)
Max stash size is: 157
Average stash size is: 37.6943
Stash violation number of times: 21835602
Served 98000000 inst so far ( 9.8 %)
Max stash size is: 157
Average stash size is: 37.6943
Stash violation number of times: 22076522
Served 99000000 inst so far ( 9.9 %)
Max stash size is: 157
Average stash size is: 37.6935
Stash violation number of times: 22312190
Served 100000000 inst so far ( 10 %)
Max stash size is: 157
Average stash size is: 37.693
Stash violation number of times: 22549156
Served 101000000 inst so far ( 10.1 %)
Max stash size is: 157
Average stash size is: 37.6928
Stash violation number of times: 22785828
Served 102000000 inst so far ( 10.2 %)
Max stash size is: 157
Average stash size is: 37.692
Stash violation number of times: 23018560
Served 103000000 inst so far ( 10.3 %)
Max stash size is: 157
Average stash size is: 37.6915
Stash violation number of times: 23247546
Served 104000000 inst so far ( 10.4 %)
Max stash size is: 157
Average stash size is: 37.6911
Stash violation number of times: 23477731
Served 105000000 inst so far ( 10.5 %)
Max stash size is: 157
Average stash size is: 37.6909
Stash violation number of times: 23715277
Served 106000000 inst so far ( 10.6 %)
Max stash size is: 157
Average stash size is: 37.6906
Stash violation number of times: 23949759
Served 107000000 inst so far ( 10.7 %)
Max stash size is: 157
Average stash size is: 37.6901
Stash violation number of times: 24181993
Served 108000000 inst so far ( 10.8 %)
Max stash size is: 157
Average stash size is: 37.6896
Stash violation number of times: 24416153
Served 109000000 inst so far ( 10.9 %)
Max stash size is: 157
Average stash size is: 37.689
Stash violation number of times: 24655578
Served 110000000 inst so far ( 11 %)
Max stash size is: 157
Average stash size is: 37.6886
Stash violation number of times: 24898781
Served 111000000 inst so far ( 11.1 %)
Max stash size is: 157
Average stash size is: 37.6884
Stash violation number of times: 25135105
Served 112000000 inst so far ( 11.2 %)
Max stash size is: 159
Average stash size is: 37.688
Stash violation number of times: 25376383
Served 113000000 inst so far ( 11.3 %)
Max stash size is: 159
Average stash size is: 37.6872
Stash violation number of times: 25614367
Served 114000000 inst so far ( 11.4 %)
Max stash size is: 159
Average stash size is: 37.6866
Stash violation number of times: 25849821
Served 115000000 inst so far ( 11.5 %)
Max stash size is: 159
Average stash size is: 37.6857
Stash violation number of times: 26094995
Served 116000000 inst so far ( 11.6 %)
Max stash size is: 159
Average stash size is: 37.6848
Stash violation number of times: 26323896
Served 117000000 inst so far ( 11.7 %)
Max stash size is: 159
Average stash size is: 37.6845
Stash violation number of times: 26569511
Served 118000000 inst so far ( 11.8 %)
Max stash size is: 159
Average stash size is: 37.6839
Stash violation number of times: 26808645
Served 119000000 inst so far ( 11.9 %)
Max stash size is: 159
Average stash size is: 37.6828
Stash violation number of times: 27044890
Served 120000000 inst so far ( 12 %)
Max stash size is: 159
Average stash size is: 37.6821
Stash violation number of times: 27283776
Served 121000000 inst so far ( 12.1 %)
Max stash size is: 159
Average stash size is: 37.6812
Stash violation number of times: 27517742
Served 122000000 inst so far ( 12.2 %)
Max stash size is: 159
Average stash size is: 37.6803
Stash violation number of times: 27750478
Served 123000000 inst so far ( 12.3 %)
Max stash size is: 159
Average stash size is: 37.6797
Stash violation number of times: 27986470
Served 124000000 inst so far ( 12.4 %)
Max stash size is: 160
Average stash size is: 37.6791
Stash violation number of times: 28222601
Served 125000000 inst so far ( 12.5 %)
Max stash size is: 160
Average stash size is: 37.6783
Stash violation number of times: 28459924
Served 126000000 inst so far ( 12.6 %)
Max stash size is: 160
Average stash size is: 37.6777
Stash violation number of times: 28694286
Served 127000000 inst so far ( 12.7 %)
Max stash size is: 160
Average stash size is: 37.6769
Stash violation number of times: 28924515
Served 128000000 inst so far ( 12.8 %)
Max stash size is: 160
Average stash size is: 37.6764
Stash violation number of times: 29160027
Served 129000000 inst so far ( 12.9 %)
Max stash size is: 160
Average stash size is: 37.6757
Stash violation number of times: 29391048
Served 130000000 inst so far ( 13 %)
Max stash size is: 160
Average stash size is: 37.6751
Stash violation number of times: 29627334
Served 131000000 inst so far ( 13.1 %)
Max stash size is: 160
Average stash size is: 37.6745
Stash violation number of times: 29865007
Served 132000000 inst so far ( 13.2 %)
Max stash size is: 160
Average stash size is: 37.674
Stash violation number of times: 30104552
Served 133000000 inst so far ( 13.3 %)
Max stash size is: 160
Average stash size is: 37.6735
Stash violation number of times: 30341712
Served 134000000 inst so far ( 13.4 %)
Max stash size is: 160
Average stash size is: 37.6731
Stash violation number of times: 30579248
Served 135000000 inst so far ( 13.5 %)
Max stash size is: 160
Average stash size is: 37.6725
Stash violation number of times: 30824481
Served 136000000 inst so far ( 13.6 %)
Max stash size is: 160
Average stash size is: 37.6719
Stash violation number of times: 31061246
Served 137000000 inst so far ( 13.7 %)
Max stash size is: 160
Average stash size is: 37.6711
Stash violation number of times: 31294806
Served 138000000 inst so far ( 13.8 %)
Max stash size is: 160
Average stash size is: 37.6706
Stash violation number of times: 31532619
Served 139000000 inst so far ( 13.9 %)
Max stash size is: 160
Average stash size is: 37.67
Stash violation number of times: 31768544
Served 140000000 inst so far ( 14 %)
Max stash size is: 160
Average stash size is: 37.6694
Stash violation number of times: 32006582
Served 141000000 inst so far ( 14.1 %)
Max stash size is: 160
Average stash size is: 37.6688
Stash violation number of times: 32256983
Served 142000000 inst so far ( 14.2 %)
Max stash size is: 160
Average stash size is: 37.6679
Stash violation number of times: 32488204
Served 143000000 inst so far ( 14.3 %)
Max stash size is: 160
Average stash size is: 37.6674
Stash violation number of times: 32725483
Served 144000000 inst so far ( 14.4 %)
Max stash size is: 160
Average stash size is: 37.667
Stash violation number of times: 32965086
Served 145000000 inst so far ( 14.5 %)
Max stash size is: 160
Average stash size is: 37.6666
Stash violation number of times: 33204379
Served 146000000 inst so far ( 14.6 %)
Max stash size is: 160
Average stash size is: 37.6661
Stash violation number of times: 33448229
Served 147000000 inst so far ( 14.7 %)
Max stash size is: 160
Average stash size is: 37.6654
Stash violation number of times: 33683780
Served 148000000 inst so far ( 14.8 %)
Max stash size is: 160
Average stash size is: 37.665
Stash violation number of times: 33918574
Served 149000000 inst so far ( 14.9 %)
Max stash size is: 160
Average stash size is: 37.6645
Stash violation number of times: 34160546
Served 150000000 inst so far ( 15 %)
Max stash size is: 160
Average stash size is: 37.6641
Stash violation number of times: 34399347
Served 151000000 inst so far ( 15.1 %)
Max stash size is: 160
Average stash size is: 37.6633
Stash violation number of times: 34640371
Served 152000000 inst so far ( 15.2 %)
Max stash size is: 160
Average stash size is: 37.6627
Stash violation number of times: 34879144
Served 153000000 inst so far ( 15.3 %)
Max stash size is: 160
Average stash size is: 37.6621
Stash violation number of times: 35125174
Served 154000000 inst so far ( 15.4 %)
Max stash size is: 160
Average stash size is: 37.6616
Stash violation number of times: 35360210
Served 155000000 inst so far ( 15.5 %)
Max stash size is: 160
Average stash size is: 37.661
Stash violation number of times: 35594486
Served 156000000 inst so far ( 15.6 %)
Max stash size is: 160
Average stash size is: 37.6603
Stash violation number of times: 35829307
Served 157000000 inst so far ( 15.7 %)
Max stash size is: 160
Average stash size is: 37.6597
Stash violation number of times: 36067266
Served 158000000 inst so far ( 15.8 %)
Max stash size is: 160
Average stash size is: 37.6593
Stash violation number of times: 36303283
Served 159000000 inst so far ( 15.9 %)
Max stash size is: 160
Average stash size is: 37.6587
Stash violation number of times: 36542951
Served 160000000 inst so far ( 16 %)
Max stash size is: 160
Average stash size is: 37.6581
Stash violation number of times: 36778968
Served 161000000 inst so far ( 16.1 %)
Max stash size is: 160
Average stash size is: 37.6576
Stash violation number of times: 37011204
Served 162000000 inst so far ( 16.2 %)
Max stash size is: 160
Average stash size is: 37.6569
Stash violation number of times: 37243518
Served 163000000 inst so far ( 16.3 %)
Max stash size is: 160
Average stash size is: 37.6564
Stash violation number of times: 37471858
Served 164000000 inst so far ( 16.4 %)
Max stash size is: 160
Average stash size is: 37.6558
Stash violation number of times: 37703979
Served 165000000 inst so far ( 16.5 %)
Max stash size is: 160
Average stash size is: 37.6552
Stash violation number of times: 37946607
Served 166000000 inst so far ( 16.6 %)
Max stash size is: 160
Average stash size is: 37.6547
Stash violation number of times: 38181707
Served 167000000 inst so far ( 16.7 %)
Max stash size is: 160
Average stash size is: 37.6544
Stash violation number of times: 38426315
Served 168000000 inst so far ( 16.8 %)
Max stash size is: 160
Average stash size is: 37.654
Stash violation number of times: 38665542
Served 169000000 inst so far ( 16.9 %)
Max stash size is: 160
Average stash size is: 37.6535
Stash violation number of times: 38898076
Served 170000000 inst so far ( 17 %)
Max stash size is: 160
Average stash size is: 37.6529
Stash violation number of times: 39140022
Served 171000000 inst so far ( 17.1 %)
Max stash size is: 160
Average stash size is: 37.6527
Stash violation number of times: 39386976
Served 172000000 inst so far ( 17.2 %)
Max stash size is: 160
Average stash size is: 37.6522
Stash violation number of times: 39629177
Served 173000000 inst so far ( 17.3 %)
Max stash size is: 160
Average stash size is: 37.6517
Stash violation number of times: 39864361
Served 174000000 inst so far ( 17.4 %)
Max stash size is: 160
Average stash size is: 37.6514
Stash violation number of times: 40103101
Served 175000000 inst so far ( 17.5 %)
Max stash size is: 160
Average stash size is: 37.651
Stash violation number of times: 40341731
Served 176000000 inst so far ( 17.6 %)
Max stash size is: 160
Average stash size is: 37.6506
Stash violation number of times: 40577997
Served 177000000 inst so far ( 17.7 %)
Max stash size is: 160
Average stash size is: 37.6504
Stash violation number of times: 40828325
Served 178000000 inst so far ( 17.8 %)
Max stash size is: 160
Average stash size is: 37.6501
Stash violation number of times: 41062711
Served 179000000 inst so far ( 17.9 %)
Max stash size is: 160
Average stash size is: 37.6499
Stash violation number of times: 41305824
Served 180000000 inst so far ( 18 %)
Max stash size is: 160
Average stash size is: 37.6493
Stash violation number of times: 41542023
Served 181000000 inst so far ( 18.1 %)
Max stash size is: 160
Average stash size is: 37.6492
Stash violation number of times: 41787363
Served 182000000 inst so far ( 18.2 %)
Max stash size is: 160
Average stash size is: 37.6488
Stash violation number of times: 42025649
Served 183000000 inst so far ( 18.3 %)
Max stash size is: 160
Average stash size is: 37.6484
Stash violation number of times: 42262403
Served 184000000 inst so far ( 18.4 %)
Max stash size is: 160
Average stash size is: 37.6481
Stash violation number of times: 42503208
Served 185000000 inst so far ( 18.5 %)
Max stash size is: 160
Average stash size is: 37.6476
Stash violation number of times: 42738310
Served 186000000 inst so far ( 18.6 %)
Max stash size is: 160
Average stash size is: 37.6471
Stash violation number of times: 42976219
Served 187000000 inst so far ( 18.7 %)
Max stash size is: 160
Average stash size is: 37.6466
Stash violation number of times: 43215109
Served 188000000 inst so far ( 18.8 %)
Max stash size is: 160
Average stash size is: 37.6462
Stash violation number of times: 43452839
Served 189000000 inst so far ( 18.9 %)
Max stash size is: 160
Average stash size is: 37.6456
Stash violation number of times: 43699559
Served 190000000 inst so far ( 19 %)
Max stash size is: 160
Average stash size is: 37.6451
Stash violation number of times: 43940617
Served 191000000 inst so far ( 19.1 %)
Max stash size is: 160
Average stash size is: 37.6446
Stash violation number of times: 44169994
Served 192000000 inst so far ( 19.2 %)
Max stash size is: 160
Average stash size is: 37.6441
Stash violation number of times: 44405278
Served 193000000 inst so far ( 19.3 %)
Max stash size is: 160
Average stash size is: 37.6435
Stash violation number of times: 44646462
Served 194000000 inst so far ( 19.4 %)
Max stash size is: 160
Average stash size is: 37.643
Stash violation number of times: 44880378
Served 195000000 inst so far ( 19.5 %)
Max stash size is: 160
Average stash size is: 37.6428
Stash violation number of times: 45130369
Served 196000000 inst so far ( 19.6 %)
Max stash size is: 160
Average stash size is: 37.6424
Stash violation number of times: 45369577
Served 197000000 inst so far ( 19.7 %)
Max stash size is: 160
Average stash size is: 37.6418
Stash violation number of times: 45606379
Served 198000000 inst so far ( 19.8 %)
Max stash size is: 160
Average stash size is: 37.6413
Stash violation number of times: 45840283
Served 199000000 inst so far ( 19.9 %)
Max stash size is: 160
Average stash size is: 37.641
Stash violation number of times: 46080895
Served 200000000 inst so far ( 20 %)
Max stash size is: 162
Average stash size is: 37.6407
Stash violation number of times: 46317577
Served 201000000 inst so far ( 20.1 %)
Max stash size is: 162
Average stash size is: 37.6403
Stash violation number of times: 46560009
Served 202000000 inst so far ( 20.2 %)
Max stash size is: 162
Average stash size is: 37.6397
Stash violation number of times: 46797414
Served 203000000 inst so far ( 20.3 %)
Max stash size is: 162
Average stash size is: 37.6393
Stash violation number of times: 47035402
Served 204000000 inst so far ( 20.4 %)
Max stash size is: 162
Average stash size is: 37.6388
Stash violation number of times: 47278402
Served 205000000 inst so far ( 20.5 %)
Max stash size is: 162
Average stash size is: 37.6383
Stash violation number of times: 47515303
Served 206000000 inst so far ( 20.6 %)
Max stash size is: 162
Average stash size is: 37.638
Stash violation number of times: 47757819
Served 207000000 inst so far ( 20.7 %)
Max stash size is: 162
Average stash size is: 37.6375
Stash violation number of times: 47994589
Served 208000000 inst so far ( 20.8 %)
Max stash size is: 162
Average stash size is: 37.6371
Stash violation number of times: 48235928
Served 209000000 inst so far ( 20.9 %)
Max stash size is: 162
Average stash size is: 37.6366
Stash violation number of times: 48467646
Served 210000000 inst so far ( 21 %)
Max stash size is: 162
Average stash size is: 37.6362
Stash violation number of times: 48706668
Served 211000000 inst so far ( 21.1 %)
Max stash size is: 162
Average stash size is: 37.6359
Stash violation number of times: 48948305
Served 212000000 inst so far ( 21.2 %)
Max stash size is: 162
Average stash size is: 37.6353
Stash violation number of times: 49185060
Served 213000000 inst so far ( 21.3 %)
Max stash size is: 162
Average stash size is: 37.6348
Stash violation number of times: 49424993
Served 214000000 inst so far ( 21.4 %)
Max stash size is: 162
Average stash size is: 37.6342
Stash violation number of times: 49661049
Served 215000000 inst so far ( 21.5 %)
Max stash size is: 162
Average stash size is: 37.6339
Stash violation number of times: 49902620
Served 216000000 inst so far ( 21.6 %)
Max stash size is: 162
Average stash size is: 37.6334
Stash violation number of times: 50145798
Served 217000000 inst so far ( 21.7 %)
Max stash size is: 162
Average stash size is: 37.633
Stash violation number of times: 50390161
Served 218000000 inst so far ( 21.8 %)
Max stash size is: 162
Average stash size is: 37.6326
Stash violation number of times: 50631673
Served 219000000 inst so far ( 21.9 %)
Max stash size is: 162
Average stash size is: 37.632
Stash violation number of times: 50864949
Served 220000000 inst so far ( 22 %)
Max stash size is: 162
Average stash size is: 37.6315
Stash violation number of times: 51100672
Served 221000000 inst so far ( 22.1 %)
Max stash size is: 162
Average stash size is: 37.6311
Stash violation number of times: 51340843
Served 222000000 inst so far ( 22.2 %)
Max stash size is: 162
Average stash size is: 37.6307
Stash violation number of times: 51585450
Served 223000000 inst so far ( 22.3 %)
Max stash size is: 162
Average stash size is: 37.6302
Stash violation number of times: 51824068
Served 224000000 inst so far ( 22.4 %)
Max stash size is: 162
Average stash size is: 37.6298
Stash violation number of times: 52064736
Served 225000000 inst so far ( 22.5 %)
Max stash size is: 162
Average stash size is: 37.6292
Stash violation number of times: 52306901
Served 226000000 inst so far ( 22.6 %)
Max stash size is: 162
Average stash size is: 37.6288
Stash violation number of times: 52554966
Served 227000000 inst so far ( 22.7 %)
Max stash size is: 162
Average stash size is: 37.6281
Stash violation number of times: 52796240
Served 228000000 inst so far ( 22.8 %)
Max stash size is: 162
Average stash size is: 37.6276
Stash violation number of times: 53034441
Served 229000000 inst so far ( 22.9 %)
Max stash size is: 162
Average stash size is: 37.627
Stash violation number of times: 53284618
Served 230000000 inst so far ( 23 %)
Max stash size is: 162
Average stash size is: 37.6265
Stash violation number of times: 53524949
Served 231000000 inst so far ( 23.1 %)
Max stash size is: 162
Average stash size is: 37.6261
Stash violation number of times: 53767808
Served 232000000 inst so far ( 23.2 %)
Max stash size is: 162
Average stash size is: 37.6256
Stash violation number of times: 54012511
Served 233000000 inst so far ( 23.3 %)
Max stash size is: 162
Average stash size is: 37.6252
Stash violation number of times: 54260481
Served 234000000 inst so far ( 23.4 %)
Max stash size is: 162
Average stash size is: 37.6246
Stash violation number of times: 54499717
Served 235000000 inst so far ( 23.5 %)
Max stash size is: 162
Average stash size is: 37.624
Stash violation number of times: 54738019
Served 236000000 inst so far ( 23.6 %)
Max stash size is: 162
Average stash size is: 37.6236
Stash violation number of times: 54979781
Served 237000000 inst so far ( 23.7 %)
Max stash size is: 162
Average stash size is: 37.623
Stash violation number of times: 55217312
Served 238000000 inst so far ( 23.8 %)
Max stash size is: 162
Average stash size is: 37.6223
Stash violation number of times: 55458119
Served 239000000 inst so far ( 23.9 %)
Max stash size is: 162
Average stash size is: 37.6217
Stash violation number of times: 55689380
Served 240000000 inst so far ( 24 %)
Max stash size is: 162
Average stash size is: 37.6213
Stash violation number of times: 55927568
Served 241000000 inst so far ( 24.1 %)
Max stash size is: 162
Average stash size is: 37.6208
Stash violation number of times: 56165529
Served 242000000 inst so far ( 24.2 %)
Max stash size is: 162
Average stash size is: 37.6201
Stash violation number of times: 56404411
Served 243000000 inst so far ( 24.3 %)
Max stash size is: 162
Average stash size is: 37.6196
Stash violation number of times: 56650089
Served 244000000 inst so far ( 24.4 %)
Max stash size is: 162
Average stash size is: 37.619
Stash violation number of times: 56885084
Served 245000000 inst so far ( 24.5 %)
Max stash size is: 162
Average stash size is: 37.6184
Stash violation number of times: 57128210
Served 246000000 inst so far ( 24.6 %)
Max stash size is: 162
Average stash size is: 37.6178
Stash violation number of times: 57359506
Served 247000000 inst so far ( 24.7 %)
Max stash size is: 162
Average stash size is: 37.6173
Stash violation number of times: 57598480
Served 248000000 inst so far ( 24.8 %)
Max stash size is: 162
Average stash size is: 37.6169
Stash violation number of times: 57846551
Served 249000000 inst so far ( 24.9 %)
Max stash size is: 162
Average stash size is: 37.6163
Stash violation number of times: 58083576
Served 250000000 inst so far ( 25 %)
Max stash size is: 162
Average stash size is: 37.6157
Stash violation number of times: 58323513
Served 251000000 inst so far ( 25.1 %)
Max stash size is: 162
Average stash size is: 37.6151
Stash violation number of times: 58557450
Served 252000000 inst so far ( 25.2 %)
Max stash size is: 162
Average stash size is: 37.6147
Stash violation number of times: 58796836
Served 253000000 inst so far ( 25.3 %)
Max stash size is: 162
Average stash size is: 37.6141
Stash violation number of times: 59032047
Served 254000000 inst so far ( 25.4 %)
Max stash size is: 162
Average stash size is: 37.6136
Stash violation number of times: 59273740
Served 255000000 inst so far ( 25.5 %)
Max stash size is: 162
Average stash size is: 37.6131
Stash violation number of times: 59513132
Served 256000000 inst so far ( 25.6 %)
Max stash size is: 162
Average stash size is: 37.6126
Stash violation number of times: 59755470
Served 257000000 inst so far ( 25.7 %)
Max stash size is: 162
Average stash size is: 37.6123
Stash violation number of times: 60002968
Served 258000000 inst so far ( 25.8 %)
Max stash size is: 162
Average stash size is: 37.6117
Stash violation number of times: 60253197
Served 259000000 inst so far ( 25.9 %)
Max stash size is: 162
Average stash size is: 37.6111
Stash violation number of times: 60491995
Served 260000000 inst so far ( 26 %)
Max stash size is: 162
Average stash size is: 37.6104
Stash violation number of times: 60726498
Served 261000000 inst so far ( 26.1 %)
Max stash size is: 163
Average stash size is: 37.6099
Stash violation number of times: 60961062
Served 262000000 inst so far ( 26.2 %)
Max stash size is: 163
Average stash size is: 37.6094
Stash violation number of times: 61204359
Served 263000000 inst so far ( 26.3 %)
Max stash size is: 163
Average stash size is: 37.6089
Stash violation number of times: 61436341
Served 264000000 inst so far ( 26.4 %)
Max stash size is: 163
Average stash size is: 37.6083
Stash violation number of times: 61671917
Served 265000000 inst so far ( 26.5 %)
Max stash size is: 163
Average stash size is: 37.6079
Stash violation number of times: 61907208
Served 266000000 inst so far ( 26.6 %)
Max stash size is: 163
Average stash size is: 37.6075
Stash violation number of times: 62153534
Served 267000000 inst so far ( 26.7 %)
Max stash size is: 163
Average stash size is: 37.607
Stash violation number of times: 62390137
Served 268000000 inst so far ( 26.8 %)
Max stash size is: 163
Average stash size is: 37.6066
Stash violation number of times: 62629206
Served 269000000 inst so far ( 26.9 %)
Max stash size is: 163
Average stash size is: 37.6061
Stash violation number of times: 62873326
Served 270000000 inst so far ( 27 %)
Max stash size is: 163
Average stash size is: 37.6056
Stash violation number of times: 63111929
Served 271000000 inst so far ( 27.1 %)
Max stash size is: 163
Average stash size is: 37.6051
Stash violation number of times: 63354599
Served 272000000 inst so far ( 27.2 %)
Max stash size is: 163
Average stash size is: 37.6047
Stash violation number of times: 63600021
Served 273000000 inst so far ( 27.3 %)
Max stash size is: 163
Average stash size is: 37.6043
Stash violation number of times: 63835482
Served 274000000 inst so far ( 27.4 %)
Max stash size is: 163
Average stash size is: 37.6037
Stash violation number of times: 64074332
Served 275000000 inst so far ( 27.5 %)
Max stash size is: 163
Average stash size is: 37.6031
Stash violation number of times: 64311483
Served 276000000 inst so far ( 27.6 %)
Max stash size is: 163
Average stash size is: 37.6026
Stash violation number of times: 64552845
Served 277000000 inst so far ( 27.7 %)
Max stash size is: 163
Average stash size is: 37.6021
Stash violation number of times: 64793971
Served 278000000 inst so far ( 27.8 %)
Max stash size is: 163
Average stash size is: 37.6016
Stash violation number of times: 65040417
Served 279000000 inst so far ( 27.9 %)
Max stash size is: 163
Average stash size is: 37.6011
Stash violation number of times: 65275461
