Total num of original addr space: 536870912
This is equivalent to: 32 GB 
Security params: Z, S, A: 4, 5, 3
Served 1000000 inst so far ( 0.1 %)
Max stash size is: 59
Average stash size is: 10.0471
Stash violation number of times: 0
Served 2000000 inst so far ( 0.2 %)
Max stash size is: 63
Average stash size is: 10.0746
Stash violation number of times: 0
Served 3000000 inst so far ( 0.3 %)
Max stash size is: 64
Average stash size is: 10.0841
Stash violation number of times: 0
Served 4000000 inst so far ( 0.4 %)
Max stash size is: 68
Average stash size is: 10.1007
Stash violation number of times: 0
Served 5000000 inst so far ( 0.5 %)
Max stash size is: 68
Average stash size is: 10.1077
Stash violation number of times: 0
Served 6000000 inst so far ( 0.6 %)
Max stash size is: 71
Average stash size is: 10.1146
Stash violation number of times: 0
Served 7000000 inst so far ( 0.7 %)
Max stash size is: 71
Average stash size is: 10.1223
Stash violation number of times: 0
Served 8000000 inst so far ( 0.8 %)
Max stash size is: 71
Average stash size is: 10.1267
Stash violation number of times: 0
Served 9000000 inst so far ( 0.9 %)
Max stash size is: 71
Average stash size is: 10.1296
Stash violation number of times: 0
Served 10000000 inst so far ( 1 %)
Max stash size is: 71
Average stash size is: 10.1326
Stash violation number of times: 0
Served 11000000 inst so far ( 1.1 %)
Max stash size is: 71
Average stash size is: 10.1359
Stash violation number of times: 0
Served 12000000 inst so far ( 1.2 %)
Max stash size is: 71
Average stash size is: 10.1398
Stash violation number of times: 0
Served 13000000 inst so far ( 1.3 %)
Max stash size is: 71
Average stash size is: 10.1426
Stash violation number of times: 0
Served 14000000 inst so far ( 1.4 %)
Max stash size is: 71
Average stash size is: 10.1462
Stash violation number of times: 0
Served 15000000 inst so far ( 1.5 %)
Max stash size is: 71
Average stash size is: 10.1483
Stash violation number of times: 0
Served 16000000 inst so far ( 1.6 %)
Max stash size is: 72
Average stash size is: 10.1501
Stash violation number of times: 0
Served 17000000 inst so far ( 1.7 %)
Max stash size is: 72
Average stash size is: 10.1514
Stash violation number of times: 0
Served 18000000 inst so far ( 1.8 %)
Max stash size is: 72
Average stash size is: 10.1524
Stash violation number of times: 0
Served 19000000 inst so far ( 1.9 %)
Max stash size is: 72
Average stash size is: 10.1532
Stash violation number of times: 0
Served 20000000 inst so far ( 2 %)
Max stash size is: 75
Average stash size is: 10.1535
Stash violation number of times: 0
Served 21000000 inst so far ( 2.1 %)
Max stash size is: 75
Average stash size is: 10.154
Stash violation number of times: 0
Served 22000000 inst so far ( 2.2 %)
Max stash size is: 75
Average stash size is: 10.1553
Stash violation number of times: 0
Served 23000000 inst so far ( 2.3 %)
Max stash size is: 75
Average stash size is: 10.1564
Stash violation number of times: 0
Served 24000000 inst so far ( 2.4 %)
Max stash size is: 75
Average stash size is: 10.1576
Stash violation number of times: 0
Served 25000000 inst so far ( 2.5 %)
Max stash size is: 76
Average stash size is: 10.1589
Stash violation number of times: 0
Served 26000000 inst so far ( 2.6 %)
Max stash size is: 76
Average stash size is: 10.1607
Stash violation number of times: 0
Served 27000000 inst so far ( 2.7 %)
Max stash size is: 76
Average stash size is: 10.1624
Stash violation number of times: 0
Served 28000000 inst so far ( 2.8 %)
Max stash size is: 76
Average stash size is: 10.1634
Stash violation number of times: 0
Served 29000000 inst so far ( 2.9 %)
Max stash size is: 76
Average stash size is: 10.1644
Stash violation number of times: 0
Served 30000000 inst so far ( 3 %)
Max stash size is: 76
Average stash size is: 10.1653
Stash violation number of times: 0
Served 31000000 inst so far ( 3.1 %)
Max stash size is: 76
Average stash size is: 10.1659
Stash violation number of times: 0
Served 32000000 inst so far ( 3.2 %)
Max stash size is: 76
Average stash size is: 10.1662
Stash violation number of times: 0
Served 33000000 inst so far ( 3.3 %)
Max stash size is: 76
Average stash size is: 10.1667
Stash violation number of times: 0
Served 34000000 inst so far ( 3.4 %)
Max stash size is: 76
Average stash size is: 10.167
Stash violation number of times: 0
Served 35000000 inst so far ( 3.5 %)
Max stash size is: 76
Average stash size is: 10.167
Stash violation number of times: 0
Served 36000000 inst so far ( 3.6 %)
Max stash size is: 76
Average stash size is: 10.1672
Stash violation number of times: 0
Served 37000000 inst so far ( 3.7 %)
Max stash size is: 76
Average stash size is: 10.1677
Stash violation number of times: 0
Served 38000000 inst so far ( 3.8 %)
Max stash size is: 76
Average stash size is: 10.1678
Stash violation number of times: 0
Served 39000000 inst so far ( 3.9 %)
Max stash size is: 76
Average stash size is: 10.1679
Stash violation number of times: 0
Served 40000000 inst so far ( 4 %)
Max stash size is: 76
Average stash size is: 10.1678
Stash violation number of times: 0
Served 41000000 inst so far ( 4.1 %)
Max stash size is: 76
Average stash size is: 10.1681
Stash violation number of times: 0
Served 42000000 inst so far ( 4.2 %)
Max stash size is: 76
Average stash size is: 10.1682
Stash violation number of times: 0
Served 43000000 inst so far ( 4.3 %)
Max stash size is: 76
Average stash size is: 10.1684
Stash violation number of times: 0
Served 44000000 inst so far ( 4.4 %)
Max stash size is: 76
Average stash size is: 10.1687
Stash violation number of times: 0
Served 45000000 inst so far ( 4.5 %)
Max stash size is: 76
Average stash size is: 10.1689
Stash violation number of times: 0
Served 46000000 inst so far ( 4.6 %)
Max stash size is: 78
Average stash size is: 10.1692
Stash violation number of times: 0
Served 47000000 inst so far ( 4.7 %)
Max stash size is: 78
Average stash size is: 10.1694
Stash violation number of times: 0
Served 48000000 inst so far ( 4.8 %)
Max stash size is: 78
Average stash size is: 10.1698
Stash violation number of times: 0
Served 49000000 inst so far ( 4.9 %)
Max stash size is: 78
Average stash size is: 10.1702
Stash violation number of times: 0
Served 50000000 inst so far ( 5 %)
Max stash size is: 78
Average stash size is: 10.1707
Stash violation number of times: 0
Served 51000000 inst so far ( 5.1 %)
Max stash size is: 78
Average stash size is: 10.1712
Stash violation number of times: 0
Served 52000000 inst so far ( 5.2 %)
Max stash size is: 78
Average stash size is: 10.1715
Stash violation number of times: 0
Served 53000000 inst so far ( 5.3 %)
Max stash size is: 78
Average stash size is: 10.172
Stash violation number of times: 0
Served 54000000 inst so far ( 5.4 %)
Max stash size is: 78
Average stash size is: 10.1724
Stash violation number of times: 0
Served 55000000 inst so far ( 5.5 %)
Max stash size is: 78
Average stash size is: 10.1727
Stash violation number of times: 0
Served 56000000 inst so far ( 5.6 %)
Max stash size is: 78
Average stash size is: 10.1731
Stash violation number of times: 0
Served 57000000 inst so far ( 5.7 %)
Max stash size is: 78
Average stash size is: 10.1734
Stash violation number of times: 0
Served 58000000 inst so far ( 5.8 %)
Max stash size is: 78
Average stash size is: 10.1734
Stash violation number of times: 0
Served 59000000 inst so far ( 5.9 %)
Max stash size is: 78
Average stash size is: 10.1736
Stash violation number of times: 0
Served 60000000 inst so far ( 6 %)
Max stash size is: 78
Average stash size is: 10.1737
Stash violation number of times: 0
Served 61000000 inst so far ( 6.1 %)
Max stash size is: 78
Average stash size is: 10.1739
Stash violation number of times: 0
Served 62000000 inst so far ( 6.2 %)
Max stash size is: 78
Average stash size is: 10.174
Stash violation number of times: 0
Served 63000000 inst so far ( 6.3 %)
Max stash size is: 78
Average stash size is: 10.174
Stash violation number of times: 0
Served 64000000 inst so far ( 6.4 %)
Max stash size is: 78
Average stash size is: 10.1742
Stash violation number of times: 0
Served 65000000 inst so far ( 6.5 %)
Max stash size is: 78
Average stash size is: 10.1741
Stash violation number of times: 0
Served 66000000 inst so far ( 6.6 %)
Max stash size is: 78
Average stash size is: 10.1741
Stash violation number of times: 0
Served 67000000 inst so far ( 6.7 %)
Max stash size is: 78
Average stash size is: 10.174
Stash violation number of times: 0
Served 68000000 inst so far ( 6.8 %)
Max stash size is: 78
Average stash size is: 10.1739
Stash violation number of times: 0
Served 69000000 inst so far ( 6.9 %)
Max stash size is: 78
Average stash size is: 10.1737
Stash violation number of times: 0
Served 70000000 inst so far ( 7 %)
Max stash size is: 78
Average stash size is: 10.1736
Stash violation number of times: 0
Served 71000000 inst so far ( 7.1 %)
Max stash size is: 79
Average stash size is: 10.1735
Stash violation number of times: 0
Served 72000000 inst so far ( 7.2 %)
Max stash size is: 85
Average stash size is: 10.1734
Stash violation number of times: 0
Served 73000000 inst so far ( 7.3 %)
Max stash size is: 85
Average stash size is: 10.1732
Stash violation number of times: 0
Served 74000000 inst so far ( 7.4 %)
Max stash size is: 85
Average stash size is: 10.1729
Stash violation number of times: 0
Served 75000000 inst so far ( 7.5 %)
Max stash size is: 85
Average stash size is: 10.1727
Stash violation number of times: 0
Served 76000000 inst so far ( 7.6 %)
Max stash size is: 85
Average stash size is: 10.1725
Stash violation number of times: 0
Served 77000000 inst so far ( 7.7 %)
Max stash size is: 85
Average stash size is: 10.1721
Stash violation number of times: 0
Served 78000000 inst so far ( 7.8 %)
Max stash size is: 85
Average stash size is: 10.172
Stash violation number of times: 0
Served 79000000 inst so far ( 7.9 %)
Max stash size is: 85
Average stash size is: 10.1718
Stash violation number of times: 0
Served 80000000 inst so far ( 8 %)
Max stash size is: 85
Average stash size is: 10.1715
Stash violation number of times: 0
Served 81000000 inst so far ( 8.1 %)
Max stash size is: 85
Average stash size is: 10.1715
Stash violation number of times: 0
Served 82000000 inst so far ( 8.2 %)
Max stash size is: 85
Average stash size is: 10.1712
Stash violation number of times: 0
Served 83000000 inst so far ( 8.3 %)
Max stash size is: 85
Average stash size is: 10.171
Stash violation number of times: 0
Served 84000000 inst so far ( 8.4 %)
Max stash size is: 85
Average stash size is: 10.1708
Stash violation number of times: 0
Served 85000000 inst so far ( 8.5 %)
Max stash size is: 85
Average stash size is: 10.1707
Stash violation number of times: 0
Served 86000000 inst so far ( 8.6 %)
Max stash size is: 85
Average stash size is: 10.1705
Stash violation number of times: 0
Served 87000000 inst so far ( 8.7 %)
Max stash size is: 85
Average stash size is: 10.1703
Stash violation number of times: 0
Served 88000000 inst so far ( 8.8 %)
Max stash size is: 85
Average stash size is: 10.1701
Stash violation number of times: 0
Served 89000000 inst so far ( 8.9 %)
Max stash size is: 85
Average stash size is: 10.17
Stash violation number of times: 0
Served 90000000 inst so far ( 9 %)
Max stash size is: 85
Average stash size is: 10.1698
Stash violation number of times: 0
Served 91000000 inst so far ( 9.1 %)
Max stash size is: 85
Average stash size is: 10.1696
Stash violation number of times: 0
Served 92000000 inst so far ( 9.2 %)
Max stash size is: 85
Average stash size is: 10.1695
Stash violation number of times: 0
Served 93000000 inst so far ( 9.3 %)
Max stash size is: 85
Average stash size is: 10.1692
Stash violation number of times: 0
Served 94000000 inst so far ( 9.4 %)
Max stash size is: 85
Average stash size is: 10.169
Stash violation number of times: 0
Served 95000000 inst so far ( 9.5 %)
Max stash size is: 85
Average stash size is: 10.1688
Stash violation number of times: 0
Served 96000000 inst so far ( 9.6 %)
Max stash size is: 85
Average stash size is: 10.1687
Stash violation number of times: 0
Served 97000000 inst so far ( 9.7 %)
Max stash size is: 85
Average stash size is: 10.1685
Stash violation number of times: 0
Served 98000000 inst so far ( 9.8 %)
Max stash size is: 85
Average stash size is: 10.1685
Stash violation number of times: 0
Served 99000000 inst so far ( 9.9 %)
Max stash size is: 85
Average stash size is: 10.1684
Stash violation number of times: 0
Served 100000000 inst so far ( 10 %)
Max stash size is: 85
Average stash size is: 10.1683
Stash violation number of times: 0
Served 101000000 inst so far ( 10.1 %)
Max stash size is: 85
Average stash size is: 10.1682
Stash violation number of times: 0
Served 102000000 inst so far ( 10.2 %)
Max stash size is: 85
Average stash size is: 10.168
Stash violation number of times: 0
Served 103000000 inst so far ( 10.3 %)
Max stash size is: 85
Average stash size is: 10.1679
Stash violation number of times: 0
Served 104000000 inst so far ( 10.4 %)
Max stash size is: 85
Average stash size is: 10.1678
Stash violation number of times: 0
Served 105000000 inst so far ( 10.5 %)
Max stash size is: 85
Average stash size is: 10.1677
Stash violation number of times: 0
Served 106000000 inst so far ( 10.6 %)
Max stash size is: 85
Average stash size is: 10.1676
Stash violation number of times: 0
Served 107000000 inst so far ( 10.7 %)
Max stash size is: 85
Average stash size is: 10.1674
Stash violation number of times: 0
Served 108000000 inst so far ( 10.8 %)
Max stash size is: 85
Average stash size is: 10.1674
Stash violation number of times: 0
Served 109000000 inst so far ( 10.9 %)
Max stash size is: 85
Average stash size is: 10.1672
Stash violation number of times: 0
Served 110000000 inst so far ( 11 %)
Max stash size is: 85
Average stash size is: 10.167
Stash violation number of times: 0
Served 111000000 inst so far ( 11.1 %)
Max stash size is: 85
Average stash size is: 10.1669
Stash violation number of times: 0
Served 112000000 inst so far ( 11.2 %)
Max stash size is: 85
Average stash size is: 10.1667
Stash violation number of times: 0
Served 113000000 inst so far ( 11.3 %)
Max stash size is: 85
Average stash size is: 10.1664
Stash violation number of times: 0
Served 114000000 inst so far ( 11.4 %)
Max stash size is: 85
Average stash size is: 10.1662
Stash violation number of times: 0
Served 115000000 inst so far ( 11.5 %)
Max stash size is: 85
Average stash size is: 10.166
Stash violation number of times: 0
Served 116000000 inst so far ( 11.6 %)
Max stash size is: 85
Average stash size is: 10.1658
Stash violation number of times: 0
Served 117000000 inst so far ( 11.7 %)
Max stash size is: 85
Average stash size is: 10.1655
Stash violation number of times: 0
Served 118000000 inst so far ( 11.8 %)
Max stash size is: 85
Average stash size is: 10.1653
Stash violation number of times: 0
Served 119000000 inst so far ( 11.9 %)
Max stash size is: 85
Average stash size is: 10.1651
Stash violation number of times: 0
Served 120000000 inst so far ( 12 %)
Max stash size is: 85
Average stash size is: 10.1648
Stash violation number of times: 0
Served 121000000 inst so far ( 12.1 %)
Max stash size is: 85
Average stash size is: 10.1645
Stash violation number of times: 0
Served 122000000 inst so far ( 12.2 %)
Max stash size is: 85
Average stash size is: 10.1642
Stash violation number of times: 0
Served 123000000 inst so far ( 12.3 %)
Max stash size is: 85
Average stash size is: 10.164
Stash violation number of times: 0
Served 124000000 inst so far ( 12.4 %)
Max stash size is: 85
Average stash size is: 10.1638
Stash violation number of times: 0
Served 125000000 inst so far ( 12.5 %)
Max stash size is: 85
Average stash size is: 10.1635
Stash violation number of times: 0
Served 126000000 inst so far ( 12.6 %)
Max stash size is: 85
Average stash size is: 10.1632
Stash violation number of times: 0
Served 127000000 inst so far ( 12.7 %)
Max stash size is: 85
Average stash size is: 10.1629
Stash violation number of times: 0
Served 128000000 inst so far ( 12.8 %)
Max stash size is: 85
Average stash size is: 10.1626
Stash violation number of times: 0
Served 129000000 inst so far ( 12.9 %)
Max stash size is: 85
Average stash size is: 10.1623
Stash violation number of times: 0
Served 130000000 inst so far ( 13 %)
Max stash size is: 85
Average stash size is: 10.1619
Stash violation number of times: 0
Served 131000000 inst so far ( 13.1 %)
Max stash size is: 85
Average stash size is: 10.1615
Stash violation number of times: 0
Served 132000000 inst so far ( 13.2 %)
Max stash size is: 85
Average stash size is: 10.1613
Stash violation number of times: 0
Served 133000000 inst so far ( 13.3 %)
Max stash size is: 85
Average stash size is: 10.1609
Stash violation number of times: 0
Served 134000000 inst so far ( 13.4 %)
Max stash size is: 85
Average stash size is: 10.1605
Stash violation number of times: 0
Served 135000000 inst so far ( 13.5 %)
Max stash size is: 85
Average stash size is: 10.1601
Stash violation number of times: 0
Served 136000000 inst so far ( 13.6 %)
Max stash size is: 85
Average stash size is: 10.1598
Stash violation number of times: 0
Served 137000000 inst so far ( 13.7 %)
Max stash size is: 85
Average stash size is: 10.1594
Stash violation number of times: 0
Served 138000000 inst so far ( 13.8 %)
Max stash size is: 85
Average stash size is: 10.1591
Stash violation number of times: 0
Served 139000000 inst so far ( 13.9 %)
Max stash size is: 85
Average stash size is: 10.1587
Stash violation number of times: 0
Served 140000000 inst so far ( 14 %)
Max stash size is: 85
Average stash size is: 10.1583
Stash violation number of times: 0
Served 141000000 inst so far ( 14.1 %)
Max stash size is: 85
Average stash size is: 10.158
Stash violation number of times: 0
Served 142000000 inst so far ( 14.2 %)
Max stash size is: 85
Average stash size is: 10.1576
Stash violation number of times: 0
Served 143000000 inst so far ( 14.3 %)
Max stash size is: 85
Average stash size is: 10.1571
Stash violation number of times: 0
Served 144000000 inst so far ( 14.4 %)
Max stash size is: 85
Average stash size is: 10.1567
Stash violation number of times: 0
Served 145000000 inst so far ( 14.5 %)
Max stash size is: 85
Average stash size is: 10.1564
Stash violation number of times: 0
Served 146000000 inst so far ( 14.6 %)
Max stash size is: 85
Average stash size is: 10.1559
Stash violation number of times: 0
Served 147000000 inst so far ( 14.7 %)
Max stash size is: 85
Average stash size is: 10.1555
Stash violation number of times: 0
Served 148000000 inst so far ( 14.8 %)
Max stash size is: 85
Average stash size is: 10.1551
Stash violation number of times: 0
Served 149000000 inst so far ( 14.9 %)
Max stash size is: 85
Average stash size is: 10.1547
Stash violation number of times: 0
Served 150000000 inst so far ( 15 %)
Max stash size is: 85
Average stash size is: 10.1543
Stash violation number of times: 0
Served 151000000 inst so far ( 15.1 %)
Max stash size is: 85
Average stash size is: 10.1539
Stash violation number of times: 0
Served 152000000 inst so far ( 15.2 %)
Max stash size is: 85
Average stash size is: 10.1535
Stash violation number of times: 0
Served 153000000 inst so far ( 15.3 %)
Max stash size is: 85
Average stash size is: 10.1531
Stash violation number of times: 0
Served 154000000 inst so far ( 15.4 %)
Max stash size is: 85
Average stash size is: 10.1526
Stash violation number of times: 0
Served 155000000 inst so far ( 15.5 %)
Max stash size is: 85
Average stash size is: 10.1522
Stash violation number of times: 0
Served 156000000 inst so far ( 15.6 %)
Max stash size is: 85
Average stash size is: 10.1518
Stash violation number of times: 0
Served 157000000 inst so far ( 15.7 %)
Max stash size is: 85
Average stash size is: 10.1514
Stash violation number of times: 0
Served 158000000 inst so far ( 15.8 %)
Max stash size is: 85
Average stash size is: 10.151
Stash violation number of times: 0
Served 159000000 inst so far ( 15.9 %)
Max stash size is: 85
Average stash size is: 10.1505
Stash violation number of times: 0
Served 160000000 inst so far ( 16 %)
Max stash size is: 85
Average stash size is: 10.1501
Stash violation number of times: 0
Served 161000000 inst so far ( 16.1 %)
Max stash size is: 85
Average stash size is: 10.1498
Stash violation number of times: 0
Served 162000000 inst so far ( 16.2 %)
Max stash size is: 85
Average stash size is: 10.1493
Stash violation number of times: 0
Served 163000000 inst so far ( 16.3 %)
Max stash size is: 85
Average stash size is: 10.1489
Stash violation number of times: 0
Served 164000000 inst so far ( 16.4 %)
Max stash size is: 85
Average stash size is: 10.1484
Stash violation number of times: 0
Served 165000000 inst so far ( 16.5 %)
Max stash size is: 85
Average stash size is: 10.148
Stash violation number of times: 0
Served 166000000 inst so far ( 16.6 %)
Max stash size is: 85
Average stash size is: 10.1476
Stash violation number of times: 0
Served 167000000 inst so far ( 16.7 %)
Max stash size is: 85
Average stash size is: 10.1471
Stash violation number of times: 0
Served 168000000 inst so far ( 16.8 %)
Max stash size is: 85
Average stash size is: 10.1467
Stash violation number of times: 0
Served 169000000 inst so far ( 16.9 %)
Max stash size is: 85
Average stash size is: 10.1463
Stash violation number of times: 0
Served 170000000 inst so far ( 17 %)
Max stash size is: 85
Average stash size is: 10.1459
Stash violation number of times: 0
Served 171000000 inst so far ( 17.1 %)
Max stash size is: 85
Average stash size is: 10.1454
Stash violation number of times: 0
Served 172000000 inst so far ( 17.2 %)
Max stash size is: 85
Average stash size is: 10.145
Stash violation number of times: 0
Served 173000000 inst so far ( 17.3 %)
Max stash size is: 85
Average stash size is: 10.1445
Stash violation number of times: 0
Served 174000000 inst so far ( 17.4 %)
Max stash size is: 85
Average stash size is: 10.1441
Stash violation number of times: 0
Served 175000000 inst so far ( 17.5 %)
Max stash size is: 85
Average stash size is: 10.1437
Stash violation number of times: 0
Served 176000000 inst so far ( 17.6 %)
Max stash size is: 85
Average stash size is: 10.1433
Stash violation number of times: 0
Served 177000000 inst so far ( 17.7 %)
Max stash size is: 85
Average stash size is: 10.1429
Stash violation number of times: 0
Served 178000000 inst so far ( 17.8 %)
Max stash size is: 85
Average stash size is: 10.1425
Stash violation number of times: 0
Served 179000000 inst so far ( 17.9 %)
Max stash size is: 85
Average stash size is: 10.1421
Stash violation number of times: 0
Served 180000000 inst so far ( 18 %)
Max stash size is: 85
Average stash size is: 10.1417
Stash violation number of times: 0
Served 181000000 inst so far ( 18.1 %)
Max stash size is: 85
Average stash size is: 10.1413
Stash violation number of times: 0
Served 182000000 inst so far ( 18.2 %)
Max stash size is: 85
Average stash size is: 10.1409
Stash violation number of times: 0
Served 183000000 inst so far ( 18.3 %)
Max stash size is: 85
Average stash size is: 10.1404
Stash violation number of times: 0
Served 184000000 inst so far ( 18.4 %)
Max stash size is: 85
Average stash size is: 10.14
Stash violation number of times: 0
Served 185000000 inst so far ( 18.5 %)
Max stash size is: 85
Average stash size is: 10.1396
Stash violation number of times: 0
Served 186000000 inst so far ( 18.6 %)
Max stash size is: 85
Average stash size is: 10.1392
Stash violation number of times: 0
Served 187000000 inst so far ( 18.7 %)
Max stash size is: 85
Average stash size is: 10.1389
Stash violation number of times: 0
Served 188000000 inst so far ( 18.8 %)
Max stash size is: 85
Average stash size is: 10.1384
Stash violation number of times: 0
Served 189000000 inst so far ( 18.9 %)
Max stash size is: 85
Average stash size is: 10.138
Stash violation number of times: 0
Served 190000000 inst so far ( 19 %)
Max stash size is: 85
Average stash size is: 10.1376
Stash violation number of times: 0
Served 191000000 inst so far ( 19.1 %)
Max stash size is: 85
Average stash size is: 10.1373
Stash violation number of times: 0
Served 192000000 inst so far ( 19.2 %)
Max stash size is: 85
Average stash size is: 10.1369
Stash violation number of times: 0
Served 193000000 inst so far ( 19.3 %)
Max stash size is: 85
Average stash size is: 10.1366
Stash violation number of times: 0
Served 194000000 inst so far ( 19.4 %)
Max stash size is: 85
Average stash size is: 10.1362
Stash violation number of times: 0
Served 195000000 inst so far ( 19.5 %)
Max stash size is: 85
Average stash size is: 10.1358
Stash violation number of times: 0
Served 196000000 inst so far ( 19.6 %)
Max stash size is: 85
Average stash size is: 10.1354
Stash violation number of times: 0
Served 197000000 inst so far ( 19.7 %)
Max stash size is: 85
Average stash size is: 10.1351
Stash violation number of times: 0
Served 198000000 inst so far ( 19.8 %)
Max stash size is: 85
Average stash size is: 10.1347
Stash violation number of times: 0
Served 199000000 inst so far ( 19.9 %)
Max stash size is: 85
Average stash size is: 10.1343
Stash violation number of times: 0
Served 200000000 inst so far ( 20 %)
Max stash size is: 85
Average stash size is: 10.1339
Stash violation number of times: 0
Served 201000000 inst so far ( 20.1 %)
Max stash size is: 85
Average stash size is: 10.1336
Stash violation number of times: 0
Served 202000000 inst so far ( 20.2 %)
Max stash size is: 85
Average stash size is: 10.1333
Stash violation number of times: 0
Served 203000000 inst so far ( 20.3 %)
Max stash size is: 85
Average stash size is: 10.1329
Stash violation number of times: 0
Served 204000000 inst so far ( 20.4 %)
Max stash size is: 85
Average stash size is: 10.1326
Stash violation number of times: 0
Served 205000000 inst so far ( 20.5 %)
Max stash size is: 85
Average stash size is: 10.1323
Stash violation number of times: 0
Served 206000000 inst so far ( 20.6 %)
Max stash size is: 85
Average stash size is: 10.132
Stash violation number of times: 0
Served 207000000 inst so far ( 20.7 %)
Max stash size is: 85
Average stash size is: 10.1317
Stash violation number of times: 0
Served 208000000 inst so far ( 20.8 %)
Max stash size is: 85
Average stash size is: 10.1314
Stash violation number of times: 0
Served 209000000 inst so far ( 20.9 %)
Max stash size is: 85
Average stash size is: 10.131
Stash violation number of times: 0
Served 210000000 inst so far ( 21 %)
Max stash size is: 85
Average stash size is: 10.1307
Stash violation number of times: 0
Served 211000000 inst so far ( 21.1 %)
Max stash size is: 85
Average stash size is: 10.1304
Stash violation number of times: 0
Served 212000000 inst so far ( 21.2 %)
Max stash size is: 85
Average stash size is: 10.1301
Stash violation number of times: 0
Served 213000000 inst so far ( 21.3 %)
Max stash size is: 85
Average stash size is: 10.1298
Stash violation number of times: 0
Served 214000000 inst so far ( 21.4 %)
Max stash size is: 85
Average stash size is: 10.1295
Stash violation number of times: 0
Served 215000000 inst so far ( 21.5 %)
Max stash size is: 85
Average stash size is: 10.1292
Stash violation number of times: 0
Served 216000000 inst so far ( 21.6 %)
Max stash size is: 85
Average stash size is: 10.1289
Stash violation number of times: 0
Served 217000000 inst so far ( 21.7 %)
Max stash size is: 85
Average stash size is: 10.1286
Stash violation number of times: 0
Served 218000000 inst so far ( 21.8 %)
Max stash size is: 85
Average stash size is: 10.1283
Stash violation number of times: 0
Served 219000000 inst so far ( 21.9 %)
Max stash size is: 85
Average stash size is: 10.1281
Stash violation number of times: 0
Served 220000000 inst so far ( 22 %)
Max stash size is: 85
Average stash size is: 10.1279
Stash violation number of times: 0
Served 221000000 inst so far ( 22.1 %)
Max stash size is: 85
Average stash size is: 10.1276
Stash violation number of times: 0
Served 222000000 inst so far ( 22.2 %)
Max stash size is: 85
Average stash size is: 10.1272
Stash violation number of times: 0
Served 223000000 inst so far ( 22.3 %)
Max stash size is: 85
Average stash size is: 10.127
Stash violation number of times: 0
Served 224000000 inst so far ( 22.4 %)
Max stash size is: 85
Average stash size is: 10.1267
Stash violation number of times: 0
Served 225000000 inst so far ( 22.5 %)
Max stash size is: 85
Average stash size is: 10.1264
Stash violation number of times: 0
Served 226000000 inst so far ( 22.6 %)
Max stash size is: 85
Average stash size is: 10.1261
Stash violation number of times: 0
Served 227000000 inst so far ( 22.7 %)
Max stash size is: 85
Average stash size is: 10.1258
Stash violation number of times: 0
Served 228000000 inst so far ( 22.8 %)
Max stash size is: 85
Average stash size is: 10.1256
Stash violation number of times: 0
Served 229000000 inst so far ( 22.9 %)
Max stash size is: 85
Average stash size is: 10.1253
Stash violation number of times: 0
Served 230000000 inst so far ( 23 %)
Max stash size is: 85
Average stash size is: 10.125
Stash violation number of times: 0
Served 231000000 inst so far ( 23.1 %)
Max stash size is: 85
Average stash size is: 10.1248
Stash violation number of times: 0
Served 232000000 inst so far ( 23.2 %)
Max stash size is: 85
Average stash size is: 10.1245
Stash violation number of times: 0
Served 233000000 inst so far ( 23.3 %)
Max stash size is: 85
Average stash size is: 10.1242
Stash violation number of times: 0
Served 234000000 inst so far ( 23.4 %)
Max stash size is: 85
Average stash size is: 10.1239
Stash violation number of times: 0
Served 235000000 inst so far ( 23.5 %)
Max stash size is: 85
Average stash size is: 10.1237
Stash violation number of times: 0
Served 236000000 inst so far ( 23.6 %)
Max stash size is: 85
Average stash size is: 10.1235
Stash violation number of times: 0
Served 237000000 inst so far ( 23.7 %)
Max stash size is: 85
Average stash size is: 10.1232
Stash violation number of times: 0
Served 238000000 inst so far ( 23.8 %)
Max stash size is: 85
Average stash size is: 10.1229
Stash violation number of times: 0
Served 239000000 inst so far ( 23.9 %)
Max stash size is: 85
Average stash size is: 10.1227
Stash violation number of times: 0
Served 240000000 inst so far ( 24 %)
Max stash size is: 85
Average stash size is: 10.1224
Stash violation number of times: 0
Served 241000000 inst so far ( 24.1 %)
Max stash size is: 85
Average stash size is: 10.1221
Stash violation number of times: 0
Served 242000000 inst so far ( 24.2 %)
Max stash size is: 85
Average stash size is: 10.1219
Stash violation number of times: 0
Served 243000000 inst so far ( 24.3 %)
Max stash size is: 85
Average stash size is: 10.1216
Stash violation number of times: 0
Served 244000000 inst so far ( 24.4 %)
Max stash size is: 85
Average stash size is: 10.1214
Stash violation number of times: 0
Served 245000000 inst so far ( 24.5 %)
Max stash size is: 85
Average stash size is: 10.1211
Stash violation number of times: 0
Served 246000000 inst so far ( 24.6 %)
Max stash size is: 85
Average stash size is: 10.1208
Stash violation number of times: 0
Served 247000000 inst so far ( 24.7 %)
Max stash size is: 85
Average stash size is: 10.1205
Stash violation number of times: 0
Served 248000000 inst so far ( 24.8 %)
Max stash size is: 85
Average stash size is: 10.1203
Stash violation number of times: 0
Served 249000000 inst so far ( 24.9 %)
Max stash size is: 85
Average stash size is: 10.12
Stash violation number of times: 0
Served 250000000 inst so far ( 25 %)
Max stash size is: 85
Average stash size is: 10.1197
Stash violation number of times: 0
Served 251000000 inst so far ( 25.1 %)
Max stash size is: 85
Average stash size is: 10.1195
Stash violation number of times: 0
Served 252000000 inst so far ( 25.2 %)
Max stash size is: 85
Average stash size is: 10.1193
Stash violation number of times: 0
Served 253000000 inst so far ( 25.3 %)
Max stash size is: 85
Average stash size is: 10.119
Stash violation number of times: 0
Served 254000000 inst so far ( 25.4 %)
Max stash size is: 85
Average stash size is: 10.1187
Stash violation number of times: 0
Served 255000000 inst so far ( 25.5 %)
Max stash size is: 85
Average stash size is: 10.1185
Stash violation number of times: 0
Served 256000000 inst so far ( 25.6 %)
Max stash size is: 85
Average stash size is: 10.1182
Stash violation number of times: 0
Served 257000000 inst so far ( 25.7 %)
Max stash size is: 85
Average stash size is: 10.1179
Stash violation number of times: 0
Served 258000000 inst so far ( 25.8 %)
Max stash size is: 85
Average stash size is: 10.1176
Stash violation number of times: 0
Served 259000000 inst so far ( 25.9 %)
Max stash size is: 85
Average stash size is: 10.1174
Stash violation number of times: 0
Served 260000000 inst so far ( 26 %)
Max stash size is: 85
Average stash size is: 10.1171
Stash violation number of times: 0
Served 261000000 inst so far ( 26.1 %)
Max stash size is: 85
Average stash size is: 10.1168
Stash violation number of times: 0
Served 262000000 inst so far ( 26.2 %)
Max stash size is: 86
Average stash size is: 10.1165
Stash violation number of times: 0
Served 263000000 inst so far ( 26.3 %)
Max stash size is: 86
Average stash size is: 10.1163
Stash violation number of times: 0
Served 264000000 inst so far ( 26.4 %)
Max stash size is: 86
Average stash size is: 10.116
Stash violation number of times: 0
Served 265000000 inst so far ( 26.5 %)
Max stash size is: 86
Average stash size is: 10.1157
Stash violation number of times: 0
Served 266000000 inst so far ( 26.6 %)
Max stash size is: 86
Average stash size is: 10.1155
Stash violation number of times: 0
Served 267000000 inst so far ( 26.7 %)
Max stash size is: 86
Average stash size is: 10.1153
Stash violation number of times: 0
Served 268000000 inst so far ( 26.8 %)
Max stash size is: 86
Average stash size is: 10.115
Stash violation number of times: 0
Served 269000000 inst so far ( 26.9 %)
Max stash size is: 86
Average stash size is: 10.1147
Stash violation number of times: 0
Served 270000000 inst so far ( 27 %)
Max stash size is: 86
Average stash size is: 10.1145
Stash violation number of times: 0
Served 271000000 inst so far ( 27.1 %)
Max stash size is: 86
Average stash size is: 10.1142
Stash violation number of times: 0
Served 272000000 inst so far ( 27.2 %)
Max stash size is: 86
Average stash size is: 10.1139
Stash violation number of times: 0
Served 273000000 inst so far ( 27.3 %)
Max stash size is: 86
Average stash size is: 10.1137
Stash violation number of times: 0
Served 274000000 inst so far ( 27.4 %)
Max stash size is: 86
Average stash size is: 10.1134
Stash violation number of times: 0
Served 275000000 inst so far ( 27.5 %)
Max stash size is: 86
Average stash size is: 10.1131
Stash violation number of times: 0
Served 276000000 inst so far ( 27.6 %)
Max stash size is: 86
Average stash size is: 10.1129
Stash violation number of times: 0
Served 277000000 inst so far ( 27.7 %)
Max stash size is: 86
Average stash size is: 10.1126
Stash violation number of times: 0
Served 278000000 inst so far ( 27.8 %)
Max stash size is: 86
Average stash size is: 10.1124
Stash violation number of times: 0
Served 279000000 inst so far ( 27.9 %)
Max stash size is: 86
Average stash size is: 10.1121
Stash violation number of times: 0
Served 280000000 inst so far ( 28 %)
Max stash size is: 86
Average stash size is: 10.1118
Stash violation number of times: 0
Served 281000000 inst so far ( 28.1 %)
Max stash size is: 86
Average stash size is: 10.1116
Stash violation number of times: 0
Served 282000000 inst so far ( 28.2 %)
Max stash size is: 86
Average stash size is: 10.1114
Stash violation number of times: 0
Served 283000000 inst so far ( 28.3 %)
Max stash size is: 86
Average stash size is: 10.1111
Stash violation number of times: 0
Served 284000000 inst so far ( 28.4 %)
Max stash size is: 86
Average stash size is: 10.1109
Stash violation number of times: 0
Served 285000000 inst so far ( 28.5 %)
Max stash size is: 86
Average stash size is: 10.1106
Stash violation number of times: 0
Served 286000000 inst so far ( 28.6 %)
Max stash size is: 86
Average stash size is: 10.1103
Stash violation number of times: 0
Served 287000000 inst so far ( 28.7 %)
Max stash size is: 86
Average stash size is: 10.1101
Stash violation number of times: 0
Served 288000000 inst so far ( 28.8 %)
Max stash size is: 86
Average stash size is: 10.1098
Stash violation number of times: 0
Served 289000000 inst so far ( 28.9 %)
Max stash size is: 86
Average stash size is: 10.1095
Stash violation number of times: 0
Served 290000000 inst so far ( 29 %)
Max stash size is: 86
Average stash size is: 10.1092
Stash violation number of times: 0
Served 291000000 inst so far ( 29.1 %)
Max stash size is: 86
Average stash size is: 10.109
Stash violation number of times: 0
Served 292000000 inst so far ( 29.2 %)
Max stash size is: 86
Average stash size is: 10.1087
Stash violation number of times: 0
Served 293000000 inst so far ( 29.3 %)
Max stash size is: 86
Average stash size is: 10.1084
Stash violation number of times: 0
Served 294000000 inst so far ( 29.4 %)
Max stash size is: 86
Average stash size is: 10.1082
Stash violation number of times: 0
Served 295000000 inst so far ( 29.5 %)
Max stash size is: 86
Average stash size is: 10.1079
Stash violation number of times: 0
Served 296000000 inst so far ( 29.6 %)
Max stash size is: 86
Average stash size is: 10.1076
Stash violation number of times: 0
Served 297000000 inst so far ( 29.7 %)
Max stash size is: 86
Average stash size is: 10.1074
Stash violation number of times: 0
Served 298000000 inst so far ( 29.8 %)
Max stash size is: 86
Average stash size is: 10.1071
Stash violation number of times: 0
Served 299000000 inst so far ( 29.9 %)
Max stash size is: 86
Average stash size is: 10.1068
Stash violation number of times: 0
Served 300000000 inst so far ( 30 %)
Max stash size is: 86
Average stash size is: 10.1065
Stash violation number of times: 0
Served 301000000 inst so far ( 30.1 %)
Max stash size is: 86
Average stash size is: 10.1063
Stash violation number of times: 0
Served 302000000 inst so far ( 30.2 %)
Max stash size is: 86
Average stash size is: 10.106
Stash violation number of times: 0
