Total num of original addr space: 1073741824
This is equivalent to: 64 GB 
Security params: Z, S, A: 8, 12, 10
Served 1000000 inst so far ( 0.1 %)
Max stash size is: 147
Average stash size is: 25.5892
Stash violation number of times: 0
Served 2000000 inst so far ( 0.2 %)
Max stash size is: 153
Average stash size is: 25.7756
Stash violation number of times: 0
Served 3000000 inst so far ( 0.3 %)
Max stash size is: 160
Average stash size is: 25.8484
Stash violation number of times: 0
Served 4000000 inst so far ( 0.4 %)
Max stash size is: 164
Average stash size is: 25.932
Stash violation number of times: 0
Served 5000000 inst so far ( 0.5 %)
Max stash size is: 176
Average stash size is: 25.9613
Stash violation number of times: 7
Served 6000000 inst so far ( 0.6 %)
Max stash size is: 176
Average stash size is: 25.9958
Stash violation number of times: 8
Served 7000000 inst so far ( 0.7 %)
Max stash size is: 176
Average stash size is: 26.0152
Stash violation number of times: 8
Served 8000000 inst so far ( 0.8 %)
Max stash size is: 179
Average stash size is: 26.0617
Stash violation number of times: 37
Served 9000000 inst so far ( 0.9 %)
Max stash size is: 181
Average stash size is: 26.1094
Stash violation number of times: 61
Served 10000000 inst so far ( 1 %)
Max stash size is: 181
Average stash size is: 26.1336
Stash violation number of times: 61
Served 11000000 inst so far ( 1.1 %)
Max stash size is: 181
Average stash size is: 26.1498
Stash violation number of times: 61
Served 12000000 inst so far ( 1.2 %)
Max stash size is: 181
Average stash size is: 26.1877
Stash violation number of times: 81
Served 13000000 inst so far ( 1.3 %)
Max stash size is: 182
Average stash size is: 26.212
Stash violation number of times: 93
Served 14000000 inst so far ( 1.4 %)
Max stash size is: 182
Average stash size is: 26.2406
Stash violation number of times: 99
Served 15000000 inst so far ( 1.5 %)
Max stash size is: 182
Average stash size is: 26.256
Stash violation number of times: 99
Served 16000000 inst so far ( 1.6 %)
Max stash size is: 186
Average stash size is: 26.2611
Stash violation number of times: 104
Served 17000000 inst so far ( 1.7 %)
Max stash size is: 186
Average stash size is: 26.2594
Stash violation number of times: 104
Served 18000000 inst so far ( 1.8 %)
Max stash size is: 193
Average stash size is: 26.287
Stash violation number of times: 123
Served 19000000 inst so far ( 1.9 %)
Max stash size is: 193
Average stash size is: 26.2794
Stash violation number of times: 124
Served 20000000 inst so far ( 2 %)
Max stash size is: 193
Average stash size is: 26.2876
Stash violation number of times: 128
Served 21000000 inst so far ( 2.1 %)
Max stash size is: 193
Average stash size is: 26.2929
Stash violation number of times: 128
Served 22000000 inst so far ( 2.2 %)
Max stash size is: 193
Average stash size is: 26.2951
Stash violation number of times: 128
Served 23000000 inst so far ( 2.3 %)
Max stash size is: 193
Average stash size is: 26.3098
Stash violation number of times: 133
Served 24000000 inst so far ( 2.4 %)
Max stash size is: 193
Average stash size is: 26.3245
Stash violation number of times: 142
Served 25000000 inst so far ( 2.5 %)
Max stash size is: 193
Average stash size is: 26.3224
Stash violation number of times: 142
Served 26000000 inst so far ( 2.6 %)
Max stash size is: 193
Average stash size is: 26.3332
Stash violation number of times: 245
Served 27000000 inst so far ( 2.7 %)
Max stash size is: 193
Average stash size is: 26.3511
Stash violation number of times: 248
Served 28000000 inst so far ( 2.8 %)
Max stash size is: 193
Average stash size is: 26.3551
Stash violation number of times: 487
Served 29000000 inst so far ( 2.9 %)
Max stash size is: 193
Average stash size is: 26.3604
Stash violation number of times: 487
Served 30000000 inst so far ( 3 %)
Max stash size is: 193
Average stash size is: 26.3773
Stash violation number of times: 525
Served 31000000 inst so far ( 3.1 %)
Max stash size is: 193
Average stash size is: 26.3872
Stash violation number of times: 526
Served 32000000 inst so far ( 3.2 %)
Max stash size is: 193
Average stash size is: 26.3884
Stash violation number of times: 531
Served 33000000 inst so far ( 3.3 %)
Max stash size is: 193
Average stash size is: 26.4022
Stash violation number of times: 540
Served 34000000 inst so far ( 3.4 %)
Max stash size is: 197
Average stash size is: 26.4062
Stash violation number of times: 540
Served 35000000 inst so far ( 3.5 %)
Max stash size is: 197
Average stash size is: 26.4043
Stash violation number of times: 540
Served 36000000 inst so far ( 3.6 %)
Max stash size is: 197
Average stash size is: 26.4058
Stash violation number of times: 540
Served 37000000 inst so far ( 3.7 %)
Max stash size is: 197
Average stash size is: 26.4139
Stash violation number of times: 558
Served 38000000 inst so far ( 3.8 %)
Max stash size is: 197
Average stash size is: 26.4166
Stash violation number of times: 704
Served 39000000 inst so far ( 3.9 %)
Max stash size is: 197
Average stash size is: 26.4187
Stash violation number of times: 720
Served 40000000 inst so far ( 4 %)
Max stash size is: 197
Average stash size is: 26.4231
Stash violation number of times: 725
Served 41000000 inst so far ( 4.1 %)
Max stash size is: 197
Average stash size is: 26.4332
Stash violation number of times: 741
Served 42000000 inst so far ( 4.2 %)
Max stash size is: 197
Average stash size is: 26.4407
Stash violation number of times: 768
Served 43000000 inst so far ( 4.3 %)
Max stash size is: 197
Average stash size is: 26.4478
Stash violation number of times: 802
Served 44000000 inst so far ( 4.4 %)
Max stash size is: 197
Average stash size is: 26.4479
Stash violation number of times: 805
Served 45000000 inst so far ( 4.5 %)
Max stash size is: 197
Average stash size is: 26.4573
Stash violation number of times: 812
Served 46000000 inst so far ( 4.6 %)
Max stash size is: 197
Average stash size is: 26.4685
Stash violation number of times: 865
Served 47000000 inst so far ( 4.7 %)
Max stash size is: 197
Average stash size is: 26.4869
Stash violation number of times: 877
Served 48000000 inst so far ( 4.8 %)
Max stash size is: 202
Average stash size is: 26.497
Stash violation number of times: 909
Served 49000000 inst so far ( 4.9 %)
Max stash size is: 202
Average stash size is: 26.496
Stash violation number of times: 909
Served 50000000 inst so far ( 5 %)
Max stash size is: 202
Average stash size is: 26.5003
Stash violation number of times: 1017
Served 51000000 inst so far ( 5.1 %)
Max stash size is: 202
Average stash size is: 26.5078
Stash violation number of times: 1029
Served 52000000 inst so far ( 5.2 %)
Max stash size is: 202
Average stash size is: 26.5026
Stash violation number of times: 1029
Served 53000000 inst so far ( 5.3 %)
Max stash size is: 202
Average stash size is: 26.5013
Stash violation number of times: 1034
Served 54000000 inst so far ( 5.4 %)
Max stash size is: 202
Average stash size is: 26.5068
Stash violation number of times: 1072
Served 55000000 inst so far ( 5.5 %)
Max stash size is: 202
Average stash size is: 26.5055
Stash violation number of times: 1072
Served 56000000 inst so far ( 5.6 %)
Max stash size is: 204
Average stash size is: 26.5056
Stash violation number of times: 1078
Served 57000000 inst so far ( 5.7 %)
Max stash size is: 204
Average stash size is: 26.5198
Stash violation number of times: 1149
Served 58000000 inst so far ( 5.8 %)
Max stash size is: 204
Average stash size is: 26.527
Stash violation number of times: 1192
Served 59000000 inst so far ( 5.9 %)
Max stash size is: 204
Average stash size is: 26.5283
Stash violation number of times: 1210
Served 60000000 inst so far ( 6 %)
Max stash size is: 204
Average stash size is: 26.531
Stash violation number of times: 1211
Served 61000000 inst so far ( 6.1 %)
Max stash size is: 204
Average stash size is: 26.5304
Stash violation number of times: 1211
Served 62000000 inst so far ( 6.2 %)
Max stash size is: 207
Average stash size is: 26.5265
Stash violation number of times: 1225
Served 63000000 inst so far ( 6.3 %)
Max stash size is: 207
Average stash size is: 26.5273
Stash violation number of times: 1226
Served 64000000 inst so far ( 6.4 %)
Max stash size is: 207
Average stash size is: 26.5245
Stash violation number of times: 1227
Served 65000000 inst so far ( 6.5 %)
Max stash size is: 207
Average stash size is: 26.5286
Stash violation number of times: 1278
Served 66000000 inst so far ( 6.6 %)
Max stash size is: 207
Average stash size is: 26.5249
Stash violation number of times: 1278
Served 67000000 inst so far ( 6.7 %)
Max stash size is: 207
Average stash size is: 26.5238
Stash violation number of times: 1279
Served 68000000 inst so far ( 6.8 %)
Max stash size is: 207
Average stash size is: 26.5253
Stash violation number of times: 1290
Served 69000000 inst so far ( 6.9 %)
Max stash size is: 207
Average stash size is: 26.5241
Stash violation number of times: 1301
Served 70000000 inst so far ( 7 %)
Max stash size is: 207
Average stash size is: 26.5206
Stash violation number of times: 1304
Served 71000000 inst so far ( 7.1 %)
Max stash size is: 207
Average stash size is: 26.5198
Stash violation number of times: 1304
Served 72000000 inst so far ( 7.2 %)
Max stash size is: 207
Average stash size is: 26.5221
Stash violation number of times: 1307
Served 73000000 inst so far ( 7.3 %)
Max stash size is: 207
Average stash size is: 26.5246
Stash violation number of times: 1383
Served 74000000 inst so far ( 7.4 %)
Max stash size is: 207
Average stash size is: 26.5287
Stash violation number of times: 1417
Served 75000000 inst so far ( 7.5 %)
Max stash size is: 207
Average stash size is: 26.5331
Stash violation number of times: 1434
Served 76000000 inst so far ( 7.6 %)
Max stash size is: 207
Average stash size is: 26.5342
Stash violation number of times: 1459
Served 77000000 inst so far ( 7.7 %)
Max stash size is: 207
Average stash size is: 26.5346
Stash violation number of times: 1484
Served 78000000 inst so far ( 7.8 %)
Max stash size is: 207
Average stash size is: 26.5367
Stash violation number of times: 1485
Served 79000000 inst so far ( 7.9 %)
Max stash size is: 214
Average stash size is: 26.5402
Stash violation number of times: 1512
Served 80000000 inst so far ( 8 %)
Max stash size is: 214
Average stash size is: 26.5453
Stash violation number of times: 1529
Served 81000000 inst so far ( 8.1 %)
Max stash size is: 214
Average stash size is: 26.5493
Stash violation number of times: 1551
Served 82000000 inst so far ( 8.2 %)
Max stash size is: 214
Average stash size is: 26.5538
Stash violation number of times: 1599
Served 83000000 inst so far ( 8.3 %)
Max stash size is: 214
Average stash size is: 26.5614
Stash violation number of times: 1682
Served 84000000 inst so far ( 8.4 %)
Max stash size is: 214
Average stash size is: 26.5669
Stash violation number of times: 1777
Served 85000000 inst so far ( 8.5 %)
Max stash size is: 214
Average stash size is: 26.5692
Stash violation number of times: 1787
Served 86000000 inst so far ( 8.6 %)
Max stash size is: 214
Average stash size is: 26.5731
Stash violation number of times: 1813
Served 87000000 inst so far ( 8.7 %)
Max stash size is: 214
Average stash size is: 26.5735
Stash violation number of times: 1822
Served 88000000 inst so far ( 8.8 %)
Max stash size is: 214
Average stash size is: 26.5766
Stash violation number of times: 1841
Served 89000000 inst so far ( 8.9 %)
Max stash size is: 214
Average stash size is: 26.5819
Stash violation number of times: 1940
Served 90000000 inst so far ( 9 %)
Max stash size is: 214
Average stash size is: 26.5857
Stash violation number of times: 2018
Served 91000000 inst so far ( 9.1 %)
Max stash size is: 214
Average stash size is: 26.5923
Stash violation number of times: 2050
Served 92000000 inst so far ( 9.2 %)
Max stash size is: 214
Average stash size is: 26.5954
Stash violation number of times: 2140
Served 93000000 inst so far ( 9.3 %)
Max stash size is: 214
Average stash size is: 26.5994
Stash violation number of times: 2210
Served 94000000 inst so far ( 9.4 %)
Max stash size is: 214
Average stash size is: 26.6073
Stash violation number of times: 2293
Served 95000000 inst so far ( 9.5 %)
Max stash size is: 214
Average stash size is: 26.6112
Stash violation number of times: 2327
Served 96000000 inst so far ( 9.6 %)
Max stash size is: 214
Average stash size is: 26.6153
Stash violation number of times: 2329
Served 97000000 inst so far ( 9.7 %)
Max stash size is: 214
Average stash size is: 26.6157
Stash violation number of times: 2329
Served 98000000 inst so far ( 9.8 %)
Max stash size is: 214
Average stash size is: 26.6184
Stash violation number of times: 2388
Served 99000000 inst so far ( 9.9 %)
Max stash size is: 214
Average stash size is: 26.6217
Stash violation number of times: 2397
Served 100000000 inst so far ( 10 %)
Max stash size is: 214
Average stash size is: 26.6227
Stash violation number of times: 2404
Served 101000000 inst so far ( 10.1 %)
Max stash size is: 214
Average stash size is: 26.629
Stash violation number of times: 2428
Served 102000000 inst so far ( 10.2 %)
Max stash size is: 214
Average stash size is: 26.6351
Stash violation number of times: 2503
Served 103000000 inst so far ( 10.3 %)
Max stash size is: 214
Average stash size is: 26.6359
Stash violation number of times: 2507
Served 104000000 inst so far ( 10.4 %)
Max stash size is: 214
Average stash size is: 26.6366
Stash violation number of times: 2507
Served 105000000 inst so far ( 10.5 %)
Max stash size is: 214
Average stash size is: 26.6374
Stash violation number of times: 2540
Served 106000000 inst so far ( 10.6 %)
Max stash size is: 214
Average stash size is: 26.6361
Stash violation number of times: 2540
Served 107000000 inst so far ( 10.7 %)
Max stash size is: 214
Average stash size is: 26.6369
Stash violation number of times: 2558
Served 108000000 inst so far ( 10.8 %)
Max stash size is: 214
Average stash size is: 26.6485
Stash violation number of times: 2983
Served 109000000 inst so far ( 10.9 %)
Max stash size is: 214
Average stash size is: 26.6521
Stash violation number of times: 3002
Served 110000000 inst so far ( 11 %)
Max stash size is: 214
Average stash size is: 26.6605
Stash violation number of times: 3311
Served 111000000 inst so far ( 11.1 %)
Max stash size is: 214
Average stash size is: 26.661
Stash violation number of times: 3323
Served 112000000 inst so far ( 11.2 %)
Max stash size is: 214
Average stash size is: 26.6601
Stash violation number of times: 3323
Served 113000000 inst so far ( 11.3 %)
Max stash size is: 214
Average stash size is: 26.6663
Stash violation number of times: 3504
Served 114000000 inst so far ( 11.4 %)
Max stash size is: 214
Average stash size is: 26.6701
Stash violation number of times: 3556
Served 115000000 inst so far ( 11.5 %)
Max stash size is: 214
Average stash size is: 26.6731
Stash violation number of times: 3569
Served 116000000 inst so far ( 11.6 %)
Max stash size is: 214
Average stash size is: 26.6743
Stash violation number of times: 3635
Served 117000000 inst so far ( 11.7 %)
Max stash size is: 214
Average stash size is: 26.6795
Stash violation number of times: 3716
Served 118000000 inst so far ( 11.8 %)
Max stash size is: 214
Average stash size is: 26.6774
Stash violation number of times: 3717
Served 119000000 inst so far ( 11.9 %)
Max stash size is: 214
Average stash size is: 26.679
Stash violation number of times: 3733
Served 120000000 inst so far ( 12 %)
Max stash size is: 214
Average stash size is: 26.6797
Stash violation number of times: 3765
Served 121000000 inst so far ( 12.1 %)
Max stash size is: 214
Average stash size is: 26.6811
Stash violation number of times: 3806
Served 122000000 inst so far ( 12.2 %)
Max stash size is: 214
Average stash size is: 26.6836
Stash violation number of times: 3812
Served 123000000 inst so far ( 12.3 %)
Max stash size is: 214
Average stash size is: 26.6817
Stash violation number of times: 3821
Served 124000000 inst so far ( 12.4 %)
Max stash size is: 214
Average stash size is: 26.6883
Stash violation number of times: 3896
Served 125000000 inst so far ( 12.5 %)
Max stash size is: 214
Average stash size is: 26.6994
Stash violation number of times: 4115
Served 126000000 inst so far ( 12.6 %)
Max stash size is: 214
Average stash size is: 26.7006
Stash violation number of times: 4235
Served 127000000 inst so far ( 12.7 %)
Max stash size is: 214
Average stash size is: 26.6979
Stash violation number of times: 4239
Served 128000000 inst so far ( 12.8 %)
Max stash size is: 214
Average stash size is: 26.6962
Stash violation number of times: 4243
Served 129000000 inst so far ( 12.9 %)
Max stash size is: 214
Average stash size is: 26.6953
Stash violation number of times: 4281
Served 130000000 inst so far ( 13 %)
Max stash size is: 214
Average stash size is: 26.6943
Stash violation number of times: 4290
Served 131000000 inst so far ( 13.1 %)
Max stash size is: 214
Average stash size is: 26.6918
Stash violation number of times: 4290
Served 132000000 inst so far ( 13.2 %)
Max stash size is: 214
Average stash size is: 26.698
Stash violation number of times: 4447
Served 133000000 inst so far ( 13.3 %)
Max stash size is: 214
Average stash size is: 26.7005
Stash violation number of times: 4599
Served 134000000 inst so far ( 13.4 %)
Max stash size is: 214
Average stash size is: 26.7012
Stash violation number of times: 4625
Served 135000000 inst so far ( 13.5 %)
Max stash size is: 214
Average stash size is: 26.7023
Stash violation number of times: 4709
Served 136000000 inst so far ( 13.6 %)
Max stash size is: 214
Average stash size is: 26.7006
Stash violation number of times: 4725
Served 137000000 inst so far ( 13.7 %)
Max stash size is: 214
Average stash size is: 26.7061
Stash violation number of times: 4817
Served 138000000 inst so far ( 13.8 %)
Max stash size is: 214
Average stash size is: 26.7099
Stash violation number of times: 4844
Served 139000000 inst so far ( 13.9 %)
Max stash size is: 214
Average stash size is: 26.7092
Stash violation number of times: 4844
Served 140000000 inst so far ( 14 %)
Max stash size is: 214
Average stash size is: 26.7079
Stash violation number of times: 4855
Served 141000000 inst so far ( 14.1 %)
Max stash size is: 214
Average stash size is: 26.7086
Stash violation number of times: 4883
Served 142000000 inst so far ( 14.2 %)
Max stash size is: 214
Average stash size is: 26.7073
Stash violation number of times: 4884
Served 143000000 inst so far ( 14.3 %)
Max stash size is: 214
Average stash size is: 26.7051
Stash violation number of times: 4886
Served 144000000 inst so far ( 14.4 %)
Max stash size is: 214
Average stash size is: 26.7087
Stash violation number of times: 4948
Served 145000000 inst so far ( 14.5 %)
Max stash size is: 214
Average stash size is: 26.7125
Stash violation number of times: 4989
Served 146000000 inst so far ( 14.6 %)
Max stash size is: 214
Average stash size is: 26.713
Stash violation number of times: 4992
Served 147000000 inst so far ( 14.7 %)
Max stash size is: 214
Average stash size is: 26.7149
Stash violation number of times: 5158
Served 148000000 inst so far ( 14.8 %)
Max stash size is: 214
Average stash size is: 26.7152
Stash violation number of times: 5171
Served 149000000 inst so far ( 14.9 %)
Max stash size is: 214
Average stash size is: 26.7153
Stash violation number of times: 5214
Served 150000000 inst so far ( 15 %)
Max stash size is: 214
Average stash size is: 26.715
Stash violation number of times: 5238
Served 151000000 inst so far ( 15.1 %)
Max stash size is: 214
Average stash size is: 26.7156
Stash violation number of times: 5295
Served 152000000 inst so far ( 15.2 %)
Max stash size is: 214
Average stash size is: 26.7155
Stash violation number of times: 5305
Served 153000000 inst so far ( 15.3 %)
Max stash size is: 214
Average stash size is: 26.7131
Stash violation number of times: 5305
Served 154000000 inst so far ( 15.4 %)
Max stash size is: 214
Average stash size is: 26.7133
Stash violation number of times: 5353
Served 155000000 inst so far ( 15.5 %)
Max stash size is: 214
Average stash size is: 26.7149
Stash violation number of times: 5369
Served 156000000 inst so far ( 15.6 %)
Max stash size is: 214
Average stash size is: 26.7172
Stash violation number of times: 5911
Served 157000000 inst so far ( 15.7 %)
Max stash size is: 214
Average stash size is: 26.7172
Stash violation number of times: 5911
Served 158000000 inst so far ( 15.8 %)
Max stash size is: 214
Average stash size is: 26.7206
Stash violation number of times: 5975
Served 159000000 inst so far ( 15.9 %)
Max stash size is: 214
Average stash size is: 26.7231
Stash violation number of times: 6034
Served 160000000 inst so far ( 16 %)
Max stash size is: 214
Average stash size is: 26.7245
Stash violation number of times: 6110
Served 161000000 inst so far ( 16.1 %)
Max stash size is: 214
Average stash size is: 26.7219
Stash violation number of times: 6110
Served 162000000 inst so far ( 16.2 %)
Max stash size is: 214
Average stash size is: 26.722
Stash violation number of times: 6227
Served 163000000 inst so far ( 16.3 %)
Max stash size is: 214
Average stash size is: 26.7229
Stash violation number of times: 6255
Served 164000000 inst so far ( 16.4 %)
Max stash size is: 214
Average stash size is: 26.7231
Stash violation number of times: 6287
Served 165000000 inst so far ( 16.5 %)
Max stash size is: 214
Average stash size is: 26.7267
Stash violation number of times: 6365
Served 166000000 inst so far ( 16.6 %)
Max stash size is: 214
Average stash size is: 26.7278
Stash violation number of times: 6479
Served 167000000 inst so far ( 16.7 %)
Max stash size is: 214
Average stash size is: 26.7306
Stash violation number of times: 6593
Served 168000000 inst so far ( 16.8 %)
Max stash size is: 214
Average stash size is: 26.7365
Stash violation number of times: 6638
Served 169000000 inst so far ( 16.9 %)
Max stash size is: 214
Average stash size is: 26.7368
Stash violation number of times: 6676
Served 170000000 inst so far ( 17 %)
Max stash size is: 214
Average stash size is: 26.7379
Stash violation number of times: 6677
Served 171000000 inst so far ( 17.1 %)
Max stash size is: 214
Average stash size is: 26.7388
Stash violation number of times: 6717
Served 172000000 inst so far ( 17.2 %)
Max stash size is: 215
Average stash size is: 26.74
Stash violation number of times: 6730
Served 173000000 inst so far ( 17.3 %)
Max stash size is: 215
Average stash size is: 26.7446
Stash violation number of times: 6918
Served 174000000 inst so far ( 17.4 %)
Max stash size is: 215
Average stash size is: 26.7437
Stash violation number of times: 6922
Served 175000000 inst so far ( 17.5 %)
Max stash size is: 215
Average stash size is: 26.7437
Stash violation number of times: 6958
Served 176000000 inst so far ( 17.6 %)
Max stash size is: 215
Average stash size is: 26.7435
Stash violation number of times: 6962
Served 177000000 inst so far ( 17.7 %)
Max stash size is: 215
Average stash size is: 26.7501
Stash violation number of times: 7286
Served 178000000 inst so far ( 17.8 %)
Max stash size is: 215
Average stash size is: 26.7502
Stash violation number of times: 7312
Served 179000000 inst so far ( 17.9 %)
Max stash size is: 215
Average stash size is: 26.7547
Stash violation number of times: 7439
