Total num of original addr space: 536870912
This is equivalent to: 32 GB 
Security params: Z, S, A: 4, 5, 4
Served 1000000 inst so far ( 0.1 %)
Max stash size is: 76
Average stash size is: 8.96103
Stash violation number of times: 0
Served 2000000 inst so far ( 0.2 %)
Max stash size is: 96
Average stash size is: 9.02722
Stash violation number of times: 0
Served 3000000 inst so far ( 0.3 %)
Max stash size is: 96
Average stash size is: 9.05664
Stash violation number of times: 0
Served 4000000 inst so far ( 0.4 %)
Max stash size is: 96
Average stash size is: 9.07644
Stash violation number of times: 0
Served 5000000 inst so far ( 0.5 %)
Max stash size is: 96
Average stash size is: 9.10598
Stash violation number of times: 0
Served 6000000 inst so far ( 0.6 %)
Max stash size is: 96
Average stash size is: 9.11469
Stash violation number of times: 0
Served 7000000 inst so far ( 0.7 %)
Max stash size is: 96
Average stash size is: 9.12639
Stash violation number of times: 0
Served 8000000 inst so far ( 0.8 %)
Max stash size is: 96
Average stash size is: 9.13571
Stash violation number of times: 0
Served 9000000 inst so far ( 0.9 %)
Max stash size is: 96
Average stash size is: 9.14746
Stash violation number of times: 0
Served 10000000 inst so far ( 1 %)
Max stash size is: 96
Average stash size is: 9.15786
Stash violation number of times: 0
Served 11000000 inst so far ( 1.1 %)
Max stash size is: 96
Average stash size is: 9.16081
Stash violation number of times: 0
Served 12000000 inst so far ( 1.2 %)
Max stash size is: 96
Average stash size is: 9.16187
Stash violation number of times: 0
Served 13000000 inst so far ( 1.3 %)
Max stash size is: 98
Average stash size is: 9.17473
Stash violation number of times: 0
Served 14000000 inst so far ( 1.4 %)
Max stash size is: 98
Average stash size is: 9.1768
Stash violation number of times: 0
Served 15000000 inst so far ( 1.5 %)
Max stash size is: 98
Average stash size is: 9.18655
Stash violation number of times: 0
Served 16000000 inst so far ( 1.6 %)
Max stash size is: 98
Average stash size is: 9.18652
Stash violation number of times: 0
Served 17000000 inst so far ( 1.7 %)
Max stash size is: 98
Average stash size is: 9.18707
Stash violation number of times: 0
Served 18000000 inst so far ( 1.8 %)
Max stash size is: 99
Average stash size is: 9.20088
Stash violation number of times: 0
Served 19000000 inst so far ( 1.9 %)
Max stash size is: 100
Average stash size is: 9.20945
Stash violation number of times: 0
Served 20000000 inst so far ( 2 %)
Max stash size is: 100
Average stash size is: 9.21492
Stash violation number of times: 0
Served 21000000 inst so far ( 2.1 %)
Max stash size is: 100
Average stash size is: 9.21782
Stash violation number of times: 0
Served 22000000 inst so far ( 2.2 %)
Max stash size is: 100
Average stash size is: 9.2241
Stash violation number of times: 0
Served 23000000 inst so far ( 2.3 %)
Max stash size is: 100
Average stash size is: 9.22575
Stash violation number of times: 0
Served 24000000 inst so far ( 2.4 %)
Max stash size is: 100
Average stash size is: 9.2277
Stash violation number of times: 0
Served 25000000 inst so far ( 2.5 %)
Max stash size is: 100
Average stash size is: 9.23075
Stash violation number of times: 0
Served 26000000 inst so far ( 2.6 %)
Max stash size is: 101
Average stash size is: 9.23054
Stash violation number of times: 0
Served 27000000 inst so far ( 2.7 %)
Max stash size is: 108
Average stash size is: 9.23281
Stash violation number of times: 0
Served 28000000 inst so far ( 2.8 %)
Max stash size is: 108
Average stash size is: 9.23329
Stash violation number of times: 0
Served 29000000 inst so far ( 2.9 %)
Max stash size is: 108
Average stash size is: 9.23108
Stash violation number of times: 0
Served 30000000 inst so far ( 3 %)
Max stash size is: 108
Average stash size is: 9.24161
Stash violation number of times: 0
Served 31000000 inst so far ( 3.1 %)
Max stash size is: 108
Average stash size is: 9.24479
Stash violation number of times: 0
Served 32000000 inst so far ( 3.2 %)
Max stash size is: 108
Average stash size is: 9.24883
Stash violation number of times: 0
Served 33000000 inst so far ( 3.3 %)
Max stash size is: 108
Average stash size is: 9.25362
Stash violation number of times: 0
Served 34000000 inst so far ( 3.4 %)
Max stash size is: 108
Average stash size is: 9.25721
Stash violation number of times: 0
Served 35000000 inst so far ( 3.5 %)
Max stash size is: 108
Average stash size is: 9.25896
Stash violation number of times: 0
Served 36000000 inst so far ( 3.6 %)
Max stash size is: 108
Average stash size is: 9.26065
Stash violation number of times: 0
Served 37000000 inst so far ( 3.7 %)
Max stash size is: 108
Average stash size is: 9.26667
Stash violation number of times: 0
Served 38000000 inst so far ( 3.8 %)
Max stash size is: 108
Average stash size is: 9.2689
Stash violation number of times: 0
Served 39000000 inst so far ( 3.9 %)
Max stash size is: 108
Average stash size is: 9.26763
Stash violation number of times: 0
Served 40000000 inst so far ( 4 %)
Max stash size is: 108
Average stash size is: 9.27393
Stash violation number of times: 0
Served 41000000 inst so far ( 4.1 %)
Max stash size is: 108
Average stash size is: 9.27892
Stash violation number of times: 0
Served 42000000 inst so far ( 4.2 %)
Max stash size is: 108
Average stash size is: 9.28243
Stash violation number of times: 0
Served 43000000 inst so far ( 4.3 %)
Max stash size is: 108
Average stash size is: 9.29184
Stash violation number of times: 0
Served 44000000 inst so far ( 4.4 %)
Max stash size is: 108
Average stash size is: 9.28972
Stash violation number of times: 0
Served 45000000 inst so far ( 4.5 %)
Max stash size is: 108
Average stash size is: 9.28884
Stash violation number of times: 0
Served 46000000 inst so far ( 4.6 %)
Max stash size is: 108
Average stash size is: 9.28767
Stash violation number of times: 0
Served 47000000 inst so far ( 4.7 %)
Max stash size is: 108
Average stash size is: 9.28937
Stash violation number of times: 0
Served 48000000 inst so far ( 4.8 %)
Max stash size is: 108
Average stash size is: 9.28926
Stash violation number of times: 0
Served 49000000 inst so far ( 4.9 %)
Max stash size is: 108
Average stash size is: 9.29142
Stash violation number of times: 0
Served 50000000 inst so far ( 5 %)
Max stash size is: 108
Average stash size is: 9.29628
Stash violation number of times: 0
Served 51000000 inst so far ( 5.1 %)
Max stash size is: 110
Average stash size is: 9.2994
Stash violation number of times: 0
Served 52000000 inst so far ( 5.2 %)
Max stash size is: 110
Average stash size is: 9.29819
Stash violation number of times: 0
Served 53000000 inst so far ( 5.3 %)
Max stash size is: 110
Average stash size is: 9.29758
Stash violation number of times: 0
Served 54000000 inst so far ( 5.4 %)
Max stash size is: 110
Average stash size is: 9.29641
Stash violation number of times: 0
Served 55000000 inst so far ( 5.5 %)
Max stash size is: 110
Average stash size is: 9.2985
Stash violation number of times: 0
Served 56000000 inst so far ( 5.6 %)
Max stash size is: 110
Average stash size is: 9.3005
Stash violation number of times: 0
Served 57000000 inst so far ( 5.7 %)
Max stash size is: 110
Average stash size is: 9.30646
Stash violation number of times: 0
Served 58000000 inst so far ( 5.8 %)
Max stash size is: 110
Average stash size is: 9.30828
Stash violation number of times: 0
Served 59000000 inst so far ( 5.9 %)
Max stash size is: 110
Average stash size is: 9.30842
Stash violation number of times: 0
Served 60000000 inst so far ( 6 %)
Max stash size is: 110
Average stash size is: 9.30847
Stash violation number of times: 0
Served 61000000 inst so far ( 6.1 %)
Max stash size is: 110
Average stash size is: 9.30925
Stash violation number of times: 0
Served 62000000 inst so far ( 6.2 %)
Max stash size is: 110
Average stash size is: 9.312
Stash violation number of times: 0
Served 63000000 inst so far ( 6.3 %)
Max stash size is: 110
Average stash size is: 9.31365
Stash violation number of times: 0
Served 64000000 inst so far ( 6.4 %)
Max stash size is: 110
Average stash size is: 9.31453
Stash violation number of times: 0
Served 65000000 inst so far ( 6.5 %)
Max stash size is: 110
Average stash size is: 9.31784
Stash violation number of times: 0
Served 66000000 inst so far ( 6.6 %)
Max stash size is: 110
Average stash size is: 9.32246
Stash violation number of times: 0
Served 67000000 inst so far ( 6.7 %)
Max stash size is: 110
Average stash size is: 9.32291
Stash violation number of times: 0
Served 68000000 inst so far ( 6.8 %)
Max stash size is: 110
Average stash size is: 9.32221
Stash violation number of times: 0
Served 69000000 inst so far ( 6.9 %)
Max stash size is: 110
Average stash size is: 9.32337
Stash violation number of times: 0
Served 70000000 inst so far ( 7 %)
Max stash size is: 110
Average stash size is: 9.32318
Stash violation number of times: 2
Served 71000000 inst so far ( 7.1 %)
Max stash size is: 110
Average stash size is: 9.3256
Stash violation number of times: 2
Served 72000000 inst so far ( 7.2 %)
Max stash size is: 110
Average stash size is: 9.32592
Stash violation number of times: 2
Served 73000000 inst so far ( 7.3 %)
Max stash size is: 110
Average stash size is: 9.32732
Stash violation number of times: 2
Served 74000000 inst so far ( 7.4 %)
Max stash size is: 110
Average stash size is: 9.32712
Stash violation number of times: 2
Served 75000000 inst so far ( 7.5 %)
Max stash size is: 110
Average stash size is: 9.32753
Stash violation number of times: 2
Served 76000000 inst so far ( 7.6 %)
Max stash size is: 110
Average stash size is: 9.32827
Stash violation number of times: 2
Served 77000000 inst so far ( 7.7 %)
Max stash size is: 110
Average stash size is: 9.32734
Stash violation number of times: 2
Served 78000000 inst so far ( 7.8 %)
Max stash size is: 110
Average stash size is: 9.32731
Stash violation number of times: 2
Served 79000000 inst so far ( 7.9 %)
Max stash size is: 110
Average stash size is: 9.32672
Stash violation number of times: 2
Served 80000000 inst so far ( 8 %)
Max stash size is: 110
Average stash size is: 9.3303
Stash violation number of times: 2
Served 81000000 inst so far ( 8.1 %)
Max stash size is: 110
Average stash size is: 9.33085
Stash violation number of times: 2
Served 82000000 inst so far ( 8.2 %)
Max stash size is: 110
Average stash size is: 9.33087
Stash violation number of times: 2
Served 83000000 inst so far ( 8.3 %)
Max stash size is: 110
Average stash size is: 9.33197
Stash violation number of times: 2
Served 84000000 inst so far ( 8.4 %)
Max stash size is: 110
Average stash size is: 9.33209
Stash violation number of times: 2
Served 85000000 inst so far ( 8.5 %)
Max stash size is: 110
Average stash size is: 9.33291
Stash violation number of times: 2
Served 86000000 inst so far ( 8.6 %)
Max stash size is: 110
Average stash size is: 9.33296
Stash violation number of times: 2
Served 87000000 inst so far ( 8.7 %)
Max stash size is: 110
Average stash size is: 9.33335
Stash violation number of times: 2
Served 88000000 inst so far ( 8.8 %)
Max stash size is: 110
Average stash size is: 9.3343
Stash violation number of times: 2
Served 89000000 inst so far ( 8.9 %)
Max stash size is: 112
Average stash size is: 9.33511
Stash violation number of times: 2
Served 90000000 inst so far ( 9 %)
Max stash size is: 113
Average stash size is: 9.33516
Stash violation number of times: 2
Served 91000000 inst so far ( 9.1 %)
Max stash size is: 113
Average stash size is: 9.33537
Stash violation number of times: 2
Served 92000000 inst so far ( 9.2 %)
Max stash size is: 113
Average stash size is: 9.33651
Stash violation number of times: 2
Served 93000000 inst so far ( 9.3 %)
Max stash size is: 113
Average stash size is: 9.33493
Stash violation number of times: 2
Served 94000000 inst so far ( 9.4 %)
Max stash size is: 113
Average stash size is: 9.33459
Stash violation number of times: 2
Served 95000000 inst so far ( 9.5 %)
Max stash size is: 113
Average stash size is: 9.33583
Stash violation number of times: 2
Served 96000000 inst so far ( 9.6 %)
Max stash size is: 113
Average stash size is: 9.33633
Stash violation number of times: 2
Served 97000000 inst so far ( 9.7 %)
Max stash size is: 113
Average stash size is: 9.33488
Stash violation number of times: 2
Served 98000000 inst so far ( 9.8 %)
Max stash size is: 113
Average stash size is: 9.33781
Stash violation number of times: 2
Served 99000000 inst so far ( 9.9 %)
Max stash size is: 113
Average stash size is: 9.33764
Stash violation number of times: 2
Served 100000000 inst so far ( 10 %)
Max stash size is: 113
Average stash size is: 9.33772
Stash violation number of times: 2
Served 101000000 inst so far ( 10.1 %)
Max stash size is: 113
Average stash size is: 9.33764
Stash violation number of times: 2
Served 102000000 inst so far ( 10.2 %)
Max stash size is: 113
Average stash size is: 9.3369
Stash violation number of times: 2
Served 103000000 inst so far ( 10.3 %)
Max stash size is: 113
Average stash size is: 9.33659
Stash violation number of times: 2
Served 104000000 inst so far ( 10.4 %)
Max stash size is: 113
Average stash size is: 9.33711
Stash violation number of times: 2
Served 105000000 inst so far ( 10.5 %)
Max stash size is: 115
Average stash size is: 9.33826
Stash violation number of times: 4
Served 106000000 inst so far ( 10.6 %)
Max stash size is: 115
Average stash size is: 9.3379
Stash violation number of times: 4
Served 107000000 inst so far ( 10.7 %)
Max stash size is: 115
Average stash size is: 9.3381
Stash violation number of times: 4
Served 108000000 inst so far ( 10.8 %)
Max stash size is: 115
Average stash size is: 9.33967
Stash violation number of times: 4
Served 109000000 inst so far ( 10.9 %)
Max stash size is: 115
Average stash size is: 9.33973
Stash violation number of times: 4
Served 110000000 inst so far ( 11 %)
Max stash size is: 115
Average stash size is: 9.34049
Stash violation number of times: 4
Served 111000000 inst so far ( 11.1 %)
Max stash size is: 115
Average stash size is: 9.34401
Stash violation number of times: 4
Served 112000000 inst so far ( 11.2 %)
Max stash size is: 115
Average stash size is: 9.34358
Stash violation number of times: 4
Served 113000000 inst so far ( 11.3 %)
Max stash size is: 115
Average stash size is: 9.3439
Stash violation number of times: 4
Served 114000000 inst so far ( 11.4 %)
Max stash size is: 115
Average stash size is: 9.34436
Stash violation number of times: 4
Served 115000000 inst so far ( 11.5 %)
Max stash size is: 115
Average stash size is: 9.34451
Stash violation number of times: 4
Served 116000000 inst so far ( 11.6 %)
Max stash size is: 115
Average stash size is: 9.34433
Stash violation number of times: 4
Served 117000000 inst so far ( 11.7 %)
Max stash size is: 115
Average stash size is: 9.34647
Stash violation number of times: 4
Served 118000000 inst so far ( 11.8 %)
Max stash size is: 115
Average stash size is: 9.34725
Stash violation number of times: 4
Served 119000000 inst so far ( 11.9 %)
Max stash size is: 115
Average stash size is: 9.34695
Stash violation number of times: 4
Served 120000000 inst so far ( 12 %)
Max stash size is: 115
Average stash size is: 9.34744
Stash violation number of times: 4
Served 121000000 inst so far ( 12.1 %)
Max stash size is: 115
Average stash size is: 9.34624
Stash violation number of times: 4
Served 122000000 inst so far ( 12.2 %)
Max stash size is: 115
Average stash size is: 9.34623
Stash violation number of times: 4
Served 123000000 inst so far ( 12.3 %)
Max stash size is: 115
Average stash size is: 9.34753
Stash violation number of times: 4
Served 124000000 inst so far ( 12.4 %)
Max stash size is: 115
Average stash size is: 9.34758
Stash violation number of times: 4
Served 125000000 inst so far ( 12.5 %)
Max stash size is: 115
Average stash size is: 9.35024
Stash violation number of times: 4
Served 126000000 inst so far ( 12.6 %)
Max stash size is: 115
Average stash size is: 9.34961
Stash violation number of times: 4
Served 127000000 inst so far ( 12.7 %)
Max stash size is: 115
Average stash size is: 9.35131
Stash violation number of times: 4
Served 128000000 inst so far ( 12.8 %)
Max stash size is: 115
Average stash size is: 9.35167
Stash violation number of times: 4
Served 129000000 inst so far ( 12.9 %)
Max stash size is: 115
Average stash size is: 9.35217
Stash violation number of times: 4
Served 130000000 inst so far ( 13 %)
Max stash size is: 115
Average stash size is: 9.3548
Stash violation number of times: 4
Served 131000000 inst so far ( 13.1 %)
Max stash size is: 115
Average stash size is: 9.35559
Stash violation number of times: 4
Served 132000000 inst so far ( 13.2 %)
Max stash size is: 115
Average stash size is: 9.35539
Stash violation number of times: 4
Served 133000000 inst so far ( 13.3 %)
Max stash size is: 115
Average stash size is: 9.35775
Stash violation number of times: 4
Served 134000000 inst so far ( 13.4 %)
Max stash size is: 115
Average stash size is: 9.35952
Stash violation number of times: 4
Served 135000000 inst so far ( 13.5 %)
Max stash size is: 115
Average stash size is: 9.36111
Stash violation number of times: 4
Served 136000000 inst so far ( 13.6 %)
Max stash size is: 115
Average stash size is: 9.36165
Stash violation number of times: 4
Served 137000000 inst so far ( 13.7 %)
Max stash size is: 115
Average stash size is: 9.3621
Stash violation number of times: 4
Served 138000000 inst so far ( 13.8 %)
Max stash size is: 115
Average stash size is: 9.3617
Stash violation number of times: 4
Served 139000000 inst so far ( 13.9 %)
Max stash size is: 115
Average stash size is: 9.36245
Stash violation number of times: 4
Served 140000000 inst so far ( 14 %)
Max stash size is: 115
Average stash size is: 9.36293
Stash violation number of times: 4
Served 141000000 inst so far ( 14.1 %)
Max stash size is: 115
Average stash size is: 9.36541
Stash violation number of times: 4
Served 142000000 inst so far ( 14.2 %)
Max stash size is: 115
Average stash size is: 9.36565
Stash violation number of times: 4
Served 143000000 inst so far ( 14.3 %)
Max stash size is: 115
Average stash size is: 9.3666
Stash violation number of times: 4
Served 144000000 inst so far ( 14.4 %)
Max stash size is: 115
Average stash size is: 9.36669
Stash violation number of times: 4
Served 145000000 inst so far ( 14.5 %)
Max stash size is: 115
Average stash size is: 9.36681
Stash violation number of times: 4
Served 146000000 inst so far ( 14.6 %)
Max stash size is: 115
Average stash size is: 9.36593
Stash violation number of times: 4
Served 147000000 inst so far ( 14.7 %)
Max stash size is: 115
Average stash size is: 9.36629
Stash violation number of times: 4
Served 148000000 inst so far ( 14.8 %)
Max stash size is: 115
Average stash size is: 9.36772
Stash violation number of times: 4
Served 149000000 inst so far ( 14.9 %)
Max stash size is: 115
Average stash size is: 9.3677
Stash violation number of times: 4
Served 150000000 inst so far ( 15 %)
Max stash size is: 115
Average stash size is: 9.36888
Stash violation number of times: 4
Served 151000000 inst so far ( 15.1 %)
Max stash size is: 115
Average stash size is: 9.36988
Stash violation number of times: 4
Served 152000000 inst so far ( 15.2 %)
Max stash size is: 115
Average stash size is: 9.37226
Stash violation number of times: 4
Served 153000000 inst so far ( 15.3 %)
Max stash size is: 115
Average stash size is: 9.37225
Stash violation number of times: 4
Served 154000000 inst so far ( 15.4 %)
Max stash size is: 115
Average stash size is: 9.37249
Stash violation number of times: 4
Served 155000000 inst so far ( 15.5 %)
Max stash size is: 115
Average stash size is: 9.37138
Stash violation number of times: 4
Served 156000000 inst so far ( 15.6 %)
Max stash size is: 115
Average stash size is: 9.37103
Stash violation number of times: 4
Served 157000000 inst so far ( 15.7 %)
Max stash size is: 115
Average stash size is: 9.37002
Stash violation number of times: 4
Served 158000000 inst so far ( 15.8 %)
Max stash size is: 115
Average stash size is: 9.37007
Stash violation number of times: 4
Served 159000000 inst so far ( 15.9 %)
Max stash size is: 115
Average stash size is: 9.37154
Stash violation number of times: 4
Served 160000000 inst so far ( 16 %)
Max stash size is: 115
Average stash size is: 9.37118
Stash violation number of times: 4
Served 161000000 inst so far ( 16.1 %)
Max stash size is: 115
Average stash size is: 9.37083
Stash violation number of times: 4
Served 162000000 inst so far ( 16.2 %)
Max stash size is: 115
Average stash size is: 9.37047
Stash violation number of times: 4
Served 163000000 inst so far ( 16.3 %)
Max stash size is: 115
Average stash size is: 9.36973
Stash violation number of times: 4
Served 164000000 inst so far ( 16.4 %)
Max stash size is: 115
Average stash size is: 9.36944
Stash violation number of times: 4
Served 165000000 inst so far ( 16.5 %)
Max stash size is: 115
Average stash size is: 9.36871
Stash violation number of times: 4
Served 166000000 inst so far ( 16.6 %)
Max stash size is: 115
Average stash size is: 9.36932
Stash violation number of times: 4
Served 167000000 inst so far ( 16.7 %)
Max stash size is: 115
Average stash size is: 9.37041
Stash violation number of times: 4
Served 168000000 inst so far ( 16.8 %)
Max stash size is: 115
Average stash size is: 9.37117
Stash violation number of times: 4
Served 169000000 inst so far ( 16.9 %)
Max stash size is: 115
Average stash size is: 9.3712
Stash violation number of times: 4
Served 170000000 inst so far ( 17 %)
Max stash size is: 115
Average stash size is: 9.3713
Stash violation number of times: 4
Served 171000000 inst so far ( 17.1 %)
Max stash size is: 115
Average stash size is: 9.37117
Stash violation number of times: 4
Served 172000000 inst so far ( 17.2 %)
Max stash size is: 115
Average stash size is: 9.37306
Stash violation number of times: 4
Served 173000000 inst so far ( 17.3 %)
Max stash size is: 115
Average stash size is: 9.37383
Stash violation number of times: 4
Served 174000000 inst so far ( 17.4 %)
Max stash size is: 115
Average stash size is: 9.37425
Stash violation number of times: 4
Served 175000000 inst so far ( 17.5 %)
Max stash size is: 115
Average stash size is: 9.37399
Stash violation number of times: 4
Served 176000000 inst so far ( 17.6 %)
Max stash size is: 115
Average stash size is: 9.37326
Stash violation number of times: 4
Served 177000000 inst so far ( 17.7 %)
Max stash size is: 115
Average stash size is: 9.37269
Stash violation number of times: 4
Served 178000000 inst so far ( 17.8 %)
Max stash size is: 117
Average stash size is: 9.37311
Stash violation number of times: 4
Served 179000000 inst so far ( 17.9 %)
Max stash size is: 117
Average stash size is: 9.37218
Stash violation number of times: 4
Served 180000000 inst so far ( 18 %)
Max stash size is: 117
Average stash size is: 9.37229
Stash violation number of times: 4
Served 181000000 inst so far ( 18.1 %)
Max stash size is: 117
Average stash size is: 9.37176
Stash violation number of times: 4
Served 182000000 inst so far ( 18.2 %)
Max stash size is: 117
Average stash size is: 9.37164
Stash violation number of times: 4
Served 183000000 inst so far ( 18.3 %)
Max stash size is: 117
Average stash size is: 9.37141
Stash violation number of times: 4
Served 184000000 inst so far ( 18.4 %)
Max stash size is: 117
Average stash size is: 9.37063
Stash violation number of times: 4
Served 185000000 inst so far ( 18.5 %)
Max stash size is: 117
Average stash size is: 9.37014
Stash violation number of times: 4
Served 186000000 inst so far ( 18.6 %)
Max stash size is: 117
Average stash size is: 9.36986
Stash violation number of times: 4
Served 187000000 inst so far ( 18.7 %)
Max stash size is: 117
Average stash size is: 9.36993
Stash violation number of times: 4
Served 188000000 inst so far ( 18.8 %)
Max stash size is: 117
Average stash size is: 9.36968
Stash violation number of times: 4
Served 189000000 inst so far ( 18.9 %)
Max stash size is: 117
Average stash size is: 9.37114
Stash violation number of times: 4
Served 190000000 inst so far ( 19 %)
Max stash size is: 117
Average stash size is: 9.37073
Stash violation number of times: 4
Served 191000000 inst so far ( 19.1 %)
Max stash size is: 117
Average stash size is: 9.37019
Stash violation number of times: 4
Served 192000000 inst so far ( 19.2 %)
Max stash size is: 117
Average stash size is: 9.37072
Stash violation number of times: 4
Served 193000000 inst so far ( 19.3 %)
Max stash size is: 117
Average stash size is: 9.3703
Stash violation number of times: 4
Served 194000000 inst so far ( 19.4 %)
Max stash size is: 117
Average stash size is: 9.37023
Stash violation number of times: 4
Served 195000000 inst so far ( 19.5 %)
Max stash size is: 117
Average stash size is: 9.37072
Stash violation number of times: 4
Served 196000000 inst so far ( 19.6 %)
Max stash size is: 117
Average stash size is: 9.37026
Stash violation number of times: 4
Served 197000000 inst so far ( 19.7 %)
Max stash size is: 117
Average stash size is: 9.37062
Stash violation number of times: 4
Served 198000000 inst so far ( 19.8 %)
Max stash size is: 117
Average stash size is: 9.3706
Stash violation number of times: 4
Served 199000000 inst so far ( 19.9 %)
Max stash size is: 117
Average stash size is: 9.37015
Stash violation number of times: 4
Served 200000000 inst so far ( 20 %)
Max stash size is: 117
Average stash size is: 9.37018
Stash violation number of times: 4
Served 201000000 inst so far ( 20.1 %)
Max stash size is: 117
Average stash size is: 9.36964
Stash violation number of times: 4
Served 202000000 inst so far ( 20.2 %)
Max stash size is: 117
Average stash size is: 9.3691
Stash violation number of times: 4
Served 203000000 inst so far ( 20.3 %)
Max stash size is: 117
Average stash size is: 9.37056
Stash violation number of times: 4
Served 204000000 inst so far ( 20.4 %)
Max stash size is: 117
Average stash size is: 9.37108
Stash violation number of times: 4
Served 205000000 inst so far ( 20.5 %)
Max stash size is: 117
Average stash size is: 9.37154
Stash violation number of times: 6
Served 206000000 inst so far ( 20.6 %)
Max stash size is: 117
Average stash size is: 9.37098
Stash violation number of times: 6
Served 207000000 inst so far ( 20.7 %)
Max stash size is: 117
Average stash size is: 9.3709
Stash violation number of times: 6
Served 208000000 inst so far ( 20.8 %)
Max stash size is: 117
Average stash size is: 9.37079
Stash violation number of times: 6
Served 209000000 inst so far ( 20.9 %)
Max stash size is: 117
Average stash size is: 9.37139
Stash violation number of times: 6
Served 210000000 inst so far ( 21 %)
Max stash size is: 117
Average stash size is: 9.37111
Stash violation number of times: 6
Served 211000000 inst so far ( 21.1 %)
Max stash size is: 117
Average stash size is: 9.37072
Stash violation number of times: 6
Served 212000000 inst so far ( 21.2 %)
Max stash size is: 117
Average stash size is: 9.37081
Stash violation number of times: 6
Served 213000000 inst so far ( 21.3 %)
Max stash size is: 117
Average stash size is: 9.37152
Stash violation number of times: 6
Served 214000000 inst so far ( 21.4 %)
Max stash size is: 117
Average stash size is: 9.37063
Stash violation number of times: 6
Served 215000000 inst so far ( 21.5 %)
Max stash size is: 117
Average stash size is: 9.37088
Stash violation number of times: 6
Served 216000000 inst so far ( 21.6 %)
Max stash size is: 117
Average stash size is: 9.37068
Stash violation number of times: 6
Served 217000000 inst so far ( 21.7 %)
Max stash size is: 117
Average stash size is: 9.36997
Stash violation number of times: 6
Served 218000000 inst so far ( 21.8 %)
Max stash size is: 117
Average stash size is: 9.36945
Stash violation number of times: 6
Served 219000000 inst so far ( 21.9 %)
Max stash size is: 117
Average stash size is: 9.36855
Stash violation number of times: 6
Served 220000000 inst so far ( 22 %)
Max stash size is: 117
Average stash size is: 9.36908
Stash violation number of times: 6
Served 221000000 inst so far ( 22.1 %)
Max stash size is: 117
Average stash size is: 9.36886
Stash violation number of times: 6
Served 222000000 inst so far ( 22.2 %)
Max stash size is: 117
Average stash size is: 9.36892
Stash violation number of times: 6
Served 223000000 inst so far ( 22.3 %)
Max stash size is: 117
Average stash size is: 9.36869
Stash violation number of times: 6
Served 224000000 inst so far ( 22.4 %)
Max stash size is: 117
Average stash size is: 9.36953
Stash violation number of times: 6
Served 225000000 inst so far ( 22.5 %)
Max stash size is: 117
Average stash size is: 9.36961
Stash violation number of times: 6
Served 226000000 inst so far ( 22.6 %)
Max stash size is: 117
Average stash size is: 9.36886
Stash violation number of times: 6
Served 227000000 inst so far ( 22.7 %)
Max stash size is: 117
Average stash size is: 9.36818
Stash violation number of times: 6
Served 228000000 inst so far ( 22.8 %)
Max stash size is: 117
Average stash size is: 9.36785
Stash violation number of times: 6
Served 229000000 inst so far ( 22.9 %)
Max stash size is: 117
Average stash size is: 9.36783
Stash violation number of times: 6
Served 230000000 inst so far ( 23 %)
Max stash size is: 117
Average stash size is: 9.36798
Stash violation number of times: 6
Served 231000000 inst so far ( 23.1 %)
Max stash size is: 117
Average stash size is: 9.36741
Stash violation number of times: 6
Served 232000000 inst so far ( 23.2 %)
Max stash size is: 117
Average stash size is: 9.36807
Stash violation number of times: 6
Served 233000000 inst so far ( 23.3 %)
Max stash size is: 117
Average stash size is: 9.36746
Stash violation number of times: 6
Served 234000000 inst so far ( 23.4 %)
Max stash size is: 117
Average stash size is: 9.36822
Stash violation number of times: 6
Served 235000000 inst so far ( 23.5 %)
Max stash size is: 117
Average stash size is: 9.36982
Stash violation number of times: 6
Served 236000000 inst so far ( 23.6 %)
Max stash size is: 117
Average stash size is: 9.36919
Stash violation number of times: 6
Served 237000000 inst so far ( 23.7 %)
Max stash size is: 117
Average stash size is: 9.3698
Stash violation number of times: 6
Served 238000000 inst so far ( 23.8 %)
Max stash size is: 118
Average stash size is: 9.37049
Stash violation number of times: 10
Served 239000000 inst so far ( 23.9 %)
Max stash size is: 118
Average stash size is: 9.37088
Stash violation number of times: 10
Served 240000000 inst so far ( 24 %)
Max stash size is: 118
Average stash size is: 9.37126
Stash violation number of times: 10
Served 241000000 inst so far ( 24.1 %)
Max stash size is: 118
Average stash size is: 9.37078
Stash violation number of times: 10
Served 242000000 inst so far ( 24.2 %)
Max stash size is: 118
Average stash size is: 9.37028
Stash violation number of times: 10
Served 243000000 inst so far ( 24.3 %)
Max stash size is: 118
Average stash size is: 9.37058
Stash violation number of times: 10
Served 244000000 inst so far ( 24.4 %)
Max stash size is: 118
Average stash size is: 9.37015
Stash violation number of times: 10
Served 245000000 inst so far ( 24.5 %)
Max stash size is: 118
Average stash size is: 9.36998
Stash violation number of times: 10
Served 246000000 inst so far ( 24.6 %)
Max stash size is: 118
Average stash size is: 9.36944
Stash violation number of times: 10
Served 247000000 inst so far ( 24.7 %)
Max stash size is: 118
Average stash size is: 9.36893
Stash violation number of times: 10
Served 248000000 inst so far ( 24.8 %)
Max stash size is: 118
Average stash size is: 9.36916
Stash violation number of times: 10
Served 249000000 inst so far ( 24.9 %)
Max stash size is: 118
Average stash size is: 9.36899
Stash violation number of times: 10
Served 250000000 inst so far ( 25 %)
Max stash size is: 118
Average stash size is: 9.36865
Stash violation number of times: 10
Served 251000000 inst so far ( 25.1 %)
Max stash size is: 118
Average stash size is: 9.36852
Stash violation number of times: 10
Served 252000000 inst so far ( 25.2 %)
Max stash size is: 118
Average stash size is: 9.36777
Stash violation number of times: 10
Served 253000000 inst so far ( 25.3 %)
Max stash size is: 118
Average stash size is: 9.36739
Stash violation number of times: 10
Served 254000000 inst so far ( 25.4 %)
Max stash size is: 118
Average stash size is: 9.36707
Stash violation number of times: 10
Served 255000000 inst so far ( 25.5 %)
Max stash size is: 118
Average stash size is: 9.36729
Stash violation number of times: 10
Served 256000000 inst so far ( 25.6 %)
Max stash size is: 118
Average stash size is: 9.36807
Stash violation number of times: 10
Served 257000000 inst so far ( 25.7 %)
Max stash size is: 118
Average stash size is: 9.36793
Stash violation number of times: 10
Served 258000000 inst so far ( 25.8 %)
Max stash size is: 118
Average stash size is: 9.3677
Stash violation number of times: 10
Served 259000000 inst so far ( 25.9 %)
Max stash size is: 118
Average stash size is: 9.36724
Stash violation number of times: 10
Served 260000000 inst so far ( 26 %)
Max stash size is: 118
Average stash size is: 9.36703
Stash violation number of times: 10
Served 261000000 inst so far ( 26.1 %)
Max stash size is: 118
Average stash size is: 9.36634
Stash violation number of times: 10
Served 262000000 inst so far ( 26.2 %)
Max stash size is: 118
Average stash size is: 9.36603
Stash violation number of times: 10
Served 263000000 inst so far ( 26.3 %)
Max stash size is: 118
Average stash size is: 9.36625
Stash violation number of times: 11
Served 264000000 inst so far ( 26.4 %)
Max stash size is: 118
Average stash size is: 9.36627
Stash violation number of times: 11
Served 265000000 inst so far ( 26.5 %)
Max stash size is: 118
Average stash size is: 9.36701
Stash violation number of times: 11
Served 266000000 inst so far ( 26.6 %)
Max stash size is: 118
Average stash size is: 9.36678
Stash violation number of times: 11
Served 267000000 inst so far ( 26.7 %)
Max stash size is: 118
Average stash size is: 9.36638
Stash violation number of times: 11
Served 268000000 inst so far ( 26.8 %)
Max stash size is: 118
Average stash size is: 9.36627
Stash violation number of times: 11
Served 269000000 inst so far ( 26.9 %)
Max stash size is: 118
Average stash size is: 9.36622
Stash violation number of times: 11
Served 270000000 inst so far ( 27 %)
Max stash size is: 118
Average stash size is: 9.36587
Stash violation number of times: 11
Served 271000000 inst so far ( 27.1 %)
Max stash size is: 118
Average stash size is: 9.36514
Stash violation number of times: 11
Served 272000000 inst so far ( 27.2 %)
Max stash size is: 118
Average stash size is: 9.36466
Stash violation number of times: 11
Served 273000000 inst so far ( 27.3 %)
Max stash size is: 118
Average stash size is: 9.36649
Stash violation number of times: 11
Served 274000000 inst so far ( 27.4 %)
Max stash size is: 118
Average stash size is: 9.36734
Stash violation number of times: 11
Served 275000000 inst so far ( 27.5 %)
Max stash size is: 118
Average stash size is: 9.36808
Stash violation number of times: 11
Served 276000000 inst so far ( 27.6 %)
Max stash size is: 118
Average stash size is: 9.36909
Stash violation number of times: 11
Served 277000000 inst so far ( 27.7 %)
Max stash size is: 118
Average stash size is: 9.36866
Stash violation number of times: 11
Served 278000000 inst so far ( 27.8 %)
Max stash size is: 118
Average stash size is: 9.36906
Stash violation number of times: 11
Served 279000000 inst so far ( 27.9 %)
Max stash size is: 118
Average stash size is: 9.36856
Stash violation number of times: 11
Served 280000000 inst so far ( 28 %)
Max stash size is: 118
Average stash size is: 9.36944
Stash violation number of times: 11
Served 281000000 inst so far ( 28.1 %)
Max stash size is: 118
Average stash size is: 9.36887
Stash violation number of times: 11
Served 282000000 inst so far ( 28.2 %)
Max stash size is: 118
Average stash size is: 9.3683
Stash violation number of times: 11
Served 283000000 inst so far ( 28.3 %)
Max stash size is: 118
Average stash size is: 9.36895
Stash violation number of times: 11
Served 284000000 inst so far ( 28.4 %)
Max stash size is: 118
Average stash size is: 9.36928
Stash violation number of times: 11
Served 285000000 inst so far ( 28.5 %)
Max stash size is: 118
Average stash size is: 9.36934
Stash violation number of times: 11
Served 286000000 inst so far ( 28.6 %)
Max stash size is: 118
Average stash size is: 9.36981
Stash violation number of times: 11
Served 287000000 inst so far ( 28.7 %)
Max stash size is: 118
Average stash size is: 9.36948
Stash violation number of times: 11
Served 288000000 inst so far ( 28.8 %)
Max stash size is: 118
Average stash size is: 9.37001
Stash violation number of times: 11
Served 289000000 inst so far ( 28.9 %)
Max stash size is: 118
Average stash size is: 9.37054
Stash violation number of times: 11
Served 290000000 inst so far ( 29 %)
Max stash size is: 118
Average stash size is: 9.37046
Stash violation number of times: 11
Served 291000000 inst so far ( 29.1 %)
Max stash size is: 118
Average stash size is: 9.37053
Stash violation number of times: 11
Served 292000000 inst so far ( 29.2 %)
Max stash size is: 118
Average stash size is: 9.37029
Stash violation number of times: 11
Served 293000000 inst so far ( 29.3 %)
Max stash size is: 118
Average stash size is: 9.37106
Stash violation number of times: 11
Served 294000000 inst so far ( 29.4 %)
Max stash size is: 118
Average stash size is: 9.37065
Stash violation number of times: 11
Served 295000000 inst so far ( 29.5 %)
Max stash size is: 118
Average stash size is: 9.37102
Stash violation number of times: 11
Served 296000000 inst so far ( 29.6 %)
Max stash size is: 118
Average stash size is: 9.3715
Stash violation number of times: 11
Served 297000000 inst so far ( 29.7 %)
Max stash size is: 118
Average stash size is: 9.37212
Stash violation number of times: 14
Served 298000000 inst so far ( 29.8 %)
Max stash size is: 118
Average stash size is: 9.37235
Stash violation number of times: 14
Served 299000000 inst so far ( 29.9 %)
Max stash size is: 118
Average stash size is: 9.37204
Stash violation number of times: 14
Served 300000000 inst so far ( 30 %)
Max stash size is: 118
Average stash size is: 9.37227
Stash violation number of times: 14
Served 301000000 inst so far ( 30.1 %)
Max stash size is: 118
Average stash size is: 9.372
Stash violation number of times: 14
Served 302000000 inst so far ( 30.2 %)
Max stash size is: 118
Average stash size is: 9.3721
Stash violation number of times: 14
Served 303000000 inst so far ( 30.3 %)
Max stash size is: 118
Average stash size is: 9.37148
Stash violation number of times: 14
Served 304000000 inst so far ( 30.4 %)
Max stash size is: 118
Average stash size is: 9.37093
Stash violation number of times: 14
Served 305000000 inst so far ( 30.5 %)
Max stash size is: 118
Average stash size is: 9.37077
Stash violation number of times: 14
Served 306000000 inst so far ( 30.6 %)
Max stash size is: 118
Average stash size is: 9.37093
Stash violation number of times: 14
Served 307000000 inst so far ( 30.7 %)
Max stash size is: 118
Average stash size is: 9.37041
Stash violation number of times: 14
Served 308000000 inst so far ( 30.8 %)
Max stash size is: 118
Average stash size is: 9.37048
Stash violation number of times: 14
Served 309000000 inst so far ( 30.9 %)
Max stash size is: 118
Average stash size is: 9.37015
Stash violation number of times: 14
Served 310000000 inst so far ( 31 %)
Max stash size is: 118
Average stash size is: 9.37028
Stash violation number of times: 14
Served 311000000 inst so far ( 31.1 %)
Max stash size is: 118
Average stash size is: 9.37044
Stash violation number of times: 14
Served 312000000 inst so far ( 31.2 %)
Max stash size is: 118
Average stash size is: 9.37089
Stash violation number of times: 14
Served 313000000 inst so far ( 31.3 %)
Max stash size is: 118
Average stash size is: 9.37088
Stash violation number of times: 14
Served 314000000 inst so far ( 31.4 %)
Max stash size is: 118
Average stash size is: 9.37091
Stash violation number of times: 14
Served 315000000 inst so far ( 31.5 %)
Max stash size is: 118
Average stash size is: 9.37126
Stash violation number of times: 14
Served 316000000 inst so far ( 31.6 %)
Max stash size is: 118
Average stash size is: 9.37142
Stash violation number of times: 14
Served 317000000 inst so far ( 31.7 %)
Max stash size is: 118
Average stash size is: 9.37172
Stash violation number of times: 14
Served 318000000 inst so far ( 31.8 %)
Max stash size is: 118
Average stash size is: 9.37132
Stash violation number of times: 14
Served 319000000 inst so far ( 31.9 %)
Max stash size is: 118
Average stash size is: 9.37093
Stash violation number of times: 14
