Total num of original addr space: 1073741824
This is equivalent to: 64 GB 
Security params: Z, S, A: 8, 12, 8
Served 1000000 inst so far ( 0.1 %)
Max stash size is: 121
Average stash size is: 35.1749
Stash violation number of times: 0
Served 2000000 inst so far ( 0.2 %)
Max stash size is: 124
Average stash size is: 35.497
Stash violation number of times: 0
Served 3000000 inst so far ( 0.3 %)
Max stash size is: 128
Average stash size is: 35.7188
Stash violation number of times: 0
Served 4000000 inst so far ( 0.4 %)
Max stash size is: 135
Average stash size is: 35.8289
Stash violation number of times: 0
Served 5000000 inst so far ( 0.5 %)
Max stash size is: 135
Average stash size is: 35.9371
Stash violation number of times: 0
Served 6000000 inst so far ( 0.6 %)
Max stash size is: 135
Average stash size is: 36.0287
Stash violation number of times: 0
Served 7000000 inst so far ( 0.7 %)
Max stash size is: 135
Average stash size is: 36.082
Stash violation number of times: 0
Served 8000000 inst so far ( 0.8 %)
Max stash size is: 137
Average stash size is: 36.1257
Stash violation number of times: 0
Served 9000000 inst so far ( 0.9 %)
Max stash size is: 141
Average stash size is: 36.1657
Stash violation number of times: 0
Served 10000000 inst so far ( 1 %)
Max stash size is: 141
Average stash size is: 36.2159
Stash violation number of times: 0
Served 11000000 inst so far ( 1.1 %)
Max stash size is: 141
Average stash size is: 36.2626
Stash violation number of times: 0
Served 12000000 inst so far ( 1.2 %)
Max stash size is: 143
Average stash size is: 36.2962
Stash violation number of times: 0
Served 13000000 inst so far ( 1.3 %)
Max stash size is: 148
Average stash size is: 36.3308
Stash violation number of times: 0
Served 14000000 inst so far ( 1.4 %)
Max stash size is: 148
Average stash size is: 36.3524
Stash violation number of times: 0
Served 15000000 inst so far ( 1.5 %)
Max stash size is: 148
Average stash size is: 36.3654
Stash violation number of times: 0
Served 16000000 inst so far ( 1.6 %)
Max stash size is: 148
Average stash size is: 36.3848
Stash violation number of times: 0
Served 17000000 inst so far ( 1.7 %)
Max stash size is: 148
Average stash size is: 36.4068
Stash violation number of times: 0
Served 18000000 inst so far ( 1.8 %)
Max stash size is: 148
Average stash size is: 36.4283
Stash violation number of times: 0
Served 19000000 inst so far ( 1.9 %)
Max stash size is: 148
Average stash size is: 36.4487
Stash violation number of times: 0
Served 20000000 inst so far ( 2 %)
Max stash size is: 148
Average stash size is: 36.472
Stash violation number of times: 0
Served 21000000 inst so far ( 2.1 %)
Max stash size is: 148
Average stash size is: 36.4931
Stash violation number of times: 0
Served 22000000 inst so far ( 2.2 %)
Max stash size is: 148
Average stash size is: 36.512
Stash violation number of times: 0
Served 23000000 inst so far ( 2.3 %)
Max stash size is: 148
Average stash size is: 36.5291
Stash violation number of times: 0
Served 24000000 inst so far ( 2.4 %)
Max stash size is: 148
Average stash size is: 36.5435
Stash violation number of times: 0
Served 25000000 inst so far ( 2.5 %)
Max stash size is: 151
Average stash size is: 36.5583
Stash violation number of times: 0
Served 26000000 inst so far ( 2.6 %)
Max stash size is: 151
Average stash size is: 36.568
Stash violation number of times: 0
Served 27000000 inst so far ( 2.7 %)
Max stash size is: 151
Average stash size is: 36.5801
Stash violation number of times: 0
Served 28000000 inst so far ( 2.8 %)
Max stash size is: 151
Average stash size is: 36.5914
Stash violation number of times: 0
Served 29000000 inst so far ( 2.9 %)
Max stash size is: 151
Average stash size is: 36.6008
Stash violation number of times: 0
Served 30000000 inst so far ( 3 %)
Max stash size is: 151
Average stash size is: 36.6107
Stash violation number of times: 0
Served 31000000 inst so far ( 3.1 %)
Max stash size is: 151
Average stash size is: 36.6168
Stash violation number of times: 0
Served 32000000 inst so far ( 3.2 %)
Max stash size is: 151
Average stash size is: 36.6254
Stash violation number of times: 0
Served 33000000 inst so far ( 3.3 %)
Max stash size is: 151
Average stash size is: 36.6336
Stash violation number of times: 0
Served 34000000 inst so far ( 3.4 %)
Max stash size is: 151
Average stash size is: 36.6461
Stash violation number of times: 0
Served 35000000 inst so far ( 3.5 %)
Max stash size is: 151
Average stash size is: 36.6561
Stash violation number of times: 0
Served 36000000 inst so far ( 3.6 %)
Max stash size is: 151
Average stash size is: 36.6638
Stash violation number of times: 0
Served 37000000 inst so far ( 3.7 %)
Max stash size is: 151
Average stash size is: 36.6725
Stash violation number of times: 0
Served 38000000 inst so far ( 3.8 %)
Max stash size is: 151
Average stash size is: 36.6827
Stash violation number of times: 0
Served 39000000 inst so far ( 3.9 %)
Max stash size is: 151
Average stash size is: 36.6921
Stash violation number of times: 0
Served 40000000 inst so far ( 4 %)
Max stash size is: 151
Average stash size is: 36.7037
Stash violation number of times: 0
Served 41000000 inst so far ( 4.1 %)
Max stash size is: 151
Average stash size is: 36.7128
Stash violation number of times: 0
Served 42000000 inst so far ( 4.2 %)
Max stash size is: 151
Average stash size is: 36.7225
Stash violation number of times: 0
Served 43000000 inst so far ( 4.3 %)
Max stash size is: 151
Average stash size is: 36.7306
Stash violation number of times: 0
Served 44000000 inst so far ( 4.4 %)
Max stash size is: 151
Average stash size is: 36.739
Stash violation number of times: 0
Served 45000000 inst so far ( 4.5 %)
Max stash size is: 151
Average stash size is: 36.7475
Stash violation number of times: 0
Served 46000000 inst so far ( 4.6 %)
Max stash size is: 151
Average stash size is: 36.7555
Stash violation number of times: 0
Served 47000000 inst so far ( 4.7 %)
Max stash size is: 151
Average stash size is: 36.7627
Stash violation number of times: 0
Served 48000000 inst so far ( 4.8 %)
Max stash size is: 151
Average stash size is: 36.7684
Stash violation number of times: 0
Served 49000000 inst so far ( 4.9 %)
Max stash size is: 151
Average stash size is: 36.7759
Stash violation number of times: 0
Served 50000000 inst so far ( 5 %)
Max stash size is: 152
Average stash size is: 36.7825
Stash violation number of times: 0
Served 51000000 inst so far ( 5.1 %)
Max stash size is: 160
Average stash size is: 36.7878
Stash violation number of times: 0
Served 52000000 inst so far ( 5.2 %)
Max stash size is: 160
Average stash size is: 36.7941
Stash violation number of times: 0
Served 53000000 inst so far ( 5.3 %)
Max stash size is: 160
Average stash size is: 36.8001
Stash violation number of times: 0
Served 54000000 inst so far ( 5.4 %)
Max stash size is: 160
Average stash size is: 36.8044
Stash violation number of times: 0
Served 55000000 inst so far ( 5.5 %)
Max stash size is: 160
Average stash size is: 36.8083
Stash violation number of times: 0
Served 56000000 inst so far ( 5.6 %)
Max stash size is: 160
Average stash size is: 36.8119
Stash violation number of times: 0
Served 57000000 inst so far ( 5.7 %)
Max stash size is: 160
Average stash size is: 36.8145
Stash violation number of times: 0
Served 58000000 inst so far ( 5.8 %)
Max stash size is: 160
Average stash size is: 36.8167
Stash violation number of times: 0
Served 59000000 inst so far ( 5.9 %)
Max stash size is: 160
Average stash size is: 36.8205
Stash violation number of times: 0
Served 60000000 inst so far ( 6 %)
Max stash size is: 160
Average stash size is: 36.8245
Stash violation number of times: 0
Served 61000000 inst so far ( 6.1 %)
Max stash size is: 160
Average stash size is: 36.8279
Stash violation number of times: 0
Served 62000000 inst so far ( 6.2 %)
Max stash size is: 160
Average stash size is: 36.8306
Stash violation number of times: 0
Served 63000000 inst so far ( 6.3 %)
Max stash size is: 160
Average stash size is: 36.8327
Stash violation number of times: 0
Served 64000000 inst so far ( 6.4 %)
Max stash size is: 160
Average stash size is: 36.8353
Stash violation number of times: 0
Served 65000000 inst so far ( 6.5 %)
Max stash size is: 160
Average stash size is: 36.8399
Stash violation number of times: 0
Served 66000000 inst so far ( 6.6 %)
Max stash size is: 160
Average stash size is: 36.8433
Stash violation number of times: 0
Served 67000000 inst so far ( 6.7 %)
Max stash size is: 160
Average stash size is: 36.8469
Stash violation number of times: 0
Served 68000000 inst so far ( 6.8 %)
Max stash size is: 160
Average stash size is: 36.8522
Stash violation number of times: 0
Served 69000000 inst so far ( 6.9 %)
Max stash size is: 160
Average stash size is: 36.8563
Stash violation number of times: 0
Served 70000000 inst so far ( 7 %)
Max stash size is: 160
Average stash size is: 36.8612
Stash violation number of times: 0
Served 71000000 inst so far ( 7.1 %)
Max stash size is: 160
Average stash size is: 36.865
Stash violation number of times: 0
Served 72000000 inst so far ( 7.2 %)
Max stash size is: 160
Average stash size is: 36.87
Stash violation number of times: 0
Served 73000000 inst so far ( 7.3 %)
Max stash size is: 160
Average stash size is: 36.8739
Stash violation number of times: 0
Served 74000000 inst so far ( 7.4 %)
Max stash size is: 160
Average stash size is: 36.879
Stash violation number of times: 0
Served 75000000 inst so far ( 7.5 %)
Max stash size is: 160
Average stash size is: 36.884
Stash violation number of times: 0
Served 76000000 inst so far ( 7.6 %)
Max stash size is: 160
Average stash size is: 36.8888
Stash violation number of times: 0
Served 77000000 inst so far ( 7.7 %)
Max stash size is: 160
Average stash size is: 36.8932
Stash violation number of times: 0
Served 78000000 inst so far ( 7.8 %)
Max stash size is: 160
Average stash size is: 36.8965
Stash violation number of times: 0
Served 79000000 inst so far ( 7.9 %)
Max stash size is: 160
Average stash size is: 36.9007
Stash violation number of times: 0
Served 80000000 inst so far ( 8 %)
Max stash size is: 160
Average stash size is: 36.9047
Stash violation number of times: 0
Served 81000000 inst so far ( 8.1 %)
Max stash size is: 160
Average stash size is: 36.9091
Stash violation number of times: 0
Served 82000000 inst so far ( 8.2 %)
Max stash size is: 160
Average stash size is: 36.9136
Stash violation number of times: 0
Served 83000000 inst so far ( 8.3 %)
Max stash size is: 160
Average stash size is: 36.9177
Stash violation number of times: 0
Served 84000000 inst so far ( 8.4 %)
Max stash size is: 160
Average stash size is: 36.922
Stash violation number of times: 0
Served 85000000 inst so far ( 8.5 %)
Max stash size is: 160
Average stash size is: 36.926
Stash violation number of times: 0
Served 86000000 inst so far ( 8.6 %)
Max stash size is: 160
Average stash size is: 36.9302
Stash violation number of times: 0
Served 87000000 inst so far ( 8.7 %)
Max stash size is: 160
Average stash size is: 36.9335
Stash violation number of times: 0
Served 88000000 inst so far ( 8.8 %)
Max stash size is: 160
Average stash size is: 36.9374
Stash violation number of times: 0
Served 89000000 inst so far ( 8.9 %)
Max stash size is: 160
Average stash size is: 36.94
Stash violation number of times: 0
Served 90000000 inst so far ( 9 %)
Max stash size is: 160
Average stash size is: 36.9435
Stash violation number of times: 0
Served 91000000 inst so far ( 9.1 %)
Max stash size is: 160
Average stash size is: 36.9465
Stash violation number of times: 0
Served 92000000 inst so far ( 9.2 %)
Max stash size is: 160
Average stash size is: 36.9505
Stash violation number of times: 0
Served 93000000 inst so far ( 9.3 %)
Max stash size is: 160
Average stash size is: 36.9539
Stash violation number of times: 0
Served 94000000 inst so far ( 9.4 %)
Max stash size is: 160
Average stash size is: 36.957
Stash violation number of times: 0
Served 95000000 inst so far ( 9.5 %)
Max stash size is: 160
Average stash size is: 36.9601
Stash violation number of times: 0
Served 96000000 inst so far ( 9.6 %)
Max stash size is: 160
Average stash size is: 36.9626
Stash violation number of times: 0
Served 97000000 inst so far ( 9.7 %)
Max stash size is: 160
Average stash size is: 36.9657
Stash violation number of times: 0
Served 98000000 inst so far ( 9.8 %)
Max stash size is: 163
Average stash size is: 36.9684
Stash violation number of times: 0
Served 99000000 inst so far ( 9.9 %)
Max stash size is: 163
Average stash size is: 36.9716
Stash violation number of times: 0
Served 100000000 inst so far ( 10 %)
Max stash size is: 163
Average stash size is: 36.9735
Stash violation number of times: 0
Served 101000000 inst so far ( 10.1 %)
Max stash size is: 163
Average stash size is: 36.9752
Stash violation number of times: 0
Served 102000000 inst so far ( 10.2 %)
Max stash size is: 163
Average stash size is: 36.9778
Stash violation number of times: 0
Served 103000000 inst so far ( 10.3 %)
Max stash size is: 163
Average stash size is: 36.9798
Stash violation number of times: 0
Served 104000000 inst so far ( 10.4 %)
Max stash size is: 163
Average stash size is: 36.9829
Stash violation number of times: 0
Served 105000000 inst so far ( 10.5 %)
Max stash size is: 163
Average stash size is: 36.984
Stash violation number of times: 0
Served 106000000 inst so far ( 10.6 %)
Max stash size is: 163
Average stash size is: 36.9858
Stash violation number of times: 0
Served 107000000 inst so far ( 10.7 %)
Max stash size is: 163
Average stash size is: 36.9878
Stash violation number of times: 0
Served 108000000 inst so far ( 10.8 %)
Max stash size is: 163
Average stash size is: 36.9893
Stash violation number of times: 0
Served 109000000 inst so far ( 10.9 %)
Max stash size is: 163
Average stash size is: 36.9909
Stash violation number of times: 0
Served 110000000 inst so far ( 11 %)
Max stash size is: 163
Average stash size is: 36.9921
Stash violation number of times: 0
Served 111000000 inst so far ( 11.1 %)
Max stash size is: 163
Average stash size is: 36.9931
Stash violation number of times: 0
Served 112000000 inst so far ( 11.2 %)
Max stash size is: 163
Average stash size is: 36.9946
Stash violation number of times: 0
Served 113000000 inst so far ( 11.3 %)
Max stash size is: 163
Average stash size is: 36.9953
Stash violation number of times: 0
Served 114000000 inst so far ( 11.4 %)
Max stash size is: 163
Average stash size is: 36.9971
Stash violation number of times: 0
Served 115000000 inst so far ( 11.5 %)
Max stash size is: 163
Average stash size is: 36.9985
Stash violation number of times: 0
Served 116000000 inst so far ( 11.6 %)
Max stash size is: 163
Average stash size is: 36.9998
Stash violation number of times: 0
Served 117000000 inst so far ( 11.7 %)
Max stash size is: 163
Average stash size is: 37.0009
Stash violation number of times: 0
Served 118000000 inst so far ( 11.8 %)
Max stash size is: 163
Average stash size is: 37.002
Stash violation number of times: 0
Served 119000000 inst so far ( 11.9 %)
Max stash size is: 163
Average stash size is: 37.0025
Stash violation number of times: 0
Served 120000000 inst so far ( 12 %)
Max stash size is: 163
Average stash size is: 37.0042
Stash violation number of times: 0
Served 121000000 inst so far ( 12.1 %)
Max stash size is: 163
Average stash size is: 37.0054
Stash violation number of times: 0
Served 122000000 inst so far ( 12.2 %)
Max stash size is: 163
Average stash size is: 37.0058
Stash violation number of times: 0
Served 123000000 inst so far ( 12.3 %)
Max stash size is: 163
Average stash size is: 37.0075
Stash violation number of times: 0
Served 124000000 inst so far ( 12.4 %)
Max stash size is: 163
Average stash size is: 37.0089
Stash violation number of times: 0
Served 125000000 inst so far ( 12.5 %)
Max stash size is: 163
Average stash size is: 37.0102
Stash violation number of times: 0
Served 126000000 inst so far ( 12.6 %)
Max stash size is: 163
Average stash size is: 37.011
Stash violation number of times: 0
Served 127000000 inst so far ( 12.7 %)
Max stash size is: 163
Average stash size is: 37.0121
Stash violation number of times: 0
Served 128000000 inst so far ( 12.8 %)
Max stash size is: 165
Average stash size is: 37.0126
Stash violation number of times: 0
Served 129000000 inst so far ( 12.9 %)
Max stash size is: 165
Average stash size is: 37.0135
Stash violation number of times: 0
Served 130000000 inst so far ( 13 %)
Max stash size is: 165
Average stash size is: 37.0152
Stash violation number of times: 0
Served 131000000 inst so far ( 13.1 %)
Max stash size is: 165
Average stash size is: 37.0164
Stash violation number of times: 0
Served 132000000 inst so far ( 13.2 %)
Max stash size is: 165
Average stash size is: 37.0181
Stash violation number of times: 0
Served 133000000 inst so far ( 13.3 %)
Max stash size is: 165
Average stash size is: 37.0197
Stash violation number of times: 0
Served 134000000 inst so far ( 13.4 %)
Max stash size is: 165
Average stash size is: 37.021
Stash violation number of times: 0
Served 135000000 inst so far ( 13.5 %)
Max stash size is: 165
Average stash size is: 37.0224
Stash violation number of times: 0
Served 136000000 inst so far ( 13.6 %)
Max stash size is: 165
Average stash size is: 37.0235
Stash violation number of times: 0
Served 137000000 inst so far ( 13.7 %)
Max stash size is: 165
Average stash size is: 37.0246
Stash violation number of times: 0
Served 138000000 inst so far ( 13.8 %)
Max stash size is: 165
Average stash size is: 37.026
Stash violation number of times: 0
Served 139000000 inst so far ( 13.9 %)
Max stash size is: 165
Average stash size is: 37.0274
Stash violation number of times: 0
Served 140000000 inst so far ( 14 %)
Max stash size is: 165
Average stash size is: 37.0286
Stash violation number of times: 0
Served 141000000 inst so far ( 14.1 %)
Max stash size is: 165
Average stash size is: 37.0296
Stash violation number of times: 0
Served 142000000 inst so far ( 14.2 %)
Max stash size is: 165
Average stash size is: 37.0313
Stash violation number of times: 0
Served 143000000 inst so far ( 14.3 %)
Max stash size is: 165
Average stash size is: 37.0333
Stash violation number of times: 0
Served 144000000 inst so far ( 14.4 %)
Max stash size is: 165
Average stash size is: 37.0341
Stash violation number of times: 0
Served 145000000 inst so far ( 14.5 %)
Max stash size is: 165
Average stash size is: 37.0357
Stash violation number of times: 0
Served 146000000 inst so far ( 14.6 %)
Max stash size is: 165
Average stash size is: 37.0375
Stash violation number of times: 0
Served 147000000 inst so far ( 14.7 %)
Max stash size is: 165
Average stash size is: 37.0398
Stash violation number of times: 0
Served 148000000 inst so far ( 14.8 %)
Max stash size is: 165
Average stash size is: 37.0412
Stash violation number of times: 0
Served 149000000 inst so far ( 14.9 %)
Max stash size is: 165
Average stash size is: 37.0432
Stash violation number of times: 0
Served 150000000 inst so far ( 15 %)
Max stash size is: 166
Average stash size is: 37.0446
Stash violation number of times: 0
Served 151000000 inst so far ( 15.1 %)
Max stash size is: 166
Average stash size is: 37.0463
Stash violation number of times: 0
Served 152000000 inst so far ( 15.2 %)
Max stash size is: 166
Average stash size is: 37.0478
Stash violation number of times: 0
Served 153000000 inst so far ( 15.3 %)
Max stash size is: 166
Average stash size is: 37.0487
Stash violation number of times: 0
Served 154000000 inst so far ( 15.4 %)
Max stash size is: 166
Average stash size is: 37.0501
Stash violation number of times: 0
Served 155000000 inst so far ( 15.5 %)
Max stash size is: 166
Average stash size is: 37.0516
Stash violation number of times: 0
Served 156000000 inst so far ( 15.6 %)
Max stash size is: 166
Average stash size is: 37.0531
Stash violation number of times: 0
Served 157000000 inst so far ( 15.7 %)
Max stash size is: 166
Average stash size is: 37.0543
Stash violation number of times: 0
Served 158000000 inst so far ( 15.8 %)
Max stash size is: 166
Average stash size is: 37.0559
Stash violation number of times: 0
Served 159000000 inst so far ( 15.9 %)
Max stash size is: 166
Average stash size is: 37.0573
Stash violation number of times: 0
Served 160000000 inst so far ( 16 %)
Max stash size is: 166
Average stash size is: 37.0589
Stash violation number of times: 0
Served 161000000 inst so far ( 16.1 %)
Max stash size is: 166
Average stash size is: 37.0605
Stash violation number of times: 0
Served 162000000 inst so far ( 16.2 %)
Max stash size is: 166
Average stash size is: 37.0612
Stash violation number of times: 0
Served 163000000 inst so far ( 16.3 %)
Max stash size is: 166
Average stash size is: 37.0626
Stash violation number of times: 0
Served 164000000 inst so far ( 16.4 %)
Max stash size is: 166
Average stash size is: 37.0634
Stash violation number of times: 0
Served 165000000 inst so far ( 16.5 %)
Max stash size is: 166
Average stash size is: 37.0651
Stash violation number of times: 0
Served 166000000 inst so far ( 16.6 %)
Max stash size is: 166
Average stash size is: 37.0664
Stash violation number of times: 0
Served 167000000 inst so far ( 16.7 %)
Max stash size is: 166
Average stash size is: 37.0682
Stash violation number of times: 0
Served 168000000 inst so far ( 16.8 %)
Max stash size is: 166
Average stash size is: 37.0698
Stash violation number of times: 0
Served 169000000 inst so far ( 16.9 %)
Max stash size is: 166
Average stash size is: 37.0712
Stash violation number of times: 0
Served 170000000 inst so far ( 17 %)
Max stash size is: 166
Average stash size is: 37.0726
Stash violation number of times: 0
Served 171000000 inst so far ( 17.1 %)
Max stash size is: 166
Average stash size is: 37.0736
Stash violation number of times: 0
Served 172000000 inst so far ( 17.2 %)
Max stash size is: 166
Average stash size is: 37.0751
Stash violation number of times: 0
Served 173000000 inst so far ( 17.3 %)
Max stash size is: 166
Average stash size is: 37.0765
Stash violation number of times: 0
Served 174000000 inst so far ( 17.4 %)
Max stash size is: 166
Average stash size is: 37.078
Stash violation number of times: 0
Served 175000000 inst so far ( 17.5 %)
Max stash size is: 166
Average stash size is: 37.079
Stash violation number of times: 0
Served 176000000 inst so far ( 17.6 %)
Max stash size is: 166
Average stash size is: 37.0809
Stash violation number of times: 0
Served 177000000 inst so far ( 17.7 %)
Max stash size is: 166
Average stash size is: 37.0825
Stash violation number of times: 0
Served 178000000 inst so far ( 17.8 %)
Max stash size is: 166
Average stash size is: 37.0836
Stash violation number of times: 0
Served 179000000 inst so far ( 17.9 %)
Max stash size is: 166
Average stash size is: 37.0848
Stash violation number of times: 0
Served 180000000 inst so far ( 18 %)
Max stash size is: 166
Average stash size is: 37.0854
Stash violation number of times: 0
Served 181000000 inst so far ( 18.1 %)
Max stash size is: 166
Average stash size is: 37.0864
Stash violation number of times: 0
Served 182000000 inst so far ( 18.2 %)
Max stash size is: 166
Average stash size is: 37.0877
Stash violation number of times: 0
Served 183000000 inst so far ( 18.3 %)
Max stash size is: 166
Average stash size is: 37.0887
Stash violation number of times: 0
Served 184000000 inst so far ( 18.4 %)
Max stash size is: 166
Average stash size is: 37.0894
Stash violation number of times: 0
Served 185000000 inst so far ( 18.5 %)
Max stash size is: 166
Average stash size is: 37.0907
Stash violation number of times: 0
Served 186000000 inst so far ( 18.6 %)
Max stash size is: 166
Average stash size is: 37.0913
Stash violation number of times: 0
Served 187000000 inst so far ( 18.7 %)
Max stash size is: 166
Average stash size is: 37.0928
Stash violation number of times: 0
Served 188000000 inst so far ( 18.8 %)
Max stash size is: 166
Average stash size is: 37.0937
Stash violation number of times: 0
Served 189000000 inst so far ( 18.9 %)
Max stash size is: 166
Average stash size is: 37.0945
Stash violation number of times: 0
Served 190000000 inst so far ( 19 %)
Max stash size is: 166
Average stash size is: 37.0954
Stash violation number of times: 0
Served 191000000 inst so far ( 19.1 %)
Max stash size is: 166
Average stash size is: 37.0964
Stash violation number of times: 0
Served 192000000 inst so far ( 19.2 %)
Max stash size is: 166
Average stash size is: 37.0973
Stash violation number of times: 0
Served 193000000 inst so far ( 19.3 %)
Max stash size is: 166
Average stash size is: 37.098
Stash violation number of times: 0
Served 194000000 inst so far ( 19.4 %)
Max stash size is: 166
Average stash size is: 37.0988
Stash violation number of times: 0
Served 195000000 inst so far ( 19.5 %)
Max stash size is: 166
Average stash size is: 37.0997
Stash violation number of times: 0
Served 196000000 inst so far ( 19.6 %)
Max stash size is: 166
Average stash size is: 37.1007
Stash violation number of times: 0
Served 197000000 inst so far ( 19.7 %)
Max stash size is: 166
Average stash size is: 37.1016
Stash violation number of times: 0
Served 198000000 inst so far ( 19.8 %)
Max stash size is: 166
Average stash size is: 37.1023
Stash violation number of times: 0
Served 199000000 inst so far ( 19.9 %)
Max stash size is: 166
Average stash size is: 37.1032
Stash violation number of times: 0
Served 200000000 inst so far ( 20 %)
Max stash size is: 166
Average stash size is: 37.104
Stash violation number of times: 0
Served 201000000 inst so far ( 20.1 %)
Max stash size is: 166
Average stash size is: 37.1046
Stash violation number of times: 0
Served 202000000 inst so far ( 20.2 %)
Max stash size is: 167
Average stash size is: 37.1052
Stash violation number of times: 0
Served 203000000 inst so far ( 20.3 %)
Max stash size is: 167
Average stash size is: 37.1057
Stash violation number of times: 0
Served 204000000 inst so far ( 20.4 %)
Max stash size is: 167
Average stash size is: 37.1062
Stash violation number of times: 0
Served 205000000 inst so far ( 20.5 %)
Max stash size is: 167
Average stash size is: 37.1066
Stash violation number of times: 0
Served 206000000 inst so far ( 20.6 %)
Max stash size is: 167
Average stash size is: 37.1074
Stash violation number of times: 0
Served 207000000 inst so far ( 20.7 %)
Max stash size is: 167
Average stash size is: 37.1081
Stash violation number of times: 0
Served 208000000 inst so far ( 20.8 %)
Max stash size is: 167
Average stash size is: 37.1084
Stash violation number of times: 0
Served 209000000 inst so far ( 20.9 %)
Max stash size is: 167
Average stash size is: 37.1085
Stash violation number of times: 0
Served 210000000 inst so far ( 21 %)
Max stash size is: 167
Average stash size is: 37.1089
Stash violation number of times: 0
Served 211000000 inst so far ( 21.1 %)
Max stash size is: 167
Average stash size is: 37.1092
Stash violation number of times: 0
Served 212000000 inst so far ( 21.2 %)
Max stash size is: 167
Average stash size is: 37.1097
Stash violation number of times: 0
Served 213000000 inst so far ( 21.3 %)
Max stash size is: 167
Average stash size is: 37.1101
Stash violation number of times: 0
Served 214000000 inst so far ( 21.4 %)
Max stash size is: 167
Average stash size is: 37.1105
Stash violation number of times: 0
Served 215000000 inst so far ( 21.5 %)
Max stash size is: 167
Average stash size is: 37.1109
Stash violation number of times: 0
Served 216000000 inst so far ( 21.6 %)
Max stash size is: 167
Average stash size is: 37.1111
Stash violation number of times: 0
Served 217000000 inst so far ( 21.7 %)
Max stash size is: 167
Average stash size is: 37.1115
Stash violation number of times: 0
Served 218000000 inst so far ( 21.8 %)
Max stash size is: 167
Average stash size is: 37.1119
Stash violation number of times: 0
Served 219000000 inst so far ( 21.9 %)
Max stash size is: 167
Average stash size is: 37.1124
Stash violation number of times: 0
Served 220000000 inst so far ( 22 %)
Max stash size is: 167
Average stash size is: 37.1125
Stash violation number of times: 0
Served 221000000 inst so far ( 22.1 %)
Max stash size is: 167
Average stash size is: 37.1126
Stash violation number of times: 0
Served 222000000 inst so far ( 22.2 %)
Max stash size is: 167
Average stash size is: 37.1128
Stash violation number of times: 0
Served 223000000 inst so far ( 22.3 %)
Max stash size is: 167
Average stash size is: 37.113
Stash violation number of times: 0
Served 224000000 inst so far ( 22.4 %)
Max stash size is: 167
Average stash size is: 37.1133
Stash violation number of times: 0
Served 225000000 inst so far ( 22.5 %)
Max stash size is: 167
Average stash size is: 37.1137
Stash violation number of times: 0
Served 226000000 inst so far ( 22.6 %)
Max stash size is: 167
Average stash size is: 37.1137
Stash violation number of times: 0
Served 227000000 inst so far ( 22.7 %)
Max stash size is: 167
Average stash size is: 37.1139
Stash violation number of times: 0
Served 228000000 inst so far ( 22.8 %)
Max stash size is: 167
Average stash size is: 37.1137
Stash violation number of times: 0
Served 229000000 inst so far ( 22.9 %)
Max stash size is: 167
Average stash size is: 37.1138
Stash violation number of times: 0
Served 230000000 inst so far ( 23 %)
Max stash size is: 167
Average stash size is: 37.1138
Stash violation number of times: 0
Served 231000000 inst so far ( 23.1 %)
Max stash size is: 167
Average stash size is: 37.1137
Stash violation number of times: 0
Served 232000000 inst so far ( 23.2 %)
Max stash size is: 167
Average stash size is: 37.1138
Stash violation number of times: 0
Served 233000000 inst so far ( 23.3 %)
Max stash size is: 167
Average stash size is: 37.1137
Stash violation number of times: 0
Served 234000000 inst so far ( 23.4 %)
Max stash size is: 167
Average stash size is: 37.1137
Stash violation number of times: 0
Served 235000000 inst so far ( 23.5 %)
Max stash size is: 167
Average stash size is: 37.1137
Stash violation number of times: 0
Served 236000000 inst so far ( 23.6 %)
Max stash size is: 167
Average stash size is: 37.1137
Stash violation number of times: 0
Served 237000000 inst so far ( 23.7 %)
Max stash size is: 167
Average stash size is: 37.1134
Stash violation number of times: 0
Served 238000000 inst so far ( 23.8 %)
Max stash size is: 167
Average stash size is: 37.1132
Stash violation number of times: 0
Served 239000000 inst so far ( 23.9 %)
Max stash size is: 167
Average stash size is: 37.1133
Stash violation number of times: 0
Served 240000000 inst so far ( 24 %)
Max stash size is: 167
Average stash size is: 37.1131
Stash violation number of times: 0
Served 241000000 inst so far ( 24.1 %)
Max stash size is: 167
Average stash size is: 37.1132
Stash violation number of times: 0
Served 242000000 inst so far ( 24.2 %)
Max stash size is: 167
Average stash size is: 37.1131
Stash violation number of times: 0
Served 243000000 inst so far ( 24.3 %)
Max stash size is: 167
Average stash size is: 37.1132
Stash violation number of times: 0
Served 244000000 inst so far ( 24.4 %)
Max stash size is: 167
Average stash size is: 37.1134
Stash violation number of times: 0
Served 245000000 inst so far ( 24.5 %)
Max stash size is: 167
Average stash size is: 37.1135
Stash violation number of times: 0
Served 246000000 inst so far ( 24.6 %)
Max stash size is: 167
Average stash size is: 37.1133
Stash violation number of times: 0
Served 247000000 inst so far ( 24.7 %)
Max stash size is: 167
Average stash size is: 37.1133
Stash violation number of times: 0
Served 248000000 inst so far ( 24.8 %)
Max stash size is: 167
Average stash size is: 37.1131
Stash violation number of times: 0
Served 249000000 inst so far ( 24.9 %)
Max stash size is: 167
Average stash size is: 37.113
Stash violation number of times: 0
Served 250000000 inst so far ( 25 %)
Max stash size is: 167
Average stash size is: 37.113
Stash violation number of times: 0
Served 251000000 inst so far ( 25.1 %)
Max stash size is: 167
Average stash size is: 37.1128
Stash violation number of times: 0
Served 252000000 inst so far ( 25.2 %)
Max stash size is: 167
Average stash size is: 37.1128
Stash violation number of times: 0
Served 253000000 inst so far ( 25.3 %)
Max stash size is: 167
Average stash size is: 37.1128
Stash violation number of times: 0
Served 254000000 inst so far ( 25.4 %)
Max stash size is: 167
Average stash size is: 37.1127
Stash violation number of times: 0
Served 255000000 inst so far ( 25.5 %)
Max stash size is: 167
Average stash size is: 37.1125
Stash violation number of times: 0
Served 256000000 inst so far ( 25.6 %)
Max stash size is: 167
Average stash size is: 37.1124
Stash violation number of times: 0
Served 257000000 inst so far ( 25.7 %)
Max stash size is: 167
Average stash size is: 37.1122
Stash violation number of times: 0
Served 258000000 inst so far ( 25.8 %)
Max stash size is: 167
Average stash size is: 37.1121
Stash violation number of times: 0
Served 259000000 inst so far ( 25.9 %)
Max stash size is: 167
Average stash size is: 37.1118
Stash violation number of times: 0
Served 260000000 inst so far ( 26 %)
Max stash size is: 167
Average stash size is: 37.1116
Stash violation number of times: 0
Served 261000000 inst so far ( 26.1 %)
Max stash size is: 167
Average stash size is: 37.1115
Stash violation number of times: 0
Served 262000000 inst so far ( 26.2 %)
Max stash size is: 167
Average stash size is: 37.1115
Stash violation number of times: 0
Served 263000000 inst so far ( 26.3 %)
Max stash size is: 167
Average stash size is: 37.1115
Stash violation number of times: 0
Served 264000000 inst so far ( 26.4 %)
Max stash size is: 167
Average stash size is: 37.1115
Stash violation number of times: 0
Served 265000000 inst so far ( 26.5 %)
Max stash size is: 167
Average stash size is: 37.1114
Stash violation number of times: 0
Served 266000000 inst so far ( 26.6 %)
Max stash size is: 167
Average stash size is: 37.1113
Stash violation number of times: 0
Served 267000000 inst so far ( 26.7 %)
Max stash size is: 167
Average stash size is: 37.1112
Stash violation number of times: 0
Served 268000000 inst so far ( 26.8 %)
Max stash size is: 167
Average stash size is: 37.1115
Stash violation number of times: 0
Served 269000000 inst so far ( 26.9 %)
Max stash size is: 167
Average stash size is: 37.1117
Stash violation number of times: 0
Served 270000000 inst so far ( 27 %)
Max stash size is: 167
Average stash size is: 37.1117
Stash violation number of times: 0
Served 271000000 inst so far ( 27.1 %)
Max stash size is: 167
Average stash size is: 37.1121
Stash violation number of times: 0
Served 272000000 inst so far ( 27.2 %)
Max stash size is: 167
Average stash size is: 37.1123
Stash violation number of times: 0
Served 273000000 inst so far ( 27.3 %)
Max stash size is: 167
Average stash size is: 37.1125
Stash violation number of times: 0
Served 274000000 inst so far ( 27.4 %)
Max stash size is: 167
Average stash size is: 37.1125
Stash violation number of times: 0
Served 275000000 inst so far ( 27.5 %)
Max stash size is: 167
Average stash size is: 37.1123
Stash violation number of times: 0
Served 276000000 inst so far ( 27.6 %)
Max stash size is: 167
Average stash size is: 37.1124
Stash violation number of times: 0
Served 277000000 inst so far ( 27.7 %)
Max stash size is: 167
Average stash size is: 37.1125
Stash violation number of times: 0
Served 278000000 inst so far ( 27.8 %)
Max stash size is: 167
Average stash size is: 37.1123
Stash violation number of times: 0
Served 279000000 inst so far ( 27.9 %)
Max stash size is: 167
Average stash size is: 37.1125
Stash violation number of times: 0
Served 280000000 inst so far ( 28 %)
Max stash size is: 167
Average stash size is: 37.1124
Stash violation number of times: 0
Served 281000000 inst so far ( 28.1 %)
Max stash size is: 167
Average stash size is: 37.1124
Stash violation number of times: 0
Served 282000000 inst so far ( 28.2 %)
Max stash size is: 167
Average stash size is: 37.1126
Stash violation number of times: 0
Served 283000000 inst so far ( 28.3 %)
Max stash size is: 167
Average stash size is: 37.1128
Stash violation number of times: 0
Served 284000000 inst so far ( 28.4 %)
Max stash size is: 167
Average stash size is: 37.1128
Stash violation number of times: 0
Served 285000000 inst so far ( 28.5 %)
Max stash size is: 167
Average stash size is: 37.1126
Stash violation number of times: 0
Served 286000000 inst so far ( 28.6 %)
Max stash size is: 167
Average stash size is: 37.1125
Stash violation number of times: 0
Served 287000000 inst so far ( 28.7 %)
Max stash size is: 167
Average stash size is: 37.1126
Stash violation number of times: 0
Served 288000000 inst so far ( 28.8 %)
Max stash size is: 167
Average stash size is: 37.1125
Stash violation number of times: 0
Served 289000000 inst so far ( 28.9 %)
Max stash size is: 167
Average stash size is: 37.1124
Stash violation number of times: 0
Served 290000000 inst so far ( 29 %)
Max stash size is: 167
Average stash size is: 37.1123
Stash violation number of times: 0
Served 291000000 inst so far ( 29.1 %)
Max stash size is: 167
Average stash size is: 37.1125
Stash violation number of times: 0
Served 292000000 inst so far ( 29.2 %)
Max stash size is: 167
Average stash size is: 37.1126
Stash violation number of times: 0
Served 293000000 inst so far ( 29.3 %)
Max stash size is: 167
Average stash size is: 37.1127
Stash violation number of times: 0
Served 294000000 inst so far ( 29.4 %)
Max stash size is: 167
Average stash size is: 37.113
Stash violation number of times: 0
Served 295000000 inst so far ( 29.5 %)
Max stash size is: 167
Average stash size is: 37.1132
Stash violation number of times: 0
Served 296000000 inst so far ( 29.6 %)
Max stash size is: 167
Average stash size is: 37.1133
Stash violation number of times: 0
Served 297000000 inst so far ( 29.7 %)
Max stash size is: 167
Average stash size is: 37.1136
Stash violation number of times: 0
Served 298000000 inst so far ( 29.8 %)
Max stash size is: 167
Average stash size is: 37.1135
Stash violation number of times: 0
Served 299000000 inst so far ( 29.9 %)
Max stash size is: 167
Average stash size is: 37.1137
Stash violation number of times: 0
Served 300000000 inst so far ( 30 %)
Max stash size is: 167
Average stash size is: 37.1139
Stash violation number of times: 0
Served 301000000 inst so far ( 30.1 %)
Max stash size is: 167
Average stash size is: 37.114
Stash violation number of times: 0
Served 302000000 inst so far ( 30.2 %)
Max stash size is: 167
Average stash size is: 37.1139
Stash violation number of times: 0
Served 303000000 inst so far ( 30.3 %)
Max stash size is: 167
Average stash size is: 37.1141
Stash violation number of times: 0
Served 304000000 inst so far ( 30.4 %)
Max stash size is: 167
Average stash size is: 37.1144
Stash violation number of times: 0
Served 305000000 inst so far ( 30.5 %)
Max stash size is: 167
Average stash size is: 37.1144
Stash violation number of times: 0
Served 306000000 inst so far ( 30.6 %)
Max stash size is: 167
Average stash size is: 37.1146
Stash violation number of times: 0
Served 307000000 inst so far ( 30.7 %)
Max stash size is: 167
Average stash size is: 37.1147
Stash violation number of times: 0
Served 308000000 inst so far ( 30.8 %)
Max stash size is: 167
Average stash size is: 37.115
Stash violation number of times: 0
Served 309000000 inst so far ( 30.9 %)
Max stash size is: 167
Average stash size is: 37.1148
Stash violation number of times: 0
Served 310000000 inst so far ( 31 %)
Max stash size is: 167
Average stash size is: 37.115
Stash violation number of times: 0
Served 311000000 inst so far ( 31.1 %)
Max stash size is: 167
Average stash size is: 37.115
Stash violation number of times: 0
Served 312000000 inst so far ( 31.2 %)
Max stash size is: 167
Average stash size is: 37.1151
Stash violation number of times: 0
Served 313000000 inst so far ( 31.3 %)
Max stash size is: 167
Average stash size is: 37.1151
Stash violation number of times: 0
Served 314000000 inst so far ( 31.4 %)
Max stash size is: 167
Average stash size is: 37.115
Stash violation number of times: 0
Served 315000000 inst so far ( 31.5 %)
Max stash size is: 167
Average stash size is: 37.1151
Stash violation number of times: 0
Served 316000000 inst so far ( 31.6 %)
Max stash size is: 167
Average stash size is: 37.115
Stash violation number of times: 0
